<?xml version="1.0" encoding="UTF-8"?>
<ns2:test-suite xmlns:ns2="urn:model.allure.qatools.yandex.ru" start="1489405155666" stop="1489405266290">
	<name>Validating Links in Footer</name>
	<title>Validating Links in Footer</title>
	<test-cases>
		<test-case start="1489405155666" stop="1489405165867" status="passed">
			<name>Loading Home Page </name>
			<title>Loading Home Page </title>
			<description></description>
			<labels>
			</labels>
			<parameters>
			</parameters>
			<steps>
			</steps>
			<attachments>
				<attachment title="Screenshot" source="d1b7a5ab-35f5-47c0-a1e4-9a16b1005e99-attachment.png" type="image/png" size="806090"/>
			</attachments>
		</test-case>
		<test-case start="1489405165867" stop="1489405166577" status="passed">
			<name>Validate Correct page Loaded</name>
			<title>Validate Correct page Loaded</title>
			<description></description>
			<labels>
			</labels>
			<parameters>
			</parameters>
			<steps>
			</steps>
			<attachments>
				<attachment title="Screenshot" source="103315ad-0598-4ecc-b304-8e855c37c440-attachment.png" type="image/png" size="806090"/>
			</attachments>
		</test-case>
		<test-case start="1489405166577" stop="1489405167374" status="passed">
			<name>comparing TestData and Site footer Links Count</name>
			<title>comparing TestData and Site footer Links Count</title>
			<description></description>
			<labels>
			</labels>
			<parameters>
			</parameters>
			<steps>
			</steps>
			<attachments>
				<attachment title="Screenshot" source="5e3daf88-33a7-4040-abd9-ecddc5351e1e-attachment.png" type="image/png" size="806090"/>
			</attachments>
		</test-case>
		<test-case start="1489405167374" stop="1489405168156" status="passed">
			<name>Comparing value or text of link in footer at index 0</name>
			<title>Comparing value or text of link in footer at index 0</title>
			<description></description>
			<labels>
			</labels>
			<parameters>
			</parameters>
			<steps>
			</steps>
			<attachments>
				<attachment title="Screenshot" source="e89fb432-2d80-4135-9219-69bfa321ed1c-attachment.png" type="image/png" size="806090"/>
			</attachments>
		</test-case>
		<test-case start="1489405168156" stop="1489405168912" status="passed">
			<name>Comparing href values of links in footer at index 0</name>
			<title>Comparing href values of links in footer at index 0</title>
			<description></description>
			<labels>
			</labels>
			<parameters>
			</parameters>
			<steps>
			</steps>
			<attachments>
				<attachment title="Screenshot" source="1f9df06e-f95a-4318-a77a-29735f19d5f6-attachment.png" type="image/png" size="806090"/>
			</attachments>
		</test-case>
		<test-case start="1489405168912" stop="1489405169561" status="passed">
			<name>Clicking links in footer at idx 0</name>
			<title>Clicking links in footer at idx 0</title>
			<description></description>
			<labels>
			</labels>
			<parameters>
			</parameters>
			<steps>
			</steps>
			<attachments>
				<attachment title="Screenshot" source="fbff70d6-0443-4a23-bf68-ce44c906fe15-attachment.png" type="image/png" size="541366"/>
			</attachments>
		</test-case>
		<test-case start="1489405169561" stop="1489405170984" status="passed">
			<name>Shifting windows and validating them of link at index 0</name>
			<title>Shifting windows and validating them of link at index 0</title>
			<description></description>
			<labels>
			</labels>
			<parameters>
			</parameters>
			<steps>
			</steps>
			<attachments>
				<attachment title="Screenshot" source="1da0c218-9e6c-43a3-baaa-e416f01a8ce8-attachment.png" type="image/png" size="541529"/>
			</attachments>
		</test-case>
		<test-case start="1489405170984" stop="1489405171407" status="passed">
			<name>Comparing value or text of link in footer at index 1</name>
			<title>Comparing value or text of link in footer at index 1</title>
			<description></description>
			<labels>
			</labels>
			<parameters>
			</parameters>
			<steps>
			</steps>
			<attachments>
				<attachment title="Screenshot" source="4424af08-dab1-4b15-92ab-46292711af19-attachment.png" type="image/png" size="541529"/>
			</attachments>
		</test-case>
		<test-case start="1489405171407" stop="1489405171797" status="passed">
			<name>Comparing href values of links in footer at index 1</name>
			<title>Comparing href values of links in footer at index 1</title>
			<description></description>
			<labels>
			</labels>
			<parameters>
			</parameters>
			<steps>
			</steps>
			<attachments>
				<attachment title="Screenshot" source="759ef8ac-3e0a-4d54-a02b-3aab358f8bcc-attachment.png" type="image/png" size="541529"/>
			</attachments>
		</test-case>
		<test-case start="1489405171798" stop="1489405172340" status="passed">
			<name>Clicking links in footer at idx 1</name>
			<title>Clicking links in footer at idx 1</title>
			<description></description>
			<labels>
			</labels>
			<parameters>
			</parameters>
			<steps>
			</steps>
			<attachments>
				<attachment title="Screenshot" source="317853f7-1c30-45fc-87f2-524ea9ac42de-attachment.png" type="image/png" size="524128"/>
			</attachments>
		</test-case>
		<test-case start="1489405172340" stop="1489405174039" status="passed">
			<name>Shifting windows and validating them of link at index 1</name>
			<title>Shifting windows and validating them of link at index 1</title>
			<description></description>
			<labels>
			</labels>
			<parameters>
			</parameters>
			<steps>
			</steps>
			<attachments>
				<attachment title="Screenshot" source="b7008237-0309-469b-a91c-efd024e92004-attachment.png" type="image/png" size="524290"/>
			</attachments>
		</test-case>
		<test-case start="1489405174039" stop="1489405174451" status="passed">
			<name>Comparing value or text of link in footer at index 2</name>
			<title>Comparing value or text of link in footer at index 2</title>
			<description></description>
			<labels>
			</labels>
			<parameters>
			</parameters>
			<steps>
			</steps>
			<attachments>
				<attachment title="Screenshot" source="ae61b537-54bb-4855-9973-58da229c64c8-attachment.png" type="image/png" size="524290"/>
			</attachments>
		</test-case>
		<test-case start="1489405174451" stop="1489405174850" status="passed">
			<name>Comparing href values of links in footer at index 2</name>
			<title>Comparing href values of links in footer at index 2</title>
			<description></description>
			<labels>
			</labels>
			<parameters>
			</parameters>
			<steps>
			</steps>
			<attachments>
				<attachment title="Screenshot" source="b5773392-2eb6-4008-8075-3051d1264aea-attachment.png" type="image/png" size="524290"/>
			</attachments>
		</test-case>
		<test-case start="1489405174850" stop="1489405175388" status="passed">
			<name>Clicking links in footer at idx 2</name>
			<title>Clicking links in footer at idx 2</title>
			<description></description>
			<labels>
			</labels>
			<parameters>
			</parameters>
			<steps>
			</steps>
			<attachments>
				<attachment title="Screenshot" source="7c98ae07-9f24-42f0-9675-cd08c9e29da4-attachment.png" type="image/png" size="508311"/>
			</attachments>
		</test-case>
		<test-case start="1489405175388" stop="1489405176769" status="passed">
			<name>Shifting windows and validating them of link at index 2</name>
			<title>Shifting windows and validating them of link at index 2</title>
			<description></description>
			<labels>
			</labels>
			<parameters>
			</parameters>
			<steps>
			</steps>
			<attachments>
				<attachment title="Screenshot" source="aab341d6-cb3f-48d7-95ac-6b2869eaacd5-attachment.png" type="image/png" size="508417"/>
			</attachments>
		</test-case>
		<test-case start="1489405176769" stop="1489405177156" status="passed">
			<name>Comparing value or text of link in footer at index 3</name>
			<title>Comparing value or text of link in footer at index 3</title>
			<description></description>
			<labels>
			</labels>
			<parameters>
			</parameters>
			<steps>
			</steps>
			<attachments>
				<attachment title="Screenshot" source="3417ba7a-5213-4cf3-90d9-9302d228d838-attachment.png" type="image/png" size="508417"/>
			</attachments>
		</test-case>
		<test-case start="1489405177156" stop="1489405177534" status="failed">
			<name>Comparing href values of links in footer at index 3</name>
			<title>Comparing href values of links in footer at index 3</title>
			<description></description>
			<labels>
			</labels>
			<parameters>
			</parameters>
			<steps>
			</steps>
			<attachments>
				<attachment title="Screenshot" source="f5f5d5a9-7032-48b0-a0f1-f13a7cbd6568-attachment.png" type="image/png" size="508417"/>
			</attachments>
			<failure>
				<message>Expected &apos;https://www.blackrock.com/corporate/en-us/about-us/blackrock-history&apos; to equal &apos;https://www.blackrock.com/corporate/en-gb/about-us/blackrock-history&apos;, &apos;Mismatch of href values of links&apos;.</message>
				<stack-trace>Error: Failed expectation
    at Object.&lt;anonymous&gt; (E:\protractorcms\cyborg\features\FT\common\ft_common.js:20:31)
    at C:\Users\Ravikiran\AppData\Roaming\npm\node_modules\protractor\node_modules\jasminewd2\index.js:102:25
    at new ManagedPromise (C:\Users\Ravikiran\AppData\Roaming\npm\node_modules\protractor\node_modules\selenium-webdriver\lib\promise.js:1067:7)
    at controlFlowExecute (C:\Users\Ravikiran\AppData\Roaming\npm\node_modules\protractor\node_modules\jasminewd2\index.js:87:18)
    at TaskQueue.execute_ (C:\Users\Ravikiran\AppData\Roaming\npm\node_modules\protractor\node_modules\selenium-webdriver\lib\promise.js:2970:14)
    at TaskQueue.executeNext_ (C:\Users\Ravikiran\AppData\Roaming\npm\node_modules\protractor\node_modules\selenium-webdriver\lib\promise.js:2953:27)
    at asyncRun (C:\Users\Ravikiran\AppData\Roaming\npm\node_modules\protractor\node_modules\selenium-webdriver\lib\promise.js:2860:25)
    at C:\Users\Ravikiran\AppData\Roaming\npm\node_modules\protractor\node_modules\selenium-webdriver\lib\promise.js:676:7
    at process._tickCallback (internal/process/next_tick.js:103:7)</stack-trace>
			</failure>
		</test-case>
		<test-case start="1489405177534" stop="1489405178452" status="passed">
			<name>Clicking links in footer at idx 3</name>
			<title>Clicking links in footer at idx 3</title>
			<description></description>
			<labels>
			</labels>
			<parameters>
			</parameters>
			<steps>
			</steps>
			<attachments>
				<attachment title="Screenshot" source="05573de1-f814-4439-8556-24106a112896-attachment.png" type="image/png" size="505439"/>
			</attachments>
		</test-case>
		<test-case start="1489405178452" stop="1489405180041" status="passed">
			<name>Shifting windows and validating them of link at index 3</name>
			<title>Shifting windows and validating them of link at index 3</title>
			<description></description>
			<labels>
			</labels>
			<parameters>
			</parameters>
			<steps>
			</steps>
			<attachments>
				<attachment title="Screenshot" source="df5ae5e8-9501-4e2b-831c-2a9235a552e2-attachment.png" type="image/png" size="505439"/>
			</attachments>
		</test-case>
		<test-case start="1489405180041" stop="1489405180463" status="passed">
			<name>Comparing value or text of link in footer at index 4</name>
			<title>Comparing value or text of link in footer at index 4</title>
			<description></description>
			<labels>
			</labels>
			<parameters>
			</parameters>
			<steps>
			</steps>
			<attachments>
				<attachment title="Screenshot" source="dea786de-d904-4b94-835f-19583fe00b14-attachment.png" type="image/png" size="505439"/>
			</attachments>
		</test-case>
		<test-case start="1489405180463" stop="1489405180838" status="failed">
			<name>Comparing href values of links in footer at index 4</name>
			<title>Comparing href values of links in footer at index 4</title>
			<description></description>
			<labels>
			</labels>
			<parameters>
			</parameters>
			<steps>
			</steps>
			<attachments>
				<attachment title="Screenshot" source="69f7a311-14c3-46e6-9f5b-09605ffa6d61-attachment.png" type="image/png" size="505439"/>
			</attachments>
			<failure>
				<message>Expected &apos;https://www.blackrock.com/corporate/en-us/about-us/global-impact&apos; to equal &apos;https://www.blackrock.com/corporate/en-gb/about-us/global-impact&apos;, &apos;Mismatch of href values of links&apos;.</message>
				<stack-trace>Error: Failed expectation
    at Object.&lt;anonymous&gt; (E:\protractorcms\cyborg\features\FT\common\ft_common.js:20:31)
    at C:\Users\Ravikiran\AppData\Roaming\npm\node_modules\protractor\node_modules\jasminewd2\index.js:102:25
    at new ManagedPromise (C:\Users\Ravikiran\AppData\Roaming\npm\node_modules\protractor\node_modules\selenium-webdriver\lib\promise.js:1067:7)
    at controlFlowExecute (C:\Users\Ravikiran\AppData\Roaming\npm\node_modules\protractor\node_modules\jasminewd2\index.js:87:18)
    at TaskQueue.execute_ (C:\Users\Ravikiran\AppData\Roaming\npm\node_modules\protractor\node_modules\selenium-webdriver\lib\promise.js:2970:14)
    at TaskQueue.executeNext_ (C:\Users\Ravikiran\AppData\Roaming\npm\node_modules\protractor\node_modules\selenium-webdriver\lib\promise.js:2953:27)
    at asyncRun (C:\Users\Ravikiran\AppData\Roaming\npm\node_modules\protractor\node_modules\selenium-webdriver\lib\promise.js:2860:25)
    at C:\Users\Ravikiran\AppData\Roaming\npm\node_modules\protractor\node_modules\selenium-webdriver\lib\promise.js:676:7
    at process._tickCallback (internal/process/next_tick.js:103:7)</stack-trace>
			</failure>
		</test-case>
		<test-case start="1489405180838" stop="1489405181722" status="passed">
			<name>Clicking links in footer at idx 4</name>
			<title>Clicking links in footer at idx 4</title>
			<description></description>
			<labels>
			</labels>
			<parameters>
			</parameters>
			<steps>
			</steps>
			<attachments>
				<attachment title="Screenshot" source="88626b8f-d5df-4c3b-9b98-3f0db461945b-attachment.png" type="image/png" size="502838"/>
			</attachments>
		</test-case>
		<test-case start="1489405181722" stop="1489405183164" status="passed">
			<name>Shifting windows and validating them of link at index 4</name>
			<title>Shifting windows and validating them of link at index 4</title>
			<description></description>
			<labels>
			</labels>
			<parameters>
			</parameters>
			<steps>
			</steps>
			<attachments>
				<attachment title="Screenshot" source="552f19ca-90a1-4b64-9c06-f5c1c037a2b4-attachment.png" type="image/png" size="502787"/>
			</attachments>
		</test-case>
		<test-case start="1489405183165" stop="1489405183548" status="passed">
			<name>Comparing value or text of link in footer at index 5</name>
			<title>Comparing value or text of link in footer at index 5</title>
			<description></description>
			<labels>
			</labels>
			<parameters>
			</parameters>
			<steps>
			</steps>
			<attachments>
				<attachment title="Screenshot" source="a0aebad0-126d-4916-8632-481c4df26e6b-attachment.png" type="image/png" size="502787"/>
			</attachments>
		</test-case>
		<test-case start="1489405183548" stop="1489405183919" status="failed">
			<name>Comparing href values of links in footer at index 5</name>
			<title>Comparing href values of links in footer at index 5</title>
			<description></description>
			<labels>
			</labels>
			<parameters>
			</parameters>
			<steps>
			</steps>
			<attachments>
				<attachment title="Screenshot" source="b9ff29eb-3bad-4164-83dc-2ef4eb486d93-attachment.png" type="image/png" size="502787"/>
			</attachments>
			<failure>
				<message>Expected &apos;https://www.blackrock.com/corporate/en-us/about-us/contacts-locations&apos; to equal &apos;https://www.blackrock.com/corporate/en-gb/about-us/contacts-locations&apos;, &apos;Mismatch of href values of links&apos;.</message>
				<stack-trace>Error: Failed expectation
    at Object.&lt;anonymous&gt; (E:\protractorcms\cyborg\features\FT\common\ft_common.js:20:31)
    at C:\Users\Ravikiran\AppData\Roaming\npm\node_modules\protractor\node_modules\jasminewd2\index.js:102:25
    at new ManagedPromise (C:\Users\Ravikiran\AppData\Roaming\npm\node_modules\protractor\node_modules\selenium-webdriver\lib\promise.js:1067:7)
    at controlFlowExecute (C:\Users\Ravikiran\AppData\Roaming\npm\node_modules\protractor\node_modules\jasminewd2\index.js:87:18)
    at TaskQueue.execute_ (C:\Users\Ravikiran\AppData\Roaming\npm\node_modules\protractor\node_modules\selenium-webdriver\lib\promise.js:2970:14)
    at TaskQueue.executeNext_ (C:\Users\Ravikiran\AppData\Roaming\npm\node_modules\protractor\node_modules\selenium-webdriver\lib\promise.js:2953:27)
    at asyncRun (C:\Users\Ravikiran\AppData\Roaming\npm\node_modules\protractor\node_modules\selenium-webdriver\lib\promise.js:2860:25)
    at C:\Users\Ravikiran\AppData\Roaming\npm\node_modules\protractor\node_modules\selenium-webdriver\lib\promise.js:676:7
    at process._tickCallback (internal/process/next_tick.js:103:7)</stack-trace>
			</failure>
		</test-case>
		<test-case start="1489405183919" stop="1489405184824" status="passed">
			<name>Clicking links in footer at idx 5</name>
			<title>Clicking links in footer at idx 5</title>
			<description></description>
			<labels>
			</labels>
			<parameters>
			</parameters>
			<steps>
			</steps>
			<attachments>
				<attachment title="Screenshot" source="e99c5e49-6b21-4b5d-89a4-6019726d6df3-attachment.png" type="image/png" size="493982"/>
			</attachments>
		</test-case>
		<test-case start="1489405184824" stop="1489405186299" status="passed">
			<name>Shifting windows and validating them of link at index 5</name>
			<title>Shifting windows and validating them of link at index 5</title>
			<description></description>
			<labels>
			</labels>
			<parameters>
			</parameters>
			<steps>
			</steps>
			<attachments>
				<attachment title="Screenshot" source="7028b644-28c9-48d1-aa5c-705798b0501c-attachment.png" type="image/png" size="494028"/>
			</attachments>
		</test-case>
		<test-case start="1489405186299" stop="1489405186696" status="passed">
			<name>Comparing value or text of link in footer at index 6</name>
			<title>Comparing value or text of link in footer at index 6</title>
			<description></description>
			<labels>
			</labels>
			<parameters>
			</parameters>
			<steps>
			</steps>
			<attachments>
				<attachment title="Screenshot" source="c4dc2b03-2a68-4c71-98f2-e82d83dc5d77-attachment.png" type="image/png" size="494028"/>
			</attachments>
		</test-case>
		<test-case start="1489405186696" stop="1489405187120" status="failed">
			<name>Comparing href values of links in footer at index 6</name>
			<title>Comparing href values of links in footer at index 6</title>
			<description></description>
			<labels>
			</labels>
			<parameters>
			</parameters>
			<steps>
			</steps>
			<attachments>
				<attachment title="Screenshot" source="8cc1c042-1936-491e-b6d6-c4e24fa4faa6-attachment.png" type="image/png" size="494028"/>
			</attachments>
			<failure>
				<message>Expected &apos;https://www.blackrock.com/corporate/en-us/newsroom&apos; to equal &apos;https://www.blackrock.com/corporate/en-gb/newsroom&apos;, &apos;Mismatch of href values of links&apos;.</message>
				<stack-trace>Error: Failed expectation
    at Object.&lt;anonymous&gt; (E:\protractorcms\cyborg\features\FT\common\ft_common.js:20:31)
    at C:\Users\Ravikiran\AppData\Roaming\npm\node_modules\protractor\node_modules\jasminewd2\index.js:102:25
    at new ManagedPromise (C:\Users\Ravikiran\AppData\Roaming\npm\node_modules\protractor\node_modules\selenium-webdriver\lib\promise.js:1067:7)
    at controlFlowExecute (C:\Users\Ravikiran\AppData\Roaming\npm\node_modules\protractor\node_modules\jasminewd2\index.js:87:18)
    at TaskQueue.execute_ (C:\Users\Ravikiran\AppData\Roaming\npm\node_modules\protractor\node_modules\selenium-webdriver\lib\promise.js:2970:14)
    at TaskQueue.executeNext_ (C:\Users\Ravikiran\AppData\Roaming\npm\node_modules\protractor\node_modules\selenium-webdriver\lib\promise.js:2953:27)
    at asyncRun (C:\Users\Ravikiran\AppData\Roaming\npm\node_modules\protractor\node_modules\selenium-webdriver\lib\promise.js:2860:25)
    at C:\Users\Ravikiran\AppData\Roaming\npm\node_modules\protractor\node_modules\selenium-webdriver\lib\promise.js:676:7
    at process._tickCallback (internal/process/next_tick.js:103:7)</stack-trace>
			</failure>
		</test-case>
		<test-case start="1489405187120" stop="1489405188050" status="passed">
			<name>Clicking links in footer at idx 6</name>
			<title>Clicking links in footer at idx 6</title>
			<description></description>
			<labels>
			</labels>
			<parameters>
			</parameters>
			<steps>
			</steps>
			<attachments>
				<attachment title="Screenshot" source="077512c6-9d98-48d6-b19f-beb41e6aef82-attachment.png" type="image/png" size="494028"/>
			</attachments>
		</test-case>
		<test-case start="1489405188050" stop="1489405189423" status="passed">
			<name>Shifting windows and validating them of link at index 6</name>
			<title>Shifting windows and validating them of link at index 6</title>
			<description></description>
			<labels>
			</labels>
			<parameters>
			</parameters>
			<steps>
			</steps>
			<attachments>
				<attachment title="Screenshot" source="356b24d5-1334-454c-9076-b3644a5a5d1b-attachment.png" type="image/png" size="440943"/>
			</attachments>
		</test-case>
		<test-case start="1489405189423" stop="1489405189768" status="passed">
			<name>Comparing value or text of link in footer at index 7</name>
			<title>Comparing value or text of link in footer at index 7</title>
			<description></description>
			<labels>
			</labels>
			<parameters>
			</parameters>
			<steps>
			</steps>
			<attachments>
				<attachment title="Screenshot" source="9b0a2534-daf0-4442-a84a-d283a3f1ca72-attachment.png" type="image/png" size="399203"/>
			</attachments>
		</test-case>
		<test-case start="1489405189768" stop="1489405190108" status="failed">
			<name>Comparing href values of links in footer at index 7</name>
			<title>Comparing href values of links in footer at index 7</title>
			<description></description>
			<labels>
			</labels>
			<parameters>
			</parameters>
			<steps>
			</steps>
			<attachments>
				<attachment title="Screenshot" source="24120eda-b17d-4439-9f67-d92226db0a6f-attachment.png" type="image/png" size="399203"/>
			</attachments>
			<failure>
				<message>Expected &apos;https://www.blackrock.com/corporate/en-us/newsroom/media-contacts&apos; to equal &apos;https://www.blackrock.com/corporate/en-gb/newsroom/media-contacts&apos;, &apos;Mismatch of href values of links&apos;.</message>
				<stack-trace>Error: Failed expectation
    at Object.&lt;anonymous&gt; (E:\protractorcms\cyborg\features\FT\common\ft_common.js:20:31)
    at C:\Users\Ravikiran\AppData\Roaming\npm\node_modules\protractor\node_modules\jasminewd2\index.js:102:25
    at new ManagedPromise (C:\Users\Ravikiran\AppData\Roaming\npm\node_modules\protractor\node_modules\selenium-webdriver\lib\promise.js:1067:7)
    at controlFlowExecute (C:\Users\Ravikiran\AppData\Roaming\npm\node_modules\protractor\node_modules\jasminewd2\index.js:87:18)
    at TaskQueue.execute_ (C:\Users\Ravikiran\AppData\Roaming\npm\node_modules\protractor\node_modules\selenium-webdriver\lib\promise.js:2970:14)
    at TaskQueue.executeNext_ (C:\Users\Ravikiran\AppData\Roaming\npm\node_modules\protractor\node_modules\selenium-webdriver\lib\promise.js:2953:27)
    at asyncRun (C:\Users\Ravikiran\AppData\Roaming\npm\node_modules\protractor\node_modules\selenium-webdriver\lib\promise.js:2860:25)
    at C:\Users\Ravikiran\AppData\Roaming\npm\node_modules\protractor\node_modules\selenium-webdriver\lib\promise.js:676:7
    at process._tickCallback (internal/process/next_tick.js:103:7)</stack-trace>
			</failure>
		</test-case>
		<test-case start="1489405190108" stop="1489405190862" status="passed">
			<name>Clicking links in footer at idx 7</name>
			<title>Clicking links in footer at idx 7</title>
			<description></description>
			<labels>
			</labels>
			<parameters>
			</parameters>
			<steps>
			</steps>
			<attachments>
				<attachment title="Screenshot" source="99fe8412-ca4a-42ca-bd4a-bd1048d2f36f-attachment.png" type="image/png" size="399065"/>
			</attachments>
		</test-case>
		<test-case start="1489405190862" stop="1489405192237" status="passed">
			<name>Shifting windows and validating them of link at index 7</name>
			<title>Shifting windows and validating them of link at index 7</title>
			<description></description>
			<labels>
			</labels>
			<parameters>
			</parameters>
			<steps>
			</steps>
			<attachments>
				<attachment title="Screenshot" source="773798b7-e929-4820-a0dc-5772d5dd57c1-attachment.png" type="image/png" size="399233"/>
			</attachments>
		</test-case>
		<test-case start="1489405192237" stop="1489405192579" status="passed">
			<name>Comparing value or text of link in footer at index 8</name>
			<title>Comparing value or text of link in footer at index 8</title>
			<description></description>
			<labels>
			</labels>
			<parameters>
			</parameters>
			<steps>
			</steps>
			<attachments>
				<attachment title="Screenshot" source="e79c302e-f64c-4b1c-ace5-aca7f58f0746-attachment.png" type="image/png" size="399233"/>
			</attachments>
		</test-case>
		<test-case start="1489405192579" stop="1489405192926" status="failed">
			<name>Comparing href values of links in footer at index 8</name>
			<title>Comparing href values of links in footer at index 8</title>
			<description></description>
			<labels>
			</labels>
			<parameters>
			</parameters>
			<steps>
			</steps>
			<attachments>
				<attachment title="Screenshot" source="ad5886a0-0e4b-4ede-bbb1-5c793382a0c6-attachment.png" type="image/png" size="399233"/>
			</attachments>
			<failure>
				<message>Expected &apos;https://www.blackrock.com/corporate/en-us/insights/blackrock-investment-institute&apos; to equal &apos;https://www.blackrock.com/corporate/en-gb/insights/blackrock-investment-institute&apos;, &apos;Mismatch of href values of links&apos;.</message>
				<stack-trace>Error: Failed expectation
    at Object.&lt;anonymous&gt; (E:\protractorcms\cyborg\features\FT\common\ft_common.js:20:31)
    at C:\Users\Ravikiran\AppData\Roaming\npm\node_modules\protractor\node_modules\jasminewd2\index.js:102:25
    at new ManagedPromise (C:\Users\Ravikiran\AppData\Roaming\npm\node_modules\protractor\node_modules\selenium-webdriver\lib\promise.js:1067:7)
    at controlFlowExecute (C:\Users\Ravikiran\AppData\Roaming\npm\node_modules\protractor\node_modules\jasminewd2\index.js:87:18)
    at TaskQueue.execute_ (C:\Users\Ravikiran\AppData\Roaming\npm\node_modules\protractor\node_modules\selenium-webdriver\lib\promise.js:2970:14)
    at TaskQueue.executeNext_ (C:\Users\Ravikiran\AppData\Roaming\npm\node_modules\protractor\node_modules\selenium-webdriver\lib\promise.js:2953:27)
    at asyncRun (C:\Users\Ravikiran\AppData\Roaming\npm\node_modules\protractor\node_modules\selenium-webdriver\lib\promise.js:2860:25)
    at C:\Users\Ravikiran\AppData\Roaming\npm\node_modules\protractor\node_modules\selenium-webdriver\lib\promise.js:676:7
    at process._tickCallback (internal/process/next_tick.js:103:7)</stack-trace>
			</failure>
		</test-case>
		<test-case start="1489405192926" stop="1489405193760" status="passed">
			<name>Clicking links in footer at idx 8</name>
			<title>Clicking links in footer at idx 8</title>
			<description></description>
			<labels>
			</labels>
			<parameters>
			</parameters>
			<steps>
			</steps>
			<attachments>
				<attachment title="Screenshot" source="6fa6ad1d-ad90-4605-a834-b654aaefaaed-attachment.png" type="image/png" size="399326"/>
			</attachments>
		</test-case>
		<test-case start="1489405193760" stop="1489405195200" status="passed">
			<name>Shifting windows and validating them of link at index 8</name>
			<title>Shifting windows and validating them of link at index 8</title>
			<description></description>
			<labels>
			</labels>
			<parameters>
			</parameters>
			<steps>
			</steps>
			<attachments>
				<attachment title="Screenshot" source="0865aa0e-574c-4c62-86d3-27528f006de2-attachment.png" type="image/png" size="399326"/>
			</attachments>
		</test-case>
		<test-case start="1489405195200" stop="1489405195557" status="passed">
			<name>Comparing value or text of link in footer at index 9</name>
			<title>Comparing value or text of link in footer at index 9</title>
			<description></description>
			<labels>
			</labels>
			<parameters>
			</parameters>
			<steps>
			</steps>
			<attachments>
				<attachment title="Screenshot" source="b3b37944-d4b3-43ed-8ce1-7350652fc2d3-attachment.png" type="image/png" size="399326"/>
			</attachments>
		</test-case>
		<test-case start="1489405195557" stop="1489405195917" status="failed">
			<name>Comparing href values of links in footer at index 9</name>
			<title>Comparing href values of links in footer at index 9</title>
			<description></description>
			<labels>
			</labels>
			<parameters>
			</parameters>
			<steps>
			</steps>
			<attachments>
				<attachment title="Screenshot" source="c0a4d144-b01a-4fc5-b92f-e89ab89b24fa-attachment.png" type="image/png" size="399326"/>
			</attachments>
			<failure>
				<message>Expected &apos;https://www.blackrock.com/corporate/en-us/insights/public-policy&apos; to equal &apos;https://www.blackrock.com/corporate/en-gb/insights/public-policy&apos;, &apos;Mismatch of href values of links&apos;.</message>
				<stack-trace>Error: Failed expectation
    at Object.&lt;anonymous&gt; (E:\protractorcms\cyborg\features\FT\common\ft_common.js:20:31)
    at C:\Users\Ravikiran\AppData\Roaming\npm\node_modules\protractor\node_modules\jasminewd2\index.js:102:25
    at new ManagedPromise (C:\Users\Ravikiran\AppData\Roaming\npm\node_modules\protractor\node_modules\selenium-webdriver\lib\promise.js:1067:7)
    at controlFlowExecute (C:\Users\Ravikiran\AppData\Roaming\npm\node_modules\protractor\node_modules\jasminewd2\index.js:87:18)
    at TaskQueue.execute_ (C:\Users\Ravikiran\AppData\Roaming\npm\node_modules\protractor\node_modules\selenium-webdriver\lib\promise.js:2970:14)
    at TaskQueue.executeNext_ (C:\Users\Ravikiran\AppData\Roaming\npm\node_modules\protractor\node_modules\selenium-webdriver\lib\promise.js:2953:27)
    at asyncRun (C:\Users\Ravikiran\AppData\Roaming\npm\node_modules\protractor\node_modules\selenium-webdriver\lib\promise.js:2860:25)
    at C:\Users\Ravikiran\AppData\Roaming\npm\node_modules\protractor\node_modules\selenium-webdriver\lib\promise.js:676:7
    at process._tickCallback (internal/process/next_tick.js:103:7)</stack-trace>
			</failure>
		</test-case>
		<test-case start="1489405195917" stop="1489405196716" status="passed">
			<name>Clicking links in footer at idx 9</name>
			<title>Clicking links in footer at idx 9</title>
			<description></description>
			<labels>
			</labels>
			<parameters>
			</parameters>
			<steps>
			</steps>
			<attachments>
				<attachment title="Screenshot" source="597d6bf2-0e5f-4335-a3b0-2e4d529d1b82-attachment.png" type="image/png" size="399130"/>
			</attachments>
		</test-case>
		<test-case start="1489405196717" stop="1489405198063" status="passed">
			<name>Shifting windows and validating them of link at index 9</name>
			<title>Shifting windows and validating them of link at index 9</title>
			<description></description>
			<labels>
			</labels>
			<parameters>
			</parameters>
			<steps>
			</steps>
			<attachments>
				<attachment title="Screenshot" source="9d879959-6c2f-4100-b23a-8af23d28e203-attachment.png" type="image/png" size="399130"/>
			</attachments>
		</test-case>
		<test-case start="1489405198063" stop="1489405198428" status="passed">
			<name>Comparing value or text of link in footer at index 10</name>
			<title>Comparing value or text of link in footer at index 10</title>
			<description></description>
			<labels>
			</labels>
			<parameters>
			</parameters>
			<steps>
			</steps>
			<attachments>
				<attachment title="Screenshot" source="cc17d8e4-ba4b-4555-a678-217c12c2e723-attachment.png" type="image/png" size="399130"/>
			</attachments>
		</test-case>
		<test-case start="1489405198428" stop="1489405198762" status="passed">
			<name>Comparing href values of links in footer at index 10</name>
			<title>Comparing href values of links in footer at index 10</title>
			<description></description>
			<labels>
			</labels>
			<parameters>
			</parameters>
			<steps>
			</steps>
			<attachments>
				<attachment title="Screenshot" source="73b75c68-7b69-4df3-b0e4-46f90d4bfcff-attachment.png" type="image/png" size="399130"/>
			</attachments>
		</test-case>
		<test-case start="1489405198763" stop="1489405199304" status="passed">
			<name>Clicking links in footer at idx 10</name>
			<title>Clicking links in footer at idx 10</title>
			<description></description>
			<labels>
			</labels>
			<parameters>
			</parameters>
			<steps>
			</steps>
			<attachments>
				<attachment title="Screenshot" source="22990dc0-3a5e-4be1-826b-e1448f4c8b94-attachment.png" type="image/png" size="399204"/>
			</attachments>
		</test-case>
		<test-case start="1489405199304" stop="1489405200629" status="passed">
			<name>Shifting windows and validating them of link at index 10</name>
			<title>Shifting windows and validating them of link at index 10</title>
			<description></description>
			<labels>
			</labels>
			<parameters>
			</parameters>
			<steps>
			</steps>
			<attachments>
				<attachment title="Screenshot" source="db3b73e6-28be-40f0-83a7-49724c7d36a7-attachment.png" type="image/png" size="399204"/>
			</attachments>
		</test-case>
		<test-case start="1489405200629" stop="1489405200971" status="passed">
			<name>Comparing value or text of link in footer at index 11</name>
			<title>Comparing value or text of link in footer at index 11</title>
			<description></description>
			<labels>
			</labels>
			<parameters>
			</parameters>
			<steps>
			</steps>
			<attachments>
				<attachment title="Screenshot" source="17cf76c8-2dfa-4945-83ac-f311f71a6174-attachment.png" type="image/png" size="399204"/>
			</attachments>
		</test-case>
		<test-case start="1489405200971" stop="1489405201306" status="passed">
			<name>Comparing href values of links in footer at index 11</name>
			<title>Comparing href values of links in footer at index 11</title>
			<description></description>
			<labels>
			</labels>
			<parameters>
			</parameters>
			<steps>
			</steps>
			<attachments>
				<attachment title="Screenshot" source="848b5014-af7f-4548-bf59-ef5dc753e2bf-attachment.png" type="image/png" size="399204"/>
			</attachments>
		</test-case>
		<test-case start="1489405201306" stop="1489405201788" status="passed">
			<name>Clicking links in footer at idx 11</name>
			<title>Clicking links in footer at idx 11</title>
			<description></description>
			<labels>
			</labels>
			<parameters>
			</parameters>
			<steps>
			</steps>
			<attachments>
				<attachment title="Screenshot" source="82247933-3dc1-4698-9262-9a0ca2815c99-attachment.png" type="image/png" size="399260"/>
			</attachments>
		</test-case>
		<test-case start="1489405201788" stop="1489405203102" status="passed">
			<name>Shifting windows and validating them of link at index 11</name>
			<title>Shifting windows and validating them of link at index 11</title>
			<description></description>
			<labels>
			</labels>
			<parameters>
			</parameters>
			<steps>
			</steps>
			<attachments>
				<attachment title="Screenshot" source="f1d5743b-a386-4db1-a379-33958e6e9c4b-attachment.png" type="image/png" size="399260"/>
			</attachments>
		</test-case>
		<test-case start="1489405203102" stop="1489405203452" status="passed">
			<name>Comparing value or text of link in footer at index 12</name>
			<title>Comparing value or text of link in footer at index 12</title>
			<description></description>
			<labels>
			</labels>
			<parameters>
			</parameters>
			<steps>
			</steps>
			<attachments>
				<attachment title="Screenshot" source="0a772487-b172-4dab-9c2b-3edc527c1350-attachment.png" type="image/png" size="399260"/>
			</attachments>
		</test-case>
		<test-case start="1489405203452" stop="1489405203781" status="passed">
			<name>Comparing href values of links in footer at index 12</name>
			<title>Comparing href values of links in footer at index 12</title>
			<description></description>
			<labels>
			</labels>
			<parameters>
			</parameters>
			<steps>
			</steps>
			<attachments>
				<attachment title="Screenshot" source="3905c75c-fe75-4281-8354-6ef1b67679c6-attachment.png" type="image/png" size="399260"/>
			</attachments>
		</test-case>
		<test-case start="1489405203781" stop="1489405204244" status="passed">
			<name>Clicking links in footer at idx 12</name>
			<title>Clicking links in footer at idx 12</title>
			<description></description>
			<labels>
			</labels>
			<parameters>
			</parameters>
			<steps>
			</steps>
			<attachments>
				<attachment title="Screenshot" source="2803dc2d-9e03-4501-a09d-b2b75cb7cf47-attachment.png" type="image/png" size="399160"/>
			</attachments>
		</test-case>
		<test-case start="1489405204244" stop="1489405205580" status="passed">
			<name>Shifting windows and validating them of link at index 12</name>
			<title>Shifting windows and validating them of link at index 12</title>
			<description></description>
			<labels>
			</labels>
			<parameters>
			</parameters>
			<steps>
			</steps>
			<attachments>
				<attachment title="Screenshot" source="5295411b-7af9-4dde-a5b1-8d28ecdbec24-attachment.png" type="image/png" size="399160"/>
			</attachments>
		</test-case>
		<test-case start="1489405205580" stop="1489405205917" status="passed">
			<name>Comparing value or text of link in footer at index 13</name>
			<title>Comparing value or text of link in footer at index 13</title>
			<description></description>
			<labels>
			</labels>
			<parameters>
			</parameters>
			<steps>
			</steps>
			<attachments>
				<attachment title="Screenshot" source="6e1b54b1-664e-4e37-a01b-35758b0e39da-attachment.png" type="image/png" size="399160"/>
			</attachments>
		</test-case>
		<test-case start="1489405205917" stop="1489405206254" status="passed">
			<name>Comparing href values of links in footer at index 13</name>
			<title>Comparing href values of links in footer at index 13</title>
			<description></description>
			<labels>
			</labels>
			<parameters>
			</parameters>
			<steps>
			</steps>
			<attachments>
				<attachment title="Screenshot" source="0df9d3c5-14a6-4391-97d5-604723ab9c2d-attachment.png" type="image/png" size="399160"/>
			</attachments>
		</test-case>
		<test-case start="1489405206254" stop="1489405206720" status="passed">
			<name>Clicking links in footer at idx 13</name>
			<title>Clicking links in footer at idx 13</title>
			<description></description>
			<labels>
			</labels>
			<parameters>
			</parameters>
			<steps>
			</steps>
			<attachments>
				<attachment title="Screenshot" source="6e52ffc1-121e-4121-a580-78be7a419a3f-attachment.png" type="image/png" size="399065"/>
			</attachments>
		</test-case>
		<test-case start="1489405206720" stop="1489405208071" status="passed">
			<name>Shifting windows and validating them of link at index 13</name>
			<title>Shifting windows and validating them of link at index 13</title>
			<description></description>
			<labels>
			</labels>
			<parameters>
			</parameters>
			<steps>
			</steps>
			<attachments>
				<attachment title="Screenshot" source="5d76281b-59f3-417d-8fc2-b39d1b9627ab-attachment.png" type="image/png" size="399176"/>
			</attachments>
		</test-case>
		<test-case start="1489405208071" stop="1489405208465" status="passed">
			<name>Comparing value or text of link in footer at index 14</name>
			<title>Comparing value or text of link in footer at index 14</title>
			<description></description>
			<labels>
			</labels>
			<parameters>
			</parameters>
			<steps>
			</steps>
			<attachments>
				<attachment title="Screenshot" source="bded584d-b1d5-4c5a-b5da-9692e69b46d8-attachment.png" type="image/png" size="399176"/>
			</attachments>
		</test-case>
		<test-case start="1489405208465" stop="1489405208877" status="passed">
			<name>Comparing href values of links in footer at index 14</name>
			<title>Comparing href values of links in footer at index 14</title>
			<description></description>
			<labels>
			</labels>
			<parameters>
			</parameters>
			<steps>
			</steps>
			<attachments>
				<attachment title="Screenshot" source="956567a0-db9c-4d3d-8be1-391f775e4641-attachment.png" type="image/png" size="399176"/>
			</attachments>
		</test-case>
		<test-case start="1489405208877" stop="1489405209351" status="passed">
			<name>Clicking links in footer at idx 14</name>
			<title>Clicking links in footer at idx 14</title>
			<description></description>
			<labels>
			</labels>
			<parameters>
			</parameters>
			<steps>
			</steps>
			<attachments>
				<attachment title="Screenshot" source="dd2358f1-4000-43c5-933c-73a4a992dc5c-attachment.png" type="image/png" size="399204"/>
			</attachments>
		</test-case>
		<test-case start="1489405209351" stop="1489405210664" status="passed">
			<name>Shifting windows and validating them of link at index 14</name>
			<title>Shifting windows and validating them of link at index 14</title>
			<description></description>
			<labels>
			</labels>
			<parameters>
			</parameters>
			<steps>
			</steps>
			<attachments>
				<attachment title="Screenshot" source="015f862e-36c0-4fb9-a02e-f04f10e38f26-attachment.png" type="image/png" size="399204"/>
			</attachments>
		</test-case>
		<test-case start="1489405210664" stop="1489405211013" status="passed">
			<name>Comparing value or text of link in footer at index 15</name>
			<title>Comparing value or text of link in footer at index 15</title>
			<description></description>
			<labels>
			</labels>
			<parameters>
			</parameters>
			<steps>
			</steps>
			<attachments>
				<attachment title="Screenshot" source="f5dd6599-0192-4c39-85b3-49efb691faca-attachment.png" type="image/png" size="399204"/>
			</attachments>
		</test-case>
		<test-case start="1489405211013" stop="1489405211346" status="passed">
			<name>Comparing href values of links in footer at index 15</name>
			<title>Comparing href values of links in footer at index 15</title>
			<description></description>
			<labels>
			</labels>
			<parameters>
			</parameters>
			<steps>
			</steps>
			<attachments>
				<attachment title="Screenshot" source="7bb676df-46fe-4368-b505-7059b276b989-attachment.png" type="image/png" size="399204"/>
			</attachments>
		</test-case>
		<test-case start="1489405211346" stop="1489405211826" status="passed">
			<name>Clicking links in footer at idx 15</name>
			<title>Clicking links in footer at idx 15</title>
			<description></description>
			<labels>
			</labels>
			<parameters>
			</parameters>
			<steps>
			</steps>
			<attachments>
				<attachment title="Screenshot" source="b26ddd05-df83-4984-a2bc-0cf90e830832-attachment.png" type="image/png" size="399065"/>
			</attachments>
		</test-case>
		<test-case start="1489405211827" stop="1489405213163" status="passed">
			<name>Shifting windows and validating them of link at index 15</name>
			<title>Shifting windows and validating them of link at index 15</title>
			<description></description>
			<labels>
			</labels>
			<parameters>
			</parameters>
			<steps>
			</steps>
			<attachments>
				<attachment title="Screenshot" source="be3b2a05-c8b3-443b-a220-450ad33e54b0-attachment.png" type="image/png" size="399200"/>
			</attachments>
		</test-case>
		<test-case start="1489405213164" stop="1489405213505" status="passed">
			<name>Comparing value or text of link in footer at index 16</name>
			<title>Comparing value or text of link in footer at index 16</title>
			<description></description>
			<labels>
			</labels>
			<parameters>
			</parameters>
			<steps>
			</steps>
			<attachments>
				<attachment title="Screenshot" source="78e4c034-5562-4a65-b18d-de6a9ce76c93-attachment.png" type="image/png" size="399200"/>
			</attachments>
		</test-case>
		<test-case start="1489405213505" stop="1489405213842" status="passed">
			<name>Comparing href values of links in footer at index 16</name>
			<title>Comparing href values of links in footer at index 16</title>
			<description></description>
			<labels>
			</labels>
			<parameters>
			</parameters>
			<steps>
			</steps>
			<attachments>
				<attachment title="Screenshot" source="e8d6520f-834b-489b-a75f-6e89516dd8df-attachment.png" type="image/png" size="399200"/>
			</attachments>
		</test-case>
		<test-case start="1489405213842" stop="1489405214331" status="passed">
			<name>Clicking links in footer at idx 16</name>
			<title>Clicking links in footer at idx 16</title>
			<description></description>
			<labels>
			</labels>
			<parameters>
			</parameters>
			<steps>
			</steps>
			<attachments>
				<attachment title="Screenshot" source="bc6854bf-680e-4b7b-b6a7-4691426f007a-attachment.png" type="image/png" size="399065"/>
			</attachments>
		</test-case>
		<test-case start="1489405214331" stop="1489405215659" status="passed">
			<name>Shifting windows and validating them of link at index 16</name>
			<title>Shifting windows and validating them of link at index 16</title>
			<description></description>
			<labels>
			</labels>
			<parameters>
			</parameters>
			<steps>
			</steps>
			<attachments>
				<attachment title="Screenshot" source="44ad9b03-bd30-4580-92cc-8ba035808698-attachment.png" type="image/png" size="399195"/>
			</attachments>
		</test-case>
		<test-case start="1489405215659" stop="1489405216003" status="passed">
			<name>Comparing value or text of link in footer at index 17</name>
			<title>Comparing value or text of link in footer at index 17</title>
			<description></description>
			<labels>
			</labels>
			<parameters>
			</parameters>
			<steps>
			</steps>
			<attachments>
				<attachment title="Screenshot" source="f299fffb-e714-47b9-ad89-582308668bda-attachment.png" type="image/png" size="399195"/>
			</attachments>
		</test-case>
		<test-case start="1489405216004" stop="1489405216327" status="failed">
			<name>Comparing href values of links in footer at index 17</name>
			<title>Comparing href values of links in footer at index 17</title>
			<description></description>
			<labels>
			</labels>
			<parameters>
			</parameters>
			<steps>
			</steps>
			<attachments>
				<attachment title="Screenshot" source="52252068-e2e4-4c2b-a1a8-9f20a9c14eff-attachment.png" type="image/png" size="399195"/>
			</attachments>
			<failure>
				<message>Expected &apos;https://www.blackrock.com/corporate/en-us/responsibility&apos; to equal &apos;https://www.blackrock.com/corporate/en-gb/responsibility&apos;, &apos;Mismatch of href values of links&apos;.</message>
				<stack-trace>Error: Failed expectation
    at Object.&lt;anonymous&gt; (E:\protractorcms\cyborg\features\FT\common\ft_common.js:20:31)
    at C:\Users\Ravikiran\AppData\Roaming\npm\node_modules\protractor\node_modules\jasminewd2\index.js:102:25
    at new ManagedPromise (C:\Users\Ravikiran\AppData\Roaming\npm\node_modules\protractor\node_modules\selenium-webdriver\lib\promise.js:1067:7)
    at controlFlowExecute (C:\Users\Ravikiran\AppData\Roaming\npm\node_modules\protractor\node_modules\jasminewd2\index.js:87:18)
    at TaskQueue.execute_ (C:\Users\Ravikiran\AppData\Roaming\npm\node_modules\protractor\node_modules\selenium-webdriver\lib\promise.js:2970:14)
    at TaskQueue.executeNext_ (C:\Users\Ravikiran\AppData\Roaming\npm\node_modules\protractor\node_modules\selenium-webdriver\lib\promise.js:2953:27)
    at asyncRun (C:\Users\Ravikiran\AppData\Roaming\npm\node_modules\protractor\node_modules\selenium-webdriver\lib\promise.js:2860:25)
    at C:\Users\Ravikiran\AppData\Roaming\npm\node_modules\protractor\node_modules\selenium-webdriver\lib\promise.js:676:7
    at process._tickCallback (internal/process/next_tick.js:103:7)</stack-trace>
			</failure>
		</test-case>
		<test-case start="1489405216327" stop="1489405217089" status="passed">
			<name>Clicking links in footer at idx 17</name>
			<title>Clicking links in footer at idx 17</title>
			<description></description>
			<labels>
			</labels>
			<parameters>
			</parameters>
			<steps>
			</steps>
			<attachments>
				<attachment title="Screenshot" source="bcfbc93d-2b28-49a5-961e-70968939e1ce-attachment.png" type="image/png" size="399196"/>
			</attachments>
		</test-case>
		<test-case start="1489405217089" stop="1489405218478" status="passed">
			<name>Shifting windows and validating them of link at index 17</name>
			<title>Shifting windows and validating them of link at index 17</title>
			<description></description>
			<labels>
			</labels>
			<parameters>
			</parameters>
			<steps>
			</steps>
			<attachments>
				<attachment title="Screenshot" source="5e862955-8c0d-4b02-a4b3-4857a8b0ae5a-attachment.png" type="image/png" size="399196"/>
			</attachments>
		</test-case>
		<test-case start="1489405218478" stop="1489405218829" status="passed">
			<name>Comparing value or text of link in footer at index 18</name>
			<title>Comparing value or text of link in footer at index 18</title>
			<description></description>
			<labels>
			</labels>
			<parameters>
			</parameters>
			<steps>
			</steps>
			<attachments>
				<attachment title="Screenshot" source="e9aeadba-3bd1-4f6a-a742-f635df4cc4e2-attachment.png" type="image/png" size="399196"/>
			</attachments>
		</test-case>
		<test-case start="1489405218830" stop="1489405219157" status="failed">
			<name>Comparing href values of links in footer at index 18</name>
			<title>Comparing href values of links in footer at index 18</title>
			<description></description>
			<labels>
			</labels>
			<parameters>
			</parameters>
			<steps>
			</steps>
			<attachments>
				<attachment title="Screenshot" source="e00cb1a7-1084-4a4b-9a4b-56b687b546ac-attachment.png" type="image/png" size="399196"/>
			</attachments>
			<failure>
				<message>Expected &apos;https://www.blackrock.com/corporate/en-us/responsibility/human-capital&apos; to equal &apos;https://www.blackrock.com/corporate/en-gb/responsibility/human-capital&apos;, &apos;Mismatch of href values of links&apos;.</message>
				<stack-trace>Error: Failed expectation
    at Object.&lt;anonymous&gt; (E:\protractorcms\cyborg\features\FT\common\ft_common.js:20:31)
    at C:\Users\Ravikiran\AppData\Roaming\npm\node_modules\protractor\node_modules\jasminewd2\index.js:102:25
    at new ManagedPromise (C:\Users\Ravikiran\AppData\Roaming\npm\node_modules\protractor\node_modules\selenium-webdriver\lib\promise.js:1067:7)
    at controlFlowExecute (C:\Users\Ravikiran\AppData\Roaming\npm\node_modules\protractor\node_modules\jasminewd2\index.js:87:18)
    at TaskQueue.execute_ (C:\Users\Ravikiran\AppData\Roaming\npm\node_modules\protractor\node_modules\selenium-webdriver\lib\promise.js:2970:14)
    at TaskQueue.executeNext_ (C:\Users\Ravikiran\AppData\Roaming\npm\node_modules\protractor\node_modules\selenium-webdriver\lib\promise.js:2953:27)
    at asyncRun (C:\Users\Ravikiran\AppData\Roaming\npm\node_modules\protractor\node_modules\selenium-webdriver\lib\promise.js:2860:25)
    at C:\Users\Ravikiran\AppData\Roaming\npm\node_modules\protractor\node_modules\selenium-webdriver\lib\promise.js:676:7
    at process._tickCallback (internal/process/next_tick.js:103:7)</stack-trace>
			</failure>
		</test-case>
		<test-case start="1489405219157" stop="1489405219928" status="passed">
			<name>Clicking links in footer at idx 18</name>
			<title>Clicking links in footer at idx 18</title>
			<description></description>
			<labels>
			</labels>
			<parameters>
			</parameters>
			<steps>
			</steps>
			<attachments>
				<attachment title="Screenshot" source="d32d1533-38c0-4627-857e-07f7d6cd711d-attachment.png" type="image/png" size="399208"/>
			</attachments>
		</test-case>
		<test-case start="1489405219928" stop="1489405221308" status="passed">
			<name>Shifting windows and validating them of link at index 18</name>
			<title>Shifting windows and validating them of link at index 18</title>
			<description></description>
			<labels>
			</labels>
			<parameters>
			</parameters>
			<steps>
			</steps>
			<attachments>
				<attachment title="Screenshot" source="b1007df5-1498-4beb-ae8c-d60cffb1675a-attachment.png" type="image/png" size="399208"/>
			</attachments>
		</test-case>
		<test-case start="1489405221308" stop="1489405221647" status="passed">
			<name>Comparing value or text of link in footer at index 19</name>
			<title>Comparing value or text of link in footer at index 19</title>
			<description></description>
			<labels>
			</labels>
			<parameters>
			</parameters>
			<steps>
			</steps>
			<attachments>
				<attachment title="Screenshot" source="ade6d1a6-721a-4d9c-9362-4d23a5c70096-attachment.png" type="image/png" size="399208"/>
			</attachments>
		</test-case>
		<test-case start="1489405221647" stop="1489405221975" status="failed">
			<name>Comparing href values of links in footer at index 19</name>
			<title>Comparing href values of links in footer at index 19</title>
			<description></description>
			<labels>
			</labels>
			<parameters>
			</parameters>
			<steps>
			</steps>
			<attachments>
				<attachment title="Screenshot" source="f9bde8d9-ac57-405a-9bb4-b1320cd2ffa8-attachment.png" type="image/png" size="399208"/>
			</attachments>
			<failure>
				<message>Expected &apos;https://www.blackrock.com/corporate/en-us/responsibility/environmental-sustainability&apos; to equal &apos;https://www.blackrock.com/corporate/en-gb/responsibility/environmental-sustainability&apos;, &apos;Mismatch of href values of links&apos;.</message>
				<stack-trace>Error: Failed expectation
    at Object.&lt;anonymous&gt; (E:\protractorcms\cyborg\features\FT\common\ft_common.js:20:31)
    at C:\Users\Ravikiran\AppData\Roaming\npm\node_modules\protractor\node_modules\jasminewd2\index.js:102:25
    at new ManagedPromise (C:\Users\Ravikiran\AppData\Roaming\npm\node_modules\protractor\node_modules\selenium-webdriver\lib\promise.js:1067:7)
    at controlFlowExecute (C:\Users\Ravikiran\AppData\Roaming\npm\node_modules\protractor\node_modules\jasminewd2\index.js:87:18)
    at TaskQueue.execute_ (C:\Users\Ravikiran\AppData\Roaming\npm\node_modules\protractor\node_modules\selenium-webdriver\lib\promise.js:2970:14)
    at TaskQueue.executeNext_ (C:\Users\Ravikiran\AppData\Roaming\npm\node_modules\protractor\node_modules\selenium-webdriver\lib\promise.js:2953:27)
    at asyncRun (C:\Users\Ravikiran\AppData\Roaming\npm\node_modules\protractor\node_modules\selenium-webdriver\lib\promise.js:2860:25)
    at C:\Users\Ravikiran\AppData\Roaming\npm\node_modules\protractor\node_modules\selenium-webdriver\lib\promise.js:676:7
    at process._tickCallback (internal/process/next_tick.js:103:7)</stack-trace>
			</failure>
		</test-case>
		<test-case start="1489405221975" stop="1489405222718" status="passed">
			<name>Clicking links in footer at idx 19</name>
			<title>Clicking links in footer at idx 19</title>
			<description></description>
			<labels>
			</labels>
			<parameters>
			</parameters>
			<steps>
			</steps>
			<attachments>
				<attachment title="Screenshot" source="727f54d5-7ae7-4ee5-80d5-963258bb688b-attachment.png" type="image/png" size="399065"/>
			</attachments>
		</test-case>
		<test-case start="1489405222718" stop="1489405224095" status="passed">
			<name>Shifting windows and validating them of link at index 19</name>
			<title>Shifting windows and validating them of link at index 19</title>
			<description></description>
			<labels>
			</labels>
			<parameters>
			</parameters>
			<steps>
			</steps>
			<attachments>
				<attachment title="Screenshot" source="125d84e8-55ec-45ea-9828-db0d942520d7-attachment.png" type="image/png" size="399235"/>
			</attachments>
		</test-case>
		<test-case start="1489405224095" stop="1489405224441" status="passed">
			<name>Comparing value or text of link in footer at index 20</name>
			<title>Comparing value or text of link in footer at index 20</title>
			<description></description>
			<labels>
			</labels>
			<parameters>
			</parameters>
			<steps>
			</steps>
			<attachments>
				<attachment title="Screenshot" source="3e84c12f-d447-4699-83ef-78f672b293ad-attachment.png" type="image/png" size="399235"/>
			</attachments>
		</test-case>
		<test-case start="1489405224441" stop="1489405224762" status="failed">
			<name>Comparing href values of links in footer at index 20</name>
			<title>Comparing href values of links in footer at index 20</title>
			<description></description>
			<labels>
			</labels>
			<parameters>
			</parameters>
			<steps>
			</steps>
			<attachments>
				<attachment title="Screenshot" source="df444b12-cba6-44d1-a52d-60db796931c6-attachment.png" type="image/png" size="399235"/>
			</attachments>
			<failure>
				<message>Expected &apos;https://www.blackrock.com/corporate/en-us/responsibility/ethics-and-integrity&apos; to equal &apos;https://www.blackrock.com/corporate/en-gb/responsibility/ethics-and-integrity&apos;, &apos;Mismatch of href values of links&apos;.</message>
				<stack-trace>Error: Failed expectation
    at Object.&lt;anonymous&gt; (E:\protractorcms\cyborg\features\FT\common\ft_common.js:20:31)
    at C:\Users\Ravikiran\AppData\Roaming\npm\node_modules\protractor\node_modules\jasminewd2\index.js:102:25
    at new ManagedPromise (C:\Users\Ravikiran\AppData\Roaming\npm\node_modules\protractor\node_modules\selenium-webdriver\lib\promise.js:1067:7)
    at controlFlowExecute (C:\Users\Ravikiran\AppData\Roaming\npm\node_modules\protractor\node_modules\jasminewd2\index.js:87:18)
    at TaskQueue.execute_ (C:\Users\Ravikiran\AppData\Roaming\npm\node_modules\protractor\node_modules\selenium-webdriver\lib\promise.js:2970:14)
    at TaskQueue.executeNext_ (C:\Users\Ravikiran\AppData\Roaming\npm\node_modules\protractor\node_modules\selenium-webdriver\lib\promise.js:2953:27)
    at asyncRun (C:\Users\Ravikiran\AppData\Roaming\npm\node_modules\protractor\node_modules\selenium-webdriver\lib\promise.js:2860:25)
    at C:\Users\Ravikiran\AppData\Roaming\npm\node_modules\protractor\node_modules\selenium-webdriver\lib\promise.js:676:7
    at process._tickCallback (internal/process/next_tick.js:103:7)</stack-trace>
			</failure>
		</test-case>
		<test-case start="1489405224762" stop="1489405225507" status="passed">
			<name>Clicking links in footer at idx 20</name>
			<title>Clicking links in footer at idx 20</title>
			<description></description>
			<labels>
			</labels>
			<parameters>
			</parameters>
			<steps>
			</steps>
			<attachments>
				<attachment title="Screenshot" source="c5ff9102-3e13-4079-9865-9bdbcd43b1d7-attachment.png" type="image/png" size="399223"/>
			</attachments>
		</test-case>
		<test-case start="1489405225507" stop="1489405226906" status="passed">
			<name>Shifting windows and validating them of link at index 20</name>
			<title>Shifting windows and validating them of link at index 20</title>
			<description></description>
			<labels>
			</labels>
			<parameters>
			</parameters>
			<steps>
			</steps>
			<attachments>
				<attachment title="Screenshot" source="5ab7c312-900e-4f95-ac85-a913000be9c8-attachment.png" type="image/png" size="399223"/>
			</attachments>
		</test-case>
		<test-case start="1489405226906" stop="1489405227248" status="passed">
			<name>Comparing value or text of link in footer at index 21</name>
			<title>Comparing value or text of link in footer at index 21</title>
			<description></description>
			<labels>
			</labels>
			<parameters>
			</parameters>
			<steps>
			</steps>
			<attachments>
				<attachment title="Screenshot" source="67911bfb-d67f-4480-bcb0-5198b86c2c01-attachment.png" type="image/png" size="399223"/>
			</attachments>
		</test-case>
		<test-case start="1489405227248" stop="1489405227566" status="failed">
			<name>Comparing href values of links in footer at index 21</name>
			<title>Comparing href values of links in footer at index 21</title>
			<description></description>
			<labels>
			</labels>
			<parameters>
			</parameters>
			<steps>
			</steps>
			<attachments>
				<attachment title="Screenshot" source="05644f86-2f51-4d70-82cb-a0a152cf8067-attachment.png" type="image/png" size="399223"/>
			</attachments>
			<failure>
				<message>Expected &apos;https://www.blackrock.com/corporate/en-us/responsibility/health-and-safety&apos; to equal &apos;https://www.blackrock.com/corporate/en-gb/responsibility/health-and-safety&apos;, &apos;Mismatch of href values of links&apos;.</message>
				<stack-trace>Error: Failed expectation
    at Object.&lt;anonymous&gt; (E:\protractorcms\cyborg\features\FT\common\ft_common.js:20:31)
    at C:\Users\Ravikiran\AppData\Roaming\npm\node_modules\protractor\node_modules\jasminewd2\index.js:102:25
    at new ManagedPromise (C:\Users\Ravikiran\AppData\Roaming\npm\node_modules\protractor\node_modules\selenium-webdriver\lib\promise.js:1067:7)
    at controlFlowExecute (C:\Users\Ravikiran\AppData\Roaming\npm\node_modules\protractor\node_modules\jasminewd2\index.js:87:18)
    at TaskQueue.execute_ (C:\Users\Ravikiran\AppData\Roaming\npm\node_modules\protractor\node_modules\selenium-webdriver\lib\promise.js:2970:14)
    at TaskQueue.executeNext_ (C:\Users\Ravikiran\AppData\Roaming\npm\node_modules\protractor\node_modules\selenium-webdriver\lib\promise.js:2953:27)
    at asyncRun (C:\Users\Ravikiran\AppData\Roaming\npm\node_modules\protractor\node_modules\selenium-webdriver\lib\promise.js:2860:25)
    at C:\Users\Ravikiran\AppData\Roaming\npm\node_modules\protractor\node_modules\selenium-webdriver\lib\promise.js:676:7
    at process._tickCallback (internal/process/next_tick.js:103:7)</stack-trace>
			</failure>
		</test-case>
		<test-case start="1489405227566" stop="1489405228370" status="passed">
			<name>Clicking links in footer at idx 21</name>
			<title>Clicking links in footer at idx 21</title>
			<description></description>
			<labels>
			</labels>
			<parameters>
			</parameters>
			<steps>
			</steps>
			<attachments>
				<attachment title="Screenshot" source="87a05eb8-420c-4c49-b2f8-afb6239c220e-attachment.png" type="image/png" size="399220"/>
			</attachments>
		</test-case>
		<test-case start="1489405228370" stop="1489405229846" status="passed">
			<name>Shifting windows and validating them of link at index 21</name>
			<title>Shifting windows and validating them of link at index 21</title>
			<description></description>
			<labels>
			</labels>
			<parameters>
			</parameters>
			<steps>
			</steps>
			<attachments>
				<attachment title="Screenshot" source="9ed4bb8c-6f4b-4b22-92f4-3d3e697b236a-attachment.png" type="image/png" size="399220"/>
			</attachments>
		</test-case>
		<test-case start="1489405229846" stop="1489405230203" status="passed">
			<name>Comparing value or text of link in footer at index 22</name>
			<title>Comparing value or text of link in footer at index 22</title>
			<description></description>
			<labels>
			</labels>
			<parameters>
			</parameters>
			<steps>
			</steps>
			<attachments>
				<attachment title="Screenshot" source="36597af8-460f-4293-8938-fa5f1a30cea0-attachment.png" type="image/png" size="399220"/>
			</attachments>
		</test-case>
		<test-case start="1489405230203" stop="1489405230520" status="failed">
			<name>Comparing href values of links in footer at index 22</name>
			<title>Comparing href values of links in footer at index 22</title>
			<description></description>
			<labels>
			</labels>
			<parameters>
			</parameters>
			<steps>
			</steps>
			<attachments>
				<attachment title="Screenshot" source="5ff8562f-7e05-4be8-acdd-c9f1d62c1880-attachment.png" type="image/png" size="399220"/>
			</attachments>
			<failure>
				<message>Expected &apos;https://www.blackrock.com/corporate/en-us/about-us/investment-stewardship&apos; to equal &apos;https://www.blackrock.com/corporate/en-gb/about-us/investment-stewardship&apos;, &apos;Mismatch of href values of links&apos;.</message>
				<stack-trace>Error: Failed expectation
    at Object.&lt;anonymous&gt; (E:\protractorcms\cyborg\features\FT\common\ft_common.js:20:31)
    at C:\Users\Ravikiran\AppData\Roaming\npm\node_modules\protractor\node_modules\jasminewd2\index.js:102:25
    at new ManagedPromise (C:\Users\Ravikiran\AppData\Roaming\npm\node_modules\protractor\node_modules\selenium-webdriver\lib\promise.js:1067:7)
    at controlFlowExecute (C:\Users\Ravikiran\AppData\Roaming\npm\node_modules\protractor\node_modules\jasminewd2\index.js:87:18)
    at TaskQueue.execute_ (C:\Users\Ravikiran\AppData\Roaming\npm\node_modules\protractor\node_modules\selenium-webdriver\lib\promise.js:2970:14)
    at TaskQueue.executeNext_ (C:\Users\Ravikiran\AppData\Roaming\npm\node_modules\protractor\node_modules\selenium-webdriver\lib\promise.js:2953:27)
    at asyncRun (C:\Users\Ravikiran\AppData\Roaming\npm\node_modules\protractor\node_modules\selenium-webdriver\lib\promise.js:2860:25)
    at C:\Users\Ravikiran\AppData\Roaming\npm\node_modules\protractor\node_modules\selenium-webdriver\lib\promise.js:676:7
    at process._tickCallback (internal/process/next_tick.js:103:7)</stack-trace>
			</failure>
		</test-case>
		<test-case start="1489405230520" stop="1489405231292" status="passed">
			<name>Clicking links in footer at idx 22</name>
			<title>Clicking links in footer at idx 22</title>
			<description></description>
			<labels>
			</labels>
			<parameters>
			</parameters>
			<steps>
			</steps>
			<attachments>
				<attachment title="Screenshot" source="d3b13c8c-52dc-4e50-9ebe-3bf0ae41fe8f-attachment.png" type="image/png" size="399203"/>
			</attachments>
		</test-case>
		<test-case start="1489405231292" stop="1489405232606" status="passed">
			<name>Shifting windows and validating them of link at index 22</name>
			<title>Shifting windows and validating them of link at index 22</title>
			<description></description>
			<labels>
			</labels>
			<parameters>
			</parameters>
			<steps>
			</steps>
			<attachments>
				<attachment title="Screenshot" source="fde74b83-e7f0-4bbe-bca7-102206956145-attachment.png" type="image/png" size="399203"/>
			</attachments>
		</test-case>
		<test-case start="1489405232606" stop="1489405232957" status="passed">
			<name>Comparing value or text of link in footer at index 23</name>
			<title>Comparing value or text of link in footer at index 23</title>
			<description></description>
			<labels>
			</labels>
			<parameters>
			</parameters>
			<steps>
			</steps>
			<attachments>
				<attachment title="Screenshot" source="1aafac7d-9d11-4a19-a3ba-1518b7329ca1-attachment.png" type="image/png" size="399203"/>
			</attachments>
		</test-case>
		<test-case start="1489405232957" stop="1489405233284" status="failed">
			<name>Comparing href values of links in footer at index 23</name>
			<title>Comparing href values of links in footer at index 23</title>
			<description></description>
			<labels>
			</labels>
			<parameters>
			</parameters>
			<steps>
			</steps>
			<attachments>
				<attachment title="Screenshot" source="04223b94-850a-40cf-afc7-438c03f0312a-attachment.png" type="image/png" size="399203"/>
			</attachments>
			<failure>
				<message>Expected &apos;https://www.blackrock.com/corporate/en-us/about-us/philanthropy&apos; to equal &apos;https://www.blackrock.com/corporate/en-gb/about-us/philanthropy&apos;, &apos;Mismatch of href values of links&apos;.</message>
				<stack-trace>Error: Failed expectation
    at Object.&lt;anonymous&gt; (E:\protractorcms\cyborg\features\FT\common\ft_common.js:20:31)
    at C:\Users\Ravikiran\AppData\Roaming\npm\node_modules\protractor\node_modules\jasminewd2\index.js:102:25
    at new ManagedPromise (C:\Users\Ravikiran\AppData\Roaming\npm\node_modules\protractor\node_modules\selenium-webdriver\lib\promise.js:1067:7)
    at controlFlowExecute (C:\Users\Ravikiran\AppData\Roaming\npm\node_modules\protractor\node_modules\jasminewd2\index.js:87:18)
    at TaskQueue.execute_ (C:\Users\Ravikiran\AppData\Roaming\npm\node_modules\protractor\node_modules\selenium-webdriver\lib\promise.js:2970:14)
    at TaskQueue.executeNext_ (C:\Users\Ravikiran\AppData\Roaming\npm\node_modules\protractor\node_modules\selenium-webdriver\lib\promise.js:2953:27)
    at asyncRun (C:\Users\Ravikiran\AppData\Roaming\npm\node_modules\protractor\node_modules\selenium-webdriver\lib\promise.js:2860:25)
    at C:\Users\Ravikiran\AppData\Roaming\npm\node_modules\protractor\node_modules\selenium-webdriver\lib\promise.js:676:7
    at process._tickCallback (internal/process/next_tick.js:103:7)</stack-trace>
			</failure>
		</test-case>
		<test-case start="1489405233284" stop="1489405234133" status="passed">
			<name>Clicking links in footer at idx 23</name>
			<title>Clicking links in footer at idx 23</title>
			<description></description>
			<labels>
			</labels>
			<parameters>
			</parameters>
			<steps>
			</steps>
			<attachments>
				<attachment title="Screenshot" source="2abe3fe7-6a49-4f57-812f-a73633f31656-attachment.png" type="image/png" size="399199"/>
			</attachments>
		</test-case>
		<test-case start="1489405234133" stop="1489405235559" status="passed">
			<name>Shifting windows and validating them of link at index 23</name>
			<title>Shifting windows and validating them of link at index 23</title>
			<description></description>
			<labels>
			</labels>
			<parameters>
			</parameters>
			<steps>
			</steps>
			<attachments>
				<attachment title="Screenshot" source="d2dfe361-ca89-4b4a-b33c-cc3b4a9ebcba-attachment.png" type="image/png" size="399199"/>
			</attachments>
		</test-case>
		<test-case start="1489405235559" stop="1489405235893" status="passed">
			<name>Comparing value or text of link in footer at index 24</name>
			<title>Comparing value or text of link in footer at index 24</title>
			<description></description>
			<labels>
			</labels>
			<parameters>
			</parameters>
			<steps>
			</steps>
			<attachments>
				<attachment title="Screenshot" source="2c2ae924-41c5-40ec-a2f6-4d93093ee2dc-attachment.png" type="image/png" size="399199"/>
			</attachments>
		</test-case>
		<test-case start="1489405235893" stop="1489405236211" status="failed">
			<name>Comparing href values of links in footer at index 24</name>
			<title>Comparing href values of links in footer at index 24</title>
			<description></description>
			<labels>
			</labels>
			<parameters>
			</parameters>
			<steps>
			</steps>
			<attachments>
				<attachment title="Screenshot" source="1516381c-fb44-41f1-9482-ebd3816ae020-attachment.png" type="image/png" size="399199"/>
			</attachments>
			<failure>
				<message>Expected &apos;javascript:void(0)&apos; to equal &apos;https://www.blackrock.com/corporate/en-gb/careers&apos;, &apos;Mismatch of href values of links&apos;.</message>
				<stack-trace>Error: Failed expectation
    at Object.&lt;anonymous&gt; (E:\protractorcms\cyborg\features\FT\common\ft_common.js:20:31)
    at C:\Users\Ravikiran\AppData\Roaming\npm\node_modules\protractor\node_modules\jasminewd2\index.js:102:25
    at new ManagedPromise (C:\Users\Ravikiran\AppData\Roaming\npm\node_modules\protractor\node_modules\selenium-webdriver\lib\promise.js:1067:7)
    at controlFlowExecute (C:\Users\Ravikiran\AppData\Roaming\npm\node_modules\protractor\node_modules\jasminewd2\index.js:87:18)
    at TaskQueue.execute_ (C:\Users\Ravikiran\AppData\Roaming\npm\node_modules\protractor\node_modules\selenium-webdriver\lib\promise.js:2970:14)
    at TaskQueue.executeNext_ (C:\Users\Ravikiran\AppData\Roaming\npm\node_modules\protractor\node_modules\selenium-webdriver\lib\promise.js:2953:27)
    at asyncRun (C:\Users\Ravikiran\AppData\Roaming\npm\node_modules\protractor\node_modules\selenium-webdriver\lib\promise.js:2860:25)
    at C:\Users\Ravikiran\AppData\Roaming\npm\node_modules\protractor\node_modules\selenium-webdriver\lib\promise.js:676:7
    at process._tickCallback (internal/process/next_tick.js:103:7)</stack-trace>
			</failure>
		</test-case>
		<test-case start="1489405236211" stop="1489405236923" status="passed">
			<name>Clicking links in footer at idx 24</name>
			<title>Clicking links in footer at idx 24</title>
			<description></description>
			<labels>
			</labels>
			<parameters>
			</parameters>
			<steps>
			</steps>
			<attachments>
				<attachment title="Screenshot" source="7558a0ee-8805-4cd0-a75a-a64e03e56dbe-attachment.png" type="image/png" size="399204"/>
			</attachments>
		</test-case>
		<test-case start="1489405236923" stop="1489405237225" status="failed">
			<name>Shifting windows and validating them of link at index 24</name>
			<title>Shifting windows and validating them of link at index 24</title>
			<description></description>
			<labels>
			</labels>
			<parameters>
			</parameters>
			<steps>
			</steps>
			<attachments>
				<attachment title="Screenshot" source="fc06a3d3-d538-42d9-8b31-920438e855bc-attachment.png" type="image/png" size="399204"/>
			</attachments>
			<failure>
				<message>Expected 1 to equal 2, &apos;Link should open in a new window but it opened in same window&apos;.</message>
				<stack-trace>Error: Failed expectation
    at userActions.shiftingBrowserWindowTabs (E:\protractorcms\cyborg\utility\user_actions.js:86:39)
    at E:\protractorcms\cyborg\features\FT\common\ft_common.js:29:29
    at ManagedPromise.invokeCallback_ (C:\Users\Ravikiran\AppData\Roaming\npm\node_modules\protractor\node_modules\selenium-webdriver\lib\promise.js:1366:14)
    at TaskQueue.execute_ (C:\Users\Ravikiran\AppData\Roaming\npm\node_modules\protractor\node_modules\selenium-webdriver\lib\promise.js:2970:14)
    at TaskQueue.executeNext_ (C:\Users\Ravikiran\AppData\Roaming\npm\node_modules\protractor\node_modules\selenium-webdriver\lib\promise.js:2953:27)
    at asyncRun (C:\Users\Ravikiran\AppData\Roaming\npm\node_modules\protractor\node_modules\selenium-webdriver\lib\promise.js:2813:27)
    at C:\Users\Ravikiran\AppData\Roaming\npm\node_modules\protractor\node_modules\selenium-webdriver\lib\promise.js:676:7
    at process._tickCallback (internal/process/next_tick.js:103:7)</stack-trace>
			</failure>
		</test-case>
		<test-case start="1489405237225" stop="1489405237886" status="passed">
			<name>Comparing value or text of link in footer at index 25</name>
			<title>Comparing value or text of link in footer at index 25</title>
			<description></description>
			<labels>
			</labels>
			<parameters>
			</parameters>
			<steps>
			</steps>
			<attachments>
				<attachment title="Screenshot" source="407cdf55-c564-4dd6-926f-f74612a1bb1a-attachment.png" type="image/png" size="399204"/>
			</attachments>
		</test-case>
		<test-case start="1489405237886" stop="1489405238210" status="failed">
			<name>Comparing href values of links in footer at index 25</name>
			<title>Comparing href values of links in footer at index 25</title>
			<description></description>
			<labels>
			</labels>
			<parameters>
			</parameters>
			<steps>
			</steps>
			<attachments>
				<attachment title="Screenshot" source="130b052b-da57-4cf2-971d-56a95be56d4c-attachment.png" type="image/png" size="399204"/>
			</attachments>
			<failure>
				<message>Expected &apos;https://www.blackrock.com/corporate/en-us/careers/our-people&apos; to equal &apos;https://www.blackrock.com/corporate/en-gb/careers/our-people&apos;, &apos;Mismatch of href values of links&apos;.</message>
				<stack-trace>Error: Failed expectation
    at Object.&lt;anonymous&gt; (E:\protractorcms\cyborg\features\FT\common\ft_common.js:20:31)
    at C:\Users\Ravikiran\AppData\Roaming\npm\node_modules\protractor\node_modules\jasminewd2\index.js:102:25
    at new ManagedPromise (C:\Users\Ravikiran\AppData\Roaming\npm\node_modules\protractor\node_modules\selenium-webdriver\lib\promise.js:1067:7)
    at controlFlowExecute (C:\Users\Ravikiran\AppData\Roaming\npm\node_modules\protractor\node_modules\jasminewd2\index.js:87:18)
    at TaskQueue.execute_ (C:\Users\Ravikiran\AppData\Roaming\npm\node_modules\protractor\node_modules\selenium-webdriver\lib\promise.js:2970:14)
    at TaskQueue.executeNext_ (C:\Users\Ravikiran\AppData\Roaming\npm\node_modules\protractor\node_modules\selenium-webdriver\lib\promise.js:2953:27)
    at asyncRun (C:\Users\Ravikiran\AppData\Roaming\npm\node_modules\protractor\node_modules\selenium-webdriver\lib\promise.js:2860:25)
    at C:\Users\Ravikiran\AppData\Roaming\npm\node_modules\protractor\node_modules\selenium-webdriver\lib\promise.js:676:7
    at process._tickCallback (internal/process/next_tick.js:103:7)</stack-trace>
			</failure>
		</test-case>
		<test-case start="1489405238210" stop="1489405239065" status="passed">
			<name>Clicking links in footer at idx 25</name>
			<title>Clicking links in footer at idx 25</title>
			<description></description>
			<labels>
			</labels>
			<parameters>
			</parameters>
			<steps>
			</steps>
			<attachments>
				<attachment title="Screenshot" source="cc388e05-8f6f-452b-ac85-dd136b11e55c-attachment.png" type="image/png" size="399184"/>
			</attachments>
		</test-case>
		<test-case start="1489405239065" stop="1489405240388" status="passed">
			<name>Shifting windows and validating them of link at index 25</name>
			<title>Shifting windows and validating them of link at index 25</title>
			<description></description>
			<labels>
			</labels>
			<parameters>
			</parameters>
			<steps>
			</steps>
			<attachments>
				<attachment title="Screenshot" source="8b696f3c-2dc6-4f7e-9b32-61e364b8623d-attachment.png" type="image/png" size="399184"/>
			</attachments>
		</test-case>
		<test-case start="1489405240388" stop="1489405240728" status="passed">
			<name>Comparing value or text of link in footer at index 26</name>
			<title>Comparing value or text of link in footer at index 26</title>
			<description></description>
			<labels>
			</labels>
			<parameters>
			</parameters>
			<steps>
			</steps>
			<attachments>
				<attachment title="Screenshot" source="ebae8b8b-635c-48ad-a095-1dd8d5647af4-attachment.png" type="image/png" size="399184"/>
			</attachments>
		</test-case>
		<test-case start="1489405240728" stop="1489405241098" status="failed">
			<name>Comparing href values of links in footer at index 26</name>
			<title>Comparing href values of links in footer at index 26</title>
			<description></description>
			<labels>
			</labels>
			<parameters>
			</parameters>
			<steps>
			</steps>
			<attachments>
				<attachment title="Screenshot" source="95478e0d-d803-477d-bd9b-6d05251e74aa-attachment.png" type="image/png" size="399184"/>
			</attachments>
			<failure>
				<message>Expected &apos;https://www.blackrock.com/corporate/en-us/careers/business-groups&apos; to equal &apos;https://www.blackrock.com/corporate/en-gb/careers/business-groups&apos;, &apos;Mismatch of href values of links&apos;.</message>
				<stack-trace>Error: Failed expectation
    at Object.&lt;anonymous&gt; (E:\protractorcms\cyborg\features\FT\common\ft_common.js:20:31)
    at C:\Users\Ravikiran\AppData\Roaming\npm\node_modules\protractor\node_modules\jasminewd2\index.js:102:25
    at new ManagedPromise (C:\Users\Ravikiran\AppData\Roaming\npm\node_modules\protractor\node_modules\selenium-webdriver\lib\promise.js:1067:7)
    at controlFlowExecute (C:\Users\Ravikiran\AppData\Roaming\npm\node_modules\protractor\node_modules\jasminewd2\index.js:87:18)
    at TaskQueue.execute_ (C:\Users\Ravikiran\AppData\Roaming\npm\node_modules\protractor\node_modules\selenium-webdriver\lib\promise.js:2970:14)
    at TaskQueue.executeNext_ (C:\Users\Ravikiran\AppData\Roaming\npm\node_modules\protractor\node_modules\selenium-webdriver\lib\promise.js:2953:27)
    at asyncRun (C:\Users\Ravikiran\AppData\Roaming\npm\node_modules\protractor\node_modules\selenium-webdriver\lib\promise.js:2860:25)
    at C:\Users\Ravikiran\AppData\Roaming\npm\node_modules\protractor\node_modules\selenium-webdriver\lib\promise.js:676:7
    at process._tickCallback (internal/process/next_tick.js:103:7)</stack-trace>
			</failure>
		</test-case>
		<test-case start="1489405241098" stop="1489405241958" status="passed">
			<name>Clicking links in footer at idx 26</name>
			<title>Clicking links in footer at idx 26</title>
			<description></description>
			<labels>
			</labels>
			<parameters>
			</parameters>
			<steps>
			</steps>
			<attachments>
				<attachment title="Screenshot" source="43097d51-a080-48f3-9843-e4a1b6fae55c-attachment.png" type="image/png" size="399065"/>
			</attachments>
		</test-case>
		<test-case start="1489405241958" stop="1489405243439" status="passed">
			<name>Shifting windows and validating them of link at index 26</name>
			<title>Shifting windows and validating them of link at index 26</title>
			<description></description>
			<labels>
			</labels>
			<parameters>
			</parameters>
			<steps>
			</steps>
			<attachments>
				<attachment title="Screenshot" source="981d9350-a2d4-4114-ba66-1ea3c5fb20fd-attachment.png" type="image/png" size="399163"/>
			</attachments>
		</test-case>
		<test-case start="1489405243439" stop="1489405243770" status="passed">
			<name>Comparing value or text of link in footer at index 27</name>
			<title>Comparing value or text of link in footer at index 27</title>
			<description></description>
			<labels>
			</labels>
			<parameters>
			</parameters>
			<steps>
			</steps>
			<attachments>
				<attachment title="Screenshot" source="ca53e567-239d-4344-92c7-a2e321299269-attachment.png" type="image/png" size="399163"/>
			</attachments>
		</test-case>
		<test-case start="1489405243770" stop="1489405244107" status="failed">
			<name>Comparing href values of links in footer at index 27</name>
			<title>Comparing href values of links in footer at index 27</title>
			<description></description>
			<labels>
			</labels>
			<parameters>
			</parameters>
			<steps>
			</steps>
			<attachments>
				<attachment title="Screenshot" source="630958e0-cf5a-41c7-b956-a4342847b7c0-attachment.png" type="image/png" size="399163"/>
			</attachments>
			<failure>
				<message>Expected &apos;https://www.blackrock.com/corporate/en-us/careers/total-rewards-and-benefits&apos; to equal &apos;https://www.blackrock.com/corporate/en-gb/careers/total-rewards-and-benefits&apos;, &apos;Mismatch of href values of links&apos;.</message>
				<stack-trace>Error: Failed expectation
    at Object.&lt;anonymous&gt; (E:\protractorcms\cyborg\features\FT\common\ft_common.js:20:31)
    at C:\Users\Ravikiran\AppData\Roaming\npm\node_modules\protractor\node_modules\jasminewd2\index.js:102:25
    at new ManagedPromise (C:\Users\Ravikiran\AppData\Roaming\npm\node_modules\protractor\node_modules\selenium-webdriver\lib\promise.js:1067:7)
    at controlFlowExecute (C:\Users\Ravikiran\AppData\Roaming\npm\node_modules\protractor\node_modules\jasminewd2\index.js:87:18)
    at TaskQueue.execute_ (C:\Users\Ravikiran\AppData\Roaming\npm\node_modules\protractor\node_modules\selenium-webdriver\lib\promise.js:2970:14)
    at TaskQueue.executeNext_ (C:\Users\Ravikiran\AppData\Roaming\npm\node_modules\protractor\node_modules\selenium-webdriver\lib\promise.js:2953:27)
    at asyncRun (C:\Users\Ravikiran\AppData\Roaming\npm\node_modules\protractor\node_modules\selenium-webdriver\lib\promise.js:2860:25)
    at C:\Users\Ravikiran\AppData\Roaming\npm\node_modules\protractor\node_modules\selenium-webdriver\lib\promise.js:676:7
    at process._tickCallback (internal/process/next_tick.js:103:7)</stack-trace>
			</failure>
		</test-case>
		<test-case start="1489405244107" stop="1489405244889" status="passed">
			<name>Clicking links in footer at idx 27</name>
			<title>Clicking links in footer at idx 27</title>
			<description></description>
			<labels>
			</labels>
			<parameters>
			</parameters>
			<steps>
			</steps>
			<attachments>
				<attachment title="Screenshot" source="4c53ddc2-b4a3-4b4b-981f-8b6e0fea817f-attachment.png" type="image/png" size="399194"/>
			</attachments>
		</test-case>
		<test-case start="1489405244889" stop="1489405246245" status="passed">
			<name>Shifting windows and validating them of link at index 27</name>
			<title>Shifting windows and validating them of link at index 27</title>
			<description></description>
			<labels>
			</labels>
			<parameters>
			</parameters>
			<steps>
			</steps>
			<attachments>
				<attachment title="Screenshot" source="56b1721f-13fc-4f79-b8b5-b4316bf5f21f-attachment.png" type="image/png" size="399194"/>
			</attachments>
		</test-case>
		<test-case start="1489405246245" stop="1489405246597" status="passed">
			<name>Comparing value or text of link in footer at index 28</name>
			<title>Comparing value or text of link in footer at index 28</title>
			<description></description>
			<labels>
			</labels>
			<parameters>
			</parameters>
			<steps>
			</steps>
			<attachments>
				<attachment title="Screenshot" source="ca196c05-ad5e-4603-af04-5e83d89859c5-attachment.png" type="image/png" size="399194"/>
			</attachments>
		</test-case>
		<test-case start="1489405246597" stop="1489405246908" status="failed">
			<name>Comparing href values of links in footer at index 28</name>
			<title>Comparing href values of links in footer at index 28</title>
			<description></description>
			<labels>
			</labels>
			<parameters>
			</parameters>
			<steps>
			</steps>
			<attachments>
				<attachment title="Screenshot" source="95b62376-a596-49f8-a752-ff63e103a347-attachment.png" type="image/png" size="399194"/>
			</attachments>
			<failure>
				<message>Expected &apos;https://www.blackrock.com/corporate/en-us/careers/diversity-and-inclusion&apos; to equal &apos;https://www.blackrock.com/corporate/en-gb/careers/diversity-and-inclusion&apos;, &apos;Mismatch of href values of links&apos;.</message>
				<stack-trace>Error: Failed expectation
    at Object.&lt;anonymous&gt; (E:\protractorcms\cyborg\features\FT\common\ft_common.js:20:31)
    at C:\Users\Ravikiran\AppData\Roaming\npm\node_modules\protractor\node_modules\jasminewd2\index.js:102:25
    at new ManagedPromise (C:\Users\Ravikiran\AppData\Roaming\npm\node_modules\protractor\node_modules\selenium-webdriver\lib\promise.js:1067:7)
    at controlFlowExecute (C:\Users\Ravikiran\AppData\Roaming\npm\node_modules\protractor\node_modules\jasminewd2\index.js:87:18)
    at TaskQueue.execute_ (C:\Users\Ravikiran\AppData\Roaming\npm\node_modules\protractor\node_modules\selenium-webdriver\lib\promise.js:2970:14)
    at TaskQueue.executeNext_ (C:\Users\Ravikiran\AppData\Roaming\npm\node_modules\protractor\node_modules\selenium-webdriver\lib\promise.js:2953:27)
    at asyncRun (C:\Users\Ravikiran\AppData\Roaming\npm\node_modules\protractor\node_modules\selenium-webdriver\lib\promise.js:2860:25)
    at C:\Users\Ravikiran\AppData\Roaming\npm\node_modules\protractor\node_modules\selenium-webdriver\lib\promise.js:676:7
    at process._tickCallback (internal/process/next_tick.js:103:7)</stack-trace>
			</failure>
		</test-case>
		<test-case start="1489405246908" stop="1489405247803" status="passed">
			<name>Clicking links in footer at idx 28</name>
			<title>Clicking links in footer at idx 28</title>
			<description></description>
			<labels>
			</labels>
			<parameters>
			</parameters>
			<steps>
			</steps>
			<attachments>
				<attachment title="Screenshot" source="209020f4-f957-4813-896b-72b4a6185843-attachment.png" type="image/png" size="399065"/>
			</attachments>
		</test-case>
		<test-case start="1489405247803" stop="1489405249234" status="passed">
			<name>Shifting windows and validating them of link at index 28</name>
			<title>Shifting windows and validating them of link at index 28</title>
			<description></description>
			<labels>
			</labels>
			<parameters>
			</parameters>
			<steps>
			</steps>
			<attachments>
				<attachment title="Screenshot" source="be97d034-a6a1-453e-9f51-e55b55cc88d3-attachment.png" type="image/png" size="399211"/>
			</attachments>
		</test-case>
		<test-case start="1489405249234" stop="1489405249586" status="passed">
			<name>Comparing value or text of link in footer at index 29</name>
			<title>Comparing value or text of link in footer at index 29</title>
			<description></description>
			<labels>
			</labels>
			<parameters>
			</parameters>
			<steps>
			</steps>
			<attachments>
				<attachment title="Screenshot" source="7d12115b-81ef-4fb1-ba8d-0eb861e74b6f-attachment.png" type="image/png" size="399211"/>
			</attachments>
		</test-case>
		<test-case start="1489405249586" stop="1489405249919" status="failed">
			<name>Comparing href values of links in footer at index 29</name>
			<title>Comparing href values of links in footer at index 29</title>
			<description></description>
			<labels>
			</labels>
			<parameters>
			</parameters>
			<steps>
			</steps>
			<attachments>
				<attachment title="Screenshot" source="7ed9e44f-6271-49a0-a86d-a49953ed665e-attachment.png" type="image/png" size="399211"/>
			</attachments>
			<failure>
				<message>Expected &apos;http://blackrockoncampus.com/&apos; to equal &apos;http://www.blackrockoncampus.com/&apos;, &apos;Mismatch of href values of links&apos;.</message>
				<stack-trace>Error: Failed expectation
    at Object.&lt;anonymous&gt; (E:\protractorcms\cyborg\features\FT\common\ft_common.js:20:31)
    at C:\Users\Ravikiran\AppData\Roaming\npm\node_modules\protractor\node_modules\jasminewd2\index.js:102:25
    at new ManagedPromise (C:\Users\Ravikiran\AppData\Roaming\npm\node_modules\protractor\node_modules\selenium-webdriver\lib\promise.js:1067:7)
    at controlFlowExecute (C:\Users\Ravikiran\AppData\Roaming\npm\node_modules\protractor\node_modules\jasminewd2\index.js:87:18)
    at TaskQueue.execute_ (C:\Users\Ravikiran\AppData\Roaming\npm\node_modules\protractor\node_modules\selenium-webdriver\lib\promise.js:2970:14)
    at TaskQueue.executeNext_ (C:\Users\Ravikiran\AppData\Roaming\npm\node_modules\protractor\node_modules\selenium-webdriver\lib\promise.js:2953:27)
    at asyncRun (C:\Users\Ravikiran\AppData\Roaming\npm\node_modules\protractor\node_modules\selenium-webdriver\lib\promise.js:2860:25)
    at C:\Users\Ravikiran\AppData\Roaming\npm\node_modules\protractor\node_modules\selenium-webdriver\lib\promise.js:676:7
    at process._tickCallback (internal/process/next_tick.js:103:7)</stack-trace>
			</failure>
		</test-case>
		<test-case start="1489405249919" stop="1489405250780" status="passed">
			<name>Clicking links in footer at idx 29</name>
			<title>Clicking links in footer at idx 29</title>
			<description></description>
			<labels>
			</labels>
			<parameters>
			</parameters>
			<steps>
			</steps>
			<attachments>
				<attachment title="Screenshot" source="170418fe-acd7-4acd-871e-ee58fc7db1ad-attachment.png" type="image/png" size="399159"/>
			</attachments>
		</test-case>
		<test-case start="1489405250780" stop="1489405252131" status="passed">
			<name>Shifting windows and validating them of link at index 29</name>
			<title>Shifting windows and validating them of link at index 29</title>
			<description></description>
			<labels>
			</labels>
			<parameters>
			</parameters>
			<steps>
			</steps>
			<attachments>
				<attachment title="Screenshot" source="672f2274-7524-4f5e-9577-5bbed16e752e-attachment.png" type="image/png" size="399159"/>
			</attachments>
		</test-case>
		<test-case start="1489405252131" stop="1489405252480" status="passed">
			<name>Comparing value or text of link in footer at index 30</name>
			<title>Comparing value or text of link in footer at index 30</title>
			<description></description>
			<labels>
			</labels>
			<parameters>
			</parameters>
			<steps>
			</steps>
			<attachments>
				<attachment title="Screenshot" source="ceacd04c-12d1-4a49-84e4-30048c819bf1-attachment.png" type="image/png" size="399159"/>
			</attachments>
		</test-case>
		<test-case start="1489405252480" stop="1489405252825" status="failed">
			<name>Comparing href values of links in footer at index 30</name>
			<title>Comparing href values of links in footer at index 30</title>
			<description></description>
			<labels>
			</labels>
			<parameters>
			</parameters>
			<steps>
			</steps>
			<attachments>
				<attachment title="Screenshot" source="dbaf7fa2-ac21-4faa-921f-2eb0fb286e0b-attachment.png" type="image/png" size="399159"/>
			</attachments>
			<failure>
				<message>Expected &apos;https://www.blackrock.com/corporate/en-us/careers/job-search&apos; to equal &apos;https://www.blackrock.com/corporate/en-gb/careers/job-search&apos;, &apos;Mismatch of href values of links&apos;.</message>
				<stack-trace>Error: Failed expectation
    at Object.&lt;anonymous&gt; (E:\protractorcms\cyborg\features\FT\common\ft_common.js:20:31)
    at C:\Users\Ravikiran\AppData\Roaming\npm\node_modules\protractor\node_modules\jasminewd2\index.js:102:25
    at new ManagedPromise (C:\Users\Ravikiran\AppData\Roaming\npm\node_modules\protractor\node_modules\selenium-webdriver\lib\promise.js:1067:7)
    at controlFlowExecute (C:\Users\Ravikiran\AppData\Roaming\npm\node_modules\protractor\node_modules\jasminewd2\index.js:87:18)
    at TaskQueue.execute_ (C:\Users\Ravikiran\AppData\Roaming\npm\node_modules\protractor\node_modules\selenium-webdriver\lib\promise.js:2970:14)
    at TaskQueue.executeNext_ (C:\Users\Ravikiran\AppData\Roaming\npm\node_modules\protractor\node_modules\selenium-webdriver\lib\promise.js:2953:27)
    at asyncRun (C:\Users\Ravikiran\AppData\Roaming\npm\node_modules\protractor\node_modules\selenium-webdriver\lib\promise.js:2860:25)
    at C:\Users\Ravikiran\AppData\Roaming\npm\node_modules\protractor\node_modules\selenium-webdriver\lib\promise.js:676:7
    at process._tickCallback (internal/process/next_tick.js:103:7)</stack-trace>
			</failure>
		</test-case>
		<test-case start="1489405252825" stop="1489405253672" status="passed">
			<name>Clicking links in footer at idx 30</name>
			<title>Clicking links in footer at idx 30</title>
			<description></description>
			<labels>
			</labels>
			<parameters>
			</parameters>
			<steps>
			</steps>
			<attachments>
				<attachment title="Screenshot" source="47b01878-a949-4423-a2a4-ee0ba8f2b5f7-attachment.png" type="image/png" size="399159"/>
			</attachments>
		</test-case>
		<test-case start="1489405253672" stop="1489405255014" status="passed">
			<name>Shifting windows and validating them of link at index 30</name>
			<title>Shifting windows and validating them of link at index 30</title>
			<description></description>
			<labels>
			</labels>
			<parameters>
			</parameters>
			<steps>
			</steps>
			<attachments>
				<attachment title="Screenshot" source="722ee35b-b3fe-45bc-817e-3a33d0d48b75-attachment.png" type="image/png" size="399156"/>
			</attachments>
		</test-case>
		<test-case start="1489405255014" stop="1489405255353" status="passed">
			<name>Comparing value or text of link in footer at index 31</name>
			<title>Comparing value or text of link in footer at index 31</title>
			<description></description>
			<labels>
			</labels>
			<parameters>
			</parameters>
			<steps>
			</steps>
			<attachments>
				<attachment title="Screenshot" source="6fc45812-3c22-4652-92ed-0d486763e839-attachment.png" type="image/png" size="399156"/>
			</attachments>
		</test-case>
		<test-case start="1489405255353" stop="1489405255693" status="failed">
			<name>Comparing href values of links in footer at index 31</name>
			<title>Comparing href values of links in footer at index 31</title>
			<description></description>
			<labels>
			</labels>
			<parameters>
			</parameters>
			<steps>
			</steps>
			<attachments>
				<attachment title="Screenshot" source="c85376c4-a6bb-4efa-8ed6-fe95acd50a87-attachment.png" type="image/png" size="399156"/>
			</attachments>
			<failure>
				<message>Expected &apos;https://www.blackrock.com/corporate/en-us/compliance/terms-and-conditions&apos; to equal &apos;https://www.blackrock.com/corporate/en-gb/compliance/terms-and-conditions&apos;, &apos;Mismatch of href values of links&apos;.</message>
				<stack-trace>Error: Failed expectation
    at Object.&lt;anonymous&gt; (E:\protractorcms\cyborg\features\FT\common\ft_common.js:20:31)
    at C:\Users\Ravikiran\AppData\Roaming\npm\node_modules\protractor\node_modules\jasminewd2\index.js:102:25
    at new ManagedPromise (C:\Users\Ravikiran\AppData\Roaming\npm\node_modules\protractor\node_modules\selenium-webdriver\lib\promise.js:1067:7)
    at controlFlowExecute (C:\Users\Ravikiran\AppData\Roaming\npm\node_modules\protractor\node_modules\jasminewd2\index.js:87:18)
    at TaskQueue.execute_ (C:\Users\Ravikiran\AppData\Roaming\npm\node_modules\protractor\node_modules\selenium-webdriver\lib\promise.js:2970:14)
    at TaskQueue.executeNext_ (C:\Users\Ravikiran\AppData\Roaming\npm\node_modules\protractor\node_modules\selenium-webdriver\lib\promise.js:2953:27)
    at asyncRun (C:\Users\Ravikiran\AppData\Roaming\npm\node_modules\protractor\node_modules\selenium-webdriver\lib\promise.js:2860:25)
    at C:\Users\Ravikiran\AppData\Roaming\npm\node_modules\protractor\node_modules\selenium-webdriver\lib\promise.js:676:7
    at process._tickCallback (internal/process/next_tick.js:103:7)</stack-trace>
			</failure>
		</test-case>
		<test-case start="1489405255693" stop="1489405256599" status="passed">
			<name>Clicking links in footer at idx 31</name>
			<title>Clicking links in footer at idx 31</title>
			<description></description>
			<labels>
			</labels>
			<parameters>
			</parameters>
			<steps>
			</steps>
			<attachments>
				<attachment title="Screenshot" source="4f8dd17e-1fec-4737-8293-5ff2072e1fac-attachment.png" type="image/png" size="312652"/>
			</attachments>
		</test-case>
		<test-case start="1489405256599" stop="1489405258027" status="passed">
			<name>Shifting windows and validating them of link at index 31</name>
			<title>Shifting windows and validating them of link at index 31</title>
			<description></description>
			<labels>
			</labels>
			<parameters>
			</parameters>
			<steps>
			</steps>
			<attachments>
				<attachment title="Screenshot" source="09b9c95f-425a-486e-ac40-c747f496612f-attachment.png" type="image/png" size="312700"/>
			</attachments>
		</test-case>
		<test-case start="1489405258028" stop="1489405258341" status="passed">
			<name>Comparing value or text of link in footer at index 32</name>
			<title>Comparing value or text of link in footer at index 32</title>
			<description></description>
			<labels>
			</labels>
			<parameters>
			</parameters>
			<steps>
			</steps>
			<attachments>
				<attachment title="Screenshot" source="a1c20009-1122-4d87-a770-ee9f2f0e740c-attachment.png" type="image/png" size="312700"/>
			</attachments>
		</test-case>
		<test-case start="1489405258341" stop="1489405258630" status="failed">
			<name>Comparing href values of links in footer at index 32</name>
			<title>Comparing href values of links in footer at index 32</title>
			<description></description>
			<labels>
			</labels>
			<parameters>
			</parameters>
			<steps>
			</steps>
			<attachments>
				<attachment title="Screenshot" source="34801d0d-7b64-434a-8156-a0b0bce25211-attachment.png" type="image/png" size="312700"/>
			</attachments>
			<failure>
				<message>Expected &apos;https://www.blackrock.com/corporate/en-us/compliance/privacy-policy&apos; to equal &apos;https://www.blackrock.com/corporate/en-gb/compliance/privacy-policy&apos;, &apos;Mismatch of href values of links&apos;.</message>
				<stack-trace>Error: Failed expectation
    at Object.&lt;anonymous&gt; (E:\protractorcms\cyborg\features\FT\common\ft_common.js:20:31)
    at C:\Users\Ravikiran\AppData\Roaming\npm\node_modules\protractor\node_modules\jasminewd2\index.js:102:25
    at new ManagedPromise (C:\Users\Ravikiran\AppData\Roaming\npm\node_modules\protractor\node_modules\selenium-webdriver\lib\promise.js:1067:7)
    at controlFlowExecute (C:\Users\Ravikiran\AppData\Roaming\npm\node_modules\protractor\node_modules\jasminewd2\index.js:87:18)
    at TaskQueue.execute_ (C:\Users\Ravikiran\AppData\Roaming\npm\node_modules\protractor\node_modules\selenium-webdriver\lib\promise.js:2970:14)
    at TaskQueue.executeNext_ (C:\Users\Ravikiran\AppData\Roaming\npm\node_modules\protractor\node_modules\selenium-webdriver\lib\promise.js:2953:27)
    at asyncRun (C:\Users\Ravikiran\AppData\Roaming\npm\node_modules\protractor\node_modules\selenium-webdriver\lib\promise.js:2860:25)
    at C:\Users\Ravikiran\AppData\Roaming\npm\node_modules\protractor\node_modules\selenium-webdriver\lib\promise.js:676:7
    at process._tickCallback (internal/process/next_tick.js:103:7)</stack-trace>
			</failure>
		</test-case>
		<test-case start="1489405258630" stop="1489405259385" status="passed">
			<name>Clicking links in footer at idx 32</name>
			<title>Clicking links in footer at idx 32</title>
			<description></description>
			<labels>
			</labels>
			<parameters>
			</parameters>
			<steps>
			</steps>
			<attachments>
				<attachment title="Screenshot" source="6393c291-8dc3-47e9-8d8e-f1488ee6e373-attachment.png" type="image/png" size="312562"/>
			</attachments>
		</test-case>
		<test-case start="1489405259385" stop="1489405260658" status="passed">
			<name>Shifting windows and validating them of link at index 32</name>
			<title>Shifting windows and validating them of link at index 32</title>
			<description></description>
			<labels>
			</labels>
			<parameters>
			</parameters>
			<steps>
			</steps>
			<attachments>
				<attachment title="Screenshot" source="48906bfd-2b43-42ec-bb47-e74a6fb1e8fd-attachment.png" type="image/png" size="312728"/>
			</attachments>
		</test-case>
		<test-case start="1489405260658" stop="1489405260978" status="passed">
			<name>Comparing value or text of link in footer at index 33</name>
			<title>Comparing value or text of link in footer at index 33</title>
			<description></description>
			<labels>
			</labels>
			<parameters>
			</parameters>
			<steps>
			</steps>
			<attachments>
				<attachment title="Screenshot" source="bfe970ce-c61f-497a-9704-62e85d74e5fe-attachment.png" type="image/png" size="312728"/>
			</attachments>
		</test-case>
		<test-case start="1489405260978" stop="1489405261271" status="failed">
			<name>Comparing href values of links in footer at index 33</name>
			<title>Comparing href values of links in footer at index 33</title>
			<description></description>
			<labels>
			</labels>
			<parameters>
			</parameters>
			<steps>
			</steps>
			<attachments>
				<attachment title="Screenshot" source="b0a1f257-693c-4747-b2e5-b985ba635169-attachment.png" type="image/png" size="312728"/>
			</attachments>
			<failure>
				<message>Expected &apos;https://www.blackrock.com/corporate/en-us/compliance/business-continuity&apos; to equal &apos;https://www.blackrock.com/corporate/en-gb/compliance/business-continuity&apos;, &apos;Mismatch of href values of links&apos;.</message>
				<stack-trace>Error: Failed expectation
    at Object.&lt;anonymous&gt; (E:\protractorcms\cyborg\features\FT\common\ft_common.js:20:31)
    at C:\Users\Ravikiran\AppData\Roaming\npm\node_modules\protractor\node_modules\jasminewd2\index.js:102:25
    at new ManagedPromise (C:\Users\Ravikiran\AppData\Roaming\npm\node_modules\protractor\node_modules\selenium-webdriver\lib\promise.js:1067:7)
    at controlFlowExecute (C:\Users\Ravikiran\AppData\Roaming\npm\node_modules\protractor\node_modules\jasminewd2\index.js:87:18)
    at TaskQueue.execute_ (C:\Users\Ravikiran\AppData\Roaming\npm\node_modules\protractor\node_modules\selenium-webdriver\lib\promise.js:2970:14)
    at TaskQueue.executeNext_ (C:\Users\Ravikiran\AppData\Roaming\npm\node_modules\protractor\node_modules\selenium-webdriver\lib\promise.js:2953:27)
    at asyncRun (C:\Users\Ravikiran\AppData\Roaming\npm\node_modules\protractor\node_modules\selenium-webdriver\lib\promise.js:2860:25)
    at C:\Users\Ravikiran\AppData\Roaming\npm\node_modules\protractor\node_modules\selenium-webdriver\lib\promise.js:676:7
    at process._tickCallback (internal/process/next_tick.js:103:7)</stack-trace>
			</failure>
		</test-case>
		<test-case start="1489405261271" stop="1489405262091" status="passed">
			<name>Clicking links in footer at idx 33</name>
			<title>Clicking links in footer at idx 33</title>
			<description></description>
			<labels>
			</labels>
			<parameters>
			</parameters>
			<steps>
			</steps>
			<attachments>
				<attachment title="Screenshot" source="ac638981-55ac-429e-98f7-b8d0e2ec9bc0-attachment.png" type="image/png" size="312701"/>
			</attachments>
		</test-case>
		<test-case start="1489405262091" stop="1489405263519" status="passed">
			<name>Shifting windows and validating them of link at index 33</name>
			<title>Shifting windows and validating them of link at index 33</title>
			<description></description>
			<labels>
			</labels>
			<parameters>
			</parameters>
			<steps>
			</steps>
			<attachments>
				<attachment title="Screenshot" source="372a4443-80c6-40ab-b503-19eb94aae7d1-attachment.png" type="image/png" size="312701"/>
			</attachments>
		</test-case>
		<test-case start="1489405263519" stop="1489405263827" status="passed">
			<name>Comparing value or text of link in footer at index 34</name>
			<title>Comparing value or text of link in footer at index 34</title>
			<description></description>
			<labels>
			</labels>
			<parameters>
			</parameters>
			<steps>
			</steps>
			<attachments>
				<attachment title="Screenshot" source="913663fe-0aa0-430d-a720-7d41056c9c04-attachment.png" type="image/png" size="312701"/>
			</attachments>
		</test-case>
		<test-case start="1489405263827" stop="1489405264146" status="failed">
			<name>Comparing href values of links in footer at index 34</name>
			<title>Comparing href values of links in footer at index 34</title>
			<description></description>
			<labels>
			</labels>
			<parameters>
			</parameters>
			<steps>
			</steps>
			<attachments>
				<attachment title="Screenshot" source="dd2bf5f7-fc5f-41c7-ae4c-ac0fa714e151-attachment.png" type="image/png" size="312701"/>
			</attachments>
			<failure>
				<message>Expected &apos;http://brokercheck.finra.org/&apos; to equal &apos;https://brokercheck.finra.org/&apos;, &apos;Mismatch of href values of links&apos;.</message>
				<stack-trace>Error: Failed expectation
    at Object.&lt;anonymous&gt; (E:\protractorcms\cyborg\features\FT\common\ft_common.js:20:31)
    at C:\Users\Ravikiran\AppData\Roaming\npm\node_modules\protractor\node_modules\jasminewd2\index.js:102:25
    at new ManagedPromise (C:\Users\Ravikiran\AppData\Roaming\npm\node_modules\protractor\node_modules\selenium-webdriver\lib\promise.js:1067:7)
    at controlFlowExecute (C:\Users\Ravikiran\AppData\Roaming\npm\node_modules\protractor\node_modules\jasminewd2\index.js:87:18)
    at TaskQueue.execute_ (C:\Users\Ravikiran\AppData\Roaming\npm\node_modules\protractor\node_modules\selenium-webdriver\lib\promise.js:2970:14)
    at TaskQueue.executeNext_ (C:\Users\Ravikiran\AppData\Roaming\npm\node_modules\protractor\node_modules\selenium-webdriver\lib\promise.js:2953:27)
    at asyncRun (C:\Users\Ravikiran\AppData\Roaming\npm\node_modules\protractor\node_modules\selenium-webdriver\lib\promise.js:2860:25)
    at C:\Users\Ravikiran\AppData\Roaming\npm\node_modules\protractor\node_modules\selenium-webdriver\lib\promise.js:676:7
    at process._tickCallback (internal/process/next_tick.js:103:7)</stack-trace>
			</failure>
		</test-case>
		<test-case start="1489405264146" stop="1489405264968" status="passed">
			<name>Clicking links in footer at idx 34</name>
			<title>Clicking links in footer at idx 34</title>
			<description></description>
			<labels>
			</labels>
			<parameters>
			</parameters>
			<steps>
			</steps>
			<attachments>
				<attachment title="Screenshot" source="ddcc5964-cc82-41fa-bf5b-4392cdf9df78-attachment.png" type="image/png" size="312735"/>
			</attachments>
		</test-case>
		<test-case start="1489405264968" stop="1489405266289" status="passed">
			<name>Shifting windows and validating them of link at index 34</name>
			<title>Shifting windows and validating them of link at index 34</title>
			<description></description>
			<labels>
			</labels>
			<parameters>
			</parameters>
			<steps>
			</steps>
			<attachments>
				<attachment title="Screenshot" source="18486c76-0974-42f1-98db-e85300c2683b-attachment.png" type="image/png" size="312735"/>
			</attachments>
		</test-case>
	</test-cases>
</ns2:test-suite>