<?xml version="1.0" encoding="UTF-8"?>
<ns2:test-suite xmlns:ns2="urn:model.allure.qatools.yandex.ru" start="1488454874483" stop="1488454934512">
	<name>TA-003 TypeAhead-Recent Search Suggestions Validation</name>
	<title>TA-003 TypeAhead-Recent Search Suggestions Validation</title>
	<test-cases>
		<test-case start="1488454874484" stop="1488454894824" status="passed">
			<name>Loading Home Page </name>
			<title>Loading Home Page </title>
			<description></description>
			<labels>
			</labels>
			<parameters>
			</parameters>
			<steps>
			</steps>
			<attachments>
				<attachment title="Screenshot" source="f2c6c2c3-bc64-46f7-a4ea-0b60c6298b56-attachment.png" type="image/png" size="322367"/>
			</attachments>
		</test-case>
		<test-case start="1488454894826" stop="1488454895053" status="passed">
			<name>Validate Correct page Loaded</name>
			<title>Validate Correct page Loaded</title>
			<description></description>
			<labels>
			</labels>
			<parameters>
			</parameters>
			<steps>
			</steps>
			<attachments>
				<attachment title="Screenshot" source="bbc634cf-7b37-4c3e-a50c-29f3b677ddde-attachment.png" type="image/png" size="314307"/>
			</attachments>
		</test-case>
		<test-case start="1488454895053" stop="1488454896721" status="passed">
			<name>Entering  keyword document</name>
			<title>Entering  keyword document</title>
			<description></description>
			<labels>
			</labels>
			<parameters>
			</parameters>
			<steps>
			</steps>
			<attachments>
				<attachment title="Screenshot" source="97afdbda-59d9-48cf-87f5-d44ae4e161a0-attachment.png" type="image/png" size="295007"/>
			</attachments>
		</test-case>
		<test-case start="1488454896721" stop="1488454898947" status="passed">
			<name>Getting  all Recent suggestions from TypeAhead and validating</name>
			<title>Getting  all Recent suggestions from TypeAhead and validating</title>
			<description></description>
			<labels>
			</labels>
			<parameters>
			</parameters>
			<steps>
			</steps>
			<attachments>
				<attachment title="Screenshot" source="ea0c40ce-4341-47cc-b86b-0b089e12d86f-attachment.png" type="image/png" size="295471"/>
			</attachments>
		</test-case>
		<test-case start="1488454898947" stop="1488454902688" status="passed">
			<name>Pressing ENTER Key</name>
			<title>Pressing ENTER Key</title>
			<description></description>
			<labels>
			</labels>
			<parameters>
			</parameters>
			<steps>
			</steps>
			<attachments>
				<attachment title="Screenshot" source="3d490d19-6433-4092-8ea0-2f7a38558e65-attachment.png" type="image/png" size="122284"/>
			</attachments>
		</test-case>
		<test-case start="1488454902688" stop="1488454902912" status="failed">
			<name>Constructing recent searches data Manually</name>
			<title>Constructing recent searches data Manually</title>
			<description></description>
			<labels>
			</labels>
			<parameters>
			</parameters>
			<steps>
			</steps>
			<attachments>
				<attachment title="Screenshot" source="f1216aed-ed10-4657-8098-9540158b63a6-attachment.png" type="image/png" size="122284"/>
			</attachments>
			<failure>
				<message>Failed: this.recentSearchListManualConstruct is not a function</message>
				<stack-trace>TypeError: this.recentSearchListManualConstruct is not a function
    at Object.&lt;anonymous&gt; (E:\protractorcms\cyborg\features\TA\common\ta_common.js:49:38)
    at C:\Users\Ravikiran\AppData\Roaming\npm\node_modules\protractor\node_modules\jasminewd2\index.js:102:25
    at new ManagedPromise (C:\Users\Ravikiran\AppData\Roaming\npm\node_modules\protractor\node_modules\selenium-webdriver\lib\promise.js:1067:7)
    at controlFlowExecute (C:\Users\Ravikiran\AppData\Roaming\npm\node_modules\protractor\node_modules\jasminewd2\index.js:87:18)
    at TaskQueue.execute_ (C:\Users\Ravikiran\AppData\Roaming\npm\node_modules\protractor\node_modules\selenium-webdriver\lib\promise.js:2970:14)
    at TaskQueue.executeNext_ (C:\Users\Ravikiran\AppData\Roaming\npm\node_modules\protractor\node_modules\selenium-webdriver\lib\promise.js:2953:27)
    at asyncRun (C:\Users\Ravikiran\AppData\Roaming\npm\node_modules\protractor\node_modules\selenium-webdriver\lib\promise.js:2860:25)
    at C:\Users\Ravikiran\AppData\Roaming\npm\node_modules\protractor\node_modules\selenium-webdriver\lib\promise.js:676:7
    at process._tickCallback (internal/process/next_tick.js:103:7)
From: Task: Run it(&quot;Constructing recent searches data Manually&quot;) in control flow
    at Object.&lt;anonymous&gt; (C:\Users\Ravikiran\AppData\Roaming\npm\node_modules\protractor\node_modules\jasminewd2\index.js:86:14)
    at attemptAsync (C:\Users\Ravikiran\AppData\Roaming\npm\node_modules\protractor\node_modules\jasmine-core\lib\jasmine-core\jasmine.js:1916:24)
    at QueueRunner.run (C:\Users\Ravikiran\AppData\Roaming\npm\node_modules\protractor\node_modules\jasmine-core\lib\jasmine-core\jasmine.js:1871:9)
    at QueueRunner.execute (C:\Users\Ravikiran\AppData\Roaming\npm\node_modules\protractor\node_modules\jasmine-core\lib\jasmine-core\jasmine.js:1859:10)
    at Spec.queueRunnerFactory (C:\Users\Ravikiran\AppData\Roaming\npm\node_modules\protractor\node_modules\jasmine-core\lib\jasmine-core\jasmine.js:697:35)
    at Spec.execute (C:\Users\Ravikiran\AppData\Roaming\npm\node_modules\protractor\node_modules\jasmine-core\lib\jasmine-core\jasmine.js:359:10)
    at Object.fn (C:\Users\Ravikiran\AppData\Roaming\npm\node_modules\protractor\node_modules\jasmine-core\lib\jasmine-core\jasmine.js:2479:37)
    at attemptAsync (C:\Users\Ravikiran\AppData\Roaming\npm\node_modules\protractor\node_modules\jasmine-core\lib\jasmine-core\jasmine.js:1916:24)
    at QueueRunner.run (C:\Users\Ravikiran\AppData\Roaming\npm\node_modules\protractor\node_modules\jasmine-core\lib\jasmine-core\jasmine.js:1871:9)
    at C:\Users\Ravikiran\AppData\Roaming\npm\node_modules\protractor\node_modules\jasmine-core\lib\jasmine-core\jasmine.js:1898:16
From asynchronous test: 
Error
    at common.pressEnterConstructSuggestions (E:\protractorcms\cyborg\features\TA\common\ta_common.js:48:9)
    at recentSearchTypeAhead (E:\protractorcms\cyborg\features\TA\TA-003\TA-003.js:34:16)
    at Suite.&lt;anonymous&gt; (E:\protractorcms\cyborg\features\TA\TA-003\TA-003.js:13:5)
    at addSpecsToSuite (C:\Users\Ravikiran\AppData\Roaming\npm\node_modules\protractor\node_modules\jasmine-core\lib\jasmine-core\jasmine.js:833:25)
    at Env.describe (C:\Users\Ravikiran\AppData\Roaming\npm\node_modules\protractor\node_modules\jasmine-core\lib\jasmine-core\jasmine.js:802:7)
    at describe (C:\Users\Ravikiran\AppData\Roaming\npm\node_modules\protractor\node_modules\jasmine-core\lib\jasmine-core\jasmine.js:3375:18)
    at Object.&lt;anonymous&gt; (E:\protractorcms\cyborg\features\TA\TA-003\TA-003.js:10:1)
    at Module._compile (module.js:570:32)
    at Object.Module._extensions..js (module.js:579:10)</stack-trace>
			</failure>
		</test-case>
		<test-case start="1488454902912" stop="1488454903242" status="passed">
			<name>Constructing Recent searches data Manually</name>
			<title>Constructing Recent searches data Manually</title>
			<description></description>
			<labels>
			</labels>
			<parameters>
			</parameters>
			<steps>
			</steps>
			<attachments>
				<attachment title="Screenshot" source="a20bf873-8b86-40e2-bb8e-88988abed8db-attachment.png" type="image/png" size="69512"/>
			</attachments>
		</test-case>
		<test-case start="1488454903243" stop="1488454904710" status="passed">
			<name>Entering  keyword resume</name>
			<title>Entering  keyword resume</title>
			<description></description>
			<labels>
			</labels>
			<parameters>
			</parameters>
			<steps>
			</steps>
			<attachments>
				<attachment title="Screenshot" source="68e329e4-6d06-46f6-bf18-5d45ed517a5f-attachment.png" type="image/png" size="99214"/>
			</attachments>
		</test-case>
		<test-case start="1488454904710" stop="1488454904917" status="passed">
			<name>Getting  all Recent suggestions from TypeAhead and validating</name>
			<title>Getting  all Recent suggestions from TypeAhead and validating</title>
			<description></description>
			<labels>
			</labels>
			<parameters>
			</parameters>
			<steps>
			</steps>
			<attachments>
				<attachment title="Screenshot" source="68b9e378-1583-4651-ab3e-b908fa9f5905-attachment.png" type="image/png" size="99214"/>
			</attachments>
		</test-case>
		<test-case start="1488454904917" stop="1488454905878" status="passed">
			<name>Pressing ENTER Key</name>
			<title>Pressing ENTER Key</title>
			<description></description>
			<labels>
			</labels>
			<parameters>
			</parameters>
			<steps>
			</steps>
			<attachments>
				<attachment title="Screenshot" source="fbd9522a-8d38-47be-970d-6cb443f6225a-attachment.png" type="image/png" size="122284"/>
			</attachments>
		</test-case>
		<test-case start="1488454905878" stop="1488454906072" status="failed">
			<name>Constructing recent searches data Manually</name>
			<title>Constructing recent searches data Manually</title>
			<description></description>
			<labels>
			</labels>
			<parameters>
			</parameters>
			<steps>
			</steps>
			<attachments>
				<attachment title="Screenshot" source="bf09d494-dded-4e2c-a6b2-4d823ebb0670-attachment.png" type="image/png" size="69499"/>
			</attachments>
			<failure>
				<message>Failed: this.recentSearchListManualConstruct is not a function</message>
				<stack-trace>TypeError: this.recentSearchListManualConstruct is not a function
    at Object.&lt;anonymous&gt; (E:\protractorcms\cyborg\features\TA\common\ta_common.js:49:38)
    at C:\Users\Ravikiran\AppData\Roaming\npm\node_modules\protractor\node_modules\jasminewd2\index.js:102:25
    at new ManagedPromise (C:\Users\Ravikiran\AppData\Roaming\npm\node_modules\protractor\node_modules\selenium-webdriver\lib\promise.js:1067:7)
    at controlFlowExecute (C:\Users\Ravikiran\AppData\Roaming\npm\node_modules\protractor\node_modules\jasminewd2\index.js:87:18)
    at TaskQueue.execute_ (C:\Users\Ravikiran\AppData\Roaming\npm\node_modules\protractor\node_modules\selenium-webdriver\lib\promise.js:2970:14)
    at TaskQueue.executeNext_ (C:\Users\Ravikiran\AppData\Roaming\npm\node_modules\protractor\node_modules\selenium-webdriver\lib\promise.js:2953:27)
    at asyncRun (C:\Users\Ravikiran\AppData\Roaming\npm\node_modules\protractor\node_modules\selenium-webdriver\lib\promise.js:2860:25)
    at C:\Users\Ravikiran\AppData\Roaming\npm\node_modules\protractor\node_modules\selenium-webdriver\lib\promise.js:676:7
    at process._tickCallback (internal/process/next_tick.js:103:7)
From: Task: Run it(&quot;Constructing recent searches data Manually&quot;) in control flow
    at Object.&lt;anonymous&gt; (C:\Users\Ravikiran\AppData\Roaming\npm\node_modules\protractor\node_modules\jasminewd2\index.js:86:14)
    at attemptAsync (C:\Users\Ravikiran\AppData\Roaming\npm\node_modules\protractor\node_modules\jasmine-core\lib\jasmine-core\jasmine.js:1916:24)
    at QueueRunner.run (C:\Users\Ravikiran\AppData\Roaming\npm\node_modules\protractor\node_modules\jasmine-core\lib\jasmine-core\jasmine.js:1871:9)
    at QueueRunner.execute (C:\Users\Ravikiran\AppData\Roaming\npm\node_modules\protractor\node_modules\jasmine-core\lib\jasmine-core\jasmine.js:1859:10)
    at Spec.queueRunnerFactory (C:\Users\Ravikiran\AppData\Roaming\npm\node_modules\protractor\node_modules\jasmine-core\lib\jasmine-core\jasmine.js:697:35)
    at Spec.execute (C:\Users\Ravikiran\AppData\Roaming\npm\node_modules\protractor\node_modules\jasmine-core\lib\jasmine-core\jasmine.js:359:10)
    at Object.fn (C:\Users\Ravikiran\AppData\Roaming\npm\node_modules\protractor\node_modules\jasmine-core\lib\jasmine-core\jasmine.js:2479:37)
    at attemptAsync (C:\Users\Ravikiran\AppData\Roaming\npm\node_modules\protractor\node_modules\jasmine-core\lib\jasmine-core\jasmine.js:1916:24)
    at QueueRunner.run (C:\Users\Ravikiran\AppData\Roaming\npm\node_modules\protractor\node_modules\jasmine-core\lib\jasmine-core\jasmine.js:1871:9)
    at C:\Users\Ravikiran\AppData\Roaming\npm\node_modules\protractor\node_modules\jasmine-core\lib\jasmine-core\jasmine.js:1898:16
From asynchronous test: 
Error
    at common.pressEnterConstructSuggestions (E:\protractorcms\cyborg\features\TA\common\ta_common.js:48:9)
    at recentSearchTypeAhead (E:\protractorcms\cyborg\features\TA\TA-003\TA-003.js:34:16)
    at Suite.&lt;anonymous&gt; (E:\protractorcms\cyborg\features\TA\TA-003\TA-003.js:13:5)
    at addSpecsToSuite (C:\Users\Ravikiran\AppData\Roaming\npm\node_modules\protractor\node_modules\jasmine-core\lib\jasmine-core\jasmine.js:833:25)
    at Env.describe (C:\Users\Ravikiran\AppData\Roaming\npm\node_modules\protractor\node_modules\jasmine-core\lib\jasmine-core\jasmine.js:802:7)
    at describe (C:\Users\Ravikiran\AppData\Roaming\npm\node_modules\protractor\node_modules\jasmine-core\lib\jasmine-core\jasmine.js:3375:18)
    at Object.&lt;anonymous&gt; (E:\protractorcms\cyborg\features\TA\TA-003\TA-003.js:10:1)
    at Module._compile (module.js:570:32)
    at Object.Module._extensions..js (module.js:579:10)</stack-trace>
			</failure>
		</test-case>
		<test-case start="1488454906072" stop="1488454906665" status="passed">
			<name>Constructing Recent searches data Manually</name>
			<title>Constructing Recent searches data Manually</title>
			<description></description>
			<labels>
			</labels>
			<parameters>
			</parameters>
			<steps>
			</steps>
			<attachments>
				<attachment title="Screenshot" source="e3e2f842-536c-4f3e-8ab1-9d9d0ae6261b-attachment.png" type="image/png" size="100394"/>
			</attachments>
		</test-case>
		<test-case start="1488454906665" stop="1488454908127" status="passed">
			<name>Entering  keyword attorney</name>
			<title>Entering  keyword attorney</title>
			<description></description>
			<labels>
			</labels>
			<parameters>
			</parameters>
			<steps>
			</steps>
			<attachments>
				<attachment title="Screenshot" source="9bbefd6c-3ea5-4455-9336-84ac722e9218-attachment.png" type="image/png" size="113430"/>
			</attachments>
		</test-case>
		<test-case start="1488454908128" stop="1488454908366" status="passed">
			<name>Getting  all Recent suggestions from TypeAhead and validating</name>
			<title>Getting  all Recent suggestions from TypeAhead and validating</title>
			<description></description>
			<labels>
			</labels>
			<parameters>
			</parameters>
			<steps>
			</steps>
			<attachments>
				<attachment title="Screenshot" source="c1771186-1432-4ea5-905c-c1aae13fc393-attachment.png" type="image/png" size="113401"/>
			</attachments>
		</test-case>
		<test-case start="1488454908366" stop="1488454909328" status="passed">
			<name>Pressing ENTER Key</name>
			<title>Pressing ENTER Key</title>
			<description></description>
			<labels>
			</labels>
			<parameters>
			</parameters>
			<steps>
			</steps>
			<attachments>
				<attachment title="Screenshot" source="876ca1bb-5c93-47af-b16c-b37dc36d4812-attachment.png" type="image/png" size="122284"/>
			</attachments>
		</test-case>
		<test-case start="1488454909328" stop="1488454909524" status="failed">
			<name>Constructing recent searches data Manually</name>
			<title>Constructing recent searches data Manually</title>
			<description></description>
			<labels>
			</labels>
			<parameters>
			</parameters>
			<steps>
			</steps>
			<attachments>
				<attachment title="Screenshot" source="c7d9e306-771c-47f2-89c5-87c01255918b-attachment.png" type="image/png" size="122284"/>
			</attachments>
			<failure>
				<message>Failed: this.recentSearchListManualConstruct is not a function</message>
				<stack-trace>TypeError: this.recentSearchListManualConstruct is not a function
    at Object.&lt;anonymous&gt; (E:\protractorcms\cyborg\features\TA\common\ta_common.js:49:38)
    at C:\Users\Ravikiran\AppData\Roaming\npm\node_modules\protractor\node_modules\jasminewd2\index.js:102:25
    at new ManagedPromise (C:\Users\Ravikiran\AppData\Roaming\npm\node_modules\protractor\node_modules\selenium-webdriver\lib\promise.js:1067:7)
    at controlFlowExecute (C:\Users\Ravikiran\AppData\Roaming\npm\node_modules\protractor\node_modules\jasminewd2\index.js:87:18)
    at TaskQueue.execute_ (C:\Users\Ravikiran\AppData\Roaming\npm\node_modules\protractor\node_modules\selenium-webdriver\lib\promise.js:2970:14)
    at TaskQueue.executeNext_ (C:\Users\Ravikiran\AppData\Roaming\npm\node_modules\protractor\node_modules\selenium-webdriver\lib\promise.js:2953:27)
    at asyncRun (C:\Users\Ravikiran\AppData\Roaming\npm\node_modules\protractor\node_modules\selenium-webdriver\lib\promise.js:2860:25)
    at C:\Users\Ravikiran\AppData\Roaming\npm\node_modules\protractor\node_modules\selenium-webdriver\lib\promise.js:676:7
    at process._tickCallback (internal/process/next_tick.js:103:7)
From: Task: Run it(&quot;Constructing recent searches data Manually&quot;) in control flow
    at Object.&lt;anonymous&gt; (C:\Users\Ravikiran\AppData\Roaming\npm\node_modules\protractor\node_modules\jasminewd2\index.js:86:14)
    at attemptAsync (C:\Users\Ravikiran\AppData\Roaming\npm\node_modules\protractor\node_modules\jasmine-core\lib\jasmine-core\jasmine.js:1916:24)
    at QueueRunner.run (C:\Users\Ravikiran\AppData\Roaming\npm\node_modules\protractor\node_modules\jasmine-core\lib\jasmine-core\jasmine.js:1871:9)
    at QueueRunner.execute (C:\Users\Ravikiran\AppData\Roaming\npm\node_modules\protractor\node_modules\jasmine-core\lib\jasmine-core\jasmine.js:1859:10)
    at Spec.queueRunnerFactory (C:\Users\Ravikiran\AppData\Roaming\npm\node_modules\protractor\node_modules\jasmine-core\lib\jasmine-core\jasmine.js:697:35)
    at Spec.execute (C:\Users\Ravikiran\AppData\Roaming\npm\node_modules\protractor\node_modules\jasmine-core\lib\jasmine-core\jasmine.js:359:10)
    at Object.fn (C:\Users\Ravikiran\AppData\Roaming\npm\node_modules\protractor\node_modules\jasmine-core\lib\jasmine-core\jasmine.js:2479:37)
    at attemptAsync (C:\Users\Ravikiran\AppData\Roaming\npm\node_modules\protractor\node_modules\jasmine-core\lib\jasmine-core\jasmine.js:1916:24)
    at QueueRunner.run (C:\Users\Ravikiran\AppData\Roaming\npm\node_modules\protractor\node_modules\jasmine-core\lib\jasmine-core\jasmine.js:1871:9)
    at C:\Users\Ravikiran\AppData\Roaming\npm\node_modules\protractor\node_modules\jasmine-core\lib\jasmine-core\jasmine.js:1898:16
From asynchronous test: 
Error
    at common.pressEnterConstructSuggestions (E:\protractorcms\cyborg\features\TA\common\ta_common.js:48:9)
    at recentSearchTypeAhead (E:\protractorcms\cyborg\features\TA\TA-003\TA-003.js:34:16)
    at Suite.&lt;anonymous&gt; (E:\protractorcms\cyborg\features\TA\TA-003\TA-003.js:13:5)
    at addSpecsToSuite (C:\Users\Ravikiran\AppData\Roaming\npm\node_modules\protractor\node_modules\jasmine-core\lib\jasmine-core\jasmine.js:833:25)
    at Env.describe (C:\Users\Ravikiran\AppData\Roaming\npm\node_modules\protractor\node_modules\jasmine-core\lib\jasmine-core\jasmine.js:802:7)
    at describe (C:\Users\Ravikiran\AppData\Roaming\npm\node_modules\protractor\node_modules\jasmine-core\lib\jasmine-core\jasmine.js:3375:18)
    at Object.&lt;anonymous&gt; (E:\protractorcms\cyborg\features\TA\TA-003\TA-003.js:10:1)
    at Module._compile (module.js:570:32)
    at Object.Module._extensions..js (module.js:579:10)</stack-trace>
			</failure>
		</test-case>
		<test-case start="1488454909524" stop="1488454909844" status="passed">
			<name>Constructing Recent searches data Manually</name>
			<title>Constructing Recent searches data Manually</title>
			<description></description>
			<labels>
			</labels>
			<parameters>
			</parameters>
			<steps>
			</steps>
			<attachments>
				<attachment title="Screenshot" source="4d4fcd61-cdab-438f-8df1-9b3640a4331b-attachment.png" type="image/png" size="69506"/>
			</attachments>
		</test-case>
		<test-case start="1488454909844" stop="1488454911267" status="passed">
			<name>Entering  keyword manager</name>
			<title>Entering  keyword manager</title>
			<description></description>
			<labels>
			</labels>
			<parameters>
			</parameters>
			<steps>
			</steps>
			<attachments>
				<attachment title="Screenshot" source="7757d0a8-fdd3-4dec-9e55-9ae16771ae81-attachment.png" type="image/png" size="80333"/>
			</attachments>
		</test-case>
		<test-case start="1488454911267" stop="1488454911533" status="passed">
			<name>Getting  all Recent suggestions from TypeAhead and validating</name>
			<title>Getting  all Recent suggestions from TypeAhead and validating</title>
			<description></description>
			<labels>
			</labels>
			<parameters>
			</parameters>
			<steps>
			</steps>
			<attachments>
				<attachment title="Screenshot" source="e2b430b2-aed9-48bb-86b7-9670bb4063e2-attachment.png" type="image/png" size="80391"/>
			</attachments>
		</test-case>
		<test-case start="1488454911533" stop="1488454912431" status="passed">
			<name>Pressing ENTER Key</name>
			<title>Pressing ENTER Key</title>
			<description></description>
			<labels>
			</labels>
			<parameters>
			</parameters>
			<steps>
			</steps>
			<attachments>
				<attachment title="Screenshot" source="d8384917-ea38-4b91-a6b5-3925bfcaef9f-attachment.png" type="image/png" size="122284"/>
			</attachments>
		</test-case>
		<test-case start="1488454912431" stop="1488454912702" status="failed">
			<name>Constructing recent searches data Manually</name>
			<title>Constructing recent searches data Manually</title>
			<description></description>
			<labels>
			</labels>
			<parameters>
			</parameters>
			<steps>
			</steps>
			<attachments>
				<attachment title="Screenshot" source="400d723c-9f84-4034-accf-71373873886c-attachment.png" type="image/png" size="69512"/>
			</attachments>
			<failure>
				<message>Failed: this.recentSearchListManualConstruct is not a function</message>
				<stack-trace>TypeError: this.recentSearchListManualConstruct is not a function
    at Object.&lt;anonymous&gt; (E:\protractorcms\cyborg\features\TA\common\ta_common.js:49:38)
    at C:\Users\Ravikiran\AppData\Roaming\npm\node_modules\protractor\node_modules\jasminewd2\index.js:102:25
    at new ManagedPromise (C:\Users\Ravikiran\AppData\Roaming\npm\node_modules\protractor\node_modules\selenium-webdriver\lib\promise.js:1067:7)
    at controlFlowExecute (C:\Users\Ravikiran\AppData\Roaming\npm\node_modules\protractor\node_modules\jasminewd2\index.js:87:18)
    at TaskQueue.execute_ (C:\Users\Ravikiran\AppData\Roaming\npm\node_modules\protractor\node_modules\selenium-webdriver\lib\promise.js:2970:14)
    at TaskQueue.executeNext_ (C:\Users\Ravikiran\AppData\Roaming\npm\node_modules\protractor\node_modules\selenium-webdriver\lib\promise.js:2953:27)
    at asyncRun (C:\Users\Ravikiran\AppData\Roaming\npm\node_modules\protractor\node_modules\selenium-webdriver\lib\promise.js:2860:25)
    at C:\Users\Ravikiran\AppData\Roaming\npm\node_modules\protractor\node_modules\selenium-webdriver\lib\promise.js:676:7
    at process._tickCallback (internal/process/next_tick.js:103:7)
From: Task: Run it(&quot;Constructing recent searches data Manually&quot;) in control flow
    at Object.&lt;anonymous&gt; (C:\Users\Ravikiran\AppData\Roaming\npm\node_modules\protractor\node_modules\jasminewd2\index.js:86:14)
    at attemptAsync (C:\Users\Ravikiran\AppData\Roaming\npm\node_modules\protractor\node_modules\jasmine-core\lib\jasmine-core\jasmine.js:1916:24)
    at QueueRunner.run (C:\Users\Ravikiran\AppData\Roaming\npm\node_modules\protractor\node_modules\jasmine-core\lib\jasmine-core\jasmine.js:1871:9)
    at QueueRunner.execute (C:\Users\Ravikiran\AppData\Roaming\npm\node_modules\protractor\node_modules\jasmine-core\lib\jasmine-core\jasmine.js:1859:10)
    at Spec.queueRunnerFactory (C:\Users\Ravikiran\AppData\Roaming\npm\node_modules\protractor\node_modules\jasmine-core\lib\jasmine-core\jasmine.js:697:35)
    at Spec.execute (C:\Users\Ravikiran\AppData\Roaming\npm\node_modules\protractor\node_modules\jasmine-core\lib\jasmine-core\jasmine.js:359:10)
    at Object.fn (C:\Users\Ravikiran\AppData\Roaming\npm\node_modules\protractor\node_modules\jasmine-core\lib\jasmine-core\jasmine.js:2479:37)
    at attemptAsync (C:\Users\Ravikiran\AppData\Roaming\npm\node_modules\protractor\node_modules\jasmine-core\lib\jasmine-core\jasmine.js:1916:24)
    at QueueRunner.run (C:\Users\Ravikiran\AppData\Roaming\npm\node_modules\protractor\node_modules\jasmine-core\lib\jasmine-core\jasmine.js:1871:9)
    at C:\Users\Ravikiran\AppData\Roaming\npm\node_modules\protractor\node_modules\jasmine-core\lib\jasmine-core\jasmine.js:1898:16
From asynchronous test: 
Error
    at common.pressEnterConstructSuggestions (E:\protractorcms\cyborg\features\TA\common\ta_common.js:48:9)
    at recentSearchTypeAhead (E:\protractorcms\cyborg\features\TA\TA-003\TA-003.js:34:16)
    at Suite.&lt;anonymous&gt; (E:\protractorcms\cyborg\features\TA\TA-003\TA-003.js:13:5)
    at addSpecsToSuite (C:\Users\Ravikiran\AppData\Roaming\npm\node_modules\protractor\node_modules\jasmine-core\lib\jasmine-core\jasmine.js:833:25)
    at Env.describe (C:\Users\Ravikiran\AppData\Roaming\npm\node_modules\protractor\node_modules\jasmine-core\lib\jasmine-core\jasmine.js:802:7)
    at describe (C:\Users\Ravikiran\AppData\Roaming\npm\node_modules\protractor\node_modules\jasmine-core\lib\jasmine-core\jasmine.js:3375:18)
    at Object.&lt;anonymous&gt; (E:\protractorcms\cyborg\features\TA\TA-003\TA-003.js:10:1)
    at Module._compile (module.js:570:32)
    at Object.Module._extensions..js (module.js:579:10)</stack-trace>
			</failure>
		</test-case>
		<test-case start="1488454912702" stop="1488454913295" status="passed">
			<name>Constructing Recent searches data Manually</name>
			<title>Constructing Recent searches data Manually</title>
			<description></description>
			<labels>
			</labels>
			<parameters>
			</parameters>
			<steps>
			</steps>
			<attachments>
				<attachment title="Screenshot" source="285cb37a-c751-4932-847b-243e89da5399-attachment.png" type="image/png" size="69512"/>
			</attachments>
		</test-case>
		<test-case start="1488454913295" stop="1488454914793" status="passed">
			<name>Entering  keyword document</name>
			<title>Entering  keyword document</title>
			<description></description>
			<labels>
			</labels>
			<parameters>
			</parameters>
			<steps>
			</steps>
			<attachments>
				<attachment title="Screenshot" source="ada9b17f-d621-417e-9b86-ee402f05a943-attachment.png" type="image/png" size="148134"/>
			</attachments>
		</test-case>
		<test-case start="1488454914793" stop="1488454915097" status="passed">
			<name>Getting  all Recent suggestions from TypeAhead and validating</name>
			<title>Getting  all Recent suggestions from TypeAhead and validating</title>
			<description></description>
			<labels>
			</labels>
			<parameters>
			</parameters>
			<steps>
			</steps>
			<attachments>
				<attachment title="Screenshot" source="0af6c8d4-717b-4838-8952-6b2c94ce6397-attachment.png" type="image/png" size="148092"/>
			</attachments>
		</test-case>
		<test-case start="1488454915097" stop="1488454916964" status="passed">
			<name>Pressing ENTER Key</name>
			<title>Pressing ENTER Key</title>
			<description></description>
			<labels>
			</labels>
			<parameters>
			</parameters>
			<steps>
			</steps>
			<attachments>
				<attachment title="Screenshot" source="b5119b82-f120-40e3-a313-1adb39ce969d-attachment.png" type="image/png" size="122284"/>
			</attachments>
		</test-case>
		<test-case start="1488454916964" stop="1488454917177" status="failed">
			<name>Constructing recent searches data Manually</name>
			<title>Constructing recent searches data Manually</title>
			<description></description>
			<labels>
			</labels>
			<parameters>
			</parameters>
			<steps>
			</steps>
			<attachments>
				<attachment title="Screenshot" source="1af78a6e-18cc-4c7f-bee0-13a749d74337-attachment.png" type="image/png" size="69499"/>
			</attachments>
			<failure>
				<message>Failed: this.recentSearchListManualConstruct is not a function</message>
				<stack-trace>TypeError: this.recentSearchListManualConstruct is not a function
    at Object.&lt;anonymous&gt; (E:\protractorcms\cyborg\features\TA\common\ta_common.js:49:38)
    at C:\Users\Ravikiran\AppData\Roaming\npm\node_modules\protractor\node_modules\jasminewd2\index.js:102:25
    at new ManagedPromise (C:\Users\Ravikiran\AppData\Roaming\npm\node_modules\protractor\node_modules\selenium-webdriver\lib\promise.js:1067:7)
    at controlFlowExecute (C:\Users\Ravikiran\AppData\Roaming\npm\node_modules\protractor\node_modules\jasminewd2\index.js:87:18)
    at TaskQueue.execute_ (C:\Users\Ravikiran\AppData\Roaming\npm\node_modules\protractor\node_modules\selenium-webdriver\lib\promise.js:2970:14)
    at TaskQueue.executeNext_ (C:\Users\Ravikiran\AppData\Roaming\npm\node_modules\protractor\node_modules\selenium-webdriver\lib\promise.js:2953:27)
    at asyncRun (C:\Users\Ravikiran\AppData\Roaming\npm\node_modules\protractor\node_modules\selenium-webdriver\lib\promise.js:2860:25)
    at C:\Users\Ravikiran\AppData\Roaming\npm\node_modules\protractor\node_modules\selenium-webdriver\lib\promise.js:676:7
    at process._tickCallback (internal/process/next_tick.js:103:7)
From: Task: Run it(&quot;Constructing recent searches data Manually&quot;) in control flow
    at Object.&lt;anonymous&gt; (C:\Users\Ravikiran\AppData\Roaming\npm\node_modules\protractor\node_modules\jasminewd2\index.js:86:14)
    at attemptAsync (C:\Users\Ravikiran\AppData\Roaming\npm\node_modules\protractor\node_modules\jasmine-core\lib\jasmine-core\jasmine.js:1916:24)
    at QueueRunner.run (C:\Users\Ravikiran\AppData\Roaming\npm\node_modules\protractor\node_modules\jasmine-core\lib\jasmine-core\jasmine.js:1871:9)
    at QueueRunner.execute (C:\Users\Ravikiran\AppData\Roaming\npm\node_modules\protractor\node_modules\jasmine-core\lib\jasmine-core\jasmine.js:1859:10)
    at Spec.queueRunnerFactory (C:\Users\Ravikiran\AppData\Roaming\npm\node_modules\protractor\node_modules\jasmine-core\lib\jasmine-core\jasmine.js:697:35)
    at Spec.execute (C:\Users\Ravikiran\AppData\Roaming\npm\node_modules\protractor\node_modules\jasmine-core\lib\jasmine-core\jasmine.js:359:10)
    at Object.fn (C:\Users\Ravikiran\AppData\Roaming\npm\node_modules\protractor\node_modules\jasmine-core\lib\jasmine-core\jasmine.js:2479:37)
    at attemptAsync (C:\Users\Ravikiran\AppData\Roaming\npm\node_modules\protractor\node_modules\jasmine-core\lib\jasmine-core\jasmine.js:1916:24)
    at QueueRunner.run (C:\Users\Ravikiran\AppData\Roaming\npm\node_modules\protractor\node_modules\jasmine-core\lib\jasmine-core\jasmine.js:1871:9)
    at C:\Users\Ravikiran\AppData\Roaming\npm\node_modules\protractor\node_modules\jasmine-core\lib\jasmine-core\jasmine.js:1898:16
From asynchronous test: 
Error
    at common.pressEnterConstructSuggestions (E:\protractorcms\cyborg\features\TA\common\ta_common.js:48:9)
    at recentSearchTypeAhead (E:\protractorcms\cyborg\features\TA\TA-003\TA-003.js:34:16)
    at Suite.&lt;anonymous&gt; (E:\protractorcms\cyborg\features\TA\TA-003\TA-003.js:13:5)
    at addSpecsToSuite (C:\Users\Ravikiran\AppData\Roaming\npm\node_modules\protractor\node_modules\jasmine-core\lib\jasmine-core\jasmine.js:833:25)
    at Env.describe (C:\Users\Ravikiran\AppData\Roaming\npm\node_modules\protractor\node_modules\jasmine-core\lib\jasmine-core\jasmine.js:802:7)
    at describe (C:\Users\Ravikiran\AppData\Roaming\npm\node_modules\protractor\node_modules\jasmine-core\lib\jasmine-core\jasmine.js:3375:18)
    at Object.&lt;anonymous&gt; (E:\protractorcms\cyborg\features\TA\TA-003\TA-003.js:10:1)
    at Module._compile (module.js:570:32)
    at Object.Module._extensions..js (module.js:579:10)</stack-trace>
			</failure>
		</test-case>
		<test-case start="1488454917177" stop="1488454917707" status="passed">
			<name>Constructing Recent searches data Manually</name>
			<title>Constructing Recent searches data Manually</title>
			<description></description>
			<labels>
			</labels>
			<parameters>
			</parameters>
			<steps>
			</steps>
			<attachments>
				<attachment title="Screenshot" source="34dfc939-3ebe-44a1-8d05-6d4521cb4c62-attachment.png" type="image/png" size="143139"/>
			</attachments>
		</test-case>
		<test-case start="1488454917707" stop="1488454919213" status="passed">
			<name>Entering  keyword resume</name>
			<title>Entering  keyword resume</title>
			<description></description>
			<labels>
			</labels>
			<parameters>
			</parameters>
			<steps>
			</steps>
			<attachments>
				<attachment title="Screenshot" source="f217df92-6b90-4b84-b9d7-6daed1b71c1a-attachment.png" type="image/png" size="137538"/>
			</attachments>
		</test-case>
		<test-case start="1488454919213" stop="1488454919510" status="passed">
			<name>Getting  all Recent suggestions from TypeAhead and validating</name>
			<title>Getting  all Recent suggestions from TypeAhead and validating</title>
			<description></description>
			<labels>
			</labels>
			<parameters>
			</parameters>
			<steps>
			</steps>
			<attachments>
				<attachment title="Screenshot" source="81906d05-7ace-40f7-90be-07b2449c8171-attachment.png" type="image/png" size="137515"/>
			</attachments>
		</test-case>
		<test-case start="1488454919510" stop="1488454920513" status="passed">
			<name>Pressing ENTER Key</name>
			<title>Pressing ENTER Key</title>
			<description></description>
			<labels>
			</labels>
			<parameters>
			</parameters>
			<steps>
			</steps>
			<attachments>
				<attachment title="Screenshot" source="36564c77-c895-4b1b-99d5-9bd3d74af9e4-attachment.png" type="image/png" size="122284"/>
			</attachments>
		</test-case>
		<test-case start="1488454920514" stop="1488454920786" status="failed">
			<name>Constructing recent searches data Manually</name>
			<title>Constructing recent searches data Manually</title>
			<description></description>
			<labels>
			</labels>
			<parameters>
			</parameters>
			<steps>
			</steps>
			<attachments>
				<attachment title="Screenshot" source="89f02004-4d22-48a4-96e5-79b7cb85bb5d-attachment.png" type="image/png" size="122284"/>
			</attachments>
			<failure>
				<message>Failed: this.recentSearchListManualConstruct is not a function</message>
				<stack-trace>TypeError: this.recentSearchListManualConstruct is not a function
    at Object.&lt;anonymous&gt; (E:\protractorcms\cyborg\features\TA\common\ta_common.js:49:38)
    at C:\Users\Ravikiran\AppData\Roaming\npm\node_modules\protractor\node_modules\jasminewd2\index.js:102:25
    at new ManagedPromise (C:\Users\Ravikiran\AppData\Roaming\npm\node_modules\protractor\node_modules\selenium-webdriver\lib\promise.js:1067:7)
    at controlFlowExecute (C:\Users\Ravikiran\AppData\Roaming\npm\node_modules\protractor\node_modules\jasminewd2\index.js:87:18)
    at TaskQueue.execute_ (C:\Users\Ravikiran\AppData\Roaming\npm\node_modules\protractor\node_modules\selenium-webdriver\lib\promise.js:2970:14)
    at TaskQueue.executeNext_ (C:\Users\Ravikiran\AppData\Roaming\npm\node_modules\protractor\node_modules\selenium-webdriver\lib\promise.js:2953:27)
    at asyncRun (C:\Users\Ravikiran\AppData\Roaming\npm\node_modules\protractor\node_modules\selenium-webdriver\lib\promise.js:2860:25)
    at C:\Users\Ravikiran\AppData\Roaming\npm\node_modules\protractor\node_modules\selenium-webdriver\lib\promise.js:676:7
    at process._tickCallback (internal/process/next_tick.js:103:7)
From: Task: Run it(&quot;Constructing recent searches data Manually&quot;) in control flow
    at Object.&lt;anonymous&gt; (C:\Users\Ravikiran\AppData\Roaming\npm\node_modules\protractor\node_modules\jasminewd2\index.js:86:14)
    at attemptAsync (C:\Users\Ravikiran\AppData\Roaming\npm\node_modules\protractor\node_modules\jasmine-core\lib\jasmine-core\jasmine.js:1916:24)
    at QueueRunner.run (C:\Users\Ravikiran\AppData\Roaming\npm\node_modules\protractor\node_modules\jasmine-core\lib\jasmine-core\jasmine.js:1871:9)
    at QueueRunner.execute (C:\Users\Ravikiran\AppData\Roaming\npm\node_modules\protractor\node_modules\jasmine-core\lib\jasmine-core\jasmine.js:1859:10)
    at Spec.queueRunnerFactory (C:\Users\Ravikiran\AppData\Roaming\npm\node_modules\protractor\node_modules\jasmine-core\lib\jasmine-core\jasmine.js:697:35)
    at Spec.execute (C:\Users\Ravikiran\AppData\Roaming\npm\node_modules\protractor\node_modules\jasmine-core\lib\jasmine-core\jasmine.js:359:10)
    at Object.fn (C:\Users\Ravikiran\AppData\Roaming\npm\node_modules\protractor\node_modules\jasmine-core\lib\jasmine-core\jasmine.js:2479:37)
    at attemptAsync (C:\Users\Ravikiran\AppData\Roaming\npm\node_modules\protractor\node_modules\jasmine-core\lib\jasmine-core\jasmine.js:1916:24)
    at QueueRunner.run (C:\Users\Ravikiran\AppData\Roaming\npm\node_modules\protractor\node_modules\jasmine-core\lib\jasmine-core\jasmine.js:1871:9)
    at C:\Users\Ravikiran\AppData\Roaming\npm\node_modules\protractor\node_modules\jasmine-core\lib\jasmine-core\jasmine.js:1898:16
From asynchronous test: 
Error
    at common.pressEnterConstructSuggestions (E:\protractorcms\cyborg\features\TA\common\ta_common.js:48:9)
    at recentSearchTypeAhead (E:\protractorcms\cyborg\features\TA\TA-003\TA-003.js:34:16)
    at Suite.&lt;anonymous&gt; (E:\protractorcms\cyborg\features\TA\TA-003\TA-003.js:13:5)
    at addSpecsToSuite (C:\Users\Ravikiran\AppData\Roaming\npm\node_modules\protractor\node_modules\jasmine-core\lib\jasmine-core\jasmine.js:833:25)
    at Env.describe (C:\Users\Ravikiran\AppData\Roaming\npm\node_modules\protractor\node_modules\jasmine-core\lib\jasmine-core\jasmine.js:802:7)
    at describe (C:\Users\Ravikiran\AppData\Roaming\npm\node_modules\protractor\node_modules\jasmine-core\lib\jasmine-core\jasmine.js:3375:18)
    at Object.&lt;anonymous&gt; (E:\protractorcms\cyborg\features\TA\TA-003\TA-003.js:10:1)
    at Module._compile (module.js:570:32)
    at Object.Module._extensions..js (module.js:579:10)</stack-trace>
			</failure>
		</test-case>
		<test-case start="1488454920786" stop="1488454921383" status="passed">
			<name>Constructing Recent searches data Manually</name>
			<title>Constructing Recent searches data Manually</title>
			<description></description>
			<labels>
			</labels>
			<parameters>
			</parameters>
			<steps>
			</steps>
			<attachments>
				<attachment title="Screenshot" source="eb79ed14-4d75-4e9d-96fa-b13c6eb07b5c-attachment.png" type="image/png" size="140064"/>
			</attachments>
		</test-case>
		<test-case start="1488454921383" stop="1488454922801" status="passed">
			<name>Entering  keyword sales</name>
			<title>Entering  keyword sales</title>
			<description></description>
			<labels>
			</labels>
			<parameters>
			</parameters>
			<steps>
			</steps>
			<attachments>
				<attachment title="Screenshot" source="aa5115e7-be5f-4593-a79a-05fad9dfe4cb-attachment.png" type="image/png" size="148632"/>
			</attachments>
		</test-case>
		<test-case start="1488454922801" stop="1488454923222" status="failed">
			<name>Getting  all Recent suggestions from TypeAhead and validating</name>
			<title>Getting  all Recent suggestions from TypeAhead and validating</title>
			<description></description>
			<labels>
			</labels>
			<parameters>
			</parameters>
			<steps>
			</steps>
			<attachments>
				<attachment title="Screenshot" source="2557dba5-4419-48f0-9667-b33a7526503d-attachment.png" type="image/png" size="137994"/>
			</attachments>
			<failure>
				<message>Expected [ &apos;resume&apos;, &apos;document&apos;, &apos;manager&apos; ] to equal [ &apos;&apos;, &apos;&apos;, &apos;&apos; ], &apos;Recent Searches data is not Matching&apos;.</message>
				<stack-trace>Error: Failed expectation
    at E:\protractorcms\cyborg\features\TA\TA-003\TA-003.js:26:47
    at ManagedPromise.invokeCallback_ (C:\Users\Ravikiran\AppData\Roaming\npm\node_modules\protractor\node_modules\selenium-webdriver\lib\promise.js:1366:14)
    at TaskQueue.execute_ (C:\Users\Ravikiran\AppData\Roaming\npm\node_modules\protractor\node_modules\selenium-webdriver\lib\promise.js:2970:14)
    at TaskQueue.executeNext_ (C:\Users\Ravikiran\AppData\Roaming\npm\node_modules\protractor\node_modules\selenium-webdriver\lib\promise.js:2953:27)
    at asyncRun (C:\Users\Ravikiran\AppData\Roaming\npm\node_modules\protractor\node_modules\selenium-webdriver\lib\promise.js:2813:27)
    at C:\Users\Ravikiran\AppData\Roaming\npm\node_modules\protractor\node_modules\selenium-webdriver\lib\promise.js:676:7
    at process._tickCallback (internal/process/next_tick.js:103:7)</stack-trace>
			</failure>
		</test-case>
		<test-case start="1488454923222" stop="1488454925323" status="passed">
			<name>Pressing ENTER Key</name>
			<title>Pressing ENTER Key</title>
			<description></description>
			<labels>
			</labels>
			<parameters>
			</parameters>
			<steps>
			</steps>
			<attachments>
				<attachment title="Screenshot" source="7ce06570-c875-44ef-b287-f553784407fb-attachment.png" type="image/png" size="122284"/>
			</attachments>
		</test-case>
		<test-case start="1488454925323" stop="1488454925533" status="failed">
			<name>Constructing recent searches data Manually</name>
			<title>Constructing recent searches data Manually</title>
			<description></description>
			<labels>
			</labels>
			<parameters>
			</parameters>
			<steps>
			</steps>
			<attachments>
				<attachment title="Screenshot" source="6564187a-f4c3-47d3-91ee-b77aa78d22e0-attachment.png" type="image/png" size="69499"/>
			</attachments>
			<failure>
				<message>Failed: this.recentSearchListManualConstruct is not a function</message>
				<stack-trace>TypeError: this.recentSearchListManualConstruct is not a function
    at Object.&lt;anonymous&gt; (E:\protractorcms\cyborg\features\TA\common\ta_common.js:49:38)
    at C:\Users\Ravikiran\AppData\Roaming\npm\node_modules\protractor\node_modules\jasminewd2\index.js:102:25
    at new ManagedPromise (C:\Users\Ravikiran\AppData\Roaming\npm\node_modules\protractor\node_modules\selenium-webdriver\lib\promise.js:1067:7)
    at controlFlowExecute (C:\Users\Ravikiran\AppData\Roaming\npm\node_modules\protractor\node_modules\jasminewd2\index.js:87:18)
    at TaskQueue.execute_ (C:\Users\Ravikiran\AppData\Roaming\npm\node_modules\protractor\node_modules\selenium-webdriver\lib\promise.js:2970:14)
    at TaskQueue.executeNext_ (C:\Users\Ravikiran\AppData\Roaming\npm\node_modules\protractor\node_modules\selenium-webdriver\lib\promise.js:2953:27)
    at asyncRun (C:\Users\Ravikiran\AppData\Roaming\npm\node_modules\protractor\node_modules\selenium-webdriver\lib\promise.js:2860:25)
    at C:\Users\Ravikiran\AppData\Roaming\npm\node_modules\protractor\node_modules\selenium-webdriver\lib\promise.js:676:7
    at process._tickCallback (internal/process/next_tick.js:103:7)
From: Task: Run it(&quot;Constructing recent searches data Manually&quot;) in control flow
    at Object.&lt;anonymous&gt; (C:\Users\Ravikiran\AppData\Roaming\npm\node_modules\protractor\node_modules\jasminewd2\index.js:86:14)
    at attemptAsync (C:\Users\Ravikiran\AppData\Roaming\npm\node_modules\protractor\node_modules\jasmine-core\lib\jasmine-core\jasmine.js:1916:24)
    at QueueRunner.run (C:\Users\Ravikiran\AppData\Roaming\npm\node_modules\protractor\node_modules\jasmine-core\lib\jasmine-core\jasmine.js:1871:9)
    at QueueRunner.execute (C:\Users\Ravikiran\AppData\Roaming\npm\node_modules\protractor\node_modules\jasmine-core\lib\jasmine-core\jasmine.js:1859:10)
    at Spec.queueRunnerFactory (C:\Users\Ravikiran\AppData\Roaming\npm\node_modules\protractor\node_modules\jasmine-core\lib\jasmine-core\jasmine.js:697:35)
    at Spec.execute (C:\Users\Ravikiran\AppData\Roaming\npm\node_modules\protractor\node_modules\jasmine-core\lib\jasmine-core\jasmine.js:359:10)
    at Object.fn (C:\Users\Ravikiran\AppData\Roaming\npm\node_modules\protractor\node_modules\jasmine-core\lib\jasmine-core\jasmine.js:2479:37)
    at attemptAsync (C:\Users\Ravikiran\AppData\Roaming\npm\node_modules\protractor\node_modules\jasmine-core\lib\jasmine-core\jasmine.js:1916:24)
    at QueueRunner.run (C:\Users\Ravikiran\AppData\Roaming\npm\node_modules\protractor\node_modules\jasmine-core\lib\jasmine-core\jasmine.js:1871:9)
    at C:\Users\Ravikiran\AppData\Roaming\npm\node_modules\protractor\node_modules\jasmine-core\lib\jasmine-core\jasmine.js:1898:16
From asynchronous test: 
Error
    at common.pressEnterConstructSuggestions (E:\protractorcms\cyborg\features\TA\common\ta_common.js:48:9)
    at recentSearchTypeAhead (E:\protractorcms\cyborg\features\TA\TA-003\TA-003.js:34:16)
    at Suite.&lt;anonymous&gt; (E:\protractorcms\cyborg\features\TA\TA-003\TA-003.js:13:5)
    at addSpecsToSuite (C:\Users\Ravikiran\AppData\Roaming\npm\node_modules\protractor\node_modules\jasmine-core\lib\jasmine-core\jasmine.js:833:25)
    at Env.describe (C:\Users\Ravikiran\AppData\Roaming\npm\node_modules\protractor\node_modules\jasmine-core\lib\jasmine-core\jasmine.js:802:7)
    at describe (C:\Users\Ravikiran\AppData\Roaming\npm\node_modules\protractor\node_modules\jasmine-core\lib\jasmine-core\jasmine.js:3375:18)
    at Object.&lt;anonymous&gt; (E:\protractorcms\cyborg\features\TA\TA-003\TA-003.js:10:1)
    at Module._compile (module.js:570:32)
    at Object.Module._extensions..js (module.js:579:10)</stack-trace>
			</failure>
		</test-case>
		<test-case start="1488454925533" stop="1488454925903" status="passed">
			<name>Constructing Recent searches data Manually</name>
			<title>Constructing Recent searches data Manually</title>
			<description></description>
			<labels>
			</labels>
			<parameters>
			</parameters>
			<steps>
			</steps>
			<attachments>
				<attachment title="Screenshot" source="a2e38594-5576-41fd-9f86-650c471f49c7-attachment.png" type="image/png" size="69467"/>
			</attachments>
		</test-case>
		<test-case start="1488454925903" stop="1488454927804" status="passed">
			<name>Entering  keyword document</name>
			<title>Entering  keyword document</title>
			<description></description>
			<labels>
			</labels>
			<parameters>
			</parameters>
			<steps>
			</steps>
			<attachments>
				<attachment title="Screenshot" source="ffc6f284-a210-4734-a03b-54291dc55bf8-attachment.png" type="image/png" size="152772"/>
			</attachments>
		</test-case>
		<test-case start="1488454927805" stop="1488454928134" status="passed">
			<name>Getting  all Recent suggestions from TypeAhead and validating</name>
			<title>Getting  all Recent suggestions from TypeAhead and validating</title>
			<description></description>
			<labels>
			</labels>
			<parameters>
			</parameters>
			<steps>
			</steps>
			<attachments>
				<attachment title="Screenshot" source="e774f61e-25bf-4206-ba11-afa367f1912b-attachment.png" type="image/png" size="152734"/>
			</attachments>
		</test-case>
		<test-case start="1488454928134" stop="1488454930250" status="passed">
			<name>Pressing ENTER Key</name>
			<title>Pressing ENTER Key</title>
			<description></description>
			<labels>
			</labels>
			<parameters>
			</parameters>
			<steps>
			</steps>
			<attachments>
				<attachment title="Screenshot" source="8b062cc3-af90-4057-9da4-88978d166192-attachment.png" type="image/png" size="122284"/>
			</attachments>
		</test-case>
		<test-case start="1488454930250" stop="1488454930422" status="failed">
			<name>Constructing recent searches data Manually</name>
			<title>Constructing recent searches data Manually</title>
			<description></description>
			<labels>
			</labels>
			<parameters>
			</parameters>
			<steps>
			</steps>
			<attachments>
				<attachment title="Screenshot" source="79fbb163-4c5a-4afd-bc30-23ad565a892c-attachment.png" type="image/png" size="69499"/>
			</attachments>
			<failure>
				<message>Failed: this.recentSearchListManualConstruct is not a function</message>
				<stack-trace>TypeError: this.recentSearchListManualConstruct is not a function
    at Object.&lt;anonymous&gt; (E:\protractorcms\cyborg\features\TA\common\ta_common.js:49:38)
    at C:\Users\Ravikiran\AppData\Roaming\npm\node_modules\protractor\node_modules\jasminewd2\index.js:102:25
    at new ManagedPromise (C:\Users\Ravikiran\AppData\Roaming\npm\node_modules\protractor\node_modules\selenium-webdriver\lib\promise.js:1067:7)
    at controlFlowExecute (C:\Users\Ravikiran\AppData\Roaming\npm\node_modules\protractor\node_modules\jasminewd2\index.js:87:18)
    at TaskQueue.execute_ (C:\Users\Ravikiran\AppData\Roaming\npm\node_modules\protractor\node_modules\selenium-webdriver\lib\promise.js:2970:14)
    at TaskQueue.executeNext_ (C:\Users\Ravikiran\AppData\Roaming\npm\node_modules\protractor\node_modules\selenium-webdriver\lib\promise.js:2953:27)
    at asyncRun (C:\Users\Ravikiran\AppData\Roaming\npm\node_modules\protractor\node_modules\selenium-webdriver\lib\promise.js:2860:25)
    at C:\Users\Ravikiran\AppData\Roaming\npm\node_modules\protractor\node_modules\selenium-webdriver\lib\promise.js:676:7
    at process._tickCallback (internal/process/next_tick.js:103:7)
From: Task: Run it(&quot;Constructing recent searches data Manually&quot;) in control flow
    at Object.&lt;anonymous&gt; (C:\Users\Ravikiran\AppData\Roaming\npm\node_modules\protractor\node_modules\jasminewd2\index.js:86:14)
    at attemptAsync (C:\Users\Ravikiran\AppData\Roaming\npm\node_modules\protractor\node_modules\jasmine-core\lib\jasmine-core\jasmine.js:1916:24)
    at QueueRunner.run (C:\Users\Ravikiran\AppData\Roaming\npm\node_modules\protractor\node_modules\jasmine-core\lib\jasmine-core\jasmine.js:1871:9)
    at QueueRunner.execute (C:\Users\Ravikiran\AppData\Roaming\npm\node_modules\protractor\node_modules\jasmine-core\lib\jasmine-core\jasmine.js:1859:10)
    at Spec.queueRunnerFactory (C:\Users\Ravikiran\AppData\Roaming\npm\node_modules\protractor\node_modules\jasmine-core\lib\jasmine-core\jasmine.js:697:35)
    at Spec.execute (C:\Users\Ravikiran\AppData\Roaming\npm\node_modules\protractor\node_modules\jasmine-core\lib\jasmine-core\jasmine.js:359:10)
    at Object.fn (C:\Users\Ravikiran\AppData\Roaming\npm\node_modules\protractor\node_modules\jasmine-core\lib\jasmine-core\jasmine.js:2479:37)
    at attemptAsync (C:\Users\Ravikiran\AppData\Roaming\npm\node_modules\protractor\node_modules\jasmine-core\lib\jasmine-core\jasmine.js:1916:24)
    at QueueRunner.run (C:\Users\Ravikiran\AppData\Roaming\npm\node_modules\protractor\node_modules\jasmine-core\lib\jasmine-core\jasmine.js:1871:9)
    at C:\Users\Ravikiran\AppData\Roaming\npm\node_modules\protractor\node_modules\jasmine-core\lib\jasmine-core\jasmine.js:1898:16
From asynchronous test: 
Error
    at common.pressEnterConstructSuggestions (E:\protractorcms\cyborg\features\TA\common\ta_common.js:48:9)
    at recentSearchTypeAhead (E:\protractorcms\cyborg\features\TA\TA-003\TA-003.js:34:16)
    at Suite.&lt;anonymous&gt; (E:\protractorcms\cyborg\features\TA\TA-003\TA-003.js:13:5)
    at addSpecsToSuite (C:\Users\Ravikiran\AppData\Roaming\npm\node_modules\protractor\node_modules\jasmine-core\lib\jasmine-core\jasmine.js:833:25)
    at Env.describe (C:\Users\Ravikiran\AppData\Roaming\npm\node_modules\protractor\node_modules\jasmine-core\lib\jasmine-core\jasmine.js:802:7)
    at describe (C:\Users\Ravikiran\AppData\Roaming\npm\node_modules\protractor\node_modules\jasmine-core\lib\jasmine-core\jasmine.js:3375:18)
    at Object.&lt;anonymous&gt; (E:\protractorcms\cyborg\features\TA\TA-003\TA-003.js:10:1)
    at Module._compile (module.js:570:32)
    at Object.Module._extensions..js (module.js:579:10)</stack-trace>
			</failure>
		</test-case>
		<test-case start="1488454930422" stop="1488454930986" status="passed">
			<name>Constructing Recent searches data Manually</name>
			<title>Constructing Recent searches data Manually</title>
			<description></description>
			<labels>
			</labels>
			<parameters>
			</parameters>
			<steps>
			</steps>
			<attachments>
				<attachment title="Screenshot" source="b023fdc6-fb7d-4f37-ae10-75d045291688-attachment.png" type="image/png" size="143139"/>
			</attachments>
		</test-case>
		<test-case start="1488454930986" stop="1488454932443" status="passed">
			<name>Entering  keyword sales</name>
			<title>Entering  keyword sales</title>
			<description></description>
			<labels>
			</labels>
			<parameters>
			</parameters>
			<steps>
			</steps>
			<attachments>
				<attachment title="Screenshot" source="7b2f5fe7-2edc-4943-a15c-b15d63323605-attachment.png" type="image/png" size="151064"/>
			</attachments>
		</test-case>
		<test-case start="1488454932443" stop="1488454932787" status="passed">
			<name>Getting  all Recent suggestions from TypeAhead and validating</name>
			<title>Getting  all Recent suggestions from TypeAhead and validating</title>
			<description></description>
			<labels>
			</labels>
			<parameters>
			</parameters>
			<steps>
			</steps>
			<attachments>
				<attachment title="Screenshot" source="0b2dc689-5263-4190-8a3e-9e4addb11490-attachment.png" type="image/png" size="151041"/>
			</attachments>
		</test-case>
		<test-case start="1488454932787" stop="1488454933692" status="passed">
			<name>Pressing ENTER Key</name>
			<title>Pressing ENTER Key</title>
			<description></description>
			<labels>
			</labels>
			<parameters>
			</parameters>
			<steps>
			</steps>
			<attachments>
				<attachment title="Screenshot" source="ebf5f396-9300-4f19-9c22-40a4766ccc1e-attachment.png" type="image/png" size="122284"/>
			</attachments>
		</test-case>
		<test-case start="1488454933692" stop="1488454933966" status="failed">
			<name>Constructing recent searches data Manually</name>
			<title>Constructing recent searches data Manually</title>
			<description></description>
			<labels>
			</labels>
			<parameters>
			</parameters>
			<steps>
			</steps>
			<attachments>
				<attachment title="Screenshot" source="b410e0a8-93ef-481e-b1e5-7ce0a8ede496-attachment.png" type="image/png" size="122284"/>
			</attachments>
			<failure>
				<message>Failed: this.recentSearchListManualConstruct is not a function</message>
				<stack-trace>TypeError: this.recentSearchListManualConstruct is not a function
    at Object.&lt;anonymous&gt; (E:\protractorcms\cyborg\features\TA\common\ta_common.js:49:38)
    at C:\Users\Ravikiran\AppData\Roaming\npm\node_modules\protractor\node_modules\jasminewd2\index.js:102:25
    at new ManagedPromise (C:\Users\Ravikiran\AppData\Roaming\npm\node_modules\protractor\node_modules\selenium-webdriver\lib\promise.js:1067:7)
    at controlFlowExecute (C:\Users\Ravikiran\AppData\Roaming\npm\node_modules\protractor\node_modules\jasminewd2\index.js:87:18)
    at TaskQueue.execute_ (C:\Users\Ravikiran\AppData\Roaming\npm\node_modules\protractor\node_modules\selenium-webdriver\lib\promise.js:2970:14)
    at TaskQueue.executeNext_ (C:\Users\Ravikiran\AppData\Roaming\npm\node_modules\protractor\node_modules\selenium-webdriver\lib\promise.js:2953:27)
    at asyncRun (C:\Users\Ravikiran\AppData\Roaming\npm\node_modules\protractor\node_modules\selenium-webdriver\lib\promise.js:2860:25)
    at C:\Users\Ravikiran\AppData\Roaming\npm\node_modules\protractor\node_modules\selenium-webdriver\lib\promise.js:676:7
    at process._tickCallback (internal/process/next_tick.js:103:7)
From: Task: Run it(&quot;Constructing recent searches data Manually&quot;) in control flow
    at Object.&lt;anonymous&gt; (C:\Users\Ravikiran\AppData\Roaming\npm\node_modules\protractor\node_modules\jasminewd2\index.js:86:14)
    at attemptAsync (C:\Users\Ravikiran\AppData\Roaming\npm\node_modules\protractor\node_modules\jasmine-core\lib\jasmine-core\jasmine.js:1916:24)
    at QueueRunner.run (C:\Users\Ravikiran\AppData\Roaming\npm\node_modules\protractor\node_modules\jasmine-core\lib\jasmine-core\jasmine.js:1871:9)
    at QueueRunner.execute (C:\Users\Ravikiran\AppData\Roaming\npm\node_modules\protractor\node_modules\jasmine-core\lib\jasmine-core\jasmine.js:1859:10)
    at Spec.queueRunnerFactory (C:\Users\Ravikiran\AppData\Roaming\npm\node_modules\protractor\node_modules\jasmine-core\lib\jasmine-core\jasmine.js:697:35)
    at Spec.execute (C:\Users\Ravikiran\AppData\Roaming\npm\node_modules\protractor\node_modules\jasmine-core\lib\jasmine-core\jasmine.js:359:10)
    at Object.fn (C:\Users\Ravikiran\AppData\Roaming\npm\node_modules\protractor\node_modules\jasmine-core\lib\jasmine-core\jasmine.js:2479:37)
    at attemptAsync (C:\Users\Ravikiran\AppData\Roaming\npm\node_modules\protractor\node_modules\jasmine-core\lib\jasmine-core\jasmine.js:1916:24)
    at QueueRunner.run (C:\Users\Ravikiran\AppData\Roaming\npm\node_modules\protractor\node_modules\jasmine-core\lib\jasmine-core\jasmine.js:1871:9)
    at C:\Users\Ravikiran\AppData\Roaming\npm\node_modules\protractor\node_modules\jasmine-core\lib\jasmine-core\jasmine.js:1898:16
From asynchronous test: 
Error
    at common.pressEnterConstructSuggestions (E:\protractorcms\cyborg\features\TA\common\ta_common.js:48:9)
    at recentSearchTypeAhead (E:\protractorcms\cyborg\features\TA\TA-003\TA-003.js:34:16)
    at Suite.&lt;anonymous&gt; (E:\protractorcms\cyborg\features\TA\TA-003\TA-003.js:13:5)
    at addSpecsToSuite (C:\Users\Ravikiran\AppData\Roaming\npm\node_modules\protractor\node_modules\jasmine-core\lib\jasmine-core\jasmine.js:833:25)
    at Env.describe (C:\Users\Ravikiran\AppData\Roaming\npm\node_modules\protractor\node_modules\jasmine-core\lib\jasmine-core\jasmine.js:802:7)
    at describe (C:\Users\Ravikiran\AppData\Roaming\npm\node_modules\protractor\node_modules\jasmine-core\lib\jasmine-core\jasmine.js:3375:18)
    at Object.&lt;anonymous&gt; (E:\protractorcms\cyborg\features\TA\TA-003\TA-003.js:10:1)
    at Module._compile (module.js:570:32)
    at Object.Module._extensions..js (module.js:579:10)</stack-trace>
			</failure>
		</test-case>
		<test-case start="1488454933966" stop="1488454934512" status="passed">
			<name>Constructing Recent searches data Manually</name>
			<title>Constructing Recent searches data Manually</title>
			<description></description>
			<labels>
			</labels>
			<parameters>
			</parameters>
			<steps>
			</steps>
			<attachments>
				<attachment title="Screenshot" source="b8f8621d-5ba8-4a20-946a-6a6a92145f34-attachment.png" type="image/png" size="145326"/>
			</attachments>
		</test-case>
	</test-cases>
</ns2:test-suite>