<?xml version="1.0" encoding="UTF-8"?>
<ns2:test-suite xmlns:ns2="urn:model.allure.qatools.yandex.ru" start="1489058095025" stop="1489058169271">
	<name>Validating Links in Footer</name>
	<title>Validating Links in Footer</title>
	<test-cases>
		<test-case start="1489058095026" stop="1489058113969" status="passed">
			<name>Loading Home Page </name>
			<title>Loading Home Page </title>
			<description></description>
			<labels>
			</labels>
			<parameters>
			</parameters>
			<steps>
			</steps>
			<attachments>
				<attachment title="Screenshot" source="bb3adaac-5f91-4d11-8388-6cca7361fadf-attachment.png" type="image/png" size="314307"/>
			</attachments>
		</test-case>
		<test-case start="1489058113969" stop="1489058114192" status="passed">
			<name>Validate Correct page Loaded</name>
			<title>Validate Correct page Loaded</title>
			<description></description>
			<labels>
			</labels>
			<parameters>
			</parameters>
			<steps>
			</steps>
			<attachments>
				<attachment title="Screenshot" source="f5a01880-a2f6-438e-887a-fc92ed84d9df-attachment.png" type="image/png" size="314307"/>
			</attachments>
		</test-case>
		<test-case start="1489058114193" stop="1489058114448" status="passed">
			<name>comparing TestData and Site footer Links Count</name>
			<title>comparing TestData and Site footer Links Count</title>
			<description></description>
			<labels>
			</labels>
			<parameters>
			</parameters>
			<steps>
			</steps>
			<attachments>
				<attachment title="Screenshot" source="4f1ee9bc-424a-48ca-a35b-1b30621d24b2-attachment.png" type="image/png" size="314307"/>
			</attachments>
		</test-case>
		<test-case start="1489058114448" stop="1489058114708" status="passed">
			<name>Comparing value or text of link in footer at index 0</name>
			<title>Comparing value or text of link in footer at index 0</title>
			<description></description>
			<labels>
			</labels>
			<parameters>
			</parameters>
			<steps>
			</steps>
			<attachments>
				<attachment title="Screenshot" source="f0e81564-c5f0-46b1-a548-5cb2e0ef534b-attachment.png" type="image/png" size="314307"/>
			</attachments>
		</test-case>
		<test-case start="1489058114708" stop="1489058114952" status="passed">
			<name>Comparing href values of links in footer at index 0</name>
			<title>Comparing href values of links in footer at index 0</title>
			<description></description>
			<labels>
			</labels>
			<parameters>
			</parameters>
			<steps>
			</steps>
			<attachments>
				<attachment title="Screenshot" source="34da690e-b7c5-493e-aae0-0451b8355066-attachment.png" type="image/png" size="314307"/>
			</attachments>
		</test-case>
		<test-case start="1489058114952" stop="1489058115934" status="passed">
			<name>Clicking links in footer at idx 0</name>
			<title>Clicking links in footer at idx 0</title>
			<description></description>
			<labels>
			</labels>
			<parameters>
			</parameters>
			<steps>
			</steps>
			<attachments>
				<attachment title="Screenshot" source="347f307f-a367-4bbb-a6aa-82a065b2d6f6-attachment.png" type="image/png" size="322367"/>
			</attachments>
		</test-case>
		<test-case start="1489058115934" stop="1489058116345" status="failed">
			<name>Shifting windows and validating them of link at index 0</name>
			<title>Shifting windows and validating them of link at index 0</title>
			<description></description>
			<labels>
			</labels>
			<parameters>
			</parameters>
			<steps>
			</steps>
			<attachments>
				<attachment title="Screenshot" source="87da2eac-6ce2-4857-a288-f1c2bf36664a-attachment.png" type="image/png" size="322367"/>
			</attachments>
			<failure>
				<message>Failed: Error occurred while clicking browser back by comparing before and after Urls:TypeError: Cannot read property &apos;info&apos; of undefined</message>
				<stack-trace>Error: Failed: Error occurred while clicking browser back by comparing before and after Urls:TypeError: Cannot read property &apos;info&apos; of undefined
    at stack (C:\Users\Ravikiran\AppData\Roaming\npm\node_modules\protractor\node_modules\jasmine-core\lib\jasmine-core\jasmine.js:1577:17)
    at buildExpectationResult (C:\Users\Ravikiran\AppData\Roaming\npm\node_modules\protractor\node_modules\jasmine-core\lib\jasmine-core\jasmine.js:1547:14)
    at Spec.expectationResultFactory (C:\Users\Ravikiran\AppData\Roaming\npm\node_modules\protractor\node_modules\jasmine-core\lib\jasmine-core\jasmine.js:638:18)
    at Spec.addExpectationResult (C:\Users\Ravikiran\AppData\Roaming\npm\node_modules\protractor\node_modules\jasmine-core\lib\jasmine-core\jasmine.js:330:34)
    at Env.fail (C:\Users\Ravikiran\AppData\Roaming\npm\node_modules\protractor\node_modules\jasmine-core\lib\jasmine-core\jasmine.js:987:25)
    at Function.next.fail (C:\Users\Ravikiran\AppData\Roaming\npm\node_modules\protractor\node_modules\jasmine-core\lib\jasmine-core\jasmine.js:1903:19)
    at C:\Users\Ravikiran\AppData\Roaming\npm\node_modules\protractor\node_modules\jasminewd2\index.js:61:7
    at ControlFlow.emit (C:\Users\Ravikiran\AppData\Roaming\npm\node_modules\protractor\node_modules\selenium-webdriver\lib\events.js:62:21)
    at ControlFlow.shutdown_ (C:\Users\Ravikiran\AppData\Roaming\npm\node_modules\protractor\node_modules\selenium-webdriver\lib\promise.js:2565:10)
    at shutdownTask_.MicroTask (C:\Users\Ravikiran\AppData\Roaming\npm\node_modules\protractor\node_modules\selenium-webdriver\lib\promise.js:2490:53)</stack-trace>
			</failure>
		</test-case>
		<test-case start="1489058116345" stop="1489058116889" status="passed">
			<name>Comparing value or text of link in footer at index 1</name>
			<title>Comparing value or text of link in footer at index 1</title>
			<description></description>
			<labels>
			</labels>
			<parameters>
			</parameters>
			<steps>
			</steps>
			<attachments>
				<attachment title="Screenshot" source="fc5d0a57-b4cd-4396-ae8c-ca6818485f01-attachment.png" type="image/png" size="314307"/>
			</attachments>
		</test-case>
		<test-case start="1489058116889" stop="1489058117125" status="passed">
			<name>Comparing href values of links in footer at index 1</name>
			<title>Comparing href values of links in footer at index 1</title>
			<description></description>
			<labels>
			</labels>
			<parameters>
			</parameters>
			<steps>
			</steps>
			<attachments>
				<attachment title="Screenshot" source="ab601496-db90-4bbf-ab19-6ec2d5e68ff2-attachment.png" type="image/png" size="314307"/>
			</attachments>
		</test-case>
		<test-case start="1489058117125" stop="1489058123279" status="passed">
			<name>Clicking links in footer at idx 1</name>
			<title>Clicking links in footer at idx 1</title>
			<description></description>
			<labels>
			</labels>
			<parameters>
			</parameters>
			<steps>
			</steps>
			<attachments>
				<attachment title="Screenshot" source="4f3610a5-d4a4-4838-9379-5538da1388e0-attachment.png" type="image/png" size="200511"/>
			</attachments>
		</test-case>
		<test-case start="1489058123279" stop="1489058123483" status="failed">
			<name>Shifting windows and validating them of link at index 1</name>
			<title>Shifting windows and validating them of link at index 1</title>
			<description></description>
			<labels>
			</labels>
			<parameters>
			</parameters>
			<steps>
			</steps>
			<attachments>
				<attachment title="Screenshot" source="5b7590b8-550f-4e2a-a726-3b6a6e457594-attachment.png" type="image/png" size="200511"/>
			</attachments>
			<failure>
				<message>Failed: Error occurred while clicking browser back by comparing before and after Urls:TypeError: Cannot read property &apos;info&apos; of undefined</message>
				<stack-trace>Error: Failed: Error occurred while clicking browser back by comparing before and after Urls:TypeError: Cannot read property &apos;info&apos; of undefined
    at stack (C:\Users\Ravikiran\AppData\Roaming\npm\node_modules\protractor\node_modules\jasmine-core\lib\jasmine-core\jasmine.js:1577:17)
    at buildExpectationResult (C:\Users\Ravikiran\AppData\Roaming\npm\node_modules\protractor\node_modules\jasmine-core\lib\jasmine-core\jasmine.js:1547:14)
    at Spec.expectationResultFactory (C:\Users\Ravikiran\AppData\Roaming\npm\node_modules\protractor\node_modules\jasmine-core\lib\jasmine-core\jasmine.js:638:18)
    at Spec.addExpectationResult (C:\Users\Ravikiran\AppData\Roaming\npm\node_modules\protractor\node_modules\jasmine-core\lib\jasmine-core\jasmine.js:330:34)
    at Env.fail (C:\Users\Ravikiran\AppData\Roaming\npm\node_modules\protractor\node_modules\jasmine-core\lib\jasmine-core\jasmine.js:987:25)
    at Function.next.fail (C:\Users\Ravikiran\AppData\Roaming\npm\node_modules\protractor\node_modules\jasmine-core\lib\jasmine-core\jasmine.js:1903:19)
    at C:\Users\Ravikiran\AppData\Roaming\npm\node_modules\protractor\node_modules\jasminewd2\index.js:61:7
    at ControlFlow.emit (C:\Users\Ravikiran\AppData\Roaming\npm\node_modules\protractor\node_modules\selenium-webdriver\lib\events.js:62:21)
    at ControlFlow.shutdown_ (C:\Users\Ravikiran\AppData\Roaming\npm\node_modules\protractor\node_modules\selenium-webdriver\lib\promise.js:2565:10)
    at shutdownTask_.MicroTask (C:\Users\Ravikiran\AppData\Roaming\npm\node_modules\protractor\node_modules\selenium-webdriver\lib\promise.js:2490:53)</stack-trace>
			</failure>
		</test-case>
		<test-case start="1489058123483" stop="1489058125953" status="failed">
			<name>Comparing value or text of link in footer at index 2</name>
			<title>Comparing value or text of link in footer at index 2</title>
			<description></description>
			<labels>
			</labels>
			<parameters>
			</parameters>
			<steps>
			</steps>
			<attachments>
				<attachment title="Screenshot" source="f615b6c0-c6e3-4a62-8077-93ed840fe5b8-attachment.png" type="image/png" size="200511"/>
			</attachments>
			<failure>
				<message>Failed: Index out of bound. Trying to access element at index: 2, but there are only 0 elements that match locator By(css selector, section[data-widget=&apos;footer&apos;] footer ul:not([class=&apos;social-links&apos;]) li a)</message>
				<stack-trace>NoSuchElementError: Index out of bound. Trying to access element at index: 2, but there are only 0 elements that match locator By(css selector, section[data-widget=&apos;footer&apos;] footer ul:not([class=&apos;social-links&apos;]) li a)
    at WebDriverError (C:\Users\Ravikiran\AppData\Roaming\npm\node_modules\protractor\node_modules\selenium-webdriver\lib\error.js:27:5)
    at NoSuchElementError (C:\Users\Ravikiran\AppData\Roaming\npm\node_modules\protractor\node_modules\selenium-webdriver\lib\error.js:168:5)
    at selenium_webdriver_1.promise.all.then (C:\Users\Ravikiran\AppData\Roaming\npm\node_modules\protractor\lib\element.ts:284:17)
    at ManagedPromise.invokeCallback_ (C:\Users\Ravikiran\AppData\Roaming\npm\node_modules\protractor\node_modules\selenium-webdriver\lib\promise.js:1366:14)
    at TaskQueue.execute_ (C:\Users\Ravikiran\AppData\Roaming\npm\node_modules\protractor\node_modules\selenium-webdriver\lib\promise.js:2970:14)
    at TaskQueue.executeNext_ (C:\Users\Ravikiran\AppData\Roaming\npm\node_modules\protractor\node_modules\selenium-webdriver\lib\promise.js:2953:27)
    at asyncRun (C:\Users\Ravikiran\AppData\Roaming\npm\node_modules\protractor\node_modules\selenium-webdriver\lib\promise.js:2813:27)
    at C:\Users\Ravikiran\AppData\Roaming\npm\node_modules\protractor\node_modules\selenium-webdriver\lib\promise.js:676:7
    at process._tickCallback (internal/process/next_tick.js:103:7)Error
    at ElementArrayFinder.applyAction_ (C:\Users\Ravikiran\AppData\Roaming\npm\node_modules\protractor\lib\element.ts:463:23)
    at ElementArrayFinder.(anonymous function) [as getText] (C:\Users\Ravikiran\AppData\Roaming\npm\node_modules\protractor\lib\element.ts:95:21)
    at ElementFinder.(anonymous function) [as getText] (C:\Users\Ravikiran\AppData\Roaming\npm\node_modules\protractor\lib\element.ts:841:14)
    at Object.&lt;anonymous&gt; (E:\protractorcms\cyborg\features\FT\common\ft_common.js:51:46)
    at C:\Users\Ravikiran\AppData\Roaming\npm\node_modules\protractor\node_modules\jasminewd2\index.js:102:25
    at new ManagedPromise (C:\Users\Ravikiran\AppData\Roaming\npm\node_modules\protractor\node_modules\selenium-webdriver\lib\promise.js:1067:7)
    at controlFlowExecute (C:\Users\Ravikiran\AppData\Roaming\npm\node_modules\protractor\node_modules\jasminewd2\index.js:87:18)
    at TaskQueue.execute_ (C:\Users\Ravikiran\AppData\Roaming\npm\node_modules\protractor\node_modules\selenium-webdriver\lib\promise.js:2970:14)
    at TaskQueue.executeNext_ (C:\Users\Ravikiran\AppData\Roaming\npm\node_modules\protractor\node_modules\selenium-webdriver\lib\promise.js:2953:27)
    at asyncRun (C:\Users\Ravikiran\AppData\Roaming\npm\node_modules\protractor\node_modules\selenium-webdriver\lib\promise.js:2813:27)
From: Task: Run it(&quot;Comparing value or text of link in footer at index 2&quot;) in control flow
    at Object.&lt;anonymous&gt; (C:\Users\Ravikiran\AppData\Roaming\npm\node_modules\protractor\node_modules\jasminewd2\index.js:86:14)
    at attemptAsync (C:\Users\Ravikiran\AppData\Roaming\npm\node_modules\protractor\node_modules\jasmine-core\lib\jasmine-core\jasmine.js:1916:24)
    at QueueRunner.run (C:\Users\Ravikiran\AppData\Roaming\npm\node_modules\protractor\node_modules\jasmine-core\lib\jasmine-core\jasmine.js:1871:9)
    at QueueRunner.execute (C:\Users\Ravikiran\AppData\Roaming\npm\node_modules\protractor\node_modules\jasmine-core\lib\jasmine-core\jasmine.js:1859:10)
    at Spec.queueRunnerFactory (C:\Users\Ravikiran\AppData\Roaming\npm\node_modules\protractor\node_modules\jasmine-core\lib\jasmine-core\jasmine.js:697:35)
    at Spec.execute (C:\Users\Ravikiran\AppData\Roaming\npm\node_modules\protractor\node_modules\jasmine-core\lib\jasmine-core\jasmine.js:359:10)
    at Object.fn (C:\Users\Ravikiran\AppData\Roaming\npm\node_modules\protractor\node_modules\jasmine-core\lib\jasmine-core\jasmine.js:2479:37)
    at attemptAsync (C:\Users\Ravikiran\AppData\Roaming\npm\node_modules\protractor\node_modules\jasmine-core\lib\jasmine-core\jasmine.js:1916:24)
    at QueueRunner.run (C:\Users\Ravikiran\AppData\Roaming\npm\node_modules\protractor\node_modules\jasmine-core\lib\jasmine-core\jasmine.js:1871:9)
    at C:\Users\Ravikiran\AppData\Roaming\npm\node_modules\protractor\node_modules\jasmine-core\lib\jasmine-core\jasmine.js:1898:16
From asynchronous test: 
Error
    at validatingFooterLinkAndText (E:\protractorcms\cyborg\features\FT\common\ft_common.js:50:9)
    at ft_common.validateFooterLinksAndText (E:\protractorcms\cyborg\features\FT\common\ft_common.js:43:13)
    at Suite.&lt;anonymous&gt; (E:\protractorcms\cyborg\features\FT\FT-002\FT-002.js:13:15)
    at addSpecsToSuite (C:\Users\Ravikiran\AppData\Roaming\npm\node_modules\protractor\node_modules\jasmine-core\lib\jasmine-core\jasmine.js:833:25)
    at Env.describe (C:\Users\Ravikiran\AppData\Roaming\npm\node_modules\protractor\node_modules\jasmine-core\lib\jasmine-core\jasmine.js:802:7)
    at describe (C:\Users\Ravikiran\AppData\Roaming\npm\node_modules\protractor\node_modules\jasmine-core\lib\jasmine-core\jasmine.js:3375:18)
    at Object.&lt;anonymous&gt; (E:\protractorcms\cyborg\features\FT\FT-002\FT-002.js:11:1)
    at Module._compile (module.js:570:32)
    at Object.Module._extensions..js (module.js:579:10)</stack-trace>
			</failure>
		</test-case>
		<test-case start="1489058125953" stop="1489058128393" status="failed">
			<name>Comparing href values of links in footer at index 2</name>
			<title>Comparing href values of links in footer at index 2</title>
			<description></description>
			<labels>
			</labels>
			<parameters>
			</parameters>
			<steps>
			</steps>
			<attachments>
				<attachment title="Screenshot" source="ea5317ec-6aeb-40b2-a1ae-6b67e322cce9-attachment.png" type="image/png" size="200511"/>
			</attachments>
			<failure>
				<message>Failed: Index out of bound. Trying to access element at index: 2, but there are only 0 elements that match locator By(css selector, section[data-widget=&apos;footer&apos;] footer ul:not([class=&apos;social-links&apos;]) li a)</message>
				<stack-trace>NoSuchElementError: Index out of bound. Trying to access element at index: 2, but there are only 0 elements that match locator By(css selector, section[data-widget=&apos;footer&apos;] footer ul:not([class=&apos;social-links&apos;]) li a)
    at WebDriverError (C:\Users\Ravikiran\AppData\Roaming\npm\node_modules\protractor\node_modules\selenium-webdriver\lib\error.js:27:5)
    at NoSuchElementError (C:\Users\Ravikiran\AppData\Roaming\npm\node_modules\protractor\node_modules\selenium-webdriver\lib\error.js:168:5)
    at selenium_webdriver_1.promise.all.then (C:\Users\Ravikiran\AppData\Roaming\npm\node_modules\protractor\lib\element.ts:284:17)
    at ManagedPromise.invokeCallback_ (C:\Users\Ravikiran\AppData\Roaming\npm\node_modules\protractor\node_modules\selenium-webdriver\lib\promise.js:1366:14)
    at TaskQueue.execute_ (C:\Users\Ravikiran\AppData\Roaming\npm\node_modules\protractor\node_modules\selenium-webdriver\lib\promise.js:2970:14)
    at TaskQueue.executeNext_ (C:\Users\Ravikiran\AppData\Roaming\npm\node_modules\protractor\node_modules\selenium-webdriver\lib\promise.js:2953:27)
    at asyncRun (C:\Users\Ravikiran\AppData\Roaming\npm\node_modules\protractor\node_modules\selenium-webdriver\lib\promise.js:2813:27)
    at C:\Users\Ravikiran\AppData\Roaming\npm\node_modules\protractor\node_modules\selenium-webdriver\lib\promise.js:676:7
    at process._tickCallback (internal/process/next_tick.js:103:7)Error
    at ElementArrayFinder.applyAction_ (C:\Users\Ravikiran\AppData\Roaming\npm\node_modules\protractor\lib\element.ts:463:23)
    at ElementArrayFinder.(anonymous function) [as getAttribute] (C:\Users\Ravikiran\AppData\Roaming\npm\node_modules\protractor\lib\element.ts:95:21)
    at ElementFinder.(anonymous function) [as getAttribute] (C:\Users\Ravikiran\AppData\Roaming\npm\node_modules\protractor\lib\element.ts:841:14)
    at Object.&lt;anonymous&gt; (E:\protractorcms\cyborg\features\FT\common\ft_common.js:20:39)
    at C:\Users\Ravikiran\AppData\Roaming\npm\node_modules\protractor\node_modules\jasminewd2\index.js:102:25
    at new ManagedPromise (C:\Users\Ravikiran\AppData\Roaming\npm\node_modules\protractor\node_modules\selenium-webdriver\lib\promise.js:1067:7)
    at controlFlowExecute (C:\Users\Ravikiran\AppData\Roaming\npm\node_modules\protractor\node_modules\jasminewd2\index.js:87:18)
    at TaskQueue.execute_ (C:\Users\Ravikiran\AppData\Roaming\npm\node_modules\protractor\node_modules\selenium-webdriver\lib\promise.js:2970:14)
    at TaskQueue.executeNext_ (C:\Users\Ravikiran\AppData\Roaming\npm\node_modules\protractor\node_modules\selenium-webdriver\lib\promise.js:2953:27)
    at asyncRun (C:\Users\Ravikiran\AppData\Roaming\npm\node_modules\protractor\node_modules\selenium-webdriver\lib\promise.js:2813:27)
From: Task: Run it(&quot;Comparing href values of links in footer at index 2&quot;) in control flow
    at Object.&lt;anonymous&gt; (C:\Users\Ravikiran\AppData\Roaming\npm\node_modules\protractor\node_modules\jasminewd2\index.js:86:14)
    at attemptAsync (C:\Users\Ravikiran\AppData\Roaming\npm\node_modules\protractor\node_modules\jasmine-core\lib\jasmine-core\jasmine.js:1916:24)
    at QueueRunner.run (C:\Users\Ravikiran\AppData\Roaming\npm\node_modules\protractor\node_modules\jasmine-core\lib\jasmine-core\jasmine.js:1871:9)
    at QueueRunner.execute (C:\Users\Ravikiran\AppData\Roaming\npm\node_modules\protractor\node_modules\jasmine-core\lib\jasmine-core\jasmine.js:1859:10)
    at Spec.queueRunnerFactory (C:\Users\Ravikiran\AppData\Roaming\npm\node_modules\protractor\node_modules\jasmine-core\lib\jasmine-core\jasmine.js:697:35)
    at Spec.execute (C:\Users\Ravikiran\AppData\Roaming\npm\node_modules\protractor\node_modules\jasmine-core\lib\jasmine-core\jasmine.js:359:10)
    at Object.fn (C:\Users\Ravikiran\AppData\Roaming\npm\node_modules\protractor\node_modules\jasmine-core\lib\jasmine-core\jasmine.js:2479:37)
    at attemptAsync (C:\Users\Ravikiran\AppData\Roaming\npm\node_modules\protractor\node_modules\jasmine-core\lib\jasmine-core\jasmine.js:1916:24)
    at QueueRunner.run (C:\Users\Ravikiran\AppData\Roaming\npm\node_modules\protractor\node_modules\jasmine-core\lib\jasmine-core\jasmine.js:1871:9)
    at C:\Users\Ravikiran\AppData\Roaming\npm\node_modules\protractor\node_modules\jasmine-core\lib\jasmine-core\jasmine.js:1898:16
From asynchronous test: 
Error
    at validatingLinks (E:\protractorcms\cyborg\features\FT\common\ft_common.js:19:9)
    at validatingFooterLinkAndText (E:\protractorcms\cyborg\features\FT\common\ft_common.js:55:9)
    at ft_common.validateFooterLinksAndText (E:\protractorcms\cyborg\features\FT\common\ft_common.js:43:13)
    at Suite.&lt;anonymous&gt; (E:\protractorcms\cyborg\features\FT\FT-002\FT-002.js:13:15)
    at addSpecsToSuite (C:\Users\Ravikiran\AppData\Roaming\npm\node_modules\protractor\node_modules\jasmine-core\lib\jasmine-core\jasmine.js:833:25)
    at Env.describe (C:\Users\Ravikiran\AppData\Roaming\npm\node_modules\protractor\node_modules\jasmine-core\lib\jasmine-core\jasmine.js:802:7)
    at describe (C:\Users\Ravikiran\AppData\Roaming\npm\node_modules\protractor\node_modules\jasmine-core\lib\jasmine-core\jasmine.js:3375:18)
    at Object.&lt;anonymous&gt; (E:\protractorcms\cyborg\features\FT\FT-002\FT-002.js:11:1)
    at Module._compile (module.js:570:32)</stack-trace>
			</failure>
		</test-case>
		<test-case start="1489058128393" stop="1489058130801" status="failed">
			<name>Clicking links in footer at idx 2</name>
			<title>Clicking links in footer at idx 2</title>
			<description></description>
			<labels>
			</labels>
			<parameters>
			</parameters>
			<steps>
			</steps>
			<attachments>
				<attachment title="Screenshot" source="627e1401-1bba-4959-bb87-5ef55ba64b78-attachment.png" type="image/png" size="200511"/>
			</attachments>
			<failure>
				<message>Failed: Failed to click on the WebElement and the exception is:NoSuchElementError: Index out of bound. Trying to access element at index: 2, but there are only 0 elements that match locator By(css selector, section[data-widget=&apos;footer&apos;] footer ul:not([class=&apos;social-links&apos;]) li a)</message>
				<stack-trace>Error: Failed: Failed to click on the WebElement and the exception is:NoSuchElementError: Index out of bound. Trying to access element at index: 2, but there are only 0 elements that match locator By(css selector, section[data-widget=&apos;footer&apos;] footer ul:not([class=&apos;social-links&apos;]) li a)
    at stack (C:\Users\Ravikiran\AppData\Roaming\npm\node_modules\protractor\node_modules\jasmine-core\lib\jasmine-core\jasmine.js:1577:17)
    at buildExpectationResult (C:\Users\Ravikiran\AppData\Roaming\npm\node_modules\protractor\node_modules\jasmine-core\lib\jasmine-core\jasmine.js:1547:14)
    at Spec.expectationResultFactory (C:\Users\Ravikiran\AppData\Roaming\npm\node_modules\protractor\node_modules\jasmine-core\lib\jasmine-core\jasmine.js:638:18)
    at Spec.addExpectationResult (C:\Users\Ravikiran\AppData\Roaming\npm\node_modules\protractor\node_modules\jasmine-core\lib\jasmine-core\jasmine.js:330:34)
    at Env.fail (C:\Users\Ravikiran\AppData\Roaming\npm\node_modules\protractor\node_modules\jasmine-core\lib\jasmine-core\jasmine.js:987:25)
    at Function.next.fail (C:\Users\Ravikiran\AppData\Roaming\npm\node_modules\protractor\node_modules\jasmine-core\lib\jasmine-core\jasmine.js:1903:19)
    at C:\Users\Ravikiran\AppData\Roaming\npm\node_modules\protractor\node_modules\jasminewd2\index.js:61:7
    at ControlFlow.emit (C:\Users\Ravikiran\AppData\Roaming\npm\node_modules\protractor\node_modules\selenium-webdriver\lib\events.js:62:21)
    at ControlFlow.shutdown_ (C:\Users\Ravikiran\AppData\Roaming\npm\node_modules\protractor\node_modules\selenium-webdriver\lib\promise.js:2565:10)
    at shutdownTask_.MicroTask (C:\Users\Ravikiran\AppData\Roaming\npm\node_modules\protractor\node_modules\selenium-webdriver\lib\promise.js:2490:53)</stack-trace>
			</failure>
		</test-case>
		<test-case start="1489058130801" stop="1489058131159" status="failed">
			<name>Shifting windows and validating them of link at index 2</name>
			<title>Shifting windows and validating them of link at index 2</title>
			<description></description>
			<labels>
			</labels>
			<parameters>
			</parameters>
			<steps>
			</steps>
			<attachments>
				<attachment title="Screenshot" source="51b176e9-5dfd-4522-9c67-386e511e4a4b-attachment.png" type="image/png" size="200511"/>
			</attachments>
			<failure>
				<message>Failed: Error occurred while clicking browser back by comparing before and after Urls:DiscardedTaskError: Task was discarded due to a previous failure: Index out of bound. Trying to access element at index: 2, but there are only 0 elements that match locator By(css selector, section[data-widget=&apos;footer&apos;] footer ul:not([class=&apos;social-links&apos;]) li a)</message>
				<stack-trace>Error: Failed: Error occurred while clicking browser back by comparing before and after Urls:DiscardedTaskError: Task was discarded due to a previous failure: Index out of bound. Trying to access element at index: 2, but there are only 0 elements that match locator By(css selector, section[data-widget=&apos;footer&apos;] footer ul:not([class=&apos;social-links&apos;]) li a)
    at stack (C:\Users\Ravikiran\AppData\Roaming\npm\node_modules\protractor\node_modules\jasmine-core\lib\jasmine-core\jasmine.js:1577:17)
    at buildExpectationResult (C:\Users\Ravikiran\AppData\Roaming\npm\node_modules\protractor\node_modules\jasmine-core\lib\jasmine-core\jasmine.js:1547:14)
    at Spec.expectationResultFactory (C:\Users\Ravikiran\AppData\Roaming\npm\node_modules\protractor\node_modules\jasmine-core\lib\jasmine-core\jasmine.js:638:18)
    at Spec.addExpectationResult (C:\Users\Ravikiran\AppData\Roaming\npm\node_modules\protractor\node_modules\jasmine-core\lib\jasmine-core\jasmine.js:330:34)
    at Env.fail (C:\Users\Ravikiran\AppData\Roaming\npm\node_modules\protractor\node_modules\jasmine-core\lib\jasmine-core\jasmine.js:987:25)
    at Function.next.fail (C:\Users\Ravikiran\AppData\Roaming\npm\node_modules\protractor\node_modules\jasmine-core\lib\jasmine-core\jasmine.js:1903:19)
    at C:\Users\Ravikiran\AppData\Roaming\npm\node_modules\protractor\node_modules\jasminewd2\index.js:61:7
    at ControlFlow.emit (C:\Users\Ravikiran\AppData\Roaming\npm\node_modules\protractor\node_modules\selenium-webdriver\lib\events.js:62:21)
    at ControlFlow.shutdown_ (C:\Users\Ravikiran\AppData\Roaming\npm\node_modules\protractor\node_modules\selenium-webdriver\lib\promise.js:2565:10)
    at shutdownTask_.MicroTask (C:\Users\Ravikiran\AppData\Roaming\npm\node_modules\protractor\node_modules\selenium-webdriver\lib\promise.js:2490:53)</stack-trace>
			</failure>
		</test-case>
		<test-case start="1489058131159" stop="1489058133558" status="failed">
			<name>Comparing value or text of link in footer at index 3</name>
			<title>Comparing value or text of link in footer at index 3</title>
			<description></description>
			<labels>
			</labels>
			<parameters>
			</parameters>
			<steps>
			</steps>
			<attachments>
				<attachment title="Screenshot" source="0505c38e-4098-4d9c-b2fe-c5c3a331924a-attachment.png" type="image/png" size="200511"/>
			</attachments>
			<failure>
				<message>Failed: Index out of bound. Trying to access element at index: 3, but there are only 0 elements that match locator By(css selector, section[data-widget=&apos;footer&apos;] footer ul:not([class=&apos;social-links&apos;]) li a)</message>
				<stack-trace>NoSuchElementError: Index out of bound. Trying to access element at index: 3, but there are only 0 elements that match locator By(css selector, section[data-widget=&apos;footer&apos;] footer ul:not([class=&apos;social-links&apos;]) li a)
    at WebDriverError (C:\Users\Ravikiran\AppData\Roaming\npm\node_modules\protractor\node_modules\selenium-webdriver\lib\error.js:27:5)
    at NoSuchElementError (C:\Users\Ravikiran\AppData\Roaming\npm\node_modules\protractor\node_modules\selenium-webdriver\lib\error.js:168:5)
    at selenium_webdriver_1.promise.all.then (C:\Users\Ravikiran\AppData\Roaming\npm\node_modules\protractor\lib\element.ts:284:17)
    at ManagedPromise.invokeCallback_ (C:\Users\Ravikiran\AppData\Roaming\npm\node_modules\protractor\node_modules\selenium-webdriver\lib\promise.js:1366:14)
    at TaskQueue.execute_ (C:\Users\Ravikiran\AppData\Roaming\npm\node_modules\protractor\node_modules\selenium-webdriver\lib\promise.js:2970:14)
    at TaskQueue.executeNext_ (C:\Users\Ravikiran\AppData\Roaming\npm\node_modules\protractor\node_modules\selenium-webdriver\lib\promise.js:2953:27)
    at asyncRun (C:\Users\Ravikiran\AppData\Roaming\npm\node_modules\protractor\node_modules\selenium-webdriver\lib\promise.js:2813:27)
    at C:\Users\Ravikiran\AppData\Roaming\npm\node_modules\protractor\node_modules\selenium-webdriver\lib\promise.js:676:7
    at process._tickCallback (internal/process/next_tick.js:103:7)Error
    at ElementArrayFinder.applyAction_ (C:\Users\Ravikiran\AppData\Roaming\npm\node_modules\protractor\lib\element.ts:463:23)
    at ElementArrayFinder.(anonymous function) [as getText] (C:\Users\Ravikiran\AppData\Roaming\npm\node_modules\protractor\lib\element.ts:95:21)
    at ElementFinder.(anonymous function) [as getText] (C:\Users\Ravikiran\AppData\Roaming\npm\node_modules\protractor\lib\element.ts:841:14)
    at Object.&lt;anonymous&gt; (E:\protractorcms\cyborg\features\FT\common\ft_common.js:51:46)
    at C:\Users\Ravikiran\AppData\Roaming\npm\node_modules\protractor\node_modules\jasminewd2\index.js:102:25
    at new ManagedPromise (C:\Users\Ravikiran\AppData\Roaming\npm\node_modules\protractor\node_modules\selenium-webdriver\lib\promise.js:1067:7)
    at controlFlowExecute (C:\Users\Ravikiran\AppData\Roaming\npm\node_modules\protractor\node_modules\jasminewd2\index.js:87:18)
    at TaskQueue.execute_ (C:\Users\Ravikiran\AppData\Roaming\npm\node_modules\protractor\node_modules\selenium-webdriver\lib\promise.js:2970:14)
    at TaskQueue.executeNext_ (C:\Users\Ravikiran\AppData\Roaming\npm\node_modules\protractor\node_modules\selenium-webdriver\lib\promise.js:2953:27)
    at asyncRun (C:\Users\Ravikiran\AppData\Roaming\npm\node_modules\protractor\node_modules\selenium-webdriver\lib\promise.js:2813:27)
From: Task: Run it(&quot;Comparing value or text of link in footer at index 3&quot;) in control flow
    at Object.&lt;anonymous&gt; (C:\Users\Ravikiran\AppData\Roaming\npm\node_modules\protractor\node_modules\jasminewd2\index.js:86:14)
    at attemptAsync (C:\Users\Ravikiran\AppData\Roaming\npm\node_modules\protractor\node_modules\jasmine-core\lib\jasmine-core\jasmine.js:1916:24)
    at QueueRunner.run (C:\Users\Ravikiran\AppData\Roaming\npm\node_modules\protractor\node_modules\jasmine-core\lib\jasmine-core\jasmine.js:1871:9)
    at QueueRunner.execute (C:\Users\Ravikiran\AppData\Roaming\npm\node_modules\protractor\node_modules\jasmine-core\lib\jasmine-core\jasmine.js:1859:10)
    at Spec.queueRunnerFactory (C:\Users\Ravikiran\AppData\Roaming\npm\node_modules\protractor\node_modules\jasmine-core\lib\jasmine-core\jasmine.js:697:35)
    at Spec.execute (C:\Users\Ravikiran\AppData\Roaming\npm\node_modules\protractor\node_modules\jasmine-core\lib\jasmine-core\jasmine.js:359:10)
    at Object.fn (C:\Users\Ravikiran\AppData\Roaming\npm\node_modules\protractor\node_modules\jasmine-core\lib\jasmine-core\jasmine.js:2479:37)
    at attemptAsync (C:\Users\Ravikiran\AppData\Roaming\npm\node_modules\protractor\node_modules\jasmine-core\lib\jasmine-core\jasmine.js:1916:24)
    at QueueRunner.run (C:\Users\Ravikiran\AppData\Roaming\npm\node_modules\protractor\node_modules\jasmine-core\lib\jasmine-core\jasmine.js:1871:9)
    at C:\Users\Ravikiran\AppData\Roaming\npm\node_modules\protractor\node_modules\jasmine-core\lib\jasmine-core\jasmine.js:1898:16
From asynchronous test: 
Error
    at validatingFooterLinkAndText (E:\protractorcms\cyborg\features\FT\common\ft_common.js:50:9)
    at ft_common.validateFooterLinksAndText (E:\protractorcms\cyborg\features\FT\common\ft_common.js:43:13)
    at Suite.&lt;anonymous&gt; (E:\protractorcms\cyborg\features\FT\FT-002\FT-002.js:13:15)
    at addSpecsToSuite (C:\Users\Ravikiran\AppData\Roaming\npm\node_modules\protractor\node_modules\jasmine-core\lib\jasmine-core\jasmine.js:833:25)
    at Env.describe (C:\Users\Ravikiran\AppData\Roaming\npm\node_modules\protractor\node_modules\jasmine-core\lib\jasmine-core\jasmine.js:802:7)
    at describe (C:\Users\Ravikiran\AppData\Roaming\npm\node_modules\protractor\node_modules\jasmine-core\lib\jasmine-core\jasmine.js:3375:18)
    at Object.&lt;anonymous&gt; (E:\protractorcms\cyborg\features\FT\FT-002\FT-002.js:11:1)
    at Module._compile (module.js:570:32)
    at Object.Module._extensions..js (module.js:579:10)</stack-trace>
			</failure>
		</test-case>
		<test-case start="1489058133558" stop="1489058135964" status="failed">
			<name>Comparing href values of links in footer at index 3</name>
			<title>Comparing href values of links in footer at index 3</title>
			<description></description>
			<labels>
			</labels>
			<parameters>
			</parameters>
			<steps>
			</steps>
			<attachments>
				<attachment title="Screenshot" source="b2aebd28-c692-4818-a4a6-221e2e5d421f-attachment.png" type="image/png" size="200511"/>
			</attachments>
			<failure>
				<message>Failed: Index out of bound. Trying to access element at index: 3, but there are only 0 elements that match locator By(css selector, section[data-widget=&apos;footer&apos;] footer ul:not([class=&apos;social-links&apos;]) li a)</message>
				<stack-trace>NoSuchElementError: Index out of bound. Trying to access element at index: 3, but there are only 0 elements that match locator By(css selector, section[data-widget=&apos;footer&apos;] footer ul:not([class=&apos;social-links&apos;]) li a)
    at WebDriverError (C:\Users\Ravikiran\AppData\Roaming\npm\node_modules\protractor\node_modules\selenium-webdriver\lib\error.js:27:5)
    at NoSuchElementError (C:\Users\Ravikiran\AppData\Roaming\npm\node_modules\protractor\node_modules\selenium-webdriver\lib\error.js:168:5)
    at selenium_webdriver_1.promise.all.then (C:\Users\Ravikiran\AppData\Roaming\npm\node_modules\protractor\lib\element.ts:284:17)
    at ManagedPromise.invokeCallback_ (C:\Users\Ravikiran\AppData\Roaming\npm\node_modules\protractor\node_modules\selenium-webdriver\lib\promise.js:1366:14)
    at TaskQueue.execute_ (C:\Users\Ravikiran\AppData\Roaming\npm\node_modules\protractor\node_modules\selenium-webdriver\lib\promise.js:2970:14)
    at TaskQueue.executeNext_ (C:\Users\Ravikiran\AppData\Roaming\npm\node_modules\protractor\node_modules\selenium-webdriver\lib\promise.js:2953:27)
    at asyncRun (C:\Users\Ravikiran\AppData\Roaming\npm\node_modules\protractor\node_modules\selenium-webdriver\lib\promise.js:2813:27)
    at C:\Users\Ravikiran\AppData\Roaming\npm\node_modules\protractor\node_modules\selenium-webdriver\lib\promise.js:676:7
    at process._tickCallback (internal/process/next_tick.js:103:7)Error
    at ElementArrayFinder.applyAction_ (C:\Users\Ravikiran\AppData\Roaming\npm\node_modules\protractor\lib\element.ts:463:23)
    at ElementArrayFinder.(anonymous function) [as getAttribute] (C:\Users\Ravikiran\AppData\Roaming\npm\node_modules\protractor\lib\element.ts:95:21)
    at ElementFinder.(anonymous function) [as getAttribute] (C:\Users\Ravikiran\AppData\Roaming\npm\node_modules\protractor\lib\element.ts:841:14)
    at Object.&lt;anonymous&gt; (E:\protractorcms\cyborg\features\FT\common\ft_common.js:20:39)
    at C:\Users\Ravikiran\AppData\Roaming\npm\node_modules\protractor\node_modules\jasminewd2\index.js:102:25
    at new ManagedPromise (C:\Users\Ravikiran\AppData\Roaming\npm\node_modules\protractor\node_modules\selenium-webdriver\lib\promise.js:1067:7)
    at controlFlowExecute (C:\Users\Ravikiran\AppData\Roaming\npm\node_modules\protractor\node_modules\jasminewd2\index.js:87:18)
    at TaskQueue.execute_ (C:\Users\Ravikiran\AppData\Roaming\npm\node_modules\protractor\node_modules\selenium-webdriver\lib\promise.js:2970:14)
    at TaskQueue.executeNext_ (C:\Users\Ravikiran\AppData\Roaming\npm\node_modules\protractor\node_modules\selenium-webdriver\lib\promise.js:2953:27)
    at asyncRun (C:\Users\Ravikiran\AppData\Roaming\npm\node_modules\protractor\node_modules\selenium-webdriver\lib\promise.js:2813:27)
From: Task: Run it(&quot;Comparing href values of links in footer at index 3&quot;) in control flow
    at Object.&lt;anonymous&gt; (C:\Users\Ravikiran\AppData\Roaming\npm\node_modules\protractor\node_modules\jasminewd2\index.js:86:14)
    at attemptAsync (C:\Users\Ravikiran\AppData\Roaming\npm\node_modules\protractor\node_modules\jasmine-core\lib\jasmine-core\jasmine.js:1916:24)
    at QueueRunner.run (C:\Users\Ravikiran\AppData\Roaming\npm\node_modules\protractor\node_modules\jasmine-core\lib\jasmine-core\jasmine.js:1871:9)
    at QueueRunner.execute (C:\Users\Ravikiran\AppData\Roaming\npm\node_modules\protractor\node_modules\jasmine-core\lib\jasmine-core\jasmine.js:1859:10)
    at Spec.queueRunnerFactory (C:\Users\Ravikiran\AppData\Roaming\npm\node_modules\protractor\node_modules\jasmine-core\lib\jasmine-core\jasmine.js:697:35)
    at Spec.execute (C:\Users\Ravikiran\AppData\Roaming\npm\node_modules\protractor\node_modules\jasmine-core\lib\jasmine-core\jasmine.js:359:10)
    at Object.fn (C:\Users\Ravikiran\AppData\Roaming\npm\node_modules\protractor\node_modules\jasmine-core\lib\jasmine-core\jasmine.js:2479:37)
    at attemptAsync (C:\Users\Ravikiran\AppData\Roaming\npm\node_modules\protractor\node_modules\jasmine-core\lib\jasmine-core\jasmine.js:1916:24)
    at QueueRunner.run (C:\Users\Ravikiran\AppData\Roaming\npm\node_modules\protractor\node_modules\jasmine-core\lib\jasmine-core\jasmine.js:1871:9)
    at C:\Users\Ravikiran\AppData\Roaming\npm\node_modules\protractor\node_modules\jasmine-core\lib\jasmine-core\jasmine.js:1898:16
From asynchronous test: 
Error
    at validatingLinks (E:\protractorcms\cyborg\features\FT\common\ft_common.js:19:9)
    at validatingFooterLinkAndText (E:\protractorcms\cyborg\features\FT\common\ft_common.js:55:9)
    at ft_common.validateFooterLinksAndText (E:\protractorcms\cyborg\features\FT\common\ft_common.js:43:13)
    at Suite.&lt;anonymous&gt; (E:\protractorcms\cyborg\features\FT\FT-002\FT-002.js:13:15)
    at addSpecsToSuite (C:\Users\Ravikiran\AppData\Roaming\npm\node_modules\protractor\node_modules\jasmine-core\lib\jasmine-core\jasmine.js:833:25)
    at Env.describe (C:\Users\Ravikiran\AppData\Roaming\npm\node_modules\protractor\node_modules\jasmine-core\lib\jasmine-core\jasmine.js:802:7)
    at describe (C:\Users\Ravikiran\AppData\Roaming\npm\node_modules\protractor\node_modules\jasmine-core\lib\jasmine-core\jasmine.js:3375:18)
    at Object.&lt;anonymous&gt; (E:\protractorcms\cyborg\features\FT\FT-002\FT-002.js:11:1)
    at Module._compile (module.js:570:32)</stack-trace>
			</failure>
		</test-case>
		<test-case start="1489058135964" stop="1489058138365" status="failed">
			<name>Clicking links in footer at idx 3</name>
			<title>Clicking links in footer at idx 3</title>
			<description></description>
			<labels>
			</labels>
			<parameters>
			</parameters>
			<steps>
			</steps>
			<attachments>
				<attachment title="Screenshot" source="98102bf6-9865-43c6-8950-1df38520cbb9-attachment.png" type="image/png" size="200511"/>
			</attachments>
			<failure>
				<message>Failed: Failed to click on the WebElement and the exception is:NoSuchElementError: Index out of bound. Trying to access element at index: 3, but there are only 0 elements that match locator By(css selector, section[data-widget=&apos;footer&apos;] footer ul:not([class=&apos;social-links&apos;]) li a)</message>
				<stack-trace>Error: Failed: Failed to click on the WebElement and the exception is:NoSuchElementError: Index out of bound. Trying to access element at index: 3, but there are only 0 elements that match locator By(css selector, section[data-widget=&apos;footer&apos;] footer ul:not([class=&apos;social-links&apos;]) li a)
    at stack (C:\Users\Ravikiran\AppData\Roaming\npm\node_modules\protractor\node_modules\jasmine-core\lib\jasmine-core\jasmine.js:1577:17)
    at buildExpectationResult (C:\Users\Ravikiran\AppData\Roaming\npm\node_modules\protractor\node_modules\jasmine-core\lib\jasmine-core\jasmine.js:1547:14)
    at Spec.expectationResultFactory (C:\Users\Ravikiran\AppData\Roaming\npm\node_modules\protractor\node_modules\jasmine-core\lib\jasmine-core\jasmine.js:638:18)
    at Spec.addExpectationResult (C:\Users\Ravikiran\AppData\Roaming\npm\node_modules\protractor\node_modules\jasmine-core\lib\jasmine-core\jasmine.js:330:34)
    at Env.fail (C:\Users\Ravikiran\AppData\Roaming\npm\node_modules\protractor\node_modules\jasmine-core\lib\jasmine-core\jasmine.js:987:25)
    at Function.next.fail (C:\Users\Ravikiran\AppData\Roaming\npm\node_modules\protractor\node_modules\jasmine-core\lib\jasmine-core\jasmine.js:1903:19)
    at C:\Users\Ravikiran\AppData\Roaming\npm\node_modules\protractor\node_modules\jasminewd2\index.js:61:7
    at ControlFlow.emit (C:\Users\Ravikiran\AppData\Roaming\npm\node_modules\protractor\node_modules\selenium-webdriver\lib\events.js:62:21)
    at ControlFlow.shutdown_ (C:\Users\Ravikiran\AppData\Roaming\npm\node_modules\protractor\node_modules\selenium-webdriver\lib\promise.js:2565:10)
    at shutdownTask_.MicroTask (C:\Users\Ravikiran\AppData\Roaming\npm\node_modules\protractor\node_modules\selenium-webdriver\lib\promise.js:2490:53)</stack-trace>
			</failure>
		</test-case>
		<test-case start="1489058138365" stop="1489058138803" status="failed">
			<name>Shifting windows and validating them of link at index 3</name>
			<title>Shifting windows and validating them of link at index 3</title>
			<description></description>
			<labels>
			</labels>
			<parameters>
			</parameters>
			<steps>
			</steps>
			<attachments>
				<attachment title="Screenshot" source="78cf78df-7a90-4bc1-96ee-0853b325b056-attachment.png" type="image/png" size="200511"/>
			</attachments>
			<failure>
				<message>Failed: Error occurred while clicking browser back by comparing before and after Urls:DiscardedTaskError: Task was discarded due to a previous failure: Index out of bound. Trying to access element at index: 3, but there are only 0 elements that match locator By(css selector, section[data-widget=&apos;footer&apos;] footer ul:not([class=&apos;social-links&apos;]) li a)</message>
				<stack-trace>Error: Failed: Error occurred while clicking browser back by comparing before and after Urls:DiscardedTaskError: Task was discarded due to a previous failure: Index out of bound. Trying to access element at index: 3, but there are only 0 elements that match locator By(css selector, section[data-widget=&apos;footer&apos;] footer ul:not([class=&apos;social-links&apos;]) li a)
    at stack (C:\Users\Ravikiran\AppData\Roaming\npm\node_modules\protractor\node_modules\jasmine-core\lib\jasmine-core\jasmine.js:1577:17)
    at buildExpectationResult (C:\Users\Ravikiran\AppData\Roaming\npm\node_modules\protractor\node_modules\jasmine-core\lib\jasmine-core\jasmine.js:1547:14)
    at Spec.expectationResultFactory (C:\Users\Ravikiran\AppData\Roaming\npm\node_modules\protractor\node_modules\jasmine-core\lib\jasmine-core\jasmine.js:638:18)
    at Spec.addExpectationResult (C:\Users\Ravikiran\AppData\Roaming\npm\node_modules\protractor\node_modules\jasmine-core\lib\jasmine-core\jasmine.js:330:34)
    at Env.fail (C:\Users\Ravikiran\AppData\Roaming\npm\node_modules\protractor\node_modules\jasmine-core\lib\jasmine-core\jasmine.js:987:25)
    at Function.next.fail (C:\Users\Ravikiran\AppData\Roaming\npm\node_modules\protractor\node_modules\jasmine-core\lib\jasmine-core\jasmine.js:1903:19)
    at C:\Users\Ravikiran\AppData\Roaming\npm\node_modules\protractor\node_modules\jasminewd2\index.js:61:7
    at ControlFlow.emit (C:\Users\Ravikiran\AppData\Roaming\npm\node_modules\protractor\node_modules\selenium-webdriver\lib\events.js:62:21)
    at ControlFlow.shutdown_ (C:\Users\Ravikiran\AppData\Roaming\npm\node_modules\protractor\node_modules\selenium-webdriver\lib\promise.js:2565:10)
    at shutdownTask_.MicroTask (C:\Users\Ravikiran\AppData\Roaming\npm\node_modules\protractor\node_modules\selenium-webdriver\lib\promise.js:2490:53)</stack-trace>
			</failure>
		</test-case>
		<test-case start="1489058138803" stop="1489058141222" status="failed">
			<name>Comparing value or text of link in footer at index 4</name>
			<title>Comparing value or text of link in footer at index 4</title>
			<description></description>
			<labels>
			</labels>
			<parameters>
			</parameters>
			<steps>
			</steps>
			<attachments>
				<attachment title="Screenshot" source="65693276-69d2-4c36-9899-b0abc7ab13ca-attachment.png" type="image/png" size="200511"/>
			</attachments>
			<failure>
				<message>Failed: Index out of bound. Trying to access element at index: 4, but there are only 0 elements that match locator By(css selector, section[data-widget=&apos;footer&apos;] footer ul:not([class=&apos;social-links&apos;]) li a)</message>
				<stack-trace>NoSuchElementError: Index out of bound. Trying to access element at index: 4, but there are only 0 elements that match locator By(css selector, section[data-widget=&apos;footer&apos;] footer ul:not([class=&apos;social-links&apos;]) li a)
    at WebDriverError (C:\Users\Ravikiran\AppData\Roaming\npm\node_modules\protractor\node_modules\selenium-webdriver\lib\error.js:27:5)
    at NoSuchElementError (C:\Users\Ravikiran\AppData\Roaming\npm\node_modules\protractor\node_modules\selenium-webdriver\lib\error.js:168:5)
    at selenium_webdriver_1.promise.all.then (C:\Users\Ravikiran\AppData\Roaming\npm\node_modules\protractor\lib\element.ts:284:17)
    at ManagedPromise.invokeCallback_ (C:\Users\Ravikiran\AppData\Roaming\npm\node_modules\protractor\node_modules\selenium-webdriver\lib\promise.js:1366:14)
    at TaskQueue.execute_ (C:\Users\Ravikiran\AppData\Roaming\npm\node_modules\protractor\node_modules\selenium-webdriver\lib\promise.js:2970:14)
    at TaskQueue.executeNext_ (C:\Users\Ravikiran\AppData\Roaming\npm\node_modules\protractor\node_modules\selenium-webdriver\lib\promise.js:2953:27)
    at asyncRun (C:\Users\Ravikiran\AppData\Roaming\npm\node_modules\protractor\node_modules\selenium-webdriver\lib\promise.js:2813:27)
    at C:\Users\Ravikiran\AppData\Roaming\npm\node_modules\protractor\node_modules\selenium-webdriver\lib\promise.js:676:7
    at process._tickCallback (internal/process/next_tick.js:103:7)Error
    at ElementArrayFinder.applyAction_ (C:\Users\Ravikiran\AppData\Roaming\npm\node_modules\protractor\lib\element.ts:463:23)
    at ElementArrayFinder.(anonymous function) [as getText] (C:\Users\Ravikiran\AppData\Roaming\npm\node_modules\protractor\lib\element.ts:95:21)
    at ElementFinder.(anonymous function) [as getText] (C:\Users\Ravikiran\AppData\Roaming\npm\node_modules\protractor\lib\element.ts:841:14)
    at Object.&lt;anonymous&gt; (E:\protractorcms\cyborg\features\FT\common\ft_common.js:51:46)
    at C:\Users\Ravikiran\AppData\Roaming\npm\node_modules\protractor\node_modules\jasminewd2\index.js:102:25
    at new ManagedPromise (C:\Users\Ravikiran\AppData\Roaming\npm\node_modules\protractor\node_modules\selenium-webdriver\lib\promise.js:1067:7)
    at controlFlowExecute (C:\Users\Ravikiran\AppData\Roaming\npm\node_modules\protractor\node_modules\jasminewd2\index.js:87:18)
    at TaskQueue.execute_ (C:\Users\Ravikiran\AppData\Roaming\npm\node_modules\protractor\node_modules\selenium-webdriver\lib\promise.js:2970:14)
    at TaskQueue.executeNext_ (C:\Users\Ravikiran\AppData\Roaming\npm\node_modules\protractor\node_modules\selenium-webdriver\lib\promise.js:2953:27)
    at asyncRun (C:\Users\Ravikiran\AppData\Roaming\npm\node_modules\protractor\node_modules\selenium-webdriver\lib\promise.js:2813:27)
From: Task: Run it(&quot;Comparing value or text of link in footer at index 4&quot;) in control flow
    at Object.&lt;anonymous&gt; (C:\Users\Ravikiran\AppData\Roaming\npm\node_modules\protractor\node_modules\jasminewd2\index.js:86:14)
    at attemptAsync (C:\Users\Ravikiran\AppData\Roaming\npm\node_modules\protractor\node_modules\jasmine-core\lib\jasmine-core\jasmine.js:1916:24)
    at QueueRunner.run (C:\Users\Ravikiran\AppData\Roaming\npm\node_modules\protractor\node_modules\jasmine-core\lib\jasmine-core\jasmine.js:1871:9)
    at QueueRunner.execute (C:\Users\Ravikiran\AppData\Roaming\npm\node_modules\protractor\node_modules\jasmine-core\lib\jasmine-core\jasmine.js:1859:10)
    at Spec.queueRunnerFactory (C:\Users\Ravikiran\AppData\Roaming\npm\node_modules\protractor\node_modules\jasmine-core\lib\jasmine-core\jasmine.js:697:35)
    at Spec.execute (C:\Users\Ravikiran\AppData\Roaming\npm\node_modules\protractor\node_modules\jasmine-core\lib\jasmine-core\jasmine.js:359:10)
    at Object.fn (C:\Users\Ravikiran\AppData\Roaming\npm\node_modules\protractor\node_modules\jasmine-core\lib\jasmine-core\jasmine.js:2479:37)
    at attemptAsync (C:\Users\Ravikiran\AppData\Roaming\npm\node_modules\protractor\node_modules\jasmine-core\lib\jasmine-core\jasmine.js:1916:24)
    at QueueRunner.run (C:\Users\Ravikiran\AppData\Roaming\npm\node_modules\protractor\node_modules\jasmine-core\lib\jasmine-core\jasmine.js:1871:9)
    at C:\Users\Ravikiran\AppData\Roaming\npm\node_modules\protractor\node_modules\jasmine-core\lib\jasmine-core\jasmine.js:1898:16
From asynchronous test: 
Error
    at validatingFooterLinkAndText (E:\protractorcms\cyborg\features\FT\common\ft_common.js:50:9)
    at ft_common.validateFooterLinksAndText (E:\protractorcms\cyborg\features\FT\common\ft_common.js:43:13)
    at Suite.&lt;anonymous&gt; (E:\protractorcms\cyborg\features\FT\FT-002\FT-002.js:13:15)
    at addSpecsToSuite (C:\Users\Ravikiran\AppData\Roaming\npm\node_modules\protractor\node_modules\jasmine-core\lib\jasmine-core\jasmine.js:833:25)
    at Env.describe (C:\Users\Ravikiran\AppData\Roaming\npm\node_modules\protractor\node_modules\jasmine-core\lib\jasmine-core\jasmine.js:802:7)
    at describe (C:\Users\Ravikiran\AppData\Roaming\npm\node_modules\protractor\node_modules\jasmine-core\lib\jasmine-core\jasmine.js:3375:18)
    at Object.&lt;anonymous&gt; (E:\protractorcms\cyborg\features\FT\FT-002\FT-002.js:11:1)
    at Module._compile (module.js:570:32)
    at Object.Module._extensions..js (module.js:579:10)</stack-trace>
			</failure>
		</test-case>
		<test-case start="1489058141222" stop="1489058143639" status="failed">
			<name>Comparing href values of links in footer at index 4</name>
			<title>Comparing href values of links in footer at index 4</title>
			<description></description>
			<labels>
			</labels>
			<parameters>
			</parameters>
			<steps>
			</steps>
			<attachments>
				<attachment title="Screenshot" source="46c08da4-8c6f-44d4-b136-57517345e642-attachment.png" type="image/png" size="200511"/>
			</attachments>
			<failure>
				<message>Failed: Index out of bound. Trying to access element at index: 4, but there are only 0 elements that match locator By(css selector, section[data-widget=&apos;footer&apos;] footer ul:not([class=&apos;social-links&apos;]) li a)</message>
				<stack-trace>NoSuchElementError: Index out of bound. Trying to access element at index: 4, but there are only 0 elements that match locator By(css selector, section[data-widget=&apos;footer&apos;] footer ul:not([class=&apos;social-links&apos;]) li a)
    at WebDriverError (C:\Users\Ravikiran\AppData\Roaming\npm\node_modules\protractor\node_modules\selenium-webdriver\lib\error.js:27:5)
    at NoSuchElementError (C:\Users\Ravikiran\AppData\Roaming\npm\node_modules\protractor\node_modules\selenium-webdriver\lib\error.js:168:5)
    at selenium_webdriver_1.promise.all.then (C:\Users\Ravikiran\AppData\Roaming\npm\node_modules\protractor\lib\element.ts:284:17)
    at ManagedPromise.invokeCallback_ (C:\Users\Ravikiran\AppData\Roaming\npm\node_modules\protractor\node_modules\selenium-webdriver\lib\promise.js:1366:14)
    at TaskQueue.execute_ (C:\Users\Ravikiran\AppData\Roaming\npm\node_modules\protractor\node_modules\selenium-webdriver\lib\promise.js:2970:14)
    at TaskQueue.executeNext_ (C:\Users\Ravikiran\AppData\Roaming\npm\node_modules\protractor\node_modules\selenium-webdriver\lib\promise.js:2953:27)
    at asyncRun (C:\Users\Ravikiran\AppData\Roaming\npm\node_modules\protractor\node_modules\selenium-webdriver\lib\promise.js:2813:27)
    at C:\Users\Ravikiran\AppData\Roaming\npm\node_modules\protractor\node_modules\selenium-webdriver\lib\promise.js:676:7
    at process._tickCallback (internal/process/next_tick.js:103:7)Error
    at ElementArrayFinder.applyAction_ (C:\Users\Ravikiran\AppData\Roaming\npm\node_modules\protractor\lib\element.ts:463:23)
    at ElementArrayFinder.(anonymous function) [as getAttribute] (C:\Users\Ravikiran\AppData\Roaming\npm\node_modules\protractor\lib\element.ts:95:21)
    at ElementFinder.(anonymous function) [as getAttribute] (C:\Users\Ravikiran\AppData\Roaming\npm\node_modules\protractor\lib\element.ts:841:14)
    at Object.&lt;anonymous&gt; (E:\protractorcms\cyborg\features\FT\common\ft_common.js:20:39)
    at C:\Users\Ravikiran\AppData\Roaming\npm\node_modules\protractor\node_modules\jasminewd2\index.js:102:25
    at new ManagedPromise (C:\Users\Ravikiran\AppData\Roaming\npm\node_modules\protractor\node_modules\selenium-webdriver\lib\promise.js:1067:7)
    at controlFlowExecute (C:\Users\Ravikiran\AppData\Roaming\npm\node_modules\protractor\node_modules\jasminewd2\index.js:87:18)
    at TaskQueue.execute_ (C:\Users\Ravikiran\AppData\Roaming\npm\node_modules\protractor\node_modules\selenium-webdriver\lib\promise.js:2970:14)
    at TaskQueue.executeNext_ (C:\Users\Ravikiran\AppData\Roaming\npm\node_modules\protractor\node_modules\selenium-webdriver\lib\promise.js:2953:27)
    at asyncRun (C:\Users\Ravikiran\AppData\Roaming\npm\node_modules\protractor\node_modules\selenium-webdriver\lib\promise.js:2813:27)
From: Task: Run it(&quot;Comparing href values of links in footer at index 4&quot;) in control flow
    at Object.&lt;anonymous&gt; (C:\Users\Ravikiran\AppData\Roaming\npm\node_modules\protractor\node_modules\jasminewd2\index.js:86:14)
    at attemptAsync (C:\Users\Ravikiran\AppData\Roaming\npm\node_modules\protractor\node_modules\jasmine-core\lib\jasmine-core\jasmine.js:1916:24)
    at QueueRunner.run (C:\Users\Ravikiran\AppData\Roaming\npm\node_modules\protractor\node_modules\jasmine-core\lib\jasmine-core\jasmine.js:1871:9)
    at QueueRunner.execute (C:\Users\Ravikiran\AppData\Roaming\npm\node_modules\protractor\node_modules\jasmine-core\lib\jasmine-core\jasmine.js:1859:10)
    at Spec.queueRunnerFactory (C:\Users\Ravikiran\AppData\Roaming\npm\node_modules\protractor\node_modules\jasmine-core\lib\jasmine-core\jasmine.js:697:35)
    at Spec.execute (C:\Users\Ravikiran\AppData\Roaming\npm\node_modules\protractor\node_modules\jasmine-core\lib\jasmine-core\jasmine.js:359:10)
    at Object.fn (C:\Users\Ravikiran\AppData\Roaming\npm\node_modules\protractor\node_modules\jasmine-core\lib\jasmine-core\jasmine.js:2479:37)
    at attemptAsync (C:\Users\Ravikiran\AppData\Roaming\npm\node_modules\protractor\node_modules\jasmine-core\lib\jasmine-core\jasmine.js:1916:24)
    at QueueRunner.run (C:\Users\Ravikiran\AppData\Roaming\npm\node_modules\protractor\node_modules\jasmine-core\lib\jasmine-core\jasmine.js:1871:9)
    at C:\Users\Ravikiran\AppData\Roaming\npm\node_modules\protractor\node_modules\jasmine-core\lib\jasmine-core\jasmine.js:1898:16
From asynchronous test: 
Error
    at validatingLinks (E:\protractorcms\cyborg\features\FT\common\ft_common.js:19:9)
    at validatingFooterLinkAndText (E:\protractorcms\cyborg\features\FT\common\ft_common.js:55:9)
    at ft_common.validateFooterLinksAndText (E:\protractorcms\cyborg\features\FT\common\ft_common.js:43:13)
    at Suite.&lt;anonymous&gt; (E:\protractorcms\cyborg\features\FT\FT-002\FT-002.js:13:15)
    at addSpecsToSuite (C:\Users\Ravikiran\AppData\Roaming\npm\node_modules\protractor\node_modules\jasmine-core\lib\jasmine-core\jasmine.js:833:25)
    at Env.describe (C:\Users\Ravikiran\AppData\Roaming\npm\node_modules\protractor\node_modules\jasmine-core\lib\jasmine-core\jasmine.js:802:7)
    at describe (C:\Users\Ravikiran\AppData\Roaming\npm\node_modules\protractor\node_modules\jasmine-core\lib\jasmine-core\jasmine.js:3375:18)
    at Object.&lt;anonymous&gt; (E:\protractorcms\cyborg\features\FT\FT-002\FT-002.js:11:1)
    at Module._compile (module.js:570:32)</stack-trace>
			</failure>
		</test-case>
		<test-case start="1489058143639" stop="1489058146025" status="failed">
			<name>Clicking links in footer at idx 4</name>
			<title>Clicking links in footer at idx 4</title>
			<description></description>
			<labels>
			</labels>
			<parameters>
			</parameters>
			<steps>
			</steps>
			<attachments>
				<attachment title="Screenshot" source="eb265c2c-e29e-4ba4-b42e-73aff8e50d62-attachment.png" type="image/png" size="200511"/>
			</attachments>
			<failure>
				<message>Failed: Failed to click on the WebElement and the exception is:NoSuchElementError: Index out of bound. Trying to access element at index: 4, but there are only 0 elements that match locator By(css selector, section[data-widget=&apos;footer&apos;] footer ul:not([class=&apos;social-links&apos;]) li a)</message>
				<stack-trace>Error: Failed: Failed to click on the WebElement and the exception is:NoSuchElementError: Index out of bound. Trying to access element at index: 4, but there are only 0 elements that match locator By(css selector, section[data-widget=&apos;footer&apos;] footer ul:not([class=&apos;social-links&apos;]) li a)
    at stack (C:\Users\Ravikiran\AppData\Roaming\npm\node_modules\protractor\node_modules\jasmine-core\lib\jasmine-core\jasmine.js:1577:17)
    at buildExpectationResult (C:\Users\Ravikiran\AppData\Roaming\npm\node_modules\protractor\node_modules\jasmine-core\lib\jasmine-core\jasmine.js:1547:14)
    at Spec.expectationResultFactory (C:\Users\Ravikiran\AppData\Roaming\npm\node_modules\protractor\node_modules\jasmine-core\lib\jasmine-core\jasmine.js:638:18)
    at Spec.addExpectationResult (C:\Users\Ravikiran\AppData\Roaming\npm\node_modules\protractor\node_modules\jasmine-core\lib\jasmine-core\jasmine.js:330:34)
    at Env.fail (C:\Users\Ravikiran\AppData\Roaming\npm\node_modules\protractor\node_modules\jasmine-core\lib\jasmine-core\jasmine.js:987:25)
    at Function.next.fail (C:\Users\Ravikiran\AppData\Roaming\npm\node_modules\protractor\node_modules\jasmine-core\lib\jasmine-core\jasmine.js:1903:19)
    at C:\Users\Ravikiran\AppData\Roaming\npm\node_modules\protractor\node_modules\jasminewd2\index.js:61:7
    at ControlFlow.emit (C:\Users\Ravikiran\AppData\Roaming\npm\node_modules\protractor\node_modules\selenium-webdriver\lib\events.js:62:21)
    at ControlFlow.shutdown_ (C:\Users\Ravikiran\AppData\Roaming\npm\node_modules\protractor\node_modules\selenium-webdriver\lib\promise.js:2565:10)
    at shutdownTask_.MicroTask (C:\Users\Ravikiran\AppData\Roaming\npm\node_modules\protractor\node_modules\selenium-webdriver\lib\promise.js:2490:53)</stack-trace>
			</failure>
		</test-case>
		<test-case start="1489058146026" stop="1489058146380" status="failed">
			<name>Shifting windows and validating them of link at index 4</name>
			<title>Shifting windows and validating them of link at index 4</title>
			<description></description>
			<labels>
			</labels>
			<parameters>
			</parameters>
			<steps>
			</steps>
			<attachments>
				<attachment title="Screenshot" source="0ec06ca4-0c27-46ef-b2ae-1602d991ea30-attachment.png" type="image/png" size="200511"/>
			</attachments>
			<failure>
				<message>Failed: Error occurred while clicking browser back by comparing before and after Urls:DiscardedTaskError: Task was discarded due to a previous failure: Index out of bound. Trying to access element at index: 4, but there are only 0 elements that match locator By(css selector, section[data-widget=&apos;footer&apos;] footer ul:not([class=&apos;social-links&apos;]) li a)</message>
				<stack-trace>Error: Failed: Error occurred while clicking browser back by comparing before and after Urls:DiscardedTaskError: Task was discarded due to a previous failure: Index out of bound. Trying to access element at index: 4, but there are only 0 elements that match locator By(css selector, section[data-widget=&apos;footer&apos;] footer ul:not([class=&apos;social-links&apos;]) li a)
    at stack (C:\Users\Ravikiran\AppData\Roaming\npm\node_modules\protractor\node_modules\jasmine-core\lib\jasmine-core\jasmine.js:1577:17)
    at buildExpectationResult (C:\Users\Ravikiran\AppData\Roaming\npm\node_modules\protractor\node_modules\jasmine-core\lib\jasmine-core\jasmine.js:1547:14)
    at Spec.expectationResultFactory (C:\Users\Ravikiran\AppData\Roaming\npm\node_modules\protractor\node_modules\jasmine-core\lib\jasmine-core\jasmine.js:638:18)
    at Spec.addExpectationResult (C:\Users\Ravikiran\AppData\Roaming\npm\node_modules\protractor\node_modules\jasmine-core\lib\jasmine-core\jasmine.js:330:34)
    at Env.fail (C:\Users\Ravikiran\AppData\Roaming\npm\node_modules\protractor\node_modules\jasmine-core\lib\jasmine-core\jasmine.js:987:25)
    at Function.next.fail (C:\Users\Ravikiran\AppData\Roaming\npm\node_modules\protractor\node_modules\jasmine-core\lib\jasmine-core\jasmine.js:1903:19)
    at C:\Users\Ravikiran\AppData\Roaming\npm\node_modules\protractor\node_modules\jasminewd2\index.js:61:7
    at ControlFlow.emit (C:\Users\Ravikiran\AppData\Roaming\npm\node_modules\protractor\node_modules\selenium-webdriver\lib\events.js:62:21)
    at ControlFlow.shutdown_ (C:\Users\Ravikiran\AppData\Roaming\npm\node_modules\protractor\node_modules\selenium-webdriver\lib\promise.js:2565:10)
    at shutdownTask_.MicroTask (C:\Users\Ravikiran\AppData\Roaming\npm\node_modules\protractor\node_modules\selenium-webdriver\lib\promise.js:2490:53)</stack-trace>
			</failure>
		</test-case>
		<test-case start="1489058146380" stop="1489058148806" status="failed">
			<name>Comparing value or text of link in footer at index 5</name>
			<title>Comparing value or text of link in footer at index 5</title>
			<description></description>
			<labels>
			</labels>
			<parameters>
			</parameters>
			<steps>
			</steps>
			<attachments>
				<attachment title="Screenshot" source="5e2201ce-c671-436c-8a2a-063b1b37114e-attachment.png" type="image/png" size="200511"/>
			</attachments>
			<failure>
				<message>Failed: Index out of bound. Trying to access element at index: 5, but there are only 0 elements that match locator By(css selector, section[data-widget=&apos;footer&apos;] footer ul:not([class=&apos;social-links&apos;]) li a)</message>
				<stack-trace>NoSuchElementError: Index out of bound. Trying to access element at index: 5, but there are only 0 elements that match locator By(css selector, section[data-widget=&apos;footer&apos;] footer ul:not([class=&apos;social-links&apos;]) li a)
    at WebDriverError (C:\Users\Ravikiran\AppData\Roaming\npm\node_modules\protractor\node_modules\selenium-webdriver\lib\error.js:27:5)
    at NoSuchElementError (C:\Users\Ravikiran\AppData\Roaming\npm\node_modules\protractor\node_modules\selenium-webdriver\lib\error.js:168:5)
    at selenium_webdriver_1.promise.all.then (C:\Users\Ravikiran\AppData\Roaming\npm\node_modules\protractor\lib\element.ts:284:17)
    at ManagedPromise.invokeCallback_ (C:\Users\Ravikiran\AppData\Roaming\npm\node_modules\protractor\node_modules\selenium-webdriver\lib\promise.js:1366:14)
    at TaskQueue.execute_ (C:\Users\Ravikiran\AppData\Roaming\npm\node_modules\protractor\node_modules\selenium-webdriver\lib\promise.js:2970:14)
    at TaskQueue.executeNext_ (C:\Users\Ravikiran\AppData\Roaming\npm\node_modules\protractor\node_modules\selenium-webdriver\lib\promise.js:2953:27)
    at asyncRun (C:\Users\Ravikiran\AppData\Roaming\npm\node_modules\protractor\node_modules\selenium-webdriver\lib\promise.js:2813:27)
    at C:\Users\Ravikiran\AppData\Roaming\npm\node_modules\protractor\node_modules\selenium-webdriver\lib\promise.js:676:7
    at process._tickCallback (internal/process/next_tick.js:103:7)Error
    at ElementArrayFinder.applyAction_ (C:\Users\Ravikiran\AppData\Roaming\npm\node_modules\protractor\lib\element.ts:463:23)
    at ElementArrayFinder.(anonymous function) [as getText] (C:\Users\Ravikiran\AppData\Roaming\npm\node_modules\protractor\lib\element.ts:95:21)
    at ElementFinder.(anonymous function) [as getText] (C:\Users\Ravikiran\AppData\Roaming\npm\node_modules\protractor\lib\element.ts:841:14)
    at Object.&lt;anonymous&gt; (E:\protractorcms\cyborg\features\FT\common\ft_common.js:51:46)
    at C:\Users\Ravikiran\AppData\Roaming\npm\node_modules\protractor\node_modules\jasminewd2\index.js:102:25
    at new ManagedPromise (C:\Users\Ravikiran\AppData\Roaming\npm\node_modules\protractor\node_modules\selenium-webdriver\lib\promise.js:1067:7)
    at controlFlowExecute (C:\Users\Ravikiran\AppData\Roaming\npm\node_modules\protractor\node_modules\jasminewd2\index.js:87:18)
    at TaskQueue.execute_ (C:\Users\Ravikiran\AppData\Roaming\npm\node_modules\protractor\node_modules\selenium-webdriver\lib\promise.js:2970:14)
    at TaskQueue.executeNext_ (C:\Users\Ravikiran\AppData\Roaming\npm\node_modules\protractor\node_modules\selenium-webdriver\lib\promise.js:2953:27)
    at asyncRun (C:\Users\Ravikiran\AppData\Roaming\npm\node_modules\protractor\node_modules\selenium-webdriver\lib\promise.js:2813:27)
From: Task: Run it(&quot;Comparing value or text of link in footer at index 5&quot;) in control flow
    at Object.&lt;anonymous&gt; (C:\Users\Ravikiran\AppData\Roaming\npm\node_modules\protractor\node_modules\jasminewd2\index.js:86:14)
    at attemptAsync (C:\Users\Ravikiran\AppData\Roaming\npm\node_modules\protractor\node_modules\jasmine-core\lib\jasmine-core\jasmine.js:1916:24)
    at QueueRunner.run (C:\Users\Ravikiran\AppData\Roaming\npm\node_modules\protractor\node_modules\jasmine-core\lib\jasmine-core\jasmine.js:1871:9)
    at QueueRunner.execute (C:\Users\Ravikiran\AppData\Roaming\npm\node_modules\protractor\node_modules\jasmine-core\lib\jasmine-core\jasmine.js:1859:10)
    at Spec.queueRunnerFactory (C:\Users\Ravikiran\AppData\Roaming\npm\node_modules\protractor\node_modules\jasmine-core\lib\jasmine-core\jasmine.js:697:35)
    at Spec.execute (C:\Users\Ravikiran\AppData\Roaming\npm\node_modules\protractor\node_modules\jasmine-core\lib\jasmine-core\jasmine.js:359:10)
    at Object.fn (C:\Users\Ravikiran\AppData\Roaming\npm\node_modules\protractor\node_modules\jasmine-core\lib\jasmine-core\jasmine.js:2479:37)
    at attemptAsync (C:\Users\Ravikiran\AppData\Roaming\npm\node_modules\protractor\node_modules\jasmine-core\lib\jasmine-core\jasmine.js:1916:24)
    at QueueRunner.run (C:\Users\Ravikiran\AppData\Roaming\npm\node_modules\protractor\node_modules\jasmine-core\lib\jasmine-core\jasmine.js:1871:9)
    at C:\Users\Ravikiran\AppData\Roaming\npm\node_modules\protractor\node_modules\jasmine-core\lib\jasmine-core\jasmine.js:1898:16
From asynchronous test: 
Error
    at validatingFooterLinkAndText (E:\protractorcms\cyborg\features\FT\common\ft_common.js:50:9)
    at ft_common.validateFooterLinksAndText (E:\protractorcms\cyborg\features\FT\common\ft_common.js:43:13)
    at Suite.&lt;anonymous&gt; (E:\protractorcms\cyborg\features\FT\FT-002\FT-002.js:13:15)
    at addSpecsToSuite (C:\Users\Ravikiran\AppData\Roaming\npm\node_modules\protractor\node_modules\jasmine-core\lib\jasmine-core\jasmine.js:833:25)
    at Env.describe (C:\Users\Ravikiran\AppData\Roaming\npm\node_modules\protractor\node_modules\jasmine-core\lib\jasmine-core\jasmine.js:802:7)
    at describe (C:\Users\Ravikiran\AppData\Roaming\npm\node_modules\protractor\node_modules\jasmine-core\lib\jasmine-core\jasmine.js:3375:18)
    at Object.&lt;anonymous&gt; (E:\protractorcms\cyborg\features\FT\FT-002\FT-002.js:11:1)
    at Module._compile (module.js:570:32)
    at Object.Module._extensions..js (module.js:579:10)</stack-trace>
			</failure>
		</test-case>
		<test-case start="1489058148806" stop="1489058151237" status="failed">
			<name>Comparing href values of links in footer at index 5</name>
			<title>Comparing href values of links in footer at index 5</title>
			<description></description>
			<labels>
			</labels>
			<parameters>
			</parameters>
			<steps>
			</steps>
			<attachments>
				<attachment title="Screenshot" source="e13dcc18-63d3-4dc2-b3da-4a22eac9eb92-attachment.png" type="image/png" size="200511"/>
			</attachments>
			<failure>
				<message>Failed: Index out of bound. Trying to access element at index: 5, but there are only 0 elements that match locator By(css selector, section[data-widget=&apos;footer&apos;] footer ul:not([class=&apos;social-links&apos;]) li a)</message>
				<stack-trace>NoSuchElementError: Index out of bound. Trying to access element at index: 5, but there are only 0 elements that match locator By(css selector, section[data-widget=&apos;footer&apos;] footer ul:not([class=&apos;social-links&apos;]) li a)
    at WebDriverError (C:\Users\Ravikiran\AppData\Roaming\npm\node_modules\protractor\node_modules\selenium-webdriver\lib\error.js:27:5)
    at NoSuchElementError (C:\Users\Ravikiran\AppData\Roaming\npm\node_modules\protractor\node_modules\selenium-webdriver\lib\error.js:168:5)
    at selenium_webdriver_1.promise.all.then (C:\Users\Ravikiran\AppData\Roaming\npm\node_modules\protractor\lib\element.ts:284:17)
    at ManagedPromise.invokeCallback_ (C:\Users\Ravikiran\AppData\Roaming\npm\node_modules\protractor\node_modules\selenium-webdriver\lib\promise.js:1366:14)
    at TaskQueue.execute_ (C:\Users\Ravikiran\AppData\Roaming\npm\node_modules\protractor\node_modules\selenium-webdriver\lib\promise.js:2970:14)
    at TaskQueue.executeNext_ (C:\Users\Ravikiran\AppData\Roaming\npm\node_modules\protractor\node_modules\selenium-webdriver\lib\promise.js:2953:27)
    at asyncRun (C:\Users\Ravikiran\AppData\Roaming\npm\node_modules\protractor\node_modules\selenium-webdriver\lib\promise.js:2813:27)
    at C:\Users\Ravikiran\AppData\Roaming\npm\node_modules\protractor\node_modules\selenium-webdriver\lib\promise.js:676:7
    at process._tickCallback (internal/process/next_tick.js:103:7)Error
    at ElementArrayFinder.applyAction_ (C:\Users\Ravikiran\AppData\Roaming\npm\node_modules\protractor\lib\element.ts:463:23)
    at ElementArrayFinder.(anonymous function) [as getAttribute] (C:\Users\Ravikiran\AppData\Roaming\npm\node_modules\protractor\lib\element.ts:95:21)
    at ElementFinder.(anonymous function) [as getAttribute] (C:\Users\Ravikiran\AppData\Roaming\npm\node_modules\protractor\lib\element.ts:841:14)
    at Object.&lt;anonymous&gt; (E:\protractorcms\cyborg\features\FT\common\ft_common.js:20:39)
    at C:\Users\Ravikiran\AppData\Roaming\npm\node_modules\protractor\node_modules\jasminewd2\index.js:102:25
    at new ManagedPromise (C:\Users\Ravikiran\AppData\Roaming\npm\node_modules\protractor\node_modules\selenium-webdriver\lib\promise.js:1067:7)
    at controlFlowExecute (C:\Users\Ravikiran\AppData\Roaming\npm\node_modules\protractor\node_modules\jasminewd2\index.js:87:18)
    at TaskQueue.execute_ (C:\Users\Ravikiran\AppData\Roaming\npm\node_modules\protractor\node_modules\selenium-webdriver\lib\promise.js:2970:14)
    at TaskQueue.executeNext_ (C:\Users\Ravikiran\AppData\Roaming\npm\node_modules\protractor\node_modules\selenium-webdriver\lib\promise.js:2953:27)
    at asyncRun (C:\Users\Ravikiran\AppData\Roaming\npm\node_modules\protractor\node_modules\selenium-webdriver\lib\promise.js:2813:27)
From: Task: Run it(&quot;Comparing href values of links in footer at index 5&quot;) in control flow
    at Object.&lt;anonymous&gt; (C:\Users\Ravikiran\AppData\Roaming\npm\node_modules\protractor\node_modules\jasminewd2\index.js:86:14)
    at attemptAsync (C:\Users\Ravikiran\AppData\Roaming\npm\node_modules\protractor\node_modules\jasmine-core\lib\jasmine-core\jasmine.js:1916:24)
    at QueueRunner.run (C:\Users\Ravikiran\AppData\Roaming\npm\node_modules\protractor\node_modules\jasmine-core\lib\jasmine-core\jasmine.js:1871:9)
    at QueueRunner.execute (C:\Users\Ravikiran\AppData\Roaming\npm\node_modules\protractor\node_modules\jasmine-core\lib\jasmine-core\jasmine.js:1859:10)
    at Spec.queueRunnerFactory (C:\Users\Ravikiran\AppData\Roaming\npm\node_modules\protractor\node_modules\jasmine-core\lib\jasmine-core\jasmine.js:697:35)
    at Spec.execute (C:\Users\Ravikiran\AppData\Roaming\npm\node_modules\protractor\node_modules\jasmine-core\lib\jasmine-core\jasmine.js:359:10)
    at Object.fn (C:\Users\Ravikiran\AppData\Roaming\npm\node_modules\protractor\node_modules\jasmine-core\lib\jasmine-core\jasmine.js:2479:37)
    at attemptAsync (C:\Users\Ravikiran\AppData\Roaming\npm\node_modules\protractor\node_modules\jasmine-core\lib\jasmine-core\jasmine.js:1916:24)
    at QueueRunner.run (C:\Users\Ravikiran\AppData\Roaming\npm\node_modules\protractor\node_modules\jasmine-core\lib\jasmine-core\jasmine.js:1871:9)
    at C:\Users\Ravikiran\AppData\Roaming\npm\node_modules\protractor\node_modules\jasmine-core\lib\jasmine-core\jasmine.js:1898:16
From asynchronous test: 
Error
    at validatingLinks (E:\protractorcms\cyborg\features\FT\common\ft_common.js:19:9)
    at validatingFooterLinkAndText (E:\protractorcms\cyborg\features\FT\common\ft_common.js:55:9)
    at ft_common.validateFooterLinksAndText (E:\protractorcms\cyborg\features\FT\common\ft_common.js:43:13)
    at Suite.&lt;anonymous&gt; (E:\protractorcms\cyborg\features\FT\FT-002\FT-002.js:13:15)
    at addSpecsToSuite (C:\Users\Ravikiran\AppData\Roaming\npm\node_modules\protractor\node_modules\jasmine-core\lib\jasmine-core\jasmine.js:833:25)
    at Env.describe (C:\Users\Ravikiran\AppData\Roaming\npm\node_modules\protractor\node_modules\jasmine-core\lib\jasmine-core\jasmine.js:802:7)
    at describe (C:\Users\Ravikiran\AppData\Roaming\npm\node_modules\protractor\node_modules\jasmine-core\lib\jasmine-core\jasmine.js:3375:18)
    at Object.&lt;anonymous&gt; (E:\protractorcms\cyborg\features\FT\FT-002\FT-002.js:11:1)
    at Module._compile (module.js:570:32)</stack-trace>
			</failure>
		</test-case>
		<test-case start="1489058151237" stop="1489058153625" status="failed">
			<name>Clicking links in footer at idx 5</name>
			<title>Clicking links in footer at idx 5</title>
			<description></description>
			<labels>
			</labels>
			<parameters>
			</parameters>
			<steps>
			</steps>
			<attachments>
				<attachment title="Screenshot" source="eaed0335-a0ca-4db8-af37-8edf9bcf6993-attachment.png" type="image/png" size="200511"/>
			</attachments>
			<failure>
				<message>Failed: Failed to click on the WebElement and the exception is:NoSuchElementError: Index out of bound. Trying to access element at index: 5, but there are only 0 elements that match locator By(css selector, section[data-widget=&apos;footer&apos;] footer ul:not([class=&apos;social-links&apos;]) li a)</message>
				<stack-trace>Error: Failed: Failed to click on the WebElement and the exception is:NoSuchElementError: Index out of bound. Trying to access element at index: 5, but there are only 0 elements that match locator By(css selector, section[data-widget=&apos;footer&apos;] footer ul:not([class=&apos;social-links&apos;]) li a)
    at stack (C:\Users\Ravikiran\AppData\Roaming\npm\node_modules\protractor\node_modules\jasmine-core\lib\jasmine-core\jasmine.js:1577:17)
    at buildExpectationResult (C:\Users\Ravikiran\AppData\Roaming\npm\node_modules\protractor\node_modules\jasmine-core\lib\jasmine-core\jasmine.js:1547:14)
    at Spec.expectationResultFactory (C:\Users\Ravikiran\AppData\Roaming\npm\node_modules\protractor\node_modules\jasmine-core\lib\jasmine-core\jasmine.js:638:18)
    at Spec.addExpectationResult (C:\Users\Ravikiran\AppData\Roaming\npm\node_modules\protractor\node_modules\jasmine-core\lib\jasmine-core\jasmine.js:330:34)
    at Env.fail (C:\Users\Ravikiran\AppData\Roaming\npm\node_modules\protractor\node_modules\jasmine-core\lib\jasmine-core\jasmine.js:987:25)
    at Function.next.fail (C:\Users\Ravikiran\AppData\Roaming\npm\node_modules\protractor\node_modules\jasmine-core\lib\jasmine-core\jasmine.js:1903:19)
    at C:\Users\Ravikiran\AppData\Roaming\npm\node_modules\protractor\node_modules\jasminewd2\index.js:61:7
    at ControlFlow.emit (C:\Users\Ravikiran\AppData\Roaming\npm\node_modules\protractor\node_modules\selenium-webdriver\lib\events.js:62:21)
    at ControlFlow.shutdown_ (C:\Users\Ravikiran\AppData\Roaming\npm\node_modules\protractor\node_modules\selenium-webdriver\lib\promise.js:2565:10)
    at shutdownTask_.MicroTask (C:\Users\Ravikiran\AppData\Roaming\npm\node_modules\protractor\node_modules\selenium-webdriver\lib\promise.js:2490:53)</stack-trace>
			</failure>
		</test-case>
		<test-case start="1489058153625" stop="1489058154001" status="failed">
			<name>Shifting windows and validating them of link at index 5</name>
			<title>Shifting windows and validating them of link at index 5</title>
			<description></description>
			<labels>
			</labels>
			<parameters>
			</parameters>
			<steps>
			</steps>
			<attachments>
				<attachment title="Screenshot" source="4f87aff4-e1ce-445d-87c8-c0d84d56e531-attachment.png" type="image/png" size="200511"/>
			</attachments>
			<failure>
				<message>Failed: Error occurred while clicking browser back by comparing before and after Urls:DiscardedTaskError: Task was discarded due to a previous failure: Index out of bound. Trying to access element at index: 5, but there are only 0 elements that match locator By(css selector, section[data-widget=&apos;footer&apos;] footer ul:not([class=&apos;social-links&apos;]) li a)</message>
				<stack-trace>Error: Failed: Error occurred while clicking browser back by comparing before and after Urls:DiscardedTaskError: Task was discarded due to a previous failure: Index out of bound. Trying to access element at index: 5, but there are only 0 elements that match locator By(css selector, section[data-widget=&apos;footer&apos;] footer ul:not([class=&apos;social-links&apos;]) li a)
    at stack (C:\Users\Ravikiran\AppData\Roaming\npm\node_modules\protractor\node_modules\jasmine-core\lib\jasmine-core\jasmine.js:1577:17)
    at buildExpectationResult (C:\Users\Ravikiran\AppData\Roaming\npm\node_modules\protractor\node_modules\jasmine-core\lib\jasmine-core\jasmine.js:1547:14)
    at Spec.expectationResultFactory (C:\Users\Ravikiran\AppData\Roaming\npm\node_modules\protractor\node_modules\jasmine-core\lib\jasmine-core\jasmine.js:638:18)
    at Spec.addExpectationResult (C:\Users\Ravikiran\AppData\Roaming\npm\node_modules\protractor\node_modules\jasmine-core\lib\jasmine-core\jasmine.js:330:34)
    at Env.fail (C:\Users\Ravikiran\AppData\Roaming\npm\node_modules\protractor\node_modules\jasmine-core\lib\jasmine-core\jasmine.js:987:25)
    at Function.next.fail (C:\Users\Ravikiran\AppData\Roaming\npm\node_modules\protractor\node_modules\jasmine-core\lib\jasmine-core\jasmine.js:1903:19)
    at C:\Users\Ravikiran\AppData\Roaming\npm\node_modules\protractor\node_modules\jasminewd2\index.js:61:7
    at ControlFlow.emit (C:\Users\Ravikiran\AppData\Roaming\npm\node_modules\protractor\node_modules\selenium-webdriver\lib\events.js:62:21)
    at ControlFlow.shutdown_ (C:\Users\Ravikiran\AppData\Roaming\npm\node_modules\protractor\node_modules\selenium-webdriver\lib\promise.js:2565:10)
    at shutdownTask_.MicroTask (C:\Users\Ravikiran\AppData\Roaming\npm\node_modules\protractor\node_modules\selenium-webdriver\lib\promise.js:2490:53)</stack-trace>
			</failure>
		</test-case>
		<test-case start="1489058154001" stop="1489058156438" status="failed">
			<name>Comparing value or text of link in footer at index 6</name>
			<title>Comparing value or text of link in footer at index 6</title>
			<description></description>
			<labels>
			</labels>
			<parameters>
			</parameters>
			<steps>
			</steps>
			<attachments>
				<attachment title="Screenshot" source="a5858f0d-78ec-4e68-8ba5-245e16ccbb6b-attachment.png" type="image/png" size="200511"/>
			</attachments>
			<failure>
				<message>Failed: Index out of bound. Trying to access element at index: 6, but there are only 0 elements that match locator By(css selector, section[data-widget=&apos;footer&apos;] footer ul:not([class=&apos;social-links&apos;]) li a)</message>
				<stack-trace>NoSuchElementError: Index out of bound. Trying to access element at index: 6, but there are only 0 elements that match locator By(css selector, section[data-widget=&apos;footer&apos;] footer ul:not([class=&apos;social-links&apos;]) li a)
    at WebDriverError (C:\Users\Ravikiran\AppData\Roaming\npm\node_modules\protractor\node_modules\selenium-webdriver\lib\error.js:27:5)
    at NoSuchElementError (C:\Users\Ravikiran\AppData\Roaming\npm\node_modules\protractor\node_modules\selenium-webdriver\lib\error.js:168:5)
    at selenium_webdriver_1.promise.all.then (C:\Users\Ravikiran\AppData\Roaming\npm\node_modules\protractor\lib\element.ts:284:17)
    at ManagedPromise.invokeCallback_ (C:\Users\Ravikiran\AppData\Roaming\npm\node_modules\protractor\node_modules\selenium-webdriver\lib\promise.js:1366:14)
    at TaskQueue.execute_ (C:\Users\Ravikiran\AppData\Roaming\npm\node_modules\protractor\node_modules\selenium-webdriver\lib\promise.js:2970:14)
    at TaskQueue.executeNext_ (C:\Users\Ravikiran\AppData\Roaming\npm\node_modules\protractor\node_modules\selenium-webdriver\lib\promise.js:2953:27)
    at asyncRun (C:\Users\Ravikiran\AppData\Roaming\npm\node_modules\protractor\node_modules\selenium-webdriver\lib\promise.js:2813:27)
    at C:\Users\Ravikiran\AppData\Roaming\npm\node_modules\protractor\node_modules\selenium-webdriver\lib\promise.js:676:7
    at process._tickCallback (internal/process/next_tick.js:103:7)Error
    at ElementArrayFinder.applyAction_ (C:\Users\Ravikiran\AppData\Roaming\npm\node_modules\protractor\lib\element.ts:463:23)
    at ElementArrayFinder.(anonymous function) [as getText] (C:\Users\Ravikiran\AppData\Roaming\npm\node_modules\protractor\lib\element.ts:95:21)
    at ElementFinder.(anonymous function) [as getText] (C:\Users\Ravikiran\AppData\Roaming\npm\node_modules\protractor\lib\element.ts:841:14)
    at Object.&lt;anonymous&gt; (E:\protractorcms\cyborg\features\FT\common\ft_common.js:51:46)
    at C:\Users\Ravikiran\AppData\Roaming\npm\node_modules\protractor\node_modules\jasminewd2\index.js:102:25
    at new ManagedPromise (C:\Users\Ravikiran\AppData\Roaming\npm\node_modules\protractor\node_modules\selenium-webdriver\lib\promise.js:1067:7)
    at controlFlowExecute (C:\Users\Ravikiran\AppData\Roaming\npm\node_modules\protractor\node_modules\jasminewd2\index.js:87:18)
    at TaskQueue.execute_ (C:\Users\Ravikiran\AppData\Roaming\npm\node_modules\protractor\node_modules\selenium-webdriver\lib\promise.js:2970:14)
    at TaskQueue.executeNext_ (C:\Users\Ravikiran\AppData\Roaming\npm\node_modules\protractor\node_modules\selenium-webdriver\lib\promise.js:2953:27)
    at asyncRun (C:\Users\Ravikiran\AppData\Roaming\npm\node_modules\protractor\node_modules\selenium-webdriver\lib\promise.js:2813:27)
From: Task: Run it(&quot;Comparing value or text of link in footer at index 6&quot;) in control flow
    at Object.&lt;anonymous&gt; (C:\Users\Ravikiran\AppData\Roaming\npm\node_modules\protractor\node_modules\jasminewd2\index.js:86:14)
    at attemptAsync (C:\Users\Ravikiran\AppData\Roaming\npm\node_modules\protractor\node_modules\jasmine-core\lib\jasmine-core\jasmine.js:1916:24)
    at QueueRunner.run (C:\Users\Ravikiran\AppData\Roaming\npm\node_modules\protractor\node_modules\jasmine-core\lib\jasmine-core\jasmine.js:1871:9)
    at QueueRunner.execute (C:\Users\Ravikiran\AppData\Roaming\npm\node_modules\protractor\node_modules\jasmine-core\lib\jasmine-core\jasmine.js:1859:10)
    at Spec.queueRunnerFactory (C:\Users\Ravikiran\AppData\Roaming\npm\node_modules\protractor\node_modules\jasmine-core\lib\jasmine-core\jasmine.js:697:35)
    at Spec.execute (C:\Users\Ravikiran\AppData\Roaming\npm\node_modules\protractor\node_modules\jasmine-core\lib\jasmine-core\jasmine.js:359:10)
    at Object.fn (C:\Users\Ravikiran\AppData\Roaming\npm\node_modules\protractor\node_modules\jasmine-core\lib\jasmine-core\jasmine.js:2479:37)
    at attemptAsync (C:\Users\Ravikiran\AppData\Roaming\npm\node_modules\protractor\node_modules\jasmine-core\lib\jasmine-core\jasmine.js:1916:24)
    at QueueRunner.run (C:\Users\Ravikiran\AppData\Roaming\npm\node_modules\protractor\node_modules\jasmine-core\lib\jasmine-core\jasmine.js:1871:9)
    at C:\Users\Ravikiran\AppData\Roaming\npm\node_modules\protractor\node_modules\jasmine-core\lib\jasmine-core\jasmine.js:1898:16
From asynchronous test: 
Error
    at validatingFooterLinkAndText (E:\protractorcms\cyborg\features\FT\common\ft_common.js:50:9)
    at ft_common.validateFooterLinksAndText (E:\protractorcms\cyborg\features\FT\common\ft_common.js:43:13)
    at Suite.&lt;anonymous&gt; (E:\protractorcms\cyborg\features\FT\FT-002\FT-002.js:13:15)
    at addSpecsToSuite (C:\Users\Ravikiran\AppData\Roaming\npm\node_modules\protractor\node_modules\jasmine-core\lib\jasmine-core\jasmine.js:833:25)
    at Env.describe (C:\Users\Ravikiran\AppData\Roaming\npm\node_modules\protractor\node_modules\jasmine-core\lib\jasmine-core\jasmine.js:802:7)
    at describe (C:\Users\Ravikiran\AppData\Roaming\npm\node_modules\protractor\node_modules\jasmine-core\lib\jasmine-core\jasmine.js:3375:18)
    at Object.&lt;anonymous&gt; (E:\protractorcms\cyborg\features\FT\FT-002\FT-002.js:11:1)
    at Module._compile (module.js:570:32)
    at Object.Module._extensions..js (module.js:579:10)</stack-trace>
			</failure>
		</test-case>
		<test-case start="1489058156438" stop="1489058158924" status="failed">
			<name>Comparing href values of links in footer at index 6</name>
			<title>Comparing href values of links in footer at index 6</title>
			<description></description>
			<labels>
			</labels>
			<parameters>
			</parameters>
			<steps>
			</steps>
			<attachments>
				<attachment title="Screenshot" source="116899a6-5dab-40a8-8ea9-6c87f326cc38-attachment.png" type="image/png" size="200511"/>
			</attachments>
			<failure>
				<message>Failed: Index out of bound. Trying to access element at index: 6, but there are only 0 elements that match locator By(css selector, section[data-widget=&apos;footer&apos;] footer ul:not([class=&apos;social-links&apos;]) li a)</message>
				<stack-trace>NoSuchElementError: Index out of bound. Trying to access element at index: 6, but there are only 0 elements that match locator By(css selector, section[data-widget=&apos;footer&apos;] footer ul:not([class=&apos;social-links&apos;]) li a)
    at WebDriverError (C:\Users\Ravikiran\AppData\Roaming\npm\node_modules\protractor\node_modules\selenium-webdriver\lib\error.js:27:5)
    at NoSuchElementError (C:\Users\Ravikiran\AppData\Roaming\npm\node_modules\protractor\node_modules\selenium-webdriver\lib\error.js:168:5)
    at selenium_webdriver_1.promise.all.then (C:\Users\Ravikiran\AppData\Roaming\npm\node_modules\protractor\lib\element.ts:284:17)
    at ManagedPromise.invokeCallback_ (C:\Users\Ravikiran\AppData\Roaming\npm\node_modules\protractor\node_modules\selenium-webdriver\lib\promise.js:1366:14)
    at TaskQueue.execute_ (C:\Users\Ravikiran\AppData\Roaming\npm\node_modules\protractor\node_modules\selenium-webdriver\lib\promise.js:2970:14)
    at TaskQueue.executeNext_ (C:\Users\Ravikiran\AppData\Roaming\npm\node_modules\protractor\node_modules\selenium-webdriver\lib\promise.js:2953:27)
    at asyncRun (C:\Users\Ravikiran\AppData\Roaming\npm\node_modules\protractor\node_modules\selenium-webdriver\lib\promise.js:2813:27)
    at C:\Users\Ravikiran\AppData\Roaming\npm\node_modules\protractor\node_modules\selenium-webdriver\lib\promise.js:676:7
    at process._tickCallback (internal/process/next_tick.js:103:7)Error
    at ElementArrayFinder.applyAction_ (C:\Users\Ravikiran\AppData\Roaming\npm\node_modules\protractor\lib\element.ts:463:23)
    at ElementArrayFinder.(anonymous function) [as getAttribute] (C:\Users\Ravikiran\AppData\Roaming\npm\node_modules\protractor\lib\element.ts:95:21)
    at ElementFinder.(anonymous function) [as getAttribute] (C:\Users\Ravikiran\AppData\Roaming\npm\node_modules\protractor\lib\element.ts:841:14)
    at Object.&lt;anonymous&gt; (E:\protractorcms\cyborg\features\FT\common\ft_common.js:20:39)
    at C:\Users\Ravikiran\AppData\Roaming\npm\node_modules\protractor\node_modules\jasminewd2\index.js:102:25
    at new ManagedPromise (C:\Users\Ravikiran\AppData\Roaming\npm\node_modules\protractor\node_modules\selenium-webdriver\lib\promise.js:1067:7)
    at controlFlowExecute (C:\Users\Ravikiran\AppData\Roaming\npm\node_modules\protractor\node_modules\jasminewd2\index.js:87:18)
    at TaskQueue.execute_ (C:\Users\Ravikiran\AppData\Roaming\npm\node_modules\protractor\node_modules\selenium-webdriver\lib\promise.js:2970:14)
    at TaskQueue.executeNext_ (C:\Users\Ravikiran\AppData\Roaming\npm\node_modules\protractor\node_modules\selenium-webdriver\lib\promise.js:2953:27)
    at asyncRun (C:\Users\Ravikiran\AppData\Roaming\npm\node_modules\protractor\node_modules\selenium-webdriver\lib\promise.js:2813:27)
From: Task: Run it(&quot;Comparing href values of links in footer at index 6&quot;) in control flow
    at Object.&lt;anonymous&gt; (C:\Users\Ravikiran\AppData\Roaming\npm\node_modules\protractor\node_modules\jasminewd2\index.js:86:14)
    at attemptAsync (C:\Users\Ravikiran\AppData\Roaming\npm\node_modules\protractor\node_modules\jasmine-core\lib\jasmine-core\jasmine.js:1916:24)
    at QueueRunner.run (C:\Users\Ravikiran\AppData\Roaming\npm\node_modules\protractor\node_modules\jasmine-core\lib\jasmine-core\jasmine.js:1871:9)
    at QueueRunner.execute (C:\Users\Ravikiran\AppData\Roaming\npm\node_modules\protractor\node_modules\jasmine-core\lib\jasmine-core\jasmine.js:1859:10)
    at Spec.queueRunnerFactory (C:\Users\Ravikiran\AppData\Roaming\npm\node_modules\protractor\node_modules\jasmine-core\lib\jasmine-core\jasmine.js:697:35)
    at Spec.execute (C:\Users\Ravikiran\AppData\Roaming\npm\node_modules\protractor\node_modules\jasmine-core\lib\jasmine-core\jasmine.js:359:10)
    at Object.fn (C:\Users\Ravikiran\AppData\Roaming\npm\node_modules\protractor\node_modules\jasmine-core\lib\jasmine-core\jasmine.js:2479:37)
    at attemptAsync (C:\Users\Ravikiran\AppData\Roaming\npm\node_modules\protractor\node_modules\jasmine-core\lib\jasmine-core\jasmine.js:1916:24)
    at QueueRunner.run (C:\Users\Ravikiran\AppData\Roaming\npm\node_modules\protractor\node_modules\jasmine-core\lib\jasmine-core\jasmine.js:1871:9)
    at C:\Users\Ravikiran\AppData\Roaming\npm\node_modules\protractor\node_modules\jasmine-core\lib\jasmine-core\jasmine.js:1898:16
From asynchronous test: 
Error
    at validatingLinks (E:\protractorcms\cyborg\features\FT\common\ft_common.js:19:9)
    at validatingFooterLinkAndText (E:\protractorcms\cyborg\features\FT\common\ft_common.js:55:9)
    at ft_common.validateFooterLinksAndText (E:\protractorcms\cyborg\features\FT\common\ft_common.js:43:13)
    at Suite.&lt;anonymous&gt; (E:\protractorcms\cyborg\features\FT\FT-002\FT-002.js:13:15)
    at addSpecsToSuite (C:\Users\Ravikiran\AppData\Roaming\npm\node_modules\protractor\node_modules\jasmine-core\lib\jasmine-core\jasmine.js:833:25)
    at Env.describe (C:\Users\Ravikiran\AppData\Roaming\npm\node_modules\protractor\node_modules\jasmine-core\lib\jasmine-core\jasmine.js:802:7)
    at describe (C:\Users\Ravikiran\AppData\Roaming\npm\node_modules\protractor\node_modules\jasmine-core\lib\jasmine-core\jasmine.js:3375:18)
    at Object.&lt;anonymous&gt; (E:\protractorcms\cyborg\features\FT\FT-002\FT-002.js:11:1)
    at Module._compile (module.js:570:32)</stack-trace>
			</failure>
		</test-case>
		<test-case start="1489058158924" stop="1489058161322" status="failed">
			<name>Clicking links in footer at idx 6</name>
			<title>Clicking links in footer at idx 6</title>
			<description></description>
			<labels>
			</labels>
			<parameters>
			</parameters>
			<steps>
			</steps>
			<attachments>
				<attachment title="Screenshot" source="414fc4e4-1657-47f3-8488-8c20e19a0f3e-attachment.png" type="image/png" size="200511"/>
			</attachments>
			<failure>
				<message>Failed: Failed to click on the WebElement and the exception is:NoSuchElementError: Index out of bound. Trying to access element at index: 6, but there are only 0 elements that match locator By(css selector, section[data-widget=&apos;footer&apos;] footer ul:not([class=&apos;social-links&apos;]) li a)</message>
				<stack-trace>Error: Failed: Failed to click on the WebElement and the exception is:NoSuchElementError: Index out of bound. Trying to access element at index: 6, but there are only 0 elements that match locator By(css selector, section[data-widget=&apos;footer&apos;] footer ul:not([class=&apos;social-links&apos;]) li a)
    at stack (C:\Users\Ravikiran\AppData\Roaming\npm\node_modules\protractor\node_modules\jasmine-core\lib\jasmine-core\jasmine.js:1577:17)
    at buildExpectationResult (C:\Users\Ravikiran\AppData\Roaming\npm\node_modules\protractor\node_modules\jasmine-core\lib\jasmine-core\jasmine.js:1547:14)
    at Spec.expectationResultFactory (C:\Users\Ravikiran\AppData\Roaming\npm\node_modules\protractor\node_modules\jasmine-core\lib\jasmine-core\jasmine.js:638:18)
    at Spec.addExpectationResult (C:\Users\Ravikiran\AppData\Roaming\npm\node_modules\protractor\node_modules\jasmine-core\lib\jasmine-core\jasmine.js:330:34)
    at Env.fail (C:\Users\Ravikiran\AppData\Roaming\npm\node_modules\protractor\node_modules\jasmine-core\lib\jasmine-core\jasmine.js:987:25)
    at Function.next.fail (C:\Users\Ravikiran\AppData\Roaming\npm\node_modules\protractor\node_modules\jasmine-core\lib\jasmine-core\jasmine.js:1903:19)
    at C:\Users\Ravikiran\AppData\Roaming\npm\node_modules\protractor\node_modules\jasminewd2\index.js:61:7
    at ControlFlow.emit (C:\Users\Ravikiran\AppData\Roaming\npm\node_modules\protractor\node_modules\selenium-webdriver\lib\events.js:62:21)
    at ControlFlow.shutdown_ (C:\Users\Ravikiran\AppData\Roaming\npm\node_modules\protractor\node_modules\selenium-webdriver\lib\promise.js:2565:10)
    at shutdownTask_.MicroTask (C:\Users\Ravikiran\AppData\Roaming\npm\node_modules\protractor\node_modules\selenium-webdriver\lib\promise.js:2490:53)</stack-trace>
			</failure>
		</test-case>
		<test-case start="1489058161322" stop="1489058161680" status="failed">
			<name>Shifting windows and validating them of link at index 6</name>
			<title>Shifting windows and validating them of link at index 6</title>
			<description></description>
			<labels>
			</labels>
			<parameters>
			</parameters>
			<steps>
			</steps>
			<attachments>
				<attachment title="Screenshot" source="7961e961-00e3-4b97-9301-3ad9af5cdbca-attachment.png" type="image/png" size="200511"/>
			</attachments>
			<failure>
				<message>Failed: Error occurred while clicking browser back by comparing before and after Urls:DiscardedTaskError: Task was discarded due to a previous failure: Index out of bound. Trying to access element at index: 6, but there are only 0 elements that match locator By(css selector, section[data-widget=&apos;footer&apos;] footer ul:not([class=&apos;social-links&apos;]) li a)</message>
				<stack-trace>Error: Failed: Error occurred while clicking browser back by comparing before and after Urls:DiscardedTaskError: Task was discarded due to a previous failure: Index out of bound. Trying to access element at index: 6, but there are only 0 elements that match locator By(css selector, section[data-widget=&apos;footer&apos;] footer ul:not([class=&apos;social-links&apos;]) li a)
    at stack (C:\Users\Ravikiran\AppData\Roaming\npm\node_modules\protractor\node_modules\jasmine-core\lib\jasmine-core\jasmine.js:1577:17)
    at buildExpectationResult (C:\Users\Ravikiran\AppData\Roaming\npm\node_modules\protractor\node_modules\jasmine-core\lib\jasmine-core\jasmine.js:1547:14)
    at Spec.expectationResultFactory (C:\Users\Ravikiran\AppData\Roaming\npm\node_modules\protractor\node_modules\jasmine-core\lib\jasmine-core\jasmine.js:638:18)
    at Spec.addExpectationResult (C:\Users\Ravikiran\AppData\Roaming\npm\node_modules\protractor\node_modules\jasmine-core\lib\jasmine-core\jasmine.js:330:34)
    at Env.fail (C:\Users\Ravikiran\AppData\Roaming\npm\node_modules\protractor\node_modules\jasmine-core\lib\jasmine-core\jasmine.js:987:25)
    at Function.next.fail (C:\Users\Ravikiran\AppData\Roaming\npm\node_modules\protractor\node_modules\jasmine-core\lib\jasmine-core\jasmine.js:1903:19)
    at C:\Users\Ravikiran\AppData\Roaming\npm\node_modules\protractor\node_modules\jasminewd2\index.js:61:7
    at ControlFlow.emit (C:\Users\Ravikiran\AppData\Roaming\npm\node_modules\protractor\node_modules\selenium-webdriver\lib\events.js:62:21)
    at ControlFlow.shutdown_ (C:\Users\Ravikiran\AppData\Roaming\npm\node_modules\protractor\node_modules\selenium-webdriver\lib\promise.js:2565:10)
    at shutdownTask_.MicroTask (C:\Users\Ravikiran\AppData\Roaming\npm\node_modules\protractor\node_modules\selenium-webdriver\lib\promise.js:2490:53)</stack-trace>
			</failure>
		</test-case>
		<test-case start="1489058161680" stop="1489058164071" status="failed">
			<name>Comparing value or text of link in footer at index 7</name>
			<title>Comparing value or text of link in footer at index 7</title>
			<description></description>
			<labels>
			</labels>
			<parameters>
			</parameters>
			<steps>
			</steps>
			<attachments>
				<attachment title="Screenshot" source="2eb00bab-0082-4463-a02e-85c658fc2b28-attachment.png" type="image/png" size="200511"/>
			</attachments>
			<failure>
				<message>Failed: Index out of bound. Trying to access element at index: 7, but there are only 0 elements that match locator By(css selector, section[data-widget=&apos;footer&apos;] footer ul:not([class=&apos;social-links&apos;]) li a)</message>
				<stack-trace>NoSuchElementError: Index out of bound. Trying to access element at index: 7, but there are only 0 elements that match locator By(css selector, section[data-widget=&apos;footer&apos;] footer ul:not([class=&apos;social-links&apos;]) li a)
    at WebDriverError (C:\Users\Ravikiran\AppData\Roaming\npm\node_modules\protractor\node_modules\selenium-webdriver\lib\error.js:27:5)
    at NoSuchElementError (C:\Users\Ravikiran\AppData\Roaming\npm\node_modules\protractor\node_modules\selenium-webdriver\lib\error.js:168:5)
    at selenium_webdriver_1.promise.all.then (C:\Users\Ravikiran\AppData\Roaming\npm\node_modules\protractor\lib\element.ts:284:17)
    at ManagedPromise.invokeCallback_ (C:\Users\Ravikiran\AppData\Roaming\npm\node_modules\protractor\node_modules\selenium-webdriver\lib\promise.js:1366:14)
    at TaskQueue.execute_ (C:\Users\Ravikiran\AppData\Roaming\npm\node_modules\protractor\node_modules\selenium-webdriver\lib\promise.js:2970:14)
    at TaskQueue.executeNext_ (C:\Users\Ravikiran\AppData\Roaming\npm\node_modules\protractor\node_modules\selenium-webdriver\lib\promise.js:2953:27)
    at asyncRun (C:\Users\Ravikiran\AppData\Roaming\npm\node_modules\protractor\node_modules\selenium-webdriver\lib\promise.js:2813:27)
    at C:\Users\Ravikiran\AppData\Roaming\npm\node_modules\protractor\node_modules\selenium-webdriver\lib\promise.js:676:7
    at process._tickCallback (internal/process/next_tick.js:103:7)Error
    at ElementArrayFinder.applyAction_ (C:\Users\Ravikiran\AppData\Roaming\npm\node_modules\protractor\lib\element.ts:463:23)
    at ElementArrayFinder.(anonymous function) [as getText] (C:\Users\Ravikiran\AppData\Roaming\npm\node_modules\protractor\lib\element.ts:95:21)
    at ElementFinder.(anonymous function) [as getText] (C:\Users\Ravikiran\AppData\Roaming\npm\node_modules\protractor\lib\element.ts:841:14)
    at Object.&lt;anonymous&gt; (E:\protractorcms\cyborg\features\FT\common\ft_common.js:51:46)
    at C:\Users\Ravikiran\AppData\Roaming\npm\node_modules\protractor\node_modules\jasminewd2\index.js:102:25
    at new ManagedPromise (C:\Users\Ravikiran\AppData\Roaming\npm\node_modules\protractor\node_modules\selenium-webdriver\lib\promise.js:1067:7)
    at controlFlowExecute (C:\Users\Ravikiran\AppData\Roaming\npm\node_modules\protractor\node_modules\jasminewd2\index.js:87:18)
    at TaskQueue.execute_ (C:\Users\Ravikiran\AppData\Roaming\npm\node_modules\protractor\node_modules\selenium-webdriver\lib\promise.js:2970:14)
    at TaskQueue.executeNext_ (C:\Users\Ravikiran\AppData\Roaming\npm\node_modules\protractor\node_modules\selenium-webdriver\lib\promise.js:2953:27)
    at asyncRun (C:\Users\Ravikiran\AppData\Roaming\npm\node_modules\protractor\node_modules\selenium-webdriver\lib\promise.js:2813:27)
From: Task: Run it(&quot;Comparing value or text of link in footer at index 7&quot;) in control flow
    at Object.&lt;anonymous&gt; (C:\Users\Ravikiran\AppData\Roaming\npm\node_modules\protractor\node_modules\jasminewd2\index.js:86:14)
    at attemptAsync (C:\Users\Ravikiran\AppData\Roaming\npm\node_modules\protractor\node_modules\jasmine-core\lib\jasmine-core\jasmine.js:1916:24)
    at QueueRunner.run (C:\Users\Ravikiran\AppData\Roaming\npm\node_modules\protractor\node_modules\jasmine-core\lib\jasmine-core\jasmine.js:1871:9)
    at QueueRunner.execute (C:\Users\Ravikiran\AppData\Roaming\npm\node_modules\protractor\node_modules\jasmine-core\lib\jasmine-core\jasmine.js:1859:10)
    at Spec.queueRunnerFactory (C:\Users\Ravikiran\AppData\Roaming\npm\node_modules\protractor\node_modules\jasmine-core\lib\jasmine-core\jasmine.js:697:35)
    at Spec.execute (C:\Users\Ravikiran\AppData\Roaming\npm\node_modules\protractor\node_modules\jasmine-core\lib\jasmine-core\jasmine.js:359:10)
    at Object.fn (C:\Users\Ravikiran\AppData\Roaming\npm\node_modules\protractor\node_modules\jasmine-core\lib\jasmine-core\jasmine.js:2479:37)
    at attemptAsync (C:\Users\Ravikiran\AppData\Roaming\npm\node_modules\protractor\node_modules\jasmine-core\lib\jasmine-core\jasmine.js:1916:24)
    at QueueRunner.run (C:\Users\Ravikiran\AppData\Roaming\npm\node_modules\protractor\node_modules\jasmine-core\lib\jasmine-core\jasmine.js:1871:9)
    at C:\Users\Ravikiran\AppData\Roaming\npm\node_modules\protractor\node_modules\jasmine-core\lib\jasmine-core\jasmine.js:1898:16
From asynchronous test: 
Error
    at validatingFooterLinkAndText (E:\protractorcms\cyborg\features\FT\common\ft_common.js:50:9)
    at ft_common.validateFooterLinksAndText (E:\protractorcms\cyborg\features\FT\common\ft_common.js:43:13)
    at Suite.&lt;anonymous&gt; (E:\protractorcms\cyborg\features\FT\FT-002\FT-002.js:13:15)
    at addSpecsToSuite (C:\Users\Ravikiran\AppData\Roaming\npm\node_modules\protractor\node_modules\jasmine-core\lib\jasmine-core\jasmine.js:833:25)
    at Env.describe (C:\Users\Ravikiran\AppData\Roaming\npm\node_modules\protractor\node_modules\jasmine-core\lib\jasmine-core\jasmine.js:802:7)
    at describe (C:\Users\Ravikiran\AppData\Roaming\npm\node_modules\protractor\node_modules\jasmine-core\lib\jasmine-core\jasmine.js:3375:18)
    at Object.&lt;anonymous&gt; (E:\protractorcms\cyborg\features\FT\FT-002\FT-002.js:11:1)
    at Module._compile (module.js:570:32)
    at Object.Module._extensions..js (module.js:579:10)</stack-trace>
			</failure>
		</test-case>
		<test-case start="1489058164071" stop="1489058166474" status="failed">
			<name>Comparing href values of links in footer at index 7</name>
			<title>Comparing href values of links in footer at index 7</title>
			<description></description>
			<labels>
			</labels>
			<parameters>
			</parameters>
			<steps>
			</steps>
			<attachments>
				<attachment title="Screenshot" source="a83520f9-8ed2-44f6-ac1e-d7ce0c4971e3-attachment.png" type="image/png" size="200511"/>
			</attachments>
			<failure>
				<message>Failed: Index out of bound. Trying to access element at index: 7, but there are only 0 elements that match locator By(css selector, section[data-widget=&apos;footer&apos;] footer ul:not([class=&apos;social-links&apos;]) li a)</message>
				<stack-trace>NoSuchElementError: Index out of bound. Trying to access element at index: 7, but there are only 0 elements that match locator By(css selector, section[data-widget=&apos;footer&apos;] footer ul:not([class=&apos;social-links&apos;]) li a)
    at WebDriverError (C:\Users\Ravikiran\AppData\Roaming\npm\node_modules\protractor\node_modules\selenium-webdriver\lib\error.js:27:5)
    at NoSuchElementError (C:\Users\Ravikiran\AppData\Roaming\npm\node_modules\protractor\node_modules\selenium-webdriver\lib\error.js:168:5)
    at selenium_webdriver_1.promise.all.then (C:\Users\Ravikiran\AppData\Roaming\npm\node_modules\protractor\lib\element.ts:284:17)
    at ManagedPromise.invokeCallback_ (C:\Users\Ravikiran\AppData\Roaming\npm\node_modules\protractor\node_modules\selenium-webdriver\lib\promise.js:1366:14)
    at TaskQueue.execute_ (C:\Users\Ravikiran\AppData\Roaming\npm\node_modules\protractor\node_modules\selenium-webdriver\lib\promise.js:2970:14)
    at TaskQueue.executeNext_ (C:\Users\Ravikiran\AppData\Roaming\npm\node_modules\protractor\node_modules\selenium-webdriver\lib\promise.js:2953:27)
    at asyncRun (C:\Users\Ravikiran\AppData\Roaming\npm\node_modules\protractor\node_modules\selenium-webdriver\lib\promise.js:2813:27)
    at C:\Users\Ravikiran\AppData\Roaming\npm\node_modules\protractor\node_modules\selenium-webdriver\lib\promise.js:676:7
    at process._tickCallback (internal/process/next_tick.js:103:7)Error
    at ElementArrayFinder.applyAction_ (C:\Users\Ravikiran\AppData\Roaming\npm\node_modules\protractor\lib\element.ts:463:23)
    at ElementArrayFinder.(anonymous function) [as getAttribute] (C:\Users\Ravikiran\AppData\Roaming\npm\node_modules\protractor\lib\element.ts:95:21)
    at ElementFinder.(anonymous function) [as getAttribute] (C:\Users\Ravikiran\AppData\Roaming\npm\node_modules\protractor\lib\element.ts:841:14)
    at Object.&lt;anonymous&gt; (E:\protractorcms\cyborg\features\FT\common\ft_common.js:20:39)
    at C:\Users\Ravikiran\AppData\Roaming\npm\node_modules\protractor\node_modules\jasminewd2\index.js:102:25
    at new ManagedPromise (C:\Users\Ravikiran\AppData\Roaming\npm\node_modules\protractor\node_modules\selenium-webdriver\lib\promise.js:1067:7)
    at controlFlowExecute (C:\Users\Ravikiran\AppData\Roaming\npm\node_modules\protractor\node_modules\jasminewd2\index.js:87:18)
    at TaskQueue.execute_ (C:\Users\Ravikiran\AppData\Roaming\npm\node_modules\protractor\node_modules\selenium-webdriver\lib\promise.js:2970:14)
    at TaskQueue.executeNext_ (C:\Users\Ravikiran\AppData\Roaming\npm\node_modules\protractor\node_modules\selenium-webdriver\lib\promise.js:2953:27)
    at asyncRun (C:\Users\Ravikiran\AppData\Roaming\npm\node_modules\protractor\node_modules\selenium-webdriver\lib\promise.js:2813:27)
From: Task: Run it(&quot;Comparing href values of links in footer at index 7&quot;) in control flow
    at Object.&lt;anonymous&gt; (C:\Users\Ravikiran\AppData\Roaming\npm\node_modules\protractor\node_modules\jasminewd2\index.js:86:14)
    at attemptAsync (C:\Users\Ravikiran\AppData\Roaming\npm\node_modules\protractor\node_modules\jasmine-core\lib\jasmine-core\jasmine.js:1916:24)
    at QueueRunner.run (C:\Users\Ravikiran\AppData\Roaming\npm\node_modules\protractor\node_modules\jasmine-core\lib\jasmine-core\jasmine.js:1871:9)
    at QueueRunner.execute (C:\Users\Ravikiran\AppData\Roaming\npm\node_modules\protractor\node_modules\jasmine-core\lib\jasmine-core\jasmine.js:1859:10)
    at Spec.queueRunnerFactory (C:\Users\Ravikiran\AppData\Roaming\npm\node_modules\protractor\node_modules\jasmine-core\lib\jasmine-core\jasmine.js:697:35)
    at Spec.execute (C:\Users\Ravikiran\AppData\Roaming\npm\node_modules\protractor\node_modules\jasmine-core\lib\jasmine-core\jasmine.js:359:10)
    at Object.fn (C:\Users\Ravikiran\AppData\Roaming\npm\node_modules\protractor\node_modules\jasmine-core\lib\jasmine-core\jasmine.js:2479:37)
    at attemptAsync (C:\Users\Ravikiran\AppData\Roaming\npm\node_modules\protractor\node_modules\jasmine-core\lib\jasmine-core\jasmine.js:1916:24)
    at QueueRunner.run (C:\Users\Ravikiran\AppData\Roaming\npm\node_modules\protractor\node_modules\jasmine-core\lib\jasmine-core\jasmine.js:1871:9)
    at C:\Users\Ravikiran\AppData\Roaming\npm\node_modules\protractor\node_modules\jasmine-core\lib\jasmine-core\jasmine.js:1898:16
From asynchronous test: 
Error
    at validatingLinks (E:\protractorcms\cyborg\features\FT\common\ft_common.js:19:9)
    at validatingFooterLinkAndText (E:\protractorcms\cyborg\features\FT\common\ft_common.js:55:9)
    at ft_common.validateFooterLinksAndText (E:\protractorcms\cyborg\features\FT\common\ft_common.js:43:13)
    at Suite.&lt;anonymous&gt; (E:\protractorcms\cyborg\features\FT\FT-002\FT-002.js:13:15)
    at addSpecsToSuite (C:\Users\Ravikiran\AppData\Roaming\npm\node_modules\protractor\node_modules\jasmine-core\lib\jasmine-core\jasmine.js:833:25)
    at Env.describe (C:\Users\Ravikiran\AppData\Roaming\npm\node_modules\protractor\node_modules\jasmine-core\lib\jasmine-core\jasmine.js:802:7)
    at describe (C:\Users\Ravikiran\AppData\Roaming\npm\node_modules\protractor\node_modules\jasmine-core\lib\jasmine-core\jasmine.js:3375:18)
    at Object.&lt;anonymous&gt; (E:\protractorcms\cyborg\features\FT\FT-002\FT-002.js:11:1)
    at Module._compile (module.js:570:32)</stack-trace>
			</failure>
		</test-case>
		<test-case start="1489058166474" stop="1489058168919" status="failed">
			<name>Clicking links in footer at idx 7</name>
			<title>Clicking links in footer at idx 7</title>
			<description></description>
			<labels>
			</labels>
			<parameters>
			</parameters>
			<steps>
			</steps>
			<attachments>
				<attachment title="Screenshot" source="294e2153-06c5-4c4d-b3a3-a1f6cfc63718-attachment.png" type="image/png" size="200511"/>
			</attachments>
			<failure>
				<message>Failed: Failed to click on the WebElement and the exception is:NoSuchElementError: Index out of bound. Trying to access element at index: 7, but there are only 0 elements that match locator By(css selector, section[data-widget=&apos;footer&apos;] footer ul:not([class=&apos;social-links&apos;]) li a)</message>
				<stack-trace>Error: Failed: Failed to click on the WebElement and the exception is:NoSuchElementError: Index out of bound. Trying to access element at index: 7, but there are only 0 elements that match locator By(css selector, section[data-widget=&apos;footer&apos;] footer ul:not([class=&apos;social-links&apos;]) li a)
    at stack (C:\Users\Ravikiran\AppData\Roaming\npm\node_modules\protractor\node_modules\jasmine-core\lib\jasmine-core\jasmine.js:1577:17)
    at buildExpectationResult (C:\Users\Ravikiran\AppData\Roaming\npm\node_modules\protractor\node_modules\jasmine-core\lib\jasmine-core\jasmine.js:1547:14)
    at Spec.expectationResultFactory (C:\Users\Ravikiran\AppData\Roaming\npm\node_modules\protractor\node_modules\jasmine-core\lib\jasmine-core\jasmine.js:638:18)
    at Spec.addExpectationResult (C:\Users\Ravikiran\AppData\Roaming\npm\node_modules\protractor\node_modules\jasmine-core\lib\jasmine-core\jasmine.js:330:34)
    at Env.fail (C:\Users\Ravikiran\AppData\Roaming\npm\node_modules\protractor\node_modules\jasmine-core\lib\jasmine-core\jasmine.js:987:25)
    at Function.next.fail (C:\Users\Ravikiran\AppData\Roaming\npm\node_modules\protractor\node_modules\jasmine-core\lib\jasmine-core\jasmine.js:1903:19)
    at C:\Users\Ravikiran\AppData\Roaming\npm\node_modules\protractor\node_modules\jasminewd2\index.js:61:7
    at ControlFlow.emit (C:\Users\Ravikiran\AppData\Roaming\npm\node_modules\protractor\node_modules\selenium-webdriver\lib\events.js:62:21)
    at ControlFlow.shutdown_ (C:\Users\Ravikiran\AppData\Roaming\npm\node_modules\protractor\node_modules\selenium-webdriver\lib\promise.js:2565:10)
    at shutdownTask_.MicroTask (C:\Users\Ravikiran\AppData\Roaming\npm\node_modules\protractor\node_modules\selenium-webdriver\lib\promise.js:2490:53)</stack-trace>
			</failure>
		</test-case>
		<test-case start="1489058168919" stop="1489058169271" status="failed">
			<name>Shifting windows and validating them of link at index 7</name>
			<title>Shifting windows and validating them of link at index 7</title>
			<description></description>
			<labels>
			</labels>
			<parameters>
			</parameters>
			<steps>
			</steps>
			<attachments>
				<attachment title="Screenshot" source="6631bb64-a0e5-42bc-81ea-d62e255580ac-attachment.png" type="image/png" size="200511"/>
			</attachments>
			<failure>
				<message>Failed: Error occurred while clicking browser back by comparing before and after Urls:DiscardedTaskError: Task was discarded due to a previous failure: Index out of bound. Trying to access element at index: 7, but there are only 0 elements that match locator By(css selector, section[data-widget=&apos;footer&apos;] footer ul:not([class=&apos;social-links&apos;]) li a)</message>
				<stack-trace>Error: Failed: Error occurred while clicking browser back by comparing before and after Urls:DiscardedTaskError: Task was discarded due to a previous failure: Index out of bound. Trying to access element at index: 7, but there are only 0 elements that match locator By(css selector, section[data-widget=&apos;footer&apos;] footer ul:not([class=&apos;social-links&apos;]) li a)
    at stack (C:\Users\Ravikiran\AppData\Roaming\npm\node_modules\protractor\node_modules\jasmine-core\lib\jasmine-core\jasmine.js:1577:17)
    at buildExpectationResult (C:\Users\Ravikiran\AppData\Roaming\npm\node_modules\protractor\node_modules\jasmine-core\lib\jasmine-core\jasmine.js:1547:14)
    at Spec.expectationResultFactory (C:\Users\Ravikiran\AppData\Roaming\npm\node_modules\protractor\node_modules\jasmine-core\lib\jasmine-core\jasmine.js:638:18)
    at Spec.addExpectationResult (C:\Users\Ravikiran\AppData\Roaming\npm\node_modules\protractor\node_modules\jasmine-core\lib\jasmine-core\jasmine.js:330:34)
    at Env.fail (C:\Users\Ravikiran\AppData\Roaming\npm\node_modules\protractor\node_modules\jasmine-core\lib\jasmine-core\jasmine.js:987:25)
    at Function.next.fail (C:\Users\Ravikiran\AppData\Roaming\npm\node_modules\protractor\node_modules\jasmine-core\lib\jasmine-core\jasmine.js:1903:19)
    at C:\Users\Ravikiran\AppData\Roaming\npm\node_modules\protractor\node_modules\jasminewd2\index.js:61:7
    at ControlFlow.emit (C:\Users\Ravikiran\AppData\Roaming\npm\node_modules\protractor\node_modules\selenium-webdriver\lib\events.js:62:21)
    at ControlFlow.shutdown_ (C:\Users\Ravikiran\AppData\Roaming\npm\node_modules\protractor\node_modules\selenium-webdriver\lib\promise.js:2565:10)
    at shutdownTask_.MicroTask (C:\Users\Ravikiran\AppData\Roaming\npm\node_modules\protractor\node_modules\selenium-webdriver\lib\promise.js:2490:53)</stack-trace>
			</failure>
		</test-case>
	</test-cases>
</ns2:test-suite>