<?xml version="1.0" encoding="UTF-8"?>
<ns2:test-suite xmlns:ns2="urn:model.allure.qatools.yandex.ru" start="1488442763581" stop="1488442791633">
	<name>TA-006 TypeAhead-Location Suggestions Validation123</name>
	<title>TA-006 TypeAhead-Location Suggestions Validation123</title>
	<test-cases>
		<test-case start="1488442763582" stop="1488442782844" status="passed">
			<name>Loading Home Page </name>
			<title>Loading Home Page </title>
			<description></description>
			<labels>
			</labels>
			<parameters>
			</parameters>
			<steps>
			</steps>
			<attachments>
				<attachment title="Screenshot" source="c4e004f9-031e-4b98-b52d-10f1c726f399-attachment.png" type="image/png" size="322367"/>
			</attachments>
		</test-case>
		<test-case start="1488442782845" stop="1488442783064" status="passed">
			<name>Validate Correct page Loaded</name>
			<title>Validate Correct page Loaded</title>
			<description></description>
			<labels>
			</labels>
			<parameters>
			</parameters>
			<steps>
			</steps>
			<attachments>
				<attachment title="Screenshot" source="30080e3b-b921-4428-9bc8-4f641980d0c1-attachment.png" type="image/png" size="314307"/>
			</attachments>
		</test-case>
		<test-case start="1488442783064" stop="1488442783298" status="failed">
			<name>Entering  keyword New</name>
			<title>Entering  keyword New</title>
			<description></description>
			<labels>
			</labels>
			<parameters>
			</parameters>
			<steps>
			</steps>
			<attachments>
				<attachment title="Screenshot" source="a9230a6b-2bb5-4f0e-a4b5-bc7d934eb18b-attachment.png" type="image/png" size="314307"/>
			</attachments>
			<failure>
				<message>Failed: elemnetToClickOn.isDisplayed is not a function</message>
				<stack-trace>TypeError: elemnetToClickOn.isDisplayed is not a function
    at UserActions.Click (E:\protractorcms\cyborg\utility\user_actions.js:6:26)
    at Object.&lt;anonymous&gt; (E:\protractorcms\cyborg\features\TA\common\ta_common.js:31:21)
    at C:\Users\Ravikiran\AppData\Roaming\npm\node_modules\protractor\node_modules\jasminewd2\index.js:102:25
    at new ManagedPromise (C:\Users\Ravikiran\AppData\Roaming\npm\node_modules\protractor\node_modules\selenium-webdriver\lib\promise.js:1067:7)
    at controlFlowExecute (C:\Users\Ravikiran\AppData\Roaming\npm\node_modules\protractor\node_modules\jasminewd2\index.js:87:18)
    at TaskQueue.execute_ (C:\Users\Ravikiran\AppData\Roaming\npm\node_modules\protractor\node_modules\selenium-webdriver\lib\promise.js:2970:14)
    at TaskQueue.executeNext_ (C:\Users\Ravikiran\AppData\Roaming\npm\node_modules\protractor\node_modules\selenium-webdriver\lib\promise.js:2953:27)
    at asyncRun (C:\Users\Ravikiran\AppData\Roaming\npm\node_modules\protractor\node_modules\selenium-webdriver\lib\promise.js:2860:25)
    at C:\Users\Ravikiran\AppData\Roaming\npm\node_modules\protractor\node_modules\selenium-webdriver\lib\promise.js:676:7
    at process._tickCallback (internal/process/next_tick.js:103:7)
From: Task: Run it(&quot;Entering  keyword New&quot;) in control flow
    at Object.&lt;anonymous&gt; (C:\Users\Ravikiran\AppData\Roaming\npm\node_modules\protractor\node_modules\jasminewd2\index.js:86:14)
    at attemptAsync (C:\Users\Ravikiran\AppData\Roaming\npm\node_modules\protractor\node_modules\jasmine-core\lib\jasmine-core\jasmine.js:1916:24)
    at QueueRunner.run (C:\Users\Ravikiran\AppData\Roaming\npm\node_modules\protractor\node_modules\jasmine-core\lib\jasmine-core\jasmine.js:1871:9)
    at QueueRunner.execute (C:\Users\Ravikiran\AppData\Roaming\npm\node_modules\protractor\node_modules\jasmine-core\lib\jasmine-core\jasmine.js:1859:10)
    at Spec.queueRunnerFactory (C:\Users\Ravikiran\AppData\Roaming\npm\node_modules\protractor\node_modules\jasmine-core\lib\jasmine-core\jasmine.js:697:35)
    at Spec.execute (C:\Users\Ravikiran\AppData\Roaming\npm\node_modules\protractor\node_modules\jasmine-core\lib\jasmine-core\jasmine.js:359:10)
    at Object.fn (C:\Users\Ravikiran\AppData\Roaming\npm\node_modules\protractor\node_modules\jasmine-core\lib\jasmine-core\jasmine.js:2479:37)
    at attemptAsync (C:\Users\Ravikiran\AppData\Roaming\npm\node_modules\protractor\node_modules\jasmine-core\lib\jasmine-core\jasmine.js:1916:24)
    at QueueRunner.run (C:\Users\Ravikiran\AppData\Roaming\npm\node_modules\protractor\node_modules\jasmine-core\lib\jasmine-core\jasmine.js:1871:9)
    at C:\Users\Ravikiran\AppData\Roaming\npm\node_modules\protractor\node_modules\jasmine-core\lib\jasmine-core\jasmine.js:1898:16
From asynchronous test: 
Error
    at common.typeKeyword (E:\protractorcms\cyborg\features\TA\common\ta_common.js:30:5)
    at Suite.&lt;anonymous&gt; (E:\protractorcms\cyborg\features\TA\TA-006\TA-006.js:18:20)
    at addSpecsToSuite (C:\Users\Ravikiran\AppData\Roaming\npm\node_modules\protractor\node_modules\jasmine-core\lib\jasmine-core\jasmine.js:833:25)
    at Env.describe (C:\Users\Ravikiran\AppData\Roaming\npm\node_modules\protractor\node_modules\jasmine-core\lib\jasmine-core\jasmine.js:802:7)
    at describe (C:\Users\Ravikiran\AppData\Roaming\npm\node_modules\protractor\node_modules\jasmine-core\lib\jasmine-core\jasmine.js:3375:18)
    at Object.&lt;anonymous&gt; (E:\protractorcms\cyborg\features\TA\TA-006\TA-006.js:11:5)
    at Module._compile (module.js:570:32)
    at Object.Module._extensions..js (module.js:579:10)
    at Module.load (module.js:487:32)</stack-trace>
			</failure>
		</test-case>
		<test-case start="1488442783298" stop="1488442785731" status="failed">
			<name>Getting  all Locationsuggestions from TypeAhead New</name>
			<title>Getting  all Locationsuggestions from TypeAhead New</title>
			<description></description>
			<labels>
			</labels>
			<parameters>
			</parameters>
			<steps>
			</steps>
			<attachments>
				<attachment title="Screenshot" source="7acff20c-f9e7-4012-bed8-141d4bff7ff4-attachment.png" type="image/png" size="314307"/>
			</attachments>
			<failure>
				<message>Failed: logger is not defined</message>
				<stack-trace>ReferenceError: logger is not defined
    at E:\protractorcms\cyborg\features\TA\common\ta_common.js:42:13
    at ManagedPromise.invokeCallback_ (C:\Users\Ravikiran\AppData\Roaming\npm\node_modules\protractor\node_modules\selenium-webdriver\lib\promise.js:1366:14)
    at TaskQueue.execute_ (C:\Users\Ravikiran\AppData\Roaming\npm\node_modules\protractor\node_modules\selenium-webdriver\lib\promise.js:2970:14)
    at TaskQueue.executeNext_ (C:\Users\Ravikiran\AppData\Roaming\npm\node_modules\protractor\node_modules\selenium-webdriver\lib\promise.js:2953:27)
    at asyncRun (C:\Users\Ravikiran\AppData\Roaming\npm\node_modules\protractor\node_modules\selenium-webdriver\lib\promise.js:2813:27)
    at C:\Users\Ravikiran\AppData\Roaming\npm\node_modules\protractor\node_modules\selenium-webdriver\lib\promise.js:676:7
    at process._tickCallback (internal/process/next_tick.js:103:7)
From: Task: Run it(&quot;Getting  all Locationsuggestions from TypeAhead New&quot;) in control flow
    at Object.&lt;anonymous&gt; (C:\Users\Ravikiran\AppData\Roaming\npm\node_modules\protractor\node_modules\jasminewd2\index.js:86:14)
    at attemptAsync (C:\Users\Ravikiran\AppData\Roaming\npm\node_modules\protractor\node_modules\jasmine-core\lib\jasmine-core\jasmine.js:1916:24)
    at QueueRunner.run (C:\Users\Ravikiran\AppData\Roaming\npm\node_modules\protractor\node_modules\jasmine-core\lib\jasmine-core\jasmine.js:1871:9)
    at QueueRunner.execute (C:\Users\Ravikiran\AppData\Roaming\npm\node_modules\protractor\node_modules\jasmine-core\lib\jasmine-core\jasmine.js:1859:10)
    at Spec.queueRunnerFactory (C:\Users\Ravikiran\AppData\Roaming\npm\node_modules\protractor\node_modules\jasmine-core\lib\jasmine-core\jasmine.js:697:35)
    at Spec.execute (C:\Users\Ravikiran\AppData\Roaming\npm\node_modules\protractor\node_modules\jasmine-core\lib\jasmine-core\jasmine.js:359:10)
    at Object.fn (C:\Users\Ravikiran\AppData\Roaming\npm\node_modules\protractor\node_modules\jasmine-core\lib\jasmine-core\jasmine.js:2479:37)
    at attemptAsync (C:\Users\Ravikiran\AppData\Roaming\npm\node_modules\protractor\node_modules\jasmine-core\lib\jasmine-core\jasmine.js:1916:24)
    at QueueRunner.run (C:\Users\Ravikiran\AppData\Roaming\npm\node_modules\protractor\node_modules\jasmine-core\lib\jasmine-core\jasmine.js:1871:9)
    at C:\Users\Ravikiran\AppData\Roaming\npm\node_modules\protractor\node_modules\jasmine-core\lib\jasmine-core\jasmine.js:1898:16
From asynchronous test: 
Error
    at common.getAllSuggestionsAndValidate (E:\protractorcms\cyborg\features\TA\common\ta_common.js:39:5)
    at Suite.&lt;anonymous&gt; (E:\protractorcms\cyborg\features\TA\TA-006\TA-006.js:19:20)
    at addSpecsToSuite (C:\Users\Ravikiran\AppData\Roaming\npm\node_modules\protractor\node_modules\jasmine-core\lib\jasmine-core\jasmine.js:833:25)
    at Env.describe (C:\Users\Ravikiran\AppData\Roaming\npm\node_modules\protractor\node_modules\jasmine-core\lib\jasmine-core\jasmine.js:802:7)
    at describe (C:\Users\Ravikiran\AppData\Roaming\npm\node_modules\protractor\node_modules\jasmine-core\lib\jasmine-core\jasmine.js:3375:18)
    at Object.&lt;anonymous&gt; (E:\protractorcms\cyborg\features\TA\TA-006\TA-006.js:11:5)
    at Module._compile (module.js:570:32)
    at Object.Module._extensions..js (module.js:579:10)
    at Module.load (module.js:487:32)</stack-trace>
			</failure>
		</test-case>
		<test-case start="1488442785731" stop="1488442786153" status="failed">
			<name>Entering  keyword Ha</name>
			<title>Entering  keyword Ha</title>
			<description></description>
			<labels>
			</labels>
			<parameters>
			</parameters>
			<steps>
			</steps>
			<attachments>
				<attachment title="Screenshot" source="a94952e1-ad7e-496c-98e8-bf11676b4ea8-attachment.png" type="image/png" size="314307"/>
			</attachments>
			<failure>
				<message>Failed: elemnetToClickOn.isDisplayed is not a function</message>
				<stack-trace>TypeError: elemnetToClickOn.isDisplayed is not a function
    at UserActions.Click (E:\protractorcms\cyborg\utility\user_actions.js:6:26)
    at Object.&lt;anonymous&gt; (E:\protractorcms\cyborg\features\TA\common\ta_common.js:31:21)
    at C:\Users\Ravikiran\AppData\Roaming\npm\node_modules\protractor\node_modules\jasminewd2\index.js:102:25
    at new ManagedPromise (C:\Users\Ravikiran\AppData\Roaming\npm\node_modules\protractor\node_modules\selenium-webdriver\lib\promise.js:1067:7)
    at controlFlowExecute (C:\Users\Ravikiran\AppData\Roaming\npm\node_modules\protractor\node_modules\jasminewd2\index.js:87:18)
    at TaskQueue.execute_ (C:\Users\Ravikiran\AppData\Roaming\npm\node_modules\protractor\node_modules\selenium-webdriver\lib\promise.js:2970:14)
    at TaskQueue.executeNext_ (C:\Users\Ravikiran\AppData\Roaming\npm\node_modules\protractor\node_modules\selenium-webdriver\lib\promise.js:2953:27)
    at asyncRun (C:\Users\Ravikiran\AppData\Roaming\npm\node_modules\protractor\node_modules\selenium-webdriver\lib\promise.js:2813:27)
    at C:\Users\Ravikiran\AppData\Roaming\npm\node_modules\protractor\node_modules\selenium-webdriver\lib\promise.js:676:7
    at process._tickCallback (internal/process/next_tick.js:103:7)
From: Task: Run it(&quot;Entering  keyword Ha&quot;) in control flow
    at Object.&lt;anonymous&gt; (C:\Users\Ravikiran\AppData\Roaming\npm\node_modules\protractor\node_modules\jasminewd2\index.js:86:14)
    at attemptAsync (C:\Users\Ravikiran\AppData\Roaming\npm\node_modules\protractor\node_modules\jasmine-core\lib\jasmine-core\jasmine.js:1916:24)
    at QueueRunner.run (C:\Users\Ravikiran\AppData\Roaming\npm\node_modules\protractor\node_modules\jasmine-core\lib\jasmine-core\jasmine.js:1871:9)
    at QueueRunner.execute (C:\Users\Ravikiran\AppData\Roaming\npm\node_modules\protractor\node_modules\jasmine-core\lib\jasmine-core\jasmine.js:1859:10)
    at Spec.queueRunnerFactory (C:\Users\Ravikiran\AppData\Roaming\npm\node_modules\protractor\node_modules\jasmine-core\lib\jasmine-core\jasmine.js:697:35)
    at Spec.execute (C:\Users\Ravikiran\AppData\Roaming\npm\node_modules\protractor\node_modules\jasmine-core\lib\jasmine-core\jasmine.js:359:10)
    at Object.fn (C:\Users\Ravikiran\AppData\Roaming\npm\node_modules\protractor\node_modules\jasmine-core\lib\jasmine-core\jasmine.js:2479:37)
    at attemptAsync (C:\Users\Ravikiran\AppData\Roaming\npm\node_modules\protractor\node_modules\jasmine-core\lib\jasmine-core\jasmine.js:1916:24)
    at QueueRunner.run (C:\Users\Ravikiran\AppData\Roaming\npm\node_modules\protractor\node_modules\jasmine-core\lib\jasmine-core\jasmine.js:1871:9)
    at C:\Users\Ravikiran\AppData\Roaming\npm\node_modules\protractor\node_modules\jasmine-core\lib\jasmine-core\jasmine.js:1898:16
From asynchronous test: 
Error
    at common.typeKeyword (E:\protractorcms\cyborg\features\TA\common\ta_common.js:30:5)
    at Suite.&lt;anonymous&gt; (E:\protractorcms\cyborg\features\TA\TA-006\TA-006.js:18:20)
    at addSpecsToSuite (C:\Users\Ravikiran\AppData\Roaming\npm\node_modules\protractor\node_modules\jasmine-core\lib\jasmine-core\jasmine.js:833:25)
    at Env.describe (C:\Users\Ravikiran\AppData\Roaming\npm\node_modules\protractor\node_modules\jasmine-core\lib\jasmine-core\jasmine.js:802:7)
    at describe (C:\Users\Ravikiran\AppData\Roaming\npm\node_modules\protractor\node_modules\jasmine-core\lib\jasmine-core\jasmine.js:3375:18)
    at Object.&lt;anonymous&gt; (E:\protractorcms\cyborg\features\TA\TA-006\TA-006.js:11:5)
    at Module._compile (module.js:570:32)
    at Object.Module._extensions..js (module.js:579:10)
    at Module.load (module.js:487:32)</stack-trace>
			</failure>
		</test-case>
		<test-case start="1488442786154" stop="1488442788603" status="failed">
			<name>Getting  all Locationsuggestions from TypeAhead Ha</name>
			<title>Getting  all Locationsuggestions from TypeAhead Ha</title>
			<description></description>
			<labels>
			</labels>
			<parameters>
			</parameters>
			<steps>
			</steps>
			<attachments>
				<attachment title="Screenshot" source="16680a0f-c758-4f24-ac0c-5686ace6f245-attachment.png" type="image/png" size="314307"/>
			</attachments>
			<failure>
				<message>Failed: logger is not defined</message>
				<stack-trace>ReferenceError: logger is not defined
    at E:\protractorcms\cyborg\features\TA\common\ta_common.js:42:13
    at ManagedPromise.invokeCallback_ (C:\Users\Ravikiran\AppData\Roaming\npm\node_modules\protractor\node_modules\selenium-webdriver\lib\promise.js:1366:14)
    at TaskQueue.execute_ (C:\Users\Ravikiran\AppData\Roaming\npm\node_modules\protractor\node_modules\selenium-webdriver\lib\promise.js:2970:14)
    at TaskQueue.executeNext_ (C:\Users\Ravikiran\AppData\Roaming\npm\node_modules\protractor\node_modules\selenium-webdriver\lib\promise.js:2953:27)
    at asyncRun (C:\Users\Ravikiran\AppData\Roaming\npm\node_modules\protractor\node_modules\selenium-webdriver\lib\promise.js:2813:27)
    at C:\Users\Ravikiran\AppData\Roaming\npm\node_modules\protractor\node_modules\selenium-webdriver\lib\promise.js:676:7
    at process._tickCallback (internal/process/next_tick.js:103:7)
From: Task: Run it(&quot;Getting  all Locationsuggestions from TypeAhead Ha&quot;) in control flow
    at Object.&lt;anonymous&gt; (C:\Users\Ravikiran\AppData\Roaming\npm\node_modules\protractor\node_modules\jasminewd2\index.js:86:14)
    at attemptAsync (C:\Users\Ravikiran\AppData\Roaming\npm\node_modules\protractor\node_modules\jasmine-core\lib\jasmine-core\jasmine.js:1916:24)
    at QueueRunner.run (C:\Users\Ravikiran\AppData\Roaming\npm\node_modules\protractor\node_modules\jasmine-core\lib\jasmine-core\jasmine.js:1871:9)
    at QueueRunner.execute (C:\Users\Ravikiran\AppData\Roaming\npm\node_modules\protractor\node_modules\jasmine-core\lib\jasmine-core\jasmine.js:1859:10)
    at Spec.queueRunnerFactory (C:\Users\Ravikiran\AppData\Roaming\npm\node_modules\protractor\node_modules\jasmine-core\lib\jasmine-core\jasmine.js:697:35)
    at Spec.execute (C:\Users\Ravikiran\AppData\Roaming\npm\node_modules\protractor\node_modules\jasmine-core\lib\jasmine-core\jasmine.js:359:10)
    at Object.fn (C:\Users\Ravikiran\AppData\Roaming\npm\node_modules\protractor\node_modules\jasmine-core\lib\jasmine-core\jasmine.js:2479:37)
    at attemptAsync (C:\Users\Ravikiran\AppData\Roaming\npm\node_modules\protractor\node_modules\jasmine-core\lib\jasmine-core\jasmine.js:1916:24)
    at QueueRunner.run (C:\Users\Ravikiran\AppData\Roaming\npm\node_modules\protractor\node_modules\jasmine-core\lib\jasmine-core\jasmine.js:1871:9)
    at C:\Users\Ravikiran\AppData\Roaming\npm\node_modules\protractor\node_modules\jasmine-core\lib\jasmine-core\jasmine.js:1898:16
From asynchronous test: 
Error
    at common.getAllSuggestionsAndValidate (E:\protractorcms\cyborg\features\TA\common\ta_common.js:39:5)
    at Suite.&lt;anonymous&gt; (E:\protractorcms\cyborg\features\TA\TA-006\TA-006.js:19:20)
    at addSpecsToSuite (C:\Users\Ravikiran\AppData\Roaming\npm\node_modules\protractor\node_modules\jasmine-core\lib\jasmine-core\jasmine.js:833:25)
    at Env.describe (C:\Users\Ravikiran\AppData\Roaming\npm\node_modules\protractor\node_modules\jasmine-core\lib\jasmine-core\jasmine.js:802:7)
    at describe (C:\Users\Ravikiran\AppData\Roaming\npm\node_modules\protractor\node_modules\jasmine-core\lib\jasmine-core\jasmine.js:3375:18)
    at Object.&lt;anonymous&gt; (E:\protractorcms\cyborg\features\TA\TA-006\TA-006.js:11:5)
    at Module._compile (module.js:570:32)
    at Object.Module._extensions..js (module.js:579:10)
    at Module.load (module.js:487:32)</stack-trace>
			</failure>
		</test-case>
		<test-case start="1488442788603" stop="1488442789013" status="failed">
			<name>Entering  keyword s</name>
			<title>Entering  keyword s</title>
			<description></description>
			<labels>
			</labels>
			<parameters>
			</parameters>
			<steps>
			</steps>
			<attachments>
				<attachment title="Screenshot" source="12cd9b89-5b8b-47de-a63d-454f6fafdead-attachment.png" type="image/png" size="314307"/>
			</attachments>
			<failure>
				<message>Failed: elemnetToClickOn.isDisplayed is not a function</message>
				<stack-trace>TypeError: elemnetToClickOn.isDisplayed is not a function
    at UserActions.Click (E:\protractorcms\cyborg\utility\user_actions.js:6:26)
    at Object.&lt;anonymous&gt; (E:\protractorcms\cyborg\features\TA\common\ta_common.js:31:21)
    at C:\Users\Ravikiran\AppData\Roaming\npm\node_modules\protractor\node_modules\jasminewd2\index.js:102:25
    at new ManagedPromise (C:\Users\Ravikiran\AppData\Roaming\npm\node_modules\protractor\node_modules\selenium-webdriver\lib\promise.js:1067:7)
    at controlFlowExecute (C:\Users\Ravikiran\AppData\Roaming\npm\node_modules\protractor\node_modules\jasminewd2\index.js:87:18)
    at TaskQueue.execute_ (C:\Users\Ravikiran\AppData\Roaming\npm\node_modules\protractor\node_modules\selenium-webdriver\lib\promise.js:2970:14)
    at TaskQueue.executeNext_ (C:\Users\Ravikiran\AppData\Roaming\npm\node_modules\protractor\node_modules\selenium-webdriver\lib\promise.js:2953:27)
    at asyncRun (C:\Users\Ravikiran\AppData\Roaming\npm\node_modules\protractor\node_modules\selenium-webdriver\lib\promise.js:2813:27)
    at C:\Users\Ravikiran\AppData\Roaming\npm\node_modules\protractor\node_modules\selenium-webdriver\lib\promise.js:676:7
    at process._tickCallback (internal/process/next_tick.js:103:7)
From: Task: Run it(&quot;Entering  keyword s&quot;) in control flow
    at Object.&lt;anonymous&gt; (C:\Users\Ravikiran\AppData\Roaming\npm\node_modules\protractor\node_modules\jasminewd2\index.js:86:14)
    at attemptAsync (C:\Users\Ravikiran\AppData\Roaming\npm\node_modules\protractor\node_modules\jasmine-core\lib\jasmine-core\jasmine.js:1916:24)
    at QueueRunner.run (C:\Users\Ravikiran\AppData\Roaming\npm\node_modules\protractor\node_modules\jasmine-core\lib\jasmine-core\jasmine.js:1871:9)
    at QueueRunner.execute (C:\Users\Ravikiran\AppData\Roaming\npm\node_modules\protractor\node_modules\jasmine-core\lib\jasmine-core\jasmine.js:1859:10)
    at Spec.queueRunnerFactory (C:\Users\Ravikiran\AppData\Roaming\npm\node_modules\protractor\node_modules\jasmine-core\lib\jasmine-core\jasmine.js:697:35)
    at Spec.execute (C:\Users\Ravikiran\AppData\Roaming\npm\node_modules\protractor\node_modules\jasmine-core\lib\jasmine-core\jasmine.js:359:10)
    at Object.fn (C:\Users\Ravikiran\AppData\Roaming\npm\node_modules\protractor\node_modules\jasmine-core\lib\jasmine-core\jasmine.js:2479:37)
    at attemptAsync (C:\Users\Ravikiran\AppData\Roaming\npm\node_modules\protractor\node_modules\jasmine-core\lib\jasmine-core\jasmine.js:1916:24)
    at QueueRunner.run (C:\Users\Ravikiran\AppData\Roaming\npm\node_modules\protractor\node_modules\jasmine-core\lib\jasmine-core\jasmine.js:1871:9)
    at C:\Users\Ravikiran\AppData\Roaming\npm\node_modules\protractor\node_modules\jasmine-core\lib\jasmine-core\jasmine.js:1898:16
From asynchronous test: 
Error
    at common.typeKeyword (E:\protractorcms\cyborg\features\TA\common\ta_common.js:30:5)
    at Suite.&lt;anonymous&gt; (E:\protractorcms\cyborg\features\TA\TA-006\TA-006.js:18:20)
    at addSpecsToSuite (C:\Users\Ravikiran\AppData\Roaming\npm\node_modules\protractor\node_modules\jasmine-core\lib\jasmine-core\jasmine.js:833:25)
    at Env.describe (C:\Users\Ravikiran\AppData\Roaming\npm\node_modules\protractor\node_modules\jasmine-core\lib\jasmine-core\jasmine.js:802:7)
    at describe (C:\Users\Ravikiran\AppData\Roaming\npm\node_modules\protractor\node_modules\jasmine-core\lib\jasmine-core\jasmine.js:3375:18)
    at Object.&lt;anonymous&gt; (E:\protractorcms\cyborg\features\TA\TA-006\TA-006.js:11:5)
    at Module._compile (module.js:570:32)
    at Object.Module._extensions..js (module.js:579:10)
    at Module.load (module.js:487:32)</stack-trace>
			</failure>
		</test-case>
		<test-case start="1488442789014" stop="1488442791632" status="failed">
			<name>Getting  all Locationsuggestions from TypeAhead s</name>
			<title>Getting  all Locationsuggestions from TypeAhead s</title>
			<description></description>
			<labels>
			</labels>
			<parameters>
			</parameters>
			<steps>
			</steps>
			<attachments>
				<attachment title="Screenshot" source="ff9bdd5d-3e8b-4e6a-ba18-051f77fe6713-attachment.png" type="image/png" size="314307"/>
			</attachments>
			<failure>
				<message>Failed: logger is not defined</message>
				<stack-trace>ReferenceError: logger is not defined
    at E:\protractorcms\cyborg\features\TA\common\ta_common.js:42:13
    at ManagedPromise.invokeCallback_ (C:\Users\Ravikiran\AppData\Roaming\npm\node_modules\protractor\node_modules\selenium-webdriver\lib\promise.js:1366:14)
    at TaskQueue.execute_ (C:\Users\Ravikiran\AppData\Roaming\npm\node_modules\protractor\node_modules\selenium-webdriver\lib\promise.js:2970:14)
    at TaskQueue.executeNext_ (C:\Users\Ravikiran\AppData\Roaming\npm\node_modules\protractor\node_modules\selenium-webdriver\lib\promise.js:2953:27)
    at asyncRun (C:\Users\Ravikiran\AppData\Roaming\npm\node_modules\protractor\node_modules\selenium-webdriver\lib\promise.js:2813:27)
    at C:\Users\Ravikiran\AppData\Roaming\npm\node_modules\protractor\node_modules\selenium-webdriver\lib\promise.js:676:7
    at process._tickCallback (internal/process/next_tick.js:103:7)
From: Task: Run it(&quot;Getting  all Locationsuggestions from TypeAhead s&quot;) in control flow
    at Object.&lt;anonymous&gt; (C:\Users\Ravikiran\AppData\Roaming\npm\node_modules\protractor\node_modules\jasminewd2\index.js:86:14)
    at attemptAsync (C:\Users\Ravikiran\AppData\Roaming\npm\node_modules\protractor\node_modules\jasmine-core\lib\jasmine-core\jasmine.js:1916:24)
    at QueueRunner.run (C:\Users\Ravikiran\AppData\Roaming\npm\node_modules\protractor\node_modules\jasmine-core\lib\jasmine-core\jasmine.js:1871:9)
    at QueueRunner.execute (C:\Users\Ravikiran\AppData\Roaming\npm\node_modules\protractor\node_modules\jasmine-core\lib\jasmine-core\jasmine.js:1859:10)
    at Spec.queueRunnerFactory (C:\Users\Ravikiran\AppData\Roaming\npm\node_modules\protractor\node_modules\jasmine-core\lib\jasmine-core\jasmine.js:697:35)
    at Spec.execute (C:\Users\Ravikiran\AppData\Roaming\npm\node_modules\protractor\node_modules\jasmine-core\lib\jasmine-core\jasmine.js:359:10)
    at Object.fn (C:\Users\Ravikiran\AppData\Roaming\npm\node_modules\protractor\node_modules\jasmine-core\lib\jasmine-core\jasmine.js:2479:37)
    at attemptAsync (C:\Users\Ravikiran\AppData\Roaming\npm\node_modules\protractor\node_modules\jasmine-core\lib\jasmine-core\jasmine.js:1916:24)
    at QueueRunner.run (C:\Users\Ravikiran\AppData\Roaming\npm\node_modules\protractor\node_modules\jasmine-core\lib\jasmine-core\jasmine.js:1871:9)
    at C:\Users\Ravikiran\AppData\Roaming\npm\node_modules\protractor\node_modules\jasmine-core\lib\jasmine-core\jasmine.js:1898:16
From asynchronous test: 
Error
    at common.getAllSuggestionsAndValidate (E:\protractorcms\cyborg\features\TA\common\ta_common.js:39:5)
    at Suite.&lt;anonymous&gt; (E:\protractorcms\cyborg\features\TA\TA-006\TA-006.js:19:20)
    at addSpecsToSuite (C:\Users\Ravikiran\AppData\Roaming\npm\node_modules\protractor\node_modules\jasmine-core\lib\jasmine-core\jasmine.js:833:25)
    at Env.describe (C:\Users\Ravikiran\AppData\Roaming\npm\node_modules\protractor\node_modules\jasmine-core\lib\jasmine-core\jasmine.js:802:7)
    at describe (C:\Users\Ravikiran\AppData\Roaming\npm\node_modules\protractor\node_modules\jasmine-core\lib\jasmine-core\jasmine.js:3375:18)
    at Object.&lt;anonymous&gt; (E:\protractorcms\cyborg\features\TA\TA-006\TA-006.js:11:5)
    at Module._compile (module.js:570:32)
    at Object.Module._extensions..js (module.js:579:10)
    at Module.load (module.js:487:32)</stack-trace>
			</failure>
		</test-case>
	</test-cases>
</ns2:test-suite>