<?xml version="1.0" encoding="UTF-8"?>
<ns2:test-suite xmlns:ns2="urn:model.allure.qatools.yandex.ru" start="1488445055274" stop="1488445068446">
	<name>TA-006 TypeAhead-Location Suggestions Validation</name>
	<title>TA-006 TypeAhead-Location Suggestions Validation</title>
	<test-cases>
		<test-case start="1488445055276" stop="1488445062667" status="passed">
			<name>Loading Home Page </name>
			<title>Loading Home Page </title>
			<description></description>
			<labels>
			</labels>
			<parameters>
			</parameters>
			<steps>
			</steps>
			<attachments>
				<attachment title="Screenshot" source="62abd923-aac7-44c8-971d-722218bd38b6-attachment.png" type="image/png" size="322367"/>
			</attachments>
		</test-case>
		<test-case start="1488445062667" stop="1488445062898" status="passed">
			<name>Validate Correct page Loaded</name>
			<title>Validate Correct page Loaded</title>
			<description></description>
			<labels>
			</labels>
			<parameters>
			</parameters>
			<steps>
			</steps>
			<attachments>
				<attachment title="Screenshot" source="1ef0c21d-3597-4bc4-9ed6-c750a1e3bba1-attachment.png" type="image/png" size="314307"/>
			</attachments>
		</test-case>
		<test-case start="1488445062899" stop="1488445064528" status="passed">
			<name>Entering  keyword New</name>
			<title>Entering  keyword New</title>
			<description></description>
			<labels>
			</labels>
			<parameters>
			</parameters>
			<steps>
			</steps>
			<attachments>
				<attachment title="Screenshot" source="6e6b0dd4-a6af-4564-a87d-a5be49e85ea1-attachment.png" type="image/png" size="299080"/>
			</attachments>
		</test-case>
		<test-case start="1488445064528" stop="1488445064834" status="failed">
			<name>Getting  all Locationsuggestions from TypeAhead New</name>
			<title>Getting  all Locationsuggestions from TypeAhead New</title>
			<description></description>
			<labels>
			</labels>
			<parameters>
			</parameters>
			<steps>
			</steps>
			<attachments>
				<attachment title="Screenshot" source="bc3d4889-ee3e-477a-83d3-9cacecf93bdf-attachment.png" type="image/png" size="299056"/>
			</attachments>
			<failure>
				<message>Failed: util.takeScreenShot is not a function</message>
				<stack-trace>TypeError: util.takeScreenShot is not a function
    at E:\protractorcms\cyborg\features\TA\common\ta_common.js:50:18
    at ManagedPromise.invokeCallback_ (C:\Users\Ravikiran\AppData\Roaming\npm\node_modules\protractor\node_modules\selenium-webdriver\lib\promise.js:1366:14)
    at TaskQueue.execute_ (C:\Users\Ravikiran\AppData\Roaming\npm\node_modules\protractor\node_modules\selenium-webdriver\lib\promise.js:2970:14)
    at TaskQueue.executeNext_ (C:\Users\Ravikiran\AppData\Roaming\npm\node_modules\protractor\node_modules\selenium-webdriver\lib\promise.js:2953:27)
    at asyncRun (C:\Users\Ravikiran\AppData\Roaming\npm\node_modules\protractor\node_modules\selenium-webdriver\lib\promise.js:2813:27)
    at C:\Users\Ravikiran\AppData\Roaming\npm\node_modules\protractor\node_modules\selenium-webdriver\lib\promise.js:676:7
    at process._tickCallback (internal/process/next_tick.js:103:7)
From: Task: Run it(&quot;Getting  all Locationsuggestions from TypeAhead New&quot;) in control flow
    at Object.&lt;anonymous&gt; (C:\Users\Ravikiran\AppData\Roaming\npm\node_modules\protractor\node_modules\jasminewd2\index.js:86:14)
    at attemptAsync (C:\Users\Ravikiran\AppData\Roaming\npm\node_modules\protractor\node_modules\jasmine-core\lib\jasmine-core\jasmine.js:1916:24)
    at QueueRunner.run (C:\Users\Ravikiran\AppData\Roaming\npm\node_modules\protractor\node_modules\jasmine-core\lib\jasmine-core\jasmine.js:1871:9)
    at QueueRunner.execute (C:\Users\Ravikiran\AppData\Roaming\npm\node_modules\protractor\node_modules\jasmine-core\lib\jasmine-core\jasmine.js:1859:10)
    at Spec.queueRunnerFactory (C:\Users\Ravikiran\AppData\Roaming\npm\node_modules\protractor\node_modules\jasmine-core\lib\jasmine-core\jasmine.js:697:35)
    at Spec.execute (C:\Users\Ravikiran\AppData\Roaming\npm\node_modules\protractor\node_modules\jasmine-core\lib\jasmine-core\jasmine.js:359:10)
    at Object.fn (C:\Users\Ravikiran\AppData\Roaming\npm\node_modules\protractor\node_modules\jasmine-core\lib\jasmine-core\jasmine.js:2479:37)
    at attemptAsync (C:\Users\Ravikiran\AppData\Roaming\npm\node_modules\protractor\node_modules\jasmine-core\lib\jasmine-core\jasmine.js:1916:24)
    at QueueRunner.run (C:\Users\Ravikiran\AppData\Roaming\npm\node_modules\protractor\node_modules\jasmine-core\lib\jasmine-core\jasmine.js:1871:9)
    at C:\Users\Ravikiran\AppData\Roaming\npm\node_modules\protractor\node_modules\jasmine-core\lib\jasmine-core\jasmine.js:1898:16
From asynchronous test: 
Error
    at common.getAllSuggestionsAndValidate (E:\protractorcms\cyborg\features\TA\common\ta_common.js:40:5)
    at Suite.&lt;anonymous&gt; (E:\protractorcms\cyborg\features\TA\TA-006\TA-006.js:19:20)
    at addSpecsToSuite (C:\Users\Ravikiran\AppData\Roaming\npm\node_modules\protractor\node_modules\jasmine-core\lib\jasmine-core\jasmine.js:833:25)
    at Env.describe (C:\Users\Ravikiran\AppData\Roaming\npm\node_modules\protractor\node_modules\jasmine-core\lib\jasmine-core\jasmine.js:802:7)
    at describe (C:\Users\Ravikiran\AppData\Roaming\npm\node_modules\protractor\node_modules\jasmine-core\lib\jasmine-core\jasmine.js:3375:18)
    at Object.&lt;anonymous&gt; (E:\protractorcms\cyborg\features\TA\TA-006\TA-006.js:11:5)
    at Module._compile (module.js:570:32)
    at Object.Module._extensions..js (module.js:579:10)
    at Module.load (module.js:487:32)</stack-trace>
			</failure>
		</test-case>
		<test-case start="1488445064835" stop="1488445066414" status="passed">
			<name>Entering  keyword Ha</name>
			<title>Entering  keyword Ha</title>
			<description></description>
			<labels>
			</labels>
			<parameters>
			</parameters>
			<steps>
			</steps>
			<attachments>
				<attachment title="Screenshot" source="0c0097b5-71ed-48e9-b164-648af0bd8d6c-attachment.png" type="image/png" size="289510"/>
			</attachments>
		</test-case>
		<test-case start="1488445066414" stop="1488445066648" status="failed">
			<name>Getting  all Locationsuggestions from TypeAhead Ha</name>
			<title>Getting  all Locationsuggestions from TypeAhead Ha</title>
			<description></description>
			<labels>
			</labels>
			<parameters>
			</parameters>
			<steps>
			</steps>
			<attachments>
				<attachment title="Screenshot" source="6ee6f71a-a465-40bc-8efd-e9ec4a45527d-attachment.png" type="image/png" size="289486"/>
			</attachments>
			<failure>
				<message>Failed: util.takeScreenShot is not a function</message>
				<stack-trace>TypeError: util.takeScreenShot is not a function
    at E:\protractorcms\cyborg\features\TA\common\ta_common.js:50:18
    at ManagedPromise.invokeCallback_ (C:\Users\Ravikiran\AppData\Roaming\npm\node_modules\protractor\node_modules\selenium-webdriver\lib\promise.js:1366:14)
    at TaskQueue.execute_ (C:\Users\Ravikiran\AppData\Roaming\npm\node_modules\protractor\node_modules\selenium-webdriver\lib\promise.js:2970:14)
    at TaskQueue.executeNext_ (C:\Users\Ravikiran\AppData\Roaming\npm\node_modules\protractor\node_modules\selenium-webdriver\lib\promise.js:2953:27)
    at asyncRun (C:\Users\Ravikiran\AppData\Roaming\npm\node_modules\protractor\node_modules\selenium-webdriver\lib\promise.js:2813:27)
    at C:\Users\Ravikiran\AppData\Roaming\npm\node_modules\protractor\node_modules\selenium-webdriver\lib\promise.js:676:7
    at process._tickCallback (internal/process/next_tick.js:103:7)
From: Task: Run it(&quot;Getting  all Locationsuggestions from TypeAhead Ha&quot;) in control flow
    at Object.&lt;anonymous&gt; (C:\Users\Ravikiran\AppData\Roaming\npm\node_modules\protractor\node_modules\jasminewd2\index.js:86:14)
    at attemptAsync (C:\Users\Ravikiran\AppData\Roaming\npm\node_modules\protractor\node_modules\jasmine-core\lib\jasmine-core\jasmine.js:1916:24)
    at QueueRunner.run (C:\Users\Ravikiran\AppData\Roaming\npm\node_modules\protractor\node_modules\jasmine-core\lib\jasmine-core\jasmine.js:1871:9)
    at QueueRunner.execute (C:\Users\Ravikiran\AppData\Roaming\npm\node_modules\protractor\node_modules\jasmine-core\lib\jasmine-core\jasmine.js:1859:10)
    at Spec.queueRunnerFactory (C:\Users\Ravikiran\AppData\Roaming\npm\node_modules\protractor\node_modules\jasmine-core\lib\jasmine-core\jasmine.js:697:35)
    at Spec.execute (C:\Users\Ravikiran\AppData\Roaming\npm\node_modules\protractor\node_modules\jasmine-core\lib\jasmine-core\jasmine.js:359:10)
    at Object.fn (C:\Users\Ravikiran\AppData\Roaming\npm\node_modules\protractor\node_modules\jasmine-core\lib\jasmine-core\jasmine.js:2479:37)
    at attemptAsync (C:\Users\Ravikiran\AppData\Roaming\npm\node_modules\protractor\node_modules\jasmine-core\lib\jasmine-core\jasmine.js:1916:24)
    at QueueRunner.run (C:\Users\Ravikiran\AppData\Roaming\npm\node_modules\protractor\node_modules\jasmine-core\lib\jasmine-core\jasmine.js:1871:9)
    at C:\Users\Ravikiran\AppData\Roaming\npm\node_modules\protractor\node_modules\jasmine-core\lib\jasmine-core\jasmine.js:1898:16
From asynchronous test: 
Error
    at common.getAllSuggestionsAndValidate (E:\protractorcms\cyborg\features\TA\common\ta_common.js:40:5)
    at Suite.&lt;anonymous&gt; (E:\protractorcms\cyborg\features\TA\TA-006\TA-006.js:19:20)
    at addSpecsToSuite (C:\Users\Ravikiran\AppData\Roaming\npm\node_modules\protractor\node_modules\jasmine-core\lib\jasmine-core\jasmine.js:833:25)
    at Env.describe (C:\Users\Ravikiran\AppData\Roaming\npm\node_modules\protractor\node_modules\jasmine-core\lib\jasmine-core\jasmine.js:802:7)
    at describe (C:\Users\Ravikiran\AppData\Roaming\npm\node_modules\protractor\node_modules\jasmine-core\lib\jasmine-core\jasmine.js:3375:18)
    at Object.&lt;anonymous&gt; (E:\protractorcms\cyborg\features\TA\TA-006\TA-006.js:11:5)
    at Module._compile (module.js:570:32)
    at Object.Module._extensions..js (module.js:579:10)
    at Module.load (module.js:487:32)</stack-trace>
			</failure>
		</test-case>
		<test-case start="1488445066648" stop="1488445068207" status="passed">
			<name>Entering  keyword s</name>
			<title>Entering  keyword s</title>
			<description></description>
			<labels>
			</labels>
			<parameters>
			</parameters>
			<steps>
			</steps>
			<attachments>
				<attachment title="Screenshot" source="3482b99b-2bde-49b2-8ee2-0a89601e50c7-attachment.png" type="image/png" size="286965"/>
			</attachments>
		</test-case>
		<test-case start="1488445068207" stop="1488445068446" status="failed">
			<name>Getting  all Locationsuggestions from TypeAhead s</name>
			<title>Getting  all Locationsuggestions from TypeAhead s</title>
			<description></description>
			<labels>
			</labels>
			<parameters>
			</parameters>
			<steps>
			</steps>
			<attachments>
				<attachment title="Screenshot" source="6b2a98a0-5602-4fa0-be42-116ebca845db-attachment.png" type="image/png" size="286939"/>
			</attachments>
			<failure>
				<message>Failed: util.takeScreenShot is not a function</message>
				<stack-trace>TypeError: util.takeScreenShot is not a function
    at E:\protractorcms\cyborg\features\TA\common\ta_common.js:50:18
    at ManagedPromise.invokeCallback_ (C:\Users\Ravikiran\AppData\Roaming\npm\node_modules\protractor\node_modules\selenium-webdriver\lib\promise.js:1366:14)
    at TaskQueue.execute_ (C:\Users\Ravikiran\AppData\Roaming\npm\node_modules\protractor\node_modules\selenium-webdriver\lib\promise.js:2970:14)
    at TaskQueue.executeNext_ (C:\Users\Ravikiran\AppData\Roaming\npm\node_modules\protractor\node_modules\selenium-webdriver\lib\promise.js:2953:27)
    at asyncRun (C:\Users\Ravikiran\AppData\Roaming\npm\node_modules\protractor\node_modules\selenium-webdriver\lib\promise.js:2813:27)
    at C:\Users\Ravikiran\AppData\Roaming\npm\node_modules\protractor\node_modules\selenium-webdriver\lib\promise.js:676:7
    at process._tickCallback (internal/process/next_tick.js:103:7)
From: Task: Run it(&quot;Getting  all Locationsuggestions from TypeAhead s&quot;) in control flow
    at Object.&lt;anonymous&gt; (C:\Users\Ravikiran\AppData\Roaming\npm\node_modules\protractor\node_modules\jasminewd2\index.js:86:14)
    at attemptAsync (C:\Users\Ravikiran\AppData\Roaming\npm\node_modules\protractor\node_modules\jasmine-core\lib\jasmine-core\jasmine.js:1916:24)
    at QueueRunner.run (C:\Users\Ravikiran\AppData\Roaming\npm\node_modules\protractor\node_modules\jasmine-core\lib\jasmine-core\jasmine.js:1871:9)
    at QueueRunner.execute (C:\Users\Ravikiran\AppData\Roaming\npm\node_modules\protractor\node_modules\jasmine-core\lib\jasmine-core\jasmine.js:1859:10)
    at Spec.queueRunnerFactory (C:\Users\Ravikiran\AppData\Roaming\npm\node_modules\protractor\node_modules\jasmine-core\lib\jasmine-core\jasmine.js:697:35)
    at Spec.execute (C:\Users\Ravikiran\AppData\Roaming\npm\node_modules\protractor\node_modules\jasmine-core\lib\jasmine-core\jasmine.js:359:10)
    at Object.fn (C:\Users\Ravikiran\AppData\Roaming\npm\node_modules\protractor\node_modules\jasmine-core\lib\jasmine-core\jasmine.js:2479:37)
    at attemptAsync (C:\Users\Ravikiran\AppData\Roaming\npm\node_modules\protractor\node_modules\jasmine-core\lib\jasmine-core\jasmine.js:1916:24)
    at QueueRunner.run (C:\Users\Ravikiran\AppData\Roaming\npm\node_modules\protractor\node_modules\jasmine-core\lib\jasmine-core\jasmine.js:1871:9)
    at C:\Users\Ravikiran\AppData\Roaming\npm\node_modules\protractor\node_modules\jasmine-core\lib\jasmine-core\jasmine.js:1898:16
From asynchronous test: 
Error
    at common.getAllSuggestionsAndValidate (E:\protractorcms\cyborg\features\TA\common\ta_common.js:40:5)
    at Suite.&lt;anonymous&gt; (E:\protractorcms\cyborg\features\TA\TA-006\TA-006.js:19:20)
    at addSpecsToSuite (C:\Users\Ravikiran\AppData\Roaming\npm\node_modules\protractor\node_modules\jasmine-core\lib\jasmine-core\jasmine.js:833:25)
    at Env.describe (C:\Users\Ravikiran\AppData\Roaming\npm\node_modules\protractor\node_modules\jasmine-core\lib\jasmine-core\jasmine.js:802:7)
    at describe (C:\Users\Ravikiran\AppData\Roaming\npm\node_modules\protractor\node_modules\jasmine-core\lib\jasmine-core\jasmine.js:3375:18)
    at Object.&lt;anonymous&gt; (E:\protractorcms\cyborg\features\TA\TA-006\TA-006.js:11:5)
    at Module._compile (module.js:570:32)
    at Object.Module._extensions..js (module.js:579:10)
    at Module.load (module.js:487:32)</stack-trace>
			</failure>
		</test-case>
	</test-cases>
</ns2:test-suite>