<?xml version="1.0" encoding="UTF-8"?>
<ns2:test-suite xmlns:ns2="urn:model.allure.qatools.yandex.ru" start="1489065288878" stop="1489065319810">
	<name>Validating Links in Footer</name>
	<title>Validating Links in Footer</title>
	<test-cases>
		<test-case start="1489065288878" stop="1489065313860" status="passed">
			<name>Loading Home Page </name>
			<title>Loading Home Page </title>
			<description></description>
			<labels>
			</labels>
			<parameters>
			</parameters>
			<steps>
			</steps>
			<attachments>
				<attachment title="Screenshot" source="3628313b-25fd-4fbc-84e2-4f2d13b5b50b-attachment.png" type="image/png" size="322367"/>
			</attachments>
		</test-case>
		<test-case start="1489065313861" stop="1489065314081" status="passed">
			<name>Validate Correct page Loaded</name>
			<title>Validate Correct page Loaded</title>
			<description></description>
			<labels>
			</labels>
			<parameters>
			</parameters>
			<steps>
			</steps>
			<attachments>
				<attachment title="Screenshot" source="1e50a991-c011-4ce4-a06f-8eb1a725a1b4-attachment.png" type="image/png" size="314307"/>
			</attachments>
		</test-case>
		<test-case start="1489065314081" stop="1489065314349" status="passed">
			<name>comparing TestData and Site Sharing footer Links Count</name>
			<title>comparing TestData and Site Sharing footer Links Count</title>
			<description></description>
			<labels>
			</labels>
			<parameters>
			</parameters>
			<steps>
			</steps>
			<attachments>
				<attachment title="Screenshot" source="9536075c-3b02-4265-b5d9-6baba69414f6-attachment.png" type="image/png" size="314307"/>
			</attachments>
		</test-case>
		<test-case start="1489065314349" stop="1489065314598" status="passed">
			<name>Comparing href values of Social Sharing Links in footer at index 0</name>
			<title>Comparing href values of Social Sharing Links in footer at index 0</title>
			<description></description>
			<labels>
			</labels>
			<parameters>
			</parameters>
			<steps>
			</steps>
			<attachments>
				<attachment title="Screenshot" source="c164a42e-3639-44d7-8e86-a57b418b7c09-attachment.png" type="image/png" size="314307"/>
			</attachments>
		</test-case>
		<test-case start="1489065314598" stop="1489065315101" status="passed">
			<name>Clicking Social Sharing Links in footer at idx 0</name>
			<title>Clicking Social Sharing Links in footer at idx 0</title>
			<description></description>
			<labels>
			</labels>
			<parameters>
			</parameters>
			<steps>
			</steps>
			<attachments>
				<attachment title="Screenshot" source="75ceaed0-95a5-469c-9647-2d72525d4d3d-attachment.png" type="image/png" size="56862"/>
			</attachments>
		</test-case>
		<test-case start="1489065315101" stop="1489065316264" status="failed">
			<name>Shifting windows and validating them of link at index 0</name>
			<title>Shifting windows and validating them of link at index 0</title>
			<description></description>
			<labels>
			</labels>
			<parameters>
			</parameters>
			<steps>
			</steps>
			<attachments>
				<attachment title="Screenshot" source="a163c55d-efa0-44a1-ae42-3c7cf24f2b1a-attachment.png" type="image/png" size="47522"/>
			</attachments>
			<failure>
				<message>Expected 2 to equal 1, &apos;Link should open in a same window but it opened in new window&apos;.</message>
				<stack-trace>Error: Failed expectation
    at userActions.shiftingBrowserWindowTabs (E:\protractorcms\cyborg\utility\user_actions.js:77:39)
    at E:\protractorcms\cyborg\features\FT\common\ft_common.js:31:29
    at ManagedPromise.invokeCallback_ (C:\Users\Ravikiran\AppData\Roaming\npm\node_modules\protractor\node_modules\selenium-webdriver\lib\promise.js:1366:14)
    at TaskQueue.execute_ (C:\Users\Ravikiran\AppData\Roaming\npm\node_modules\protractor\node_modules\selenium-webdriver\lib\promise.js:2970:14)
    at TaskQueue.executeNext_ (C:\Users\Ravikiran\AppData\Roaming\npm\node_modules\protractor\node_modules\selenium-webdriver\lib\promise.js:2953:27)
    at asyncRun (C:\Users\Ravikiran\AppData\Roaming\npm\node_modules\protractor\node_modules\selenium-webdriver\lib\promise.js:2813:27)
    at C:\Users\Ravikiran\AppData\Roaming\npm\node_modules\protractor\node_modules\selenium-webdriver\lib\promise.js:676:7
    at process._tickCallback (internal/process/next_tick.js:103:7)</stack-trace>
			</failure>
		</test-case>
		<test-case start="1489065316264" stop="1489065316560" status="passed">
			<name>Comparing href values of Social Sharing Links in footer at index 1</name>
			<title>Comparing href values of Social Sharing Links in footer at index 1</title>
			<description></description>
			<labels>
			</labels>
			<parameters>
			</parameters>
			<steps>
			</steps>
			<attachments>
				<attachment title="Screenshot" source="5b4125e5-3bbb-468c-9247-4c7131ee1588-attachment.png" type="image/png" size="47522"/>
			</attachments>
		</test-case>
		<test-case start="1489065316560" stop="1489065316829" status="passed">
			<name>Clicking Social Sharing Links in footer at idx 1</name>
			<title>Clicking Social Sharing Links in footer at idx 1</title>
			<description></description>
			<labels>
			</labels>
			<parameters>
			</parameters>
			<steps>
			</steps>
			<attachments>
				<attachment title="Screenshot" source="d71fb945-8996-4f3e-8df3-a92c76e63380-attachment.png" type="image/png" size="47514"/>
			</attachments>
		</test-case>
		<test-case start="1489065316829" stop="1489065318027" status="failed">
			<name>Shifting windows and validating them of link at index 1</name>
			<title>Shifting windows and validating them of link at index 1</title>
			<description></description>
			<labels>
			</labels>
			<parameters>
			</parameters>
			<steps>
			</steps>
			<attachments>
				<attachment title="Screenshot" source="b2f6f69b-2a3f-4938-b5f4-dd7c03d04a3b-attachment.png" type="image/png" size="47514"/>
			</attachments>
			<failure>
				<message>Expected 2 to equal 1, &apos;Link should open in a same window but it opened in new window&apos;.</message>
				<stack-trace>Error: Failed expectation
    at userActions.shiftingBrowserWindowTabs (E:\protractorcms\cyborg\utility\user_actions.js:77:39)
    at E:\protractorcms\cyborg\features\FT\common\ft_common.js:31:29
    at ManagedPromise.invokeCallback_ (C:\Users\Ravikiran\AppData\Roaming\npm\node_modules\protractor\node_modules\selenium-webdriver\lib\promise.js:1366:14)
    at TaskQueue.execute_ (C:\Users\Ravikiran\AppData\Roaming\npm\node_modules\protractor\node_modules\selenium-webdriver\lib\promise.js:2970:14)
    at TaskQueue.executeNext_ (C:\Users\Ravikiran\AppData\Roaming\npm\node_modules\protractor\node_modules\selenium-webdriver\lib\promise.js:2953:27)
    at asyncRun (C:\Users\Ravikiran\AppData\Roaming\npm\node_modules\protractor\node_modules\selenium-webdriver\lib\promise.js:2813:27)
    at C:\Users\Ravikiran\AppData\Roaming\npm\node_modules\protractor\node_modules\selenium-webdriver\lib\promise.js:676:7
    at process._tickCallback (internal/process/next_tick.js:103:7)</stack-trace>
			</failure>
		</test-case>
		<test-case start="1489065318027" stop="1489065318326" status="passed">
			<name>Comparing href values of Social Sharing Links in footer at index 2</name>
			<title>Comparing href values of Social Sharing Links in footer at index 2</title>
			<description></description>
			<labels>
			</labels>
			<parameters>
			</parameters>
			<steps>
			</steps>
			<attachments>
				<attachment title="Screenshot" source="44e6ff27-e166-49e0-b39e-7d1c2b67d7ff-attachment.png" type="image/png" size="47514"/>
			</attachments>
		</test-case>
		<test-case start="1489065318326" stop="1489065318626" status="passed">
			<name>Clicking Social Sharing Links in footer at idx 2</name>
			<title>Clicking Social Sharing Links in footer at idx 2</title>
			<description></description>
			<labels>
			</labels>
			<parameters>
			</parameters>
			<steps>
			</steps>
			<attachments>
				<attachment title="Screenshot" source="7547c7b6-fa51-4454-8e9d-41485c56ce7c-attachment.png" type="image/png" size="47518"/>
			</attachments>
		</test-case>
		<test-case start="1489065318626" stop="1489065319810" status="failed">
			<name>Shifting windows and validating them of link at index 2</name>
			<title>Shifting windows and validating them of link at index 2</title>
			<description></description>
			<labels>
			</labels>
			<parameters>
			</parameters>
			<steps>
			</steps>
			<attachments>
				<attachment title="Screenshot" source="57301871-0daf-45f0-a88a-a0a0c8df26b9-attachment.png" type="image/png" size="47518"/>
			</attachments>
			<failure>
				<message>Expected 2 to equal 1, &apos;Link should open in a same window but it opened in new window&apos;.</message>
				<stack-trace>Error: Failed expectation
    at userActions.shiftingBrowserWindowTabs (E:\protractorcms\cyborg\utility\user_actions.js:77:39)
    at E:\protractorcms\cyborg\features\FT\common\ft_common.js:31:29
    at ManagedPromise.invokeCallback_ (C:\Users\Ravikiran\AppData\Roaming\npm\node_modules\protractor\node_modules\selenium-webdriver\lib\promise.js:1366:14)
    at TaskQueue.execute_ (C:\Users\Ravikiran\AppData\Roaming\npm\node_modules\protractor\node_modules\selenium-webdriver\lib\promise.js:2970:14)
    at TaskQueue.executeNext_ (C:\Users\Ravikiran\AppData\Roaming\npm\node_modules\protractor\node_modules\selenium-webdriver\lib\promise.js:2953:27)
    at asyncRun (C:\Users\Ravikiran\AppData\Roaming\npm\node_modules\protractor\node_modules\selenium-webdriver\lib\promise.js:2813:27)
    at C:\Users\Ravikiran\AppData\Roaming\npm\node_modules\protractor\node_modules\selenium-webdriver\lib\promise.js:676:7
    at process._tickCallback (internal/process/next_tick.js:103:7)</stack-trace>
			</failure>
		</test-case>
	</test-cases>
</ns2:test-suite>