<?xml version="1.0" encoding="UTF-8"?>
<ns2:test-suite xmlns:ns2="urn:model.allure.qatools.yandex.ru" start="1489403783545" stop="1489403900108">
	<name>Validating Links in Footer</name>
	<title>Validating Links in Footer</title>
	<test-cases>
		<test-case start="1489403783546" stop="1489403792741" status="passed">
			<name>Loading Home Page </name>
			<title>Loading Home Page </title>
			<description></description>
			<labels>
			</labels>
			<parameters>
			</parameters>
			<steps>
			</steps>
			<attachments>
				<attachment title="Screenshot" source="aa2eb86b-f847-4a23-9d2f-b490b1fd71ab-attachment.png" type="image/png" size="874297"/>
			</attachments>
		</test-case>
		<test-case start="1489403792742" stop="1489403793448" status="passed">
			<name>Validate Correct page Loaded</name>
			<title>Validate Correct page Loaded</title>
			<description></description>
			<labels>
			</labels>
			<parameters>
			</parameters>
			<steps>
			</steps>
			<attachments>
				<attachment title="Screenshot" source="1b10d05a-d6ee-47c0-a0db-b8ae6ad383ce-attachment.png" type="image/png" size="804207"/>
			</attachments>
		</test-case>
		<test-case start="1489403793448" stop="1489403794181" status="failed">
			<name>comparing TestData and Site footer Links Count</name>
			<title>comparing TestData and Site footer Links Count</title>
			<description></description>
			<labels>
			</labels>
			<parameters>
			</parameters>
			<steps>
			</steps>
			<attachments>
				<attachment title="Screenshot" source="b5e2cbcc-133d-4e2c-9fc9-f3a8ddcb20f5-attachment.png" type="image/png" size="803898"/>
			</attachments>
			<failure>
				<message>Expected 35 to equal 36, &apos;Mismatch of footer links count.&apos;.</message>
				<stack-trace>Error: Failed expectation
    at Object.&lt;anonymous&gt; (E:\protractorcms\cyborg\features\FT\common\ft_common.js:39:44)
    at C:\Users\Ravikiran\AppData\Roaming\npm\node_modules\protractor\node_modules\jasminewd2\index.js:102:25
    at new ManagedPromise (C:\Users\Ravikiran\AppData\Roaming\npm\node_modules\protractor\node_modules\selenium-webdriver\lib\promise.js:1067:7)
    at controlFlowExecute (C:\Users\Ravikiran\AppData\Roaming\npm\node_modules\protractor\node_modules\jasminewd2\index.js:87:18)
    at TaskQueue.execute_ (C:\Users\Ravikiran\AppData\Roaming\npm\node_modules\protractor\node_modules\selenium-webdriver\lib\promise.js:2970:14)
    at TaskQueue.executeNext_ (C:\Users\Ravikiran\AppData\Roaming\npm\node_modules\protractor\node_modules\selenium-webdriver\lib\promise.js:2953:27)
    at asyncRun (C:\Users\Ravikiran\AppData\Roaming\npm\node_modules\protractor\node_modules\selenium-webdriver\lib\promise.js:2860:25)
    at C:\Users\Ravikiran\AppData\Roaming\npm\node_modules\protractor\node_modules\selenium-webdriver\lib\promise.js:676:7
    at process._tickCallback (internal/process/next_tick.js:103:7)</stack-trace>
			</failure>
		</test-case>
		<test-case start="1489403794181" stop="1489403795537" status="passed">
			<name>Comparing value or text of link in footer at index 0</name>
			<title>Comparing value or text of link in footer at index 0</title>
			<description></description>
			<labels>
			</labels>
			<parameters>
			</parameters>
			<steps>
			</steps>
			<attachments>
				<attachment title="Screenshot" source="259e937e-d1b4-404f-9f66-afa17035fef2-attachment.png" type="image/png" size="806090"/>
			</attachments>
		</test-case>
		<test-case start="1489403795537" stop="1489403796234" status="failed">
			<name>Comparing href values of links in footer at index 0</name>
			<title>Comparing href values of links in footer at index 0</title>
			<description></description>
			<labels>
			</labels>
			<parameters>
			</parameters>
			<steps>
			</steps>
			<attachments>
				<attachment title="Screenshot" source="2bb16331-5bb7-4bdf-8f6f-8d964e02ff9f-attachment.png" type="image/png" size="806090"/>
			</attachments>
			<failure>
				<message>Expected &apos;https://www.blackrock.com/corporate/en-in/about-us&apos; to equal &apos;https://www.blackrock.com/corporate/en-us/about-us&apos;, &apos;Mismatch of href values of links&apos;.</message>
				<stack-trace>Error: Failed expectation
    at Object.&lt;anonymous&gt; (E:\protractorcms\cyborg\features\FT\common\ft_common.js:20:31)
    at C:\Users\Ravikiran\AppData\Roaming\npm\node_modules\protractor\node_modules\jasminewd2\index.js:102:25
    at new ManagedPromise (C:\Users\Ravikiran\AppData\Roaming\npm\node_modules\protractor\node_modules\selenium-webdriver\lib\promise.js:1067:7)
    at controlFlowExecute (C:\Users\Ravikiran\AppData\Roaming\npm\node_modules\protractor\node_modules\jasminewd2\index.js:87:18)
    at TaskQueue.execute_ (C:\Users\Ravikiran\AppData\Roaming\npm\node_modules\protractor\node_modules\selenium-webdriver\lib\promise.js:2970:14)
    at TaskQueue.executeNext_ (C:\Users\Ravikiran\AppData\Roaming\npm\node_modules\protractor\node_modules\selenium-webdriver\lib\promise.js:2953:27)
    at asyncRun (C:\Users\Ravikiran\AppData\Roaming\npm\node_modules\protractor\node_modules\selenium-webdriver\lib\promise.js:2860:25)
    at C:\Users\Ravikiran\AppData\Roaming\npm\node_modules\protractor\node_modules\selenium-webdriver\lib\promise.js:676:7
    at process._tickCallback (internal/process/next_tick.js:103:7)</stack-trace>
			</failure>
		</test-case>
		<test-case start="1489403796234" stop="1489403797487" status="passed">
			<name>Clicking links in footer at idx 0</name>
			<title>Clicking links in footer at idx 0</title>
			<description></description>
			<labels>
			</labels>
			<parameters>
			</parameters>
			<steps>
			</steps>
			<attachments>
				<attachment title="Screenshot" source="60ebae1f-288d-4a26-8bba-73a75e4579bb-attachment.png" type="image/png" size="541366"/>
			</attachments>
		</test-case>
		<test-case start="1489403797487" stop="1489403798873" status="passed">
			<name>Shifting windows and validating them of link at index 0</name>
			<title>Shifting windows and validating them of link at index 0</title>
			<description></description>
			<labels>
			</labels>
			<parameters>
			</parameters>
			<steps>
			</steps>
			<attachments>
				<attachment title="Screenshot" source="ffae8d3e-4931-4d64-bf05-a1cd7db0b88e-attachment.png" type="image/png" size="541529"/>
			</attachments>
		</test-case>
		<test-case start="1489403798873" stop="1489403799271" status="passed">
			<name>Comparing value or text of link in footer at index 1</name>
			<title>Comparing value or text of link in footer at index 1</title>
			<description></description>
			<labels>
			</labels>
			<parameters>
			</parameters>
			<steps>
			</steps>
			<attachments>
				<attachment title="Screenshot" source="3508e777-b54a-4354-bfd0-cd5659648a5b-attachment.png" type="image/png" size="541529"/>
			</attachments>
		</test-case>
		<test-case start="1489403799271" stop="1489403799665" status="failed">
			<name>Comparing href values of links in footer at index 1</name>
			<title>Comparing href values of links in footer at index 1</title>
			<description></description>
			<labels>
			</labels>
			<parameters>
			</parameters>
			<steps>
			</steps>
			<attachments>
				<attachment title="Screenshot" source="f71b898b-7780-4690-b35a-d40b721799e9-attachment.png" type="image/png" size="541529"/>
			</attachments>
			<failure>
				<message>Expected &apos;https://www.blackrock.com/corporate/en-in/about-us/mission-and-principles&apos; to equal &apos;https://www.blackrock.com/corporate/en-us/about-us/mission-and-principles&apos;, &apos;Mismatch of href values of links&apos;.</message>
				<stack-trace>Error: Failed expectation
    at Object.&lt;anonymous&gt; (E:\protractorcms\cyborg\features\FT\common\ft_common.js:20:31)
    at C:\Users\Ravikiran\AppData\Roaming\npm\node_modules\protractor\node_modules\jasminewd2\index.js:102:25
    at new ManagedPromise (C:\Users\Ravikiran\AppData\Roaming\npm\node_modules\protractor\node_modules\selenium-webdriver\lib\promise.js:1067:7)
    at controlFlowExecute (C:\Users\Ravikiran\AppData\Roaming\npm\node_modules\protractor\node_modules\jasminewd2\index.js:87:18)
    at TaskQueue.execute_ (C:\Users\Ravikiran\AppData\Roaming\npm\node_modules\protractor\node_modules\selenium-webdriver\lib\promise.js:2970:14)
    at TaskQueue.executeNext_ (C:\Users\Ravikiran\AppData\Roaming\npm\node_modules\protractor\node_modules\selenium-webdriver\lib\promise.js:2953:27)
    at asyncRun (C:\Users\Ravikiran\AppData\Roaming\npm\node_modules\protractor\node_modules\selenium-webdriver\lib\promise.js:2860:25)
    at C:\Users\Ravikiran\AppData\Roaming\npm\node_modules\protractor\node_modules\selenium-webdriver\lib\promise.js:676:7
    at process._tickCallback (internal/process/next_tick.js:103:7)</stack-trace>
			</failure>
		</test-case>
		<test-case start="1489403799665" stop="1489403800537" status="passed">
			<name>Clicking links in footer at idx 1</name>
			<title>Clicking links in footer at idx 1</title>
			<description></description>
			<labels>
			</labels>
			<parameters>
			</parameters>
			<steps>
			</steps>
			<attachments>
				<attachment title="Screenshot" source="63375328-0eb9-44f1-a86b-8de43a7b4c60-attachment.png" type="image/png" size="524276"/>
			</attachments>
		</test-case>
		<test-case start="1489403800537" stop="1489403801908" status="passed">
			<name>Shifting windows and validating them of link at index 1</name>
			<title>Shifting windows and validating them of link at index 1</title>
			<description></description>
			<labels>
			</labels>
			<parameters>
			</parameters>
			<steps>
			</steps>
			<attachments>
				<attachment title="Screenshot" source="79d8925a-494c-42fd-8100-39467174eea9-attachment.png" type="image/png" size="524290"/>
			</attachments>
		</test-case>
		<test-case start="1489403801909" stop="1489403802296" status="passed">
			<name>Comparing value or text of link in footer at index 2</name>
			<title>Comparing value or text of link in footer at index 2</title>
			<description></description>
			<labels>
			</labels>
			<parameters>
			</parameters>
			<steps>
			</steps>
			<attachments>
				<attachment title="Screenshot" source="e5c7cf05-4395-491d-9f98-57a4ca31a48b-attachment.png" type="image/png" size="524290"/>
			</attachments>
		</test-case>
		<test-case start="1489403802296" stop="1489403802666" status="failed">
			<name>Comparing href values of links in footer at index 2</name>
			<title>Comparing href values of links in footer at index 2</title>
			<description></description>
			<labels>
			</labels>
			<parameters>
			</parameters>
			<steps>
			</steps>
			<attachments>
				<attachment title="Screenshot" source="c857f82a-b713-4b29-8300-89966e0cebd4-attachment.png" type="image/png" size="524290"/>
			</attachments>
			<failure>
				<message>Expected &apos;https://www.blackrock.com/corporate/en-in/about-us/leadership&apos; to equal &apos;https://www.blackrock.com/corporate/en-us/about-us/leadership&apos;, &apos;Mismatch of href values of links&apos;.</message>
				<stack-trace>Error: Failed expectation
    at Object.&lt;anonymous&gt; (E:\protractorcms\cyborg\features\FT\common\ft_common.js:20:31)
    at C:\Users\Ravikiran\AppData\Roaming\npm\node_modules\protractor\node_modules\jasminewd2\index.js:102:25
    at new ManagedPromise (C:\Users\Ravikiran\AppData\Roaming\npm\node_modules\protractor\node_modules\selenium-webdriver\lib\promise.js:1067:7)
    at controlFlowExecute (C:\Users\Ravikiran\AppData\Roaming\npm\node_modules\protractor\node_modules\jasminewd2\index.js:87:18)
    at TaskQueue.execute_ (C:\Users\Ravikiran\AppData\Roaming\npm\node_modules\protractor\node_modules\selenium-webdriver\lib\promise.js:2970:14)
    at TaskQueue.executeNext_ (C:\Users\Ravikiran\AppData\Roaming\npm\node_modules\protractor\node_modules\selenium-webdriver\lib\promise.js:2953:27)
    at asyncRun (C:\Users\Ravikiran\AppData\Roaming\npm\node_modules\protractor\node_modules\selenium-webdriver\lib\promise.js:2860:25)
    at C:\Users\Ravikiran\AppData\Roaming\npm\node_modules\protractor\node_modules\selenium-webdriver\lib\promise.js:676:7
    at process._tickCallback (internal/process/next_tick.js:103:7)</stack-trace>
			</failure>
		</test-case>
		<test-case start="1489403802666" stop="1489403803556" status="passed">
			<name>Clicking links in footer at idx 2</name>
			<title>Clicking links in footer at idx 2</title>
			<description></description>
			<labels>
			</labels>
			<parameters>
			</parameters>
			<steps>
			</steps>
			<attachments>
				<attachment title="Screenshot" source="5b62c171-245a-486f-90d3-186351a09795-attachment.png" type="image/png" size="508470"/>
			</attachments>
		</test-case>
		<test-case start="1489403803556" stop="1489403804996" status="passed">
			<name>Shifting windows and validating them of link at index 2</name>
			<title>Shifting windows and validating them of link at index 2</title>
			<description></description>
			<labels>
			</labels>
			<parameters>
			</parameters>
			<steps>
			</steps>
			<attachments>
				<attachment title="Screenshot" source="41bc96dd-2414-47a3-9f07-b7d8c9d9f452-attachment.png" type="image/png" size="508417"/>
			</attachments>
		</test-case>
		<test-case start="1489403804996" stop="1489403805379" status="passed">
			<name>Comparing value or text of link in footer at index 3</name>
			<title>Comparing value or text of link in footer at index 3</title>
			<description></description>
			<labels>
			</labels>
			<parameters>
			</parameters>
			<steps>
			</steps>
			<attachments>
				<attachment title="Screenshot" source="de27b30e-bd6d-4430-8e3b-fe414b7ba77c-attachment.png" type="image/png" size="508417"/>
			</attachments>
		</test-case>
		<test-case start="1489403805379" stop="1489403805752" status="failed">
			<name>Comparing href values of links in footer at index 3</name>
			<title>Comparing href values of links in footer at index 3</title>
			<description></description>
			<labels>
			</labels>
			<parameters>
			</parameters>
			<steps>
			</steps>
			<attachments>
				<attachment title="Screenshot" source="4fdf959f-e99e-41dd-88b8-596f34acb63e-attachment.png" type="image/png" size="508417"/>
			</attachments>
			<failure>
				<message>Expected &apos;https://www.blackrock.com/corporate/en-in/about-us/blackrock-history&apos; to equal &apos;https://www.blackrock.com/corporate/en-gb/about-us/blackrock-history&apos;, &apos;Mismatch of href values of links&apos;.</message>
				<stack-trace>Error: Failed expectation
    at Object.&lt;anonymous&gt; (E:\protractorcms\cyborg\features\FT\common\ft_common.js:20:31)
    at C:\Users\Ravikiran\AppData\Roaming\npm\node_modules\protractor\node_modules\jasminewd2\index.js:102:25
    at new ManagedPromise (C:\Users\Ravikiran\AppData\Roaming\npm\node_modules\protractor\node_modules\selenium-webdriver\lib\promise.js:1067:7)
    at controlFlowExecute (C:\Users\Ravikiran\AppData\Roaming\npm\node_modules\protractor\node_modules\jasminewd2\index.js:87:18)
    at TaskQueue.execute_ (C:\Users\Ravikiran\AppData\Roaming\npm\node_modules\protractor\node_modules\selenium-webdriver\lib\promise.js:2970:14)
    at TaskQueue.executeNext_ (C:\Users\Ravikiran\AppData\Roaming\npm\node_modules\protractor\node_modules\selenium-webdriver\lib\promise.js:2953:27)
    at asyncRun (C:\Users\Ravikiran\AppData\Roaming\npm\node_modules\protractor\node_modules\selenium-webdriver\lib\promise.js:2860:25)
    at C:\Users\Ravikiran\AppData\Roaming\npm\node_modules\protractor\node_modules\selenium-webdriver\lib\promise.js:676:7
    at process._tickCallback (internal/process/next_tick.js:103:7)</stack-trace>
			</failure>
		</test-case>
		<test-case start="1489403805752" stop="1489403806636" status="passed">
			<name>Clicking links in footer at idx 3</name>
			<title>Clicking links in footer at idx 3</title>
			<description></description>
			<labels>
			</labels>
			<parameters>
			</parameters>
			<steps>
			</steps>
			<attachments>
				<attachment title="Screenshot" source="bf4f3dca-f8cf-4406-a2d8-a8a35b1c718b-attachment.png" type="image/png" size="505398"/>
			</attachments>
		</test-case>
		<test-case start="1489403806636" stop="1489403808203" status="passed">
			<name>Shifting windows and validating them of link at index 3</name>
			<title>Shifting windows and validating them of link at index 3</title>
			<description></description>
			<labels>
			</labels>
			<parameters>
			</parameters>
			<steps>
			</steps>
			<attachments>
				<attachment title="Screenshot" source="ccaf3c16-9102-486c-a587-39481d252bd7-attachment.png" type="image/png" size="505439"/>
			</attachments>
		</test-case>
		<test-case start="1489403808203" stop="1489403808592" status="passed">
			<name>Comparing value or text of link in footer at index 4</name>
			<title>Comparing value or text of link in footer at index 4</title>
			<description></description>
			<labels>
			</labels>
			<parameters>
			</parameters>
			<steps>
			</steps>
			<attachments>
				<attachment title="Screenshot" source="a9c913dd-954b-4e0e-ad00-278762987107-attachment.png" type="image/png" size="505439"/>
			</attachments>
		</test-case>
		<test-case start="1489403808592" stop="1489403808957" status="failed">
			<name>Comparing href values of links in footer at index 4</name>
			<title>Comparing href values of links in footer at index 4</title>
			<description></description>
			<labels>
			</labels>
			<parameters>
			</parameters>
			<steps>
			</steps>
			<attachments>
				<attachment title="Screenshot" source="2f10416c-cef5-490b-84c8-971d7ad778da-attachment.png" type="image/png" size="505439"/>
			</attachments>
			<failure>
				<message>Expected &apos;https://www.blackrock.com/corporate/en-in/about-us/global-impact&apos; to equal &apos;https://www.blackrock.com/corporate/en-gb/about-us/global-impact&apos;, &apos;Mismatch of href values of links&apos;.</message>
				<stack-trace>Error: Failed expectation
    at Object.&lt;anonymous&gt; (E:\protractorcms\cyborg\features\FT\common\ft_common.js:20:31)
    at C:\Users\Ravikiran\AppData\Roaming\npm\node_modules\protractor\node_modules\jasminewd2\index.js:102:25
    at new ManagedPromise (C:\Users\Ravikiran\AppData\Roaming\npm\node_modules\protractor\node_modules\selenium-webdriver\lib\promise.js:1067:7)
    at controlFlowExecute (C:\Users\Ravikiran\AppData\Roaming\npm\node_modules\protractor\node_modules\jasminewd2\index.js:87:18)
    at TaskQueue.execute_ (C:\Users\Ravikiran\AppData\Roaming\npm\node_modules\protractor\node_modules\selenium-webdriver\lib\promise.js:2970:14)
    at TaskQueue.executeNext_ (C:\Users\Ravikiran\AppData\Roaming\npm\node_modules\protractor\node_modules\selenium-webdriver\lib\promise.js:2953:27)
    at asyncRun (C:\Users\Ravikiran\AppData\Roaming\npm\node_modules\protractor\node_modules\selenium-webdriver\lib\promise.js:2860:25)
    at C:\Users\Ravikiran\AppData\Roaming\npm\node_modules\protractor\node_modules\selenium-webdriver\lib\promise.js:676:7
    at process._tickCallback (internal/process/next_tick.js:103:7)</stack-trace>
			</failure>
		</test-case>
		<test-case start="1489403808957" stop="1489403809804" status="passed">
			<name>Clicking links in footer at idx 4</name>
			<title>Clicking links in footer at idx 4</title>
			<description></description>
			<labels>
			</labels>
			<parameters>
			</parameters>
			<steps>
			</steps>
			<attachments>
				<attachment title="Screenshot" source="f9940351-cd1d-4340-9342-e39807a150bd-attachment.png" type="image/png" size="502787"/>
			</attachments>
		</test-case>
		<test-case start="1489403809804" stop="1489403811159" status="passed">
			<name>Shifting windows and validating them of link at index 4</name>
			<title>Shifting windows and validating them of link at index 4</title>
			<description></description>
			<labels>
			</labels>
			<parameters>
			</parameters>
			<steps>
			</steps>
			<attachments>
				<attachment title="Screenshot" source="ecfbdd25-5aa2-41d2-9f9b-175e6b9beb14-attachment.png" type="image/png" size="502787"/>
			</attachments>
		</test-case>
		<test-case start="1489403811160" stop="1489403811576" status="passed">
			<name>Comparing value or text of link in footer at index 5</name>
			<title>Comparing value or text of link in footer at index 5</title>
			<description></description>
			<labels>
			</labels>
			<parameters>
			</parameters>
			<steps>
			</steps>
			<attachments>
				<attachment title="Screenshot" source="7f6e5663-74b2-48a1-aa6f-3c2308eca8c1-attachment.png" type="image/png" size="502787"/>
			</attachments>
		</test-case>
		<test-case start="1489403811576" stop="1489403811937" status="failed">
			<name>Comparing href values of links in footer at index 5</name>
			<title>Comparing href values of links in footer at index 5</title>
			<description></description>
			<labels>
			</labels>
			<parameters>
			</parameters>
			<steps>
			</steps>
			<attachments>
				<attachment title="Screenshot" source="577640e1-cdb7-4f63-bbc1-35fc57e809af-attachment.png" type="image/png" size="502787"/>
			</attachments>
			<failure>
				<message>Expected &apos;https://www.blackrock.com/corporate/en-in/about-us/contacts-locations&apos; to equal &apos;https://www.blackrock.com/corporate/en-gb/about-us/contacts-locations&apos;, &apos;Mismatch of href values of links&apos;.</message>
				<stack-trace>Error: Failed expectation
    at Object.&lt;anonymous&gt; (E:\protractorcms\cyborg\features\FT\common\ft_common.js:20:31)
    at C:\Users\Ravikiran\AppData\Roaming\npm\node_modules\protractor\node_modules\jasminewd2\index.js:102:25
    at new ManagedPromise (C:\Users\Ravikiran\AppData\Roaming\npm\node_modules\protractor\node_modules\selenium-webdriver\lib\promise.js:1067:7)
    at controlFlowExecute (C:\Users\Ravikiran\AppData\Roaming\npm\node_modules\protractor\node_modules\jasminewd2\index.js:87:18)
    at TaskQueue.execute_ (C:\Users\Ravikiran\AppData\Roaming\npm\node_modules\protractor\node_modules\selenium-webdriver\lib\promise.js:2970:14)
    at TaskQueue.executeNext_ (C:\Users\Ravikiran\AppData\Roaming\npm\node_modules\protractor\node_modules\selenium-webdriver\lib\promise.js:2953:27)
    at asyncRun (C:\Users\Ravikiran\AppData\Roaming\npm\node_modules\protractor\node_modules\selenium-webdriver\lib\promise.js:2860:25)
    at C:\Users\Ravikiran\AppData\Roaming\npm\node_modules\protractor\node_modules\selenium-webdriver\lib\promise.js:676:7
    at process._tickCallback (internal/process/next_tick.js:103:7)</stack-trace>
			</failure>
		</test-case>
		<test-case start="1489403811937" stop="1489403812795" status="passed">
			<name>Clicking links in footer at idx 5</name>
			<title>Clicking links in footer at idx 5</title>
			<description></description>
			<labels>
			</labels>
			<parameters>
			</parameters>
			<steps>
			</steps>
			<attachments>
				<attachment title="Screenshot" source="b1c4364f-7636-4277-90ba-315b4a508040-attachment.png" type="image/png" size="493890"/>
			</attachments>
		</test-case>
		<test-case start="1489403812795" stop="1489403814208" status="passed">
			<name>Shifting windows and validating them of link at index 5</name>
			<title>Shifting windows and validating them of link at index 5</title>
			<description></description>
			<labels>
			</labels>
			<parameters>
			</parameters>
			<steps>
			</steps>
			<attachments>
				<attachment title="Screenshot" source="a7d0698a-9924-4c89-b7f3-4b086c414ba0-attachment.png" type="image/png" size="494028"/>
			</attachments>
		</test-case>
		<test-case start="1489403814208" stop="1489403814579" status="passed">
			<name>Comparing value or text of link in footer at index 6</name>
			<title>Comparing value or text of link in footer at index 6</title>
			<description></description>
			<labels>
			</labels>
			<parameters>
			</parameters>
			<steps>
			</steps>
			<attachments>
				<attachment title="Screenshot" source="da75414f-d121-4e31-8bbe-5069c71a4182-attachment.png" type="image/png" size="494028"/>
			</attachments>
		</test-case>
		<test-case start="1489403814579" stop="1489403814922" status="failed">
			<name>Comparing href values of links in footer at index 6</name>
			<title>Comparing href values of links in footer at index 6</title>
			<description></description>
			<labels>
			</labels>
			<parameters>
			</parameters>
			<steps>
			</steps>
			<attachments>
				<attachment title="Screenshot" source="35824209-41a7-471c-ae4a-d8425321a717-attachment.png" type="image/png" size="494028"/>
			</attachments>
			<failure>
				<message>Expected &apos;https://www.blackrock.com/corporate/en-in/newsroom&apos; to equal &apos;https://www.blackrock.com/corporate/en-gb/newsroom&apos;, &apos;Mismatch of href values of links&apos;.</message>
				<stack-trace>Error: Failed expectation
    at Object.&lt;anonymous&gt; (E:\protractorcms\cyborg\features\FT\common\ft_common.js:20:31)
    at C:\Users\Ravikiran\AppData\Roaming\npm\node_modules\protractor\node_modules\jasminewd2\index.js:102:25
    at new ManagedPromise (C:\Users\Ravikiran\AppData\Roaming\npm\node_modules\protractor\node_modules\selenium-webdriver\lib\promise.js:1067:7)
    at controlFlowExecute (C:\Users\Ravikiran\AppData\Roaming\npm\node_modules\protractor\node_modules\jasminewd2\index.js:87:18)
    at TaskQueue.execute_ (C:\Users\Ravikiran\AppData\Roaming\npm\node_modules\protractor\node_modules\selenium-webdriver\lib\promise.js:2970:14)
    at TaskQueue.executeNext_ (C:\Users\Ravikiran\AppData\Roaming\npm\node_modules\protractor\node_modules\selenium-webdriver\lib\promise.js:2953:27)
    at asyncRun (C:\Users\Ravikiran\AppData\Roaming\npm\node_modules\protractor\node_modules\selenium-webdriver\lib\promise.js:2860:25)
    at C:\Users\Ravikiran\AppData\Roaming\npm\node_modules\protractor\node_modules\selenium-webdriver\lib\promise.js:676:7
    at process._tickCallback (internal/process/next_tick.js:103:7)</stack-trace>
			</failure>
		</test-case>
		<test-case start="1489403814922" stop="1489403815765" status="passed">
			<name>Clicking links in footer at idx 6</name>
			<title>Clicking links in footer at idx 6</title>
			<description></description>
			<labels>
			</labels>
			<parameters>
			</parameters>
			<steps>
			</steps>
			<attachments>
				<attachment title="Screenshot" source="8004ada5-efb8-4aaa-a5e1-037c6c08e694-attachment.png" type="image/png" size="494041"/>
			</attachments>
		</test-case>
		<test-case start="1489403815765" stop="1489403817175" status="passed">
			<name>Shifting windows and validating them of link at index 6</name>
			<title>Shifting windows and validating them of link at index 6</title>
			<description></description>
			<labels>
			</labels>
			<parameters>
			</parameters>
			<steps>
			</steps>
			<attachments>
				<attachment title="Screenshot" source="0fbc9a39-f1f7-492c-8d81-e16f5a9dfa84-attachment.png" type="image/png" size="494041"/>
			</attachments>
		</test-case>
		<test-case start="1489403817176" stop="1489403817543" status="passed">
			<name>Comparing value or text of link in footer at index 7</name>
			<title>Comparing value or text of link in footer at index 7</title>
			<description></description>
			<labels>
			</labels>
			<parameters>
			</parameters>
			<steps>
			</steps>
			<attachments>
				<attachment title="Screenshot" source="0d0c15db-d854-4cb7-b736-c753c9b52fe2-attachment.png" type="image/png" size="494041"/>
			</attachments>
		</test-case>
		<test-case start="1489403817543" stop="1489403817881" status="failed">
			<name>Comparing href values of links in footer at index 7</name>
			<title>Comparing href values of links in footer at index 7</title>
			<description></description>
			<labels>
			</labels>
			<parameters>
			</parameters>
			<steps>
			</steps>
			<attachments>
				<attachment title="Screenshot" source="871e0b38-ad09-403c-9515-c4359e625233-attachment.png" type="image/png" size="494041"/>
			</attachments>
			<failure>
				<message>Expected &apos;https://www.blackrock.com/corporate/en-in/newsroom/media-contacts&apos; to equal &apos;https://www.blackrock.com/corporate/en-gb/newsroom/media-contacts&apos;, &apos;Mismatch of href values of links&apos;.</message>
				<stack-trace>Error: Failed expectation
    at Object.&lt;anonymous&gt; (E:\protractorcms\cyborg\features\FT\common\ft_common.js:20:31)
    at C:\Users\Ravikiran\AppData\Roaming\npm\node_modules\protractor\node_modules\jasminewd2\index.js:102:25
    at new ManagedPromise (C:\Users\Ravikiran\AppData\Roaming\npm\node_modules\protractor\node_modules\selenium-webdriver\lib\promise.js:1067:7)
    at controlFlowExecute (C:\Users\Ravikiran\AppData\Roaming\npm\node_modules\protractor\node_modules\jasminewd2\index.js:87:18)
    at TaskQueue.execute_ (C:\Users\Ravikiran\AppData\Roaming\npm\node_modules\protractor\node_modules\selenium-webdriver\lib\promise.js:2970:14)
    at TaskQueue.executeNext_ (C:\Users\Ravikiran\AppData\Roaming\npm\node_modules\protractor\node_modules\selenium-webdriver\lib\promise.js:2953:27)
    at asyncRun (C:\Users\Ravikiran\AppData\Roaming\npm\node_modules\protractor\node_modules\selenium-webdriver\lib\promise.js:2860:25)
    at C:\Users\Ravikiran\AppData\Roaming\npm\node_modules\protractor\node_modules\selenium-webdriver\lib\promise.js:676:7
    at process._tickCallback (internal/process/next_tick.js:103:7)</stack-trace>
			</failure>
		</test-case>
		<test-case start="1489403817881" stop="1489403818716" status="passed">
			<name>Clicking links in footer at idx 7</name>
			<title>Clicking links in footer at idx 7</title>
			<description></description>
			<labels>
			</labels>
			<parameters>
			</parameters>
			<steps>
			</steps>
			<attachments>
				<attachment title="Screenshot" source="f35796cd-3282-4fb0-b2d7-97dccba8ca1b-attachment.png" type="image/png" size="494069"/>
			</attachments>
		</test-case>
		<test-case start="1489403818716" stop="1489403820232" status="passed">
			<name>Shifting windows and validating them of link at index 7</name>
			<title>Shifting windows and validating them of link at index 7</title>
			<description></description>
			<labels>
			</labels>
			<parameters>
			</parameters>
			<steps>
			</steps>
			<attachments>
				<attachment title="Screenshot" source="7fb687ca-6892-444f-a455-ff67d699e92e-attachment.png" type="image/png" size="494069"/>
			</attachments>
		</test-case>
		<test-case start="1489403820232" stop="1489403820585" status="passed">
			<name>Comparing value or text of link in footer at index 8</name>
			<title>Comparing value or text of link in footer at index 8</title>
			<description></description>
			<labels>
			</labels>
			<parameters>
			</parameters>
			<steps>
			</steps>
			<attachments>
				<attachment title="Screenshot" source="8c711406-99f9-4d4e-9363-78d0df4401a9-attachment.png" type="image/png" size="494069"/>
			</attachments>
		</test-case>
		<test-case start="1489403820585" stop="1489403820963" status="failed">
			<name>Comparing href values of links in footer at index 8</name>
			<title>Comparing href values of links in footer at index 8</title>
			<description></description>
			<labels>
			</labels>
			<parameters>
			</parameters>
			<steps>
			</steps>
			<attachments>
				<attachment title="Screenshot" source="01420781-9bbc-4382-b265-4e6b395bc60f-attachment.png" type="image/png" size="494069"/>
			</attachments>
			<failure>
				<message>Expected &apos;https://www.blackrock.com/corporate/en-in/insights/blackrock-investment-institute&apos; to equal &apos;https://www.blackrock.com/corporate/en-gb/insights/blackrock-investment-institute&apos;, &apos;Mismatch of href values of links&apos;.</message>
				<stack-trace>Error: Failed expectation
    at Object.&lt;anonymous&gt; (E:\protractorcms\cyborg\features\FT\common\ft_common.js:20:31)
    at C:\Users\Ravikiran\AppData\Roaming\npm\node_modules\protractor\node_modules\jasminewd2\index.js:102:25
    at new ManagedPromise (C:\Users\Ravikiran\AppData\Roaming\npm\node_modules\protractor\node_modules\selenium-webdriver\lib\promise.js:1067:7)
    at controlFlowExecute (C:\Users\Ravikiran\AppData\Roaming\npm\node_modules\protractor\node_modules\jasminewd2\index.js:87:18)
    at TaskQueue.execute_ (C:\Users\Ravikiran\AppData\Roaming\npm\node_modules\protractor\node_modules\selenium-webdriver\lib\promise.js:2970:14)
    at TaskQueue.executeNext_ (C:\Users\Ravikiran\AppData\Roaming\npm\node_modules\protractor\node_modules\selenium-webdriver\lib\promise.js:2953:27)
    at asyncRun (C:\Users\Ravikiran\AppData\Roaming\npm\node_modules\protractor\node_modules\selenium-webdriver\lib\promise.js:2860:25)
    at C:\Users\Ravikiran\AppData\Roaming\npm\node_modules\protractor\node_modules\selenium-webdriver\lib\promise.js:676:7
    at process._tickCallback (internal/process/next_tick.js:103:7)</stack-trace>
			</failure>
		</test-case>
		<test-case start="1489403820963" stop="1489403821788" status="passed">
			<name>Clicking links in footer at idx 8</name>
			<title>Clicking links in footer at idx 8</title>
			<description></description>
			<labels>
			</labels>
			<parameters>
			</parameters>
			<steps>
			</steps>
			<attachments>
				<attachment title="Screenshot" source="f756cd54-6bc0-49c6-b690-9f5e76af6e4f-attachment.png" type="image/png" size="493890"/>
			</attachments>
		</test-case>
		<test-case start="1489403821788" stop="1489403823144" status="passed">
			<name>Shifting windows and validating them of link at index 8</name>
			<title>Shifting windows and validating them of link at index 8</title>
			<description></description>
			<labels>
			</labels>
			<parameters>
			</parameters>
			<steps>
			</steps>
			<attachments>
				<attachment title="Screenshot" source="1122a527-e08d-4918-bebc-5a7f5c1efc2f-attachment.png" type="image/png" size="494163"/>
			</attachments>
		</test-case>
		<test-case start="1489403823144" stop="1489403823521" status="passed">
			<name>Comparing value or text of link in footer at index 9</name>
			<title>Comparing value or text of link in footer at index 9</title>
			<description></description>
			<labels>
			</labels>
			<parameters>
			</parameters>
			<steps>
			</steps>
			<attachments>
				<attachment title="Screenshot" source="67933b25-6fbe-4d8c-9f04-c6089c979b5a-attachment.png" type="image/png" size="494163"/>
			</attachments>
		</test-case>
		<test-case start="1489403823521" stop="1489403823883" status="failed">
			<name>Comparing href values of links in footer at index 9</name>
			<title>Comparing href values of links in footer at index 9</title>
			<description></description>
			<labels>
			</labels>
			<parameters>
			</parameters>
			<steps>
			</steps>
			<attachments>
				<attachment title="Screenshot" source="c9ad541b-b7f6-4501-a505-f04c52adcaf6-attachment.png" type="image/png" size="494163"/>
			</attachments>
			<failure>
				<message>Expected &apos;https://www.blackrock.com/corporate/en-in/insights/public-policy&apos; to equal &apos;https://www.blackrock.com/corporate/en-gb/insights/public-policy&apos;, &apos;Mismatch of href values of links&apos;.</message>
				<stack-trace>Error: Failed expectation
    at Object.&lt;anonymous&gt; (E:\protractorcms\cyborg\features\FT\common\ft_common.js:20:31)
    at C:\Users\Ravikiran\AppData\Roaming\npm\node_modules\protractor\node_modules\jasminewd2\index.js:102:25
    at new ManagedPromise (C:\Users\Ravikiran\AppData\Roaming\npm\node_modules\protractor\node_modules\selenium-webdriver\lib\promise.js:1067:7)
    at controlFlowExecute (C:\Users\Ravikiran\AppData\Roaming\npm\node_modules\protractor\node_modules\jasminewd2\index.js:87:18)
    at TaskQueue.execute_ (C:\Users\Ravikiran\AppData\Roaming\npm\node_modules\protractor\node_modules\selenium-webdriver\lib\promise.js:2970:14)
    at TaskQueue.executeNext_ (C:\Users\Ravikiran\AppData\Roaming\npm\node_modules\protractor\node_modules\selenium-webdriver\lib\promise.js:2953:27)
    at asyncRun (C:\Users\Ravikiran\AppData\Roaming\npm\node_modules\protractor\node_modules\selenium-webdriver\lib\promise.js:2860:25)
    at C:\Users\Ravikiran\AppData\Roaming\npm\node_modules\protractor\node_modules\selenium-webdriver\lib\promise.js:676:7
    at process._tickCallback (internal/process/next_tick.js:103:7)</stack-trace>
			</failure>
		</test-case>
		<test-case start="1489403823883" stop="1489403824747" status="passed">
			<name>Clicking links in footer at idx 9</name>
			<title>Clicking links in footer at idx 9</title>
			<description></description>
			<labels>
			</labels>
			<parameters>
			</parameters>
			<steps>
			</steps>
			<attachments>
				<attachment title="Screenshot" source="422f9ce6-8bc9-45e3-b9c7-23dc0b1b288a-attachment.png" type="image/png" size="493890"/>
			</attachments>
		</test-case>
		<test-case start="1489403824748" stop="1489403826147" status="passed">
			<name>Shifting windows and validating them of link at index 9</name>
			<title>Shifting windows and validating them of link at index 9</title>
			<description></description>
			<labels>
			</labels>
			<parameters>
			</parameters>
			<steps>
			</steps>
			<attachments>
				<attachment title="Screenshot" source="762647cd-d477-4dcb-9bbf-477be8c17d81-attachment.png" type="image/png" size="493953"/>
			</attachments>
		</test-case>
		<test-case start="1489403826147" stop="1489403826518" status="passed">
			<name>Comparing value or text of link in footer at index 10</name>
			<title>Comparing value or text of link in footer at index 10</title>
			<description></description>
			<labels>
			</labels>
			<parameters>
			</parameters>
			<steps>
			</steps>
			<attachments>
				<attachment title="Screenshot" source="c26e8681-d359-4323-8534-40e21354ca27-attachment.png" type="image/png" size="493953"/>
			</attachments>
		</test-case>
		<test-case start="1489403826518" stop="1489403826868" status="passed">
			<name>Comparing href values of links in footer at index 10</name>
			<title>Comparing href values of links in footer at index 10</title>
			<description></description>
			<labels>
			</labels>
			<parameters>
			</parameters>
			<steps>
			</steps>
			<attachments>
				<attachment title="Screenshot" source="c91a5633-f063-45d0-8c92-deb6b814c3a6-attachment.png" type="image/png" size="493953"/>
			</attachments>
		</test-case>
		<test-case start="1489403826868" stop="1489403827461" status="passed">
			<name>Clicking links in footer at idx 10</name>
			<title>Clicking links in footer at idx 10</title>
			<description></description>
			<labels>
			</labels>
			<parameters>
			</parameters>
			<steps>
			</steps>
			<attachments>
				<attachment title="Screenshot" source="ede3b618-311f-41f4-9d78-674ddd466ac4-attachment.png" type="image/png" size="494044"/>
			</attachments>
		</test-case>
		<test-case start="1489403827461" stop="1489403828818" status="passed">
			<name>Shifting windows and validating them of link at index 10</name>
			<title>Shifting windows and validating them of link at index 10</title>
			<description></description>
			<labels>
			</labels>
			<parameters>
			</parameters>
			<steps>
			</steps>
			<attachments>
				<attachment title="Screenshot" source="d1677ab7-0ea3-4c31-b293-62fac8f10c23-attachment.png" type="image/png" size="494044"/>
			</attachments>
		</test-case>
		<test-case start="1489403828818" stop="1489403829197" status="passed">
			<name>Comparing value or text of link in footer at index 11</name>
			<title>Comparing value or text of link in footer at index 11</title>
			<description></description>
			<labels>
			</labels>
			<parameters>
			</parameters>
			<steps>
			</steps>
			<attachments>
				<attachment title="Screenshot" source="bee12f58-b2b1-4c94-9b3a-02e87df82ef4-attachment.png" type="image/png" size="494044"/>
			</attachments>
		</test-case>
		<test-case start="1489403829197" stop="1489403829527" status="passed">
			<name>Comparing href values of links in footer at index 11</name>
			<title>Comparing href values of links in footer at index 11</title>
			<description></description>
			<labels>
			</labels>
			<parameters>
			</parameters>
			<steps>
			</steps>
			<attachments>
				<attachment title="Screenshot" source="24d14670-6931-4fa8-ab79-eb76b744cfb6-attachment.png" type="image/png" size="494044"/>
			</attachments>
		</test-case>
		<test-case start="1489403829527" stop="1489403830015" status="passed">
			<name>Clicking links in footer at idx 11</name>
			<title>Clicking links in footer at idx 11</title>
			<description></description>
			<labels>
			</labels>
			<parameters>
			</parameters>
			<steps>
			</steps>
			<attachments>
				<attachment title="Screenshot" source="62bf1357-fdff-42ea-913a-b8a81ab46482-attachment.png" type="image/png" size="493890"/>
			</attachments>
		</test-case>
		<test-case start="1489403830015" stop="1489403831372" status="passed">
			<name>Shifting windows and validating them of link at index 11</name>
			<title>Shifting windows and validating them of link at index 11</title>
			<description></description>
			<labels>
			</labels>
			<parameters>
			</parameters>
			<steps>
			</steps>
			<attachments>
				<attachment title="Screenshot" source="a22c41ae-f43c-47c1-bbe4-4ffa8453d5c5-attachment.png" type="image/png" size="494100"/>
			</attachments>
		</test-case>
		<test-case start="1489403831372" stop="1489403831752" status="passed">
			<name>Comparing value or text of link in footer at index 12</name>
			<title>Comparing value or text of link in footer at index 12</title>
			<description></description>
			<labels>
			</labels>
			<parameters>
			</parameters>
			<steps>
			</steps>
			<attachments>
				<attachment title="Screenshot" source="664e2ac7-8cc3-493f-98cc-43aecbcaf72a-attachment.png" type="image/png" size="494100"/>
			</attachments>
		</test-case>
		<test-case start="1489403831753" stop="1489403832132" status="passed">
			<name>Comparing href values of links in footer at index 12</name>
			<title>Comparing href values of links in footer at index 12</title>
			<description></description>
			<labels>
			</labels>
			<parameters>
			</parameters>
			<steps>
			</steps>
			<attachments>
				<attachment title="Screenshot" source="44317620-8f4a-4a75-86f7-6e74fc0cca94-attachment.png" type="image/png" size="494100"/>
			</attachments>
		</test-case>
		<test-case start="1489403832132" stop="1489403832632" status="passed">
			<name>Clicking links in footer at idx 12</name>
			<title>Clicking links in footer at idx 12</title>
			<description></description>
			<labels>
			</labels>
			<parameters>
			</parameters>
			<steps>
			</steps>
			<attachments>
				<attachment title="Screenshot" source="0c0b0a97-e001-43b4-ac1d-3a1653bcd51d-attachment.png" type="image/png" size="493984"/>
			</attachments>
		</test-case>
		<test-case start="1489403832632" stop="1489403834000" status="passed">
			<name>Shifting windows and validating them of link at index 12</name>
			<title>Shifting windows and validating them of link at index 12</title>
			<description></description>
			<labels>
			</labels>
			<parameters>
			</parameters>
			<steps>
			</steps>
			<attachments>
				<attachment title="Screenshot" source="6306cfbb-085d-45a6-93f0-7b098dc12598-attachment.png" type="image/png" size="493984"/>
			</attachments>
		</test-case>
		<test-case start="1489403834000" stop="1489403834372" status="passed">
			<name>Comparing value or text of link in footer at index 13</name>
			<title>Comparing value or text of link in footer at index 13</title>
			<description></description>
			<labels>
			</labels>
			<parameters>
			</parameters>
			<steps>
			</steps>
			<attachments>
				<attachment title="Screenshot" source="4303af0f-8a94-4cc6-abe4-772e919d1072-attachment.png" type="image/png" size="493984"/>
			</attachments>
		</test-case>
		<test-case start="1489403834372" stop="1489403834722" status="passed">
			<name>Comparing href values of links in footer at index 13</name>
			<title>Comparing href values of links in footer at index 13</title>
			<description></description>
			<labels>
			</labels>
			<parameters>
			</parameters>
			<steps>
			</steps>
			<attachments>
				<attachment title="Screenshot" source="3f7b5ae5-9827-4474-80d8-70e9d17244b7-attachment.png" type="image/png" size="493984"/>
			</attachments>
		</test-case>
		<test-case start="1489403834722" stop="1489403835192" status="passed">
			<name>Clicking links in footer at idx 13</name>
			<title>Clicking links in footer at idx 13</title>
			<description></description>
			<labels>
			</labels>
			<parameters>
			</parameters>
			<steps>
			</steps>
			<attachments>
				<attachment title="Screenshot" source="8e43fa77-2f1a-4e2c-832c-459644485a1c-attachment.png" type="image/png" size="493998"/>
			</attachments>
		</test-case>
		<test-case start="1489403835192" stop="1489403836590" status="passed">
			<name>Shifting windows and validating them of link at index 13</name>
			<title>Shifting windows and validating them of link at index 13</title>
			<description></description>
			<labels>
			</labels>
			<parameters>
			</parameters>
			<steps>
			</steps>
			<attachments>
				<attachment title="Screenshot" source="e97effc7-65a8-43f2-880a-84bb0243a83e-attachment.png" type="image/png" size="493998"/>
			</attachments>
		</test-case>
		<test-case start="1489403836590" stop="1489403836969" status="passed">
			<name>Comparing value or text of link in footer at index 14</name>
			<title>Comparing value or text of link in footer at index 14</title>
			<description></description>
			<labels>
			</labels>
			<parameters>
			</parameters>
			<steps>
			</steps>
			<attachments>
				<attachment title="Screenshot" source="8945e151-6aa3-446f-b589-c4e56c4d276a-attachment.png" type="image/png" size="493998"/>
			</attachments>
		</test-case>
		<test-case start="1489403836969" stop="1489403837337" status="passed">
			<name>Comparing href values of links in footer at index 14</name>
			<title>Comparing href values of links in footer at index 14</title>
			<description></description>
			<labels>
			</labels>
			<parameters>
			</parameters>
			<steps>
			</steps>
			<attachments>
				<attachment title="Screenshot" source="6570e39a-f518-4301-8b79-984d987b4b4c-attachment.png" type="image/png" size="493998"/>
			</attachments>
		</test-case>
		<test-case start="1489403837337" stop="1489403837812" status="passed">
			<name>Clicking links in footer at idx 14</name>
			<title>Clicking links in footer at idx 14</title>
			<description></description>
			<labels>
			</labels>
			<parameters>
			</parameters>
			<steps>
			</steps>
			<attachments>
				<attachment title="Screenshot" source="337ee9ef-d9a0-4223-b448-d33d9253bafa-attachment.png" type="image/png" size="494027"/>
			</attachments>
		</test-case>
		<test-case start="1489403837812" stop="1489403839166" status="passed">
			<name>Shifting windows and validating them of link at index 14</name>
			<title>Shifting windows and validating them of link at index 14</title>
			<description></description>
			<labels>
			</labels>
			<parameters>
			</parameters>
			<steps>
			</steps>
			<attachments>
				<attachment title="Screenshot" source="74fe37a1-e111-4400-b4d3-9cb88a35e5c1-attachment.png" type="image/png" size="494027"/>
			</attachments>
		</test-case>
		<test-case start="1489403839166" stop="1489403839520" status="passed">
			<name>Comparing value or text of link in footer at index 15</name>
			<title>Comparing value or text of link in footer at index 15</title>
			<description></description>
			<labels>
			</labels>
			<parameters>
			</parameters>
			<steps>
			</steps>
			<attachments>
				<attachment title="Screenshot" source="ddeaeb5f-e89e-42c7-a369-7d2a72fb3b2c-attachment.png" type="image/png" size="494027"/>
			</attachments>
		</test-case>
		<test-case start="1489403839520" stop="1489403839873" status="passed">
			<name>Comparing href values of links in footer at index 15</name>
			<title>Comparing href values of links in footer at index 15</title>
			<description></description>
			<labels>
			</labels>
			<parameters>
			</parameters>
			<steps>
			</steps>
			<attachments>
				<attachment title="Screenshot" source="0e7dedd7-e92d-47d1-a83a-a25df3826b18-attachment.png" type="image/png" size="494027"/>
			</attachments>
		</test-case>
		<test-case start="1489403839873" stop="1489403840361" status="passed">
			<name>Clicking links in footer at idx 15</name>
			<title>Clicking links in footer at idx 15</title>
			<description></description>
			<labels>
			</labels>
			<parameters>
			</parameters>
			<steps>
			</steps>
			<attachments>
				<attachment title="Screenshot" source="e4f06f82-d0c5-4258-a876-bfe47180c6bc-attachment.png" type="image/png" size="481451"/>
			</attachments>
		</test-case>
		<test-case start="1489403840361" stop="1489403841707" status="passed">
			<name>Shifting windows and validating them of link at index 15</name>
			<title>Shifting windows and validating them of link at index 15</title>
			<description></description>
			<labels>
			</labels>
			<parameters>
			</parameters>
			<steps>
			</steps>
			<attachments>
				<attachment title="Screenshot" source="b3865b5d-4ffe-4542-af4d-f5c67d38a6f3-attachment.png" type="image/png" size="481451"/>
			</attachments>
		</test-case>
		<test-case start="1489403841707" stop="1489403842073" status="passed">
			<name>Comparing value or text of link in footer at index 16</name>
			<title>Comparing value or text of link in footer at index 16</title>
			<description></description>
			<labels>
			</labels>
			<parameters>
			</parameters>
			<steps>
			</steps>
			<attachments>
				<attachment title="Screenshot" source="5421020a-3e65-4d4e-acae-8361d672d266-attachment.png" type="image/png" size="481451"/>
			</attachments>
		</test-case>
		<test-case start="1489403842073" stop="1489403842433" status="passed">
			<name>Comparing href values of links in footer at index 16</name>
			<title>Comparing href values of links in footer at index 16</title>
			<description></description>
			<labels>
			</labels>
			<parameters>
			</parameters>
			<steps>
			</steps>
			<attachments>
				<attachment title="Screenshot" source="7a0b5739-ed72-48a0-add0-2ce5835bc171-attachment.png" type="image/png" size="481451"/>
			</attachments>
		</test-case>
		<test-case start="1489403842433" stop="1489403842907" status="passed">
			<name>Clicking links in footer at idx 16</name>
			<title>Clicking links in footer at idx 16</title>
			<description></description>
			<labels>
			</labels>
			<parameters>
			</parameters>
			<steps>
			</steps>
			<attachments>
				<attachment title="Screenshot" source="d175ea4f-47b6-4ba1-8c5c-102ceb1cb74f-attachment.png" type="image/png" size="464599"/>
			</attachments>
		</test-case>
		<test-case start="1489403842907" stop="1489403844267" status="passed">
			<name>Shifting windows and validating them of link at index 16</name>
			<title>Shifting windows and validating them of link at index 16</title>
			<description></description>
			<labels>
			</labels>
			<parameters>
			</parameters>
			<steps>
			</steps>
			<attachments>
				<attachment title="Screenshot" source="8628250e-f85b-4b6c-a704-2f1eea5e27cc-attachment.png" type="image/png" size="464599"/>
			</attachments>
		</test-case>
		<test-case start="1489403844267" stop="1489403844618" status="passed">
			<name>Comparing value or text of link in footer at index 17</name>
			<title>Comparing value or text of link in footer at index 17</title>
			<description></description>
			<labels>
			</labels>
			<parameters>
			</parameters>
			<steps>
			</steps>
			<attachments>
				<attachment title="Screenshot" source="397c395e-a9a1-435c-a0d3-770a4886ecd1-attachment.png" type="image/png" size="464599"/>
			</attachments>
		</test-case>
		<test-case start="1489403844618" stop="1489403844973" status="failed">
			<name>Comparing href values of links in footer at index 17</name>
			<title>Comparing href values of links in footer at index 17</title>
			<description></description>
			<labels>
			</labels>
			<parameters>
			</parameters>
			<steps>
			</steps>
			<attachments>
				<attachment title="Screenshot" source="c1cca6c9-32ff-4e02-940a-a58230c6fe8d-attachment.png" type="image/png" size="464599"/>
			</attachments>
			<failure>
				<message>Expected &apos;https://www.blackrock.com/corporate/en-in/responsibility&apos; to equal &apos;https://www.blackrock.com/corporate/en-gb/responsibility&apos;, &apos;Mismatch of href values of links&apos;.</message>
				<stack-trace>Error: Failed expectation
    at Object.&lt;anonymous&gt; (E:\protractorcms\cyborg\features\FT\common\ft_common.js:20:31)
    at C:\Users\Ravikiran\AppData\Roaming\npm\node_modules\protractor\node_modules\jasminewd2\index.js:102:25
    at new ManagedPromise (C:\Users\Ravikiran\AppData\Roaming\npm\node_modules\protractor\node_modules\selenium-webdriver\lib\promise.js:1067:7)
    at controlFlowExecute (C:\Users\Ravikiran\AppData\Roaming\npm\node_modules\protractor\node_modules\jasminewd2\index.js:87:18)
    at TaskQueue.execute_ (C:\Users\Ravikiran\AppData\Roaming\npm\node_modules\protractor\node_modules\selenium-webdriver\lib\promise.js:2970:14)
    at TaskQueue.executeNext_ (C:\Users\Ravikiran\AppData\Roaming\npm\node_modules\protractor\node_modules\selenium-webdriver\lib\promise.js:2953:27)
    at asyncRun (C:\Users\Ravikiran\AppData\Roaming\npm\node_modules\protractor\node_modules\selenium-webdriver\lib\promise.js:2860:25)
    at C:\Users\Ravikiran\AppData\Roaming\npm\node_modules\protractor\node_modules\selenium-webdriver\lib\promise.js:676:7
    at process._tickCallback (internal/process/next_tick.js:103:7)</stack-trace>
			</failure>
		</test-case>
		<test-case start="1489403844973" stop="1489403845773" status="passed">
			<name>Clicking links in footer at idx 17</name>
			<title>Clicking links in footer at idx 17</title>
			<description></description>
			<labels>
			</labels>
			<parameters>
			</parameters>
			<steps>
			</steps>
			<attachments>
				<attachment title="Screenshot" source="8ddebefe-f837-4113-863c-7537153ca927-attachment.png" type="image/png" size="464599"/>
			</attachments>
		</test-case>
		<test-case start="1489403845773" stop="1489403847113" status="passed">
			<name>Shifting windows and validating them of link at index 17</name>
			<title>Shifting windows and validating them of link at index 17</title>
			<description></description>
			<labels>
			</labels>
			<parameters>
			</parameters>
			<steps>
			</steps>
			<attachments>
				<attachment title="Screenshot" source="8cd8c0e5-6bf5-484e-ab67-d0e613a6b551-attachment.png" type="image/png" size="464628"/>
			</attachments>
		</test-case>
		<test-case start="1489403847113" stop="1489403847461" status="passed">
			<name>Comparing value or text of link in footer at index 18</name>
			<title>Comparing value or text of link in footer at index 18</title>
			<description></description>
			<labels>
			</labels>
			<parameters>
			</parameters>
			<steps>
			</steps>
			<attachments>
				<attachment title="Screenshot" source="d58ecdf4-8e2e-4270-913b-46f45b38d085-attachment.png" type="image/png" size="464628"/>
			</attachments>
		</test-case>
		<test-case start="1489403847461" stop="1489403847809" status="failed">
			<name>Comparing href values of links in footer at index 18</name>
			<title>Comparing href values of links in footer at index 18</title>
			<description></description>
			<labels>
			</labels>
			<parameters>
			</parameters>
			<steps>
			</steps>
			<attachments>
				<attachment title="Screenshot" source="2555dcad-8d0d-45ee-a22c-b51a1c93c079-attachment.png" type="image/png" size="464628"/>
			</attachments>
			<failure>
				<message>Expected &apos;https://www.blackrock.com/corporate/en-in/responsibility/human-capital&apos; to equal &apos;https://www.blackrock.com/corporate/en-gb/responsibility/human-capital&apos;, &apos;Mismatch of href values of links&apos;.</message>
				<stack-trace>Error: Failed expectation
    at Object.&lt;anonymous&gt; (E:\protractorcms\cyborg\features\FT\common\ft_common.js:20:31)
    at C:\Users\Ravikiran\AppData\Roaming\npm\node_modules\protractor\node_modules\jasminewd2\index.js:102:25
    at new ManagedPromise (C:\Users\Ravikiran\AppData\Roaming\npm\node_modules\protractor\node_modules\selenium-webdriver\lib\promise.js:1067:7)
    at controlFlowExecute (C:\Users\Ravikiran\AppData\Roaming\npm\node_modules\protractor\node_modules\jasminewd2\index.js:87:18)
    at TaskQueue.execute_ (C:\Users\Ravikiran\AppData\Roaming\npm\node_modules\protractor\node_modules\selenium-webdriver\lib\promise.js:2970:14)
    at TaskQueue.executeNext_ (C:\Users\Ravikiran\AppData\Roaming\npm\node_modules\protractor\node_modules\selenium-webdriver\lib\promise.js:2953:27)
    at asyncRun (C:\Users\Ravikiran\AppData\Roaming\npm\node_modules\protractor\node_modules\selenium-webdriver\lib\promise.js:2860:25)
    at C:\Users\Ravikiran\AppData\Roaming\npm\node_modules\protractor\node_modules\selenium-webdriver\lib\promise.js:676:7
    at process._tickCallback (internal/process/next_tick.js:103:7)</stack-trace>
			</failure>
		</test-case>
		<test-case start="1489403847809" stop="1489403848612" status="passed">
			<name>Clicking links in footer at idx 18</name>
			<title>Clicking links in footer at idx 18</title>
			<description></description>
			<labels>
			</labels>
			<parameters>
			</parameters>
			<steps>
			</steps>
			<attachments>
				<attachment title="Screenshot" source="6a880b33-bf61-406c-92b8-63a2407a0305-attachment.png" type="image/png" size="464643"/>
			</attachments>
		</test-case>
		<test-case start="1489403848612" stop="1489403849947" status="passed">
			<name>Shifting windows and validating them of link at index 18</name>
			<title>Shifting windows and validating them of link at index 18</title>
			<description></description>
			<labels>
			</labels>
			<parameters>
			</parameters>
			<steps>
			</steps>
			<attachments>
				<attachment title="Screenshot" source="299ecba4-097d-4d30-b20e-ba65317950d4-attachment.png" type="image/png" size="464643"/>
			</attachments>
		</test-case>
		<test-case start="1489403849947" stop="1489403850327" status="passed">
			<name>Comparing value or text of link in footer at index 19</name>
			<title>Comparing value or text of link in footer at index 19</title>
			<description></description>
			<labels>
			</labels>
			<parameters>
			</parameters>
			<steps>
			</steps>
			<attachments>
				<attachment title="Screenshot" source="fee0dd3c-3f2b-4e6f-84b4-fd3b01bf4c45-attachment.png" type="image/png" size="464643"/>
			</attachments>
		</test-case>
		<test-case start="1489403850327" stop="1489403850685" status="failed">
			<name>Comparing href values of links in footer at index 19</name>
			<title>Comparing href values of links in footer at index 19</title>
			<description></description>
			<labels>
			</labels>
			<parameters>
			</parameters>
			<steps>
			</steps>
			<attachments>
				<attachment title="Screenshot" source="d76973ed-773a-404d-ac67-a5aefd041428-attachment.png" type="image/png" size="464643"/>
			</attachments>
			<failure>
				<message>Expected &apos;https://www.blackrock.com/corporate/en-in/responsibility/environmental-sustainability&apos; to equal &apos;https://www.blackrock.com/corporate/en-gb/responsibility/environmental-sustainability&apos;, &apos;Mismatch of href values of links&apos;.</message>
				<stack-trace>Error: Failed expectation
    at Object.&lt;anonymous&gt; (E:\protractorcms\cyborg\features\FT\common\ft_common.js:20:31)
    at C:\Users\Ravikiran\AppData\Roaming\npm\node_modules\protractor\node_modules\jasminewd2\index.js:102:25
    at new ManagedPromise (C:\Users\Ravikiran\AppData\Roaming\npm\node_modules\protractor\node_modules\selenium-webdriver\lib\promise.js:1067:7)
    at controlFlowExecute (C:\Users\Ravikiran\AppData\Roaming\npm\node_modules\protractor\node_modules\jasminewd2\index.js:87:18)
    at TaskQueue.execute_ (C:\Users\Ravikiran\AppData\Roaming\npm\node_modules\protractor\node_modules\selenium-webdriver\lib\promise.js:2970:14)
    at TaskQueue.executeNext_ (C:\Users\Ravikiran\AppData\Roaming\npm\node_modules\protractor\node_modules\selenium-webdriver\lib\promise.js:2953:27)
    at asyncRun (C:\Users\Ravikiran\AppData\Roaming\npm\node_modules\protractor\node_modules\selenium-webdriver\lib\promise.js:2860:25)
    at C:\Users\Ravikiran\AppData\Roaming\npm\node_modules\protractor\node_modules\selenium-webdriver\lib\promise.js:676:7
    at process._tickCallback (internal/process/next_tick.js:103:7)</stack-trace>
			</failure>
		</test-case>
		<test-case start="1489403850685" stop="1489403851479" status="passed">
			<name>Clicking links in footer at idx 19</name>
			<title>Clicking links in footer at idx 19</title>
			<description></description>
			<labels>
			</labels>
			<parameters>
			</parameters>
			<steps>
			</steps>
			<attachments>
				<attachment title="Screenshot" source="5806f24d-24cd-4643-baf5-fc7b2a77f26b-attachment.png" type="image/png" size="464486"/>
			</attachments>
		</test-case>
		<test-case start="1489403851479" stop="1489403852879" status="passed">
			<name>Shifting windows and validating them of link at index 19</name>
			<title>Shifting windows and validating them of link at index 19</title>
			<description></description>
			<labels>
			</labels>
			<parameters>
			</parameters>
			<steps>
			</steps>
			<attachments>
				<attachment title="Screenshot" source="8e526670-b243-4c5a-9282-ca1b10058e0d-attachment.png" type="image/png" size="464660"/>
			</attachments>
		</test-case>
		<test-case start="1489403852879" stop="1489403853232" status="passed">
			<name>Comparing value or text of link in footer at index 20</name>
			<title>Comparing value or text of link in footer at index 20</title>
			<description></description>
			<labels>
			</labels>
			<parameters>
			</parameters>
			<steps>
			</steps>
			<attachments>
				<attachment title="Screenshot" source="487826ac-d521-461d-80b7-2ea3903f7948-attachment.png" type="image/png" size="464660"/>
			</attachments>
		</test-case>
		<test-case start="1489403853232" stop="1489403853572" status="failed">
			<name>Comparing href values of links in footer at index 20</name>
			<title>Comparing href values of links in footer at index 20</title>
			<description></description>
			<labels>
			</labels>
			<parameters>
			</parameters>
			<steps>
			</steps>
			<attachments>
				<attachment title="Screenshot" source="a3904ef0-92e2-450e-810b-f9807846dac1-attachment.png" type="image/png" size="464660"/>
			</attachments>
			<failure>
				<message>Expected &apos;https://www.blackrock.com/corporate/en-in/responsibility/ethics-and-integrity&apos; to equal &apos;https://www.blackrock.com/corporate/en-gb/responsibility/ethics-and-integrity&apos;, &apos;Mismatch of href values of links&apos;.</message>
				<stack-trace>Error: Failed expectation
    at Object.&lt;anonymous&gt; (E:\protractorcms\cyborg\features\FT\common\ft_common.js:20:31)
    at C:\Users\Ravikiran\AppData\Roaming\npm\node_modules\protractor\node_modules\jasminewd2\index.js:102:25
    at new ManagedPromise (C:\Users\Ravikiran\AppData\Roaming\npm\node_modules\protractor\node_modules\selenium-webdriver\lib\promise.js:1067:7)
    at controlFlowExecute (C:\Users\Ravikiran\AppData\Roaming\npm\node_modules\protractor\node_modules\jasminewd2\index.js:87:18)
    at TaskQueue.execute_ (C:\Users\Ravikiran\AppData\Roaming\npm\node_modules\protractor\node_modules\selenium-webdriver\lib\promise.js:2970:14)
    at TaskQueue.executeNext_ (C:\Users\Ravikiran\AppData\Roaming\npm\node_modules\protractor\node_modules\selenium-webdriver\lib\promise.js:2953:27)
    at asyncRun (C:\Users\Ravikiran\AppData\Roaming\npm\node_modules\protractor\node_modules\selenium-webdriver\lib\promise.js:2860:25)
    at C:\Users\Ravikiran\AppData\Roaming\npm\node_modules\protractor\node_modules\selenium-webdriver\lib\promise.js:676:7
    at process._tickCallback (internal/process/next_tick.js:103:7)</stack-trace>
			</failure>
		</test-case>
		<test-case start="1489403853572" stop="1489403854434" status="passed">
			<name>Clicking links in footer at idx 20</name>
			<title>Clicking links in footer at idx 20</title>
			<description></description>
			<labels>
			</labels>
			<parameters>
			</parameters>
			<steps>
			</steps>
			<attachments>
				<attachment title="Screenshot" source="bedcff6b-02e0-4716-8657-bc9e757981da-attachment.png" type="image/png" size="464645"/>
			</attachments>
		</test-case>
		<test-case start="1489403854434" stop="1489403855989" status="passed">
			<name>Shifting windows and validating them of link at index 20</name>
			<title>Shifting windows and validating them of link at index 20</title>
			<description></description>
			<labels>
			</labels>
			<parameters>
			</parameters>
			<steps>
			</steps>
			<attachments>
				<attachment title="Screenshot" source="a89e2218-b209-47ab-a548-da328b3aa0f3-attachment.png" type="image/png" size="464645"/>
			</attachments>
		</test-case>
		<test-case start="1489403855989" stop="1489403856350" status="passed">
			<name>Comparing value or text of link in footer at index 21</name>
			<title>Comparing value or text of link in footer at index 21</title>
			<description></description>
			<labels>
			</labels>
			<parameters>
			</parameters>
			<steps>
			</steps>
			<attachments>
				<attachment title="Screenshot" source="2f9adff7-0f3b-4921-9ac2-b7fb11b1aea9-attachment.png" type="image/png" size="464645"/>
			</attachments>
		</test-case>
		<test-case start="1489403856350" stop="1489403856697" status="failed">
			<name>Comparing href values of links in footer at index 21</name>
			<title>Comparing href values of links in footer at index 21</title>
			<description></description>
			<labels>
			</labels>
			<parameters>
			</parameters>
			<steps>
			</steps>
			<attachments>
				<attachment title="Screenshot" source="eaebeda7-6e06-42d6-9ded-369ffdf48bb6-attachment.png" type="image/png" size="464645"/>
			</attachments>
			<failure>
				<message>Expected &apos;https://www.blackrock.com/corporate/en-in/responsibility/health-and-safety&apos; to equal &apos;https://www.blackrock.com/corporate/en-gb/responsibility/health-and-safety&apos;, &apos;Mismatch of href values of links&apos;.</message>
				<stack-trace>Error: Failed expectation
    at Object.&lt;anonymous&gt; (E:\protractorcms\cyborg\features\FT\common\ft_common.js:20:31)
    at C:\Users\Ravikiran\AppData\Roaming\npm\node_modules\protractor\node_modules\jasminewd2\index.js:102:25
    at new ManagedPromise (C:\Users\Ravikiran\AppData\Roaming\npm\node_modules\protractor\node_modules\selenium-webdriver\lib\promise.js:1067:7)
    at controlFlowExecute (C:\Users\Ravikiran\AppData\Roaming\npm\node_modules\protractor\node_modules\jasminewd2\index.js:87:18)
    at TaskQueue.execute_ (C:\Users\Ravikiran\AppData\Roaming\npm\node_modules\protractor\node_modules\selenium-webdriver\lib\promise.js:2970:14)
    at TaskQueue.executeNext_ (C:\Users\Ravikiran\AppData\Roaming\npm\node_modules\protractor\node_modules\selenium-webdriver\lib\promise.js:2953:27)
    at asyncRun (C:\Users\Ravikiran\AppData\Roaming\npm\node_modules\protractor\node_modules\selenium-webdriver\lib\promise.js:2860:25)
    at C:\Users\Ravikiran\AppData\Roaming\npm\node_modules\protractor\node_modules\selenium-webdriver\lib\promise.js:676:7
    at process._tickCallback (internal/process/next_tick.js:103:7)</stack-trace>
			</failure>
		</test-case>
		<test-case start="1489403856697" stop="1489403857511" status="passed">
			<name>Clicking links in footer at idx 21</name>
			<title>Clicking links in footer at idx 21</title>
			<description></description>
			<labels>
			</labels>
			<parameters>
			</parameters>
			<steps>
			</steps>
			<attachments>
				<attachment title="Screenshot" source="159b9b66-b1b4-4b8a-84c6-d74400539a37-attachment.png" type="image/png" size="464642"/>
			</attachments>
		</test-case>
		<test-case start="1489403857511" stop="1489403858868" status="passed">
			<name>Shifting windows and validating them of link at index 21</name>
			<title>Shifting windows and validating them of link at index 21</title>
			<description></description>
			<labels>
			</labels>
			<parameters>
			</parameters>
			<steps>
			</steps>
			<attachments>
				<attachment title="Screenshot" source="57a14a66-8760-4aa6-a62d-62ef3b1ea9dc-attachment.png" type="image/png" size="464642"/>
			</attachments>
		</test-case>
		<test-case start="1489403858868" stop="1489403859221" status="passed">
			<name>Comparing value or text of link in footer at index 22</name>
			<title>Comparing value or text of link in footer at index 22</title>
			<description></description>
			<labels>
			</labels>
			<parameters>
			</parameters>
			<steps>
			</steps>
			<attachments>
				<attachment title="Screenshot" source="1361bdfc-5fc4-4622-825f-7129356d2438-attachment.png" type="image/png" size="464642"/>
			</attachments>
		</test-case>
		<test-case start="1489403859221" stop="1489403859544" status="failed">
			<name>Comparing href values of links in footer at index 22</name>
			<title>Comparing href values of links in footer at index 22</title>
			<description></description>
			<labels>
			</labels>
			<parameters>
			</parameters>
			<steps>
			</steps>
			<attachments>
				<attachment title="Screenshot" source="a371900f-c5e4-496d-93dd-4bed36f6f610-attachment.png" type="image/png" size="464642"/>
			</attachments>
			<failure>
				<message>Expected &apos;https://www.blackrock.com/corporate/en-in/about-us/investment-stewardship&apos; to equal &apos;https://www.blackrock.com/corporate/en-gb/about-us/investment-stewardship&apos;, &apos;Mismatch of href values of links&apos;.</message>
				<stack-trace>Error: Failed expectation
    at Object.&lt;anonymous&gt; (E:\protractorcms\cyborg\features\FT\common\ft_common.js:20:31)
    at C:\Users\Ravikiran\AppData\Roaming\npm\node_modules\protractor\node_modules\jasminewd2\index.js:102:25
    at new ManagedPromise (C:\Users\Ravikiran\AppData\Roaming\npm\node_modules\protractor\node_modules\selenium-webdriver\lib\promise.js:1067:7)
    at controlFlowExecute (C:\Users\Ravikiran\AppData\Roaming\npm\node_modules\protractor\node_modules\jasminewd2\index.js:87:18)
    at TaskQueue.execute_ (C:\Users\Ravikiran\AppData\Roaming\npm\node_modules\protractor\node_modules\selenium-webdriver\lib\promise.js:2970:14)
    at TaskQueue.executeNext_ (C:\Users\Ravikiran\AppData\Roaming\npm\node_modules\protractor\node_modules\selenium-webdriver\lib\promise.js:2953:27)
    at asyncRun (C:\Users\Ravikiran\AppData\Roaming\npm\node_modules\protractor\node_modules\selenium-webdriver\lib\promise.js:2860:25)
    at C:\Users\Ravikiran\AppData\Roaming\npm\node_modules\protractor\node_modules\selenium-webdriver\lib\promise.js:676:7
    at process._tickCallback (internal/process/next_tick.js:103:7)</stack-trace>
			</failure>
		</test-case>
		<test-case start="1489403859544" stop="1489403860352" status="passed">
			<name>Clicking links in footer at idx 22</name>
			<title>Clicking links in footer at idx 22</title>
			<description></description>
			<labels>
			</labels>
			<parameters>
			</parameters>
			<steps>
			</steps>
			<attachments>
				<attachment title="Screenshot" source="d460fae3-2a9a-4df0-b0e9-9af9e2922748-attachment.png" type="image/png" size="464628"/>
			</attachments>
		</test-case>
		<test-case start="1489403860352" stop="1489403861750" status="passed">
			<name>Shifting windows and validating them of link at index 22</name>
			<title>Shifting windows and validating them of link at index 22</title>
			<description></description>
			<labels>
			</labels>
			<parameters>
			</parameters>
			<steps>
			</steps>
			<attachments>
				<attachment title="Screenshot" source="20cd785d-6481-4ec1-b44f-e051f8fa526f-attachment.png" type="image/png" size="464628"/>
			</attachments>
		</test-case>
		<test-case start="1489403861750" stop="1489403862109" status="passed">
			<name>Comparing value or text of link in footer at index 23</name>
			<title>Comparing value or text of link in footer at index 23</title>
			<description></description>
			<labels>
			</labels>
			<parameters>
			</parameters>
			<steps>
			</steps>
			<attachments>
				<attachment title="Screenshot" source="d13f2b8c-7ffc-4242-857e-508ccd13fe81-attachment.png" type="image/png" size="464628"/>
			</attachments>
		</test-case>
		<test-case start="1489403862110" stop="1489403862453" status="failed">
			<name>Comparing href values of links in footer at index 23</name>
			<title>Comparing href values of links in footer at index 23</title>
			<description></description>
			<labels>
			</labels>
			<parameters>
			</parameters>
			<steps>
			</steps>
			<attachments>
				<attachment title="Screenshot" source="fda403ea-fb98-48a8-a648-6509e427d59e-attachment.png" type="image/png" size="464628"/>
			</attachments>
			<failure>
				<message>Expected &apos;https://www.blackrock.com/corporate/en-in/about-us/philanthropy&apos; to equal &apos;https://www.blackrock.com/corporate/en-gb/about-us/philanthropy&apos;, &apos;Mismatch of href values of links&apos;.</message>
				<stack-trace>Error: Failed expectation
    at Object.&lt;anonymous&gt; (E:\protractorcms\cyborg\features\FT\common\ft_common.js:20:31)
    at C:\Users\Ravikiran\AppData\Roaming\npm\node_modules\protractor\node_modules\jasminewd2\index.js:102:25
    at new ManagedPromise (C:\Users\Ravikiran\AppData\Roaming\npm\node_modules\protractor\node_modules\selenium-webdriver\lib\promise.js:1067:7)
    at controlFlowExecute (C:\Users\Ravikiran\AppData\Roaming\npm\node_modules\protractor\node_modules\jasminewd2\index.js:87:18)
    at TaskQueue.execute_ (C:\Users\Ravikiran\AppData\Roaming\npm\node_modules\protractor\node_modules\selenium-webdriver\lib\promise.js:2970:14)
    at TaskQueue.executeNext_ (C:\Users\Ravikiran\AppData\Roaming\npm\node_modules\protractor\node_modules\selenium-webdriver\lib\promise.js:2953:27)
    at asyncRun (C:\Users\Ravikiran\AppData\Roaming\npm\node_modules\protractor\node_modules\selenium-webdriver\lib\promise.js:2860:25)
    at C:\Users\Ravikiran\AppData\Roaming\npm\node_modules\protractor\node_modules\selenium-webdriver\lib\promise.js:676:7
    at process._tickCallback (internal/process/next_tick.js:103:7)</stack-trace>
			</failure>
		</test-case>
		<test-case start="1489403862453" stop="1489403863328" status="passed">
			<name>Clicking links in footer at idx 23</name>
			<title>Clicking links in footer at idx 23</title>
			<description></description>
			<labels>
			</labels>
			<parameters>
			</parameters>
			<steps>
			</steps>
			<attachments>
				<attachment title="Screenshot" source="0a2bc2a1-3d2e-40d3-9d70-8f31c93c1d84-attachment.png" type="image/png" size="464486"/>
			</attachments>
		</test-case>
		<test-case start="1489403863328" stop="1489403864778" status="passed">
			<name>Shifting windows and validating them of link at index 23</name>
			<title>Shifting windows and validating them of link at index 23</title>
			<description></description>
			<labels>
			</labels>
			<parameters>
			</parameters>
			<steps>
			</steps>
			<attachments>
				<attachment title="Screenshot" source="5d232818-4c61-4b2b-8dfa-b68dcc2d17ac-attachment.png" type="image/png" size="464601"/>
			</attachments>
		</test-case>
		<test-case start="1489403864778" stop="1489403865138" status="passed">
			<name>Comparing value or text of link in footer at index 24</name>
			<title>Comparing value or text of link in footer at index 24</title>
			<description></description>
			<labels>
			</labels>
			<parameters>
			</parameters>
			<steps>
			</steps>
			<attachments>
				<attachment title="Screenshot" source="b63416f7-1235-4c08-a5a7-ade16d71714f-attachment.png" type="image/png" size="464601"/>
			</attachments>
		</test-case>
		<test-case start="1489403865138" stop="1489403865485" status="failed">
			<name>Comparing href values of links in footer at index 24</name>
			<title>Comparing href values of links in footer at index 24</title>
			<description></description>
			<labels>
			</labels>
			<parameters>
			</parameters>
			<steps>
			</steps>
			<attachments>
				<attachment title="Screenshot" source="a07bb958-938f-4173-b414-656a21ee3555-attachment.png" type="image/png" size="464601"/>
			</attachments>
			<failure>
				<message>Expected &apos;javascript:void(0)&apos; to equal &apos;https://www.blackrock.com/corporate/en-gb/careers&apos;, &apos;Mismatch of href values of links&apos;.</message>
				<stack-trace>Error: Failed expectation
    at Object.&lt;anonymous&gt; (E:\protractorcms\cyborg\features\FT\common\ft_common.js:20:31)
    at C:\Users\Ravikiran\AppData\Roaming\npm\node_modules\protractor\node_modules\jasminewd2\index.js:102:25
    at new ManagedPromise (C:\Users\Ravikiran\AppData\Roaming\npm\node_modules\protractor\node_modules\selenium-webdriver\lib\promise.js:1067:7)
    at controlFlowExecute (C:\Users\Ravikiran\AppData\Roaming\npm\node_modules\protractor\node_modules\jasminewd2\index.js:87:18)
    at TaskQueue.execute_ (C:\Users\Ravikiran\AppData\Roaming\npm\node_modules\protractor\node_modules\selenium-webdriver\lib\promise.js:2970:14)
    at TaskQueue.executeNext_ (C:\Users\Ravikiran\AppData\Roaming\npm\node_modules\protractor\node_modules\selenium-webdriver\lib\promise.js:2953:27)
    at asyncRun (C:\Users\Ravikiran\AppData\Roaming\npm\node_modules\protractor\node_modules\selenium-webdriver\lib\promise.js:2860:25)
    at C:\Users\Ravikiran\AppData\Roaming\npm\node_modules\protractor\node_modules\selenium-webdriver\lib\promise.js:676:7
    at process._tickCallback (internal/process/next_tick.js:103:7)</stack-trace>
			</failure>
		</test-case>
		<test-case start="1489403865485" stop="1489403866207" status="passed">
			<name>Clicking links in footer at idx 24</name>
			<title>Clicking links in footer at idx 24</title>
			<description></description>
			<labels>
			</labels>
			<parameters>
			</parameters>
			<steps>
			</steps>
			<attachments>
				<attachment title="Screenshot" source="e17489cd-299b-4e6f-b8a8-7eaea4ede491-attachment.png" type="image/png" size="464638"/>
			</attachments>
		</test-case>
		<test-case start="1489403866207" stop="1489403866549" status="failed">
			<name>Shifting windows and validating them of link at index 24</name>
			<title>Shifting windows and validating them of link at index 24</title>
			<description></description>
			<labels>
			</labels>
			<parameters>
			</parameters>
			<steps>
			</steps>
			<attachments>
				<attachment title="Screenshot" source="f794a680-0fb8-4b73-bcba-986941b23646-attachment.png" type="image/png" size="464638"/>
			</attachments>
			<failure>
				<message>Expected 1 to equal 2, &apos;Link should open in a new window but it opened in same window&apos;.</message>
				<stack-trace>Error: Failed expectation
    at userActions.shiftingBrowserWindowTabs (E:\protractorcms\cyborg\utility\user_actions.js:86:39)
    at E:\protractorcms\cyborg\features\FT\common\ft_common.js:29:29
    at ManagedPromise.invokeCallback_ (C:\Users\Ravikiran\AppData\Roaming\npm\node_modules\protractor\node_modules\selenium-webdriver\lib\promise.js:1366:14)
    at TaskQueue.execute_ (C:\Users\Ravikiran\AppData\Roaming\npm\node_modules\protractor\node_modules\selenium-webdriver\lib\promise.js:2970:14)
    at TaskQueue.executeNext_ (C:\Users\Ravikiran\AppData\Roaming\npm\node_modules\protractor\node_modules\selenium-webdriver\lib\promise.js:2953:27)
    at asyncRun (C:\Users\Ravikiran\AppData\Roaming\npm\node_modules\protractor\node_modules\selenium-webdriver\lib\promise.js:2813:27)
    at C:\Users\Ravikiran\AppData\Roaming\npm\node_modules\protractor\node_modules\selenium-webdriver\lib\promise.js:676:7
    at process._tickCallback (internal/process/next_tick.js:103:7)</stack-trace>
			</failure>
		</test-case>
		<test-case start="1489403866549" stop="1489403867244" status="passed">
			<name>Comparing value or text of link in footer at index 25</name>
			<title>Comparing value or text of link in footer at index 25</title>
			<description></description>
			<labels>
			</labels>
			<parameters>
			</parameters>
			<steps>
			</steps>
			<attachments>
				<attachment title="Screenshot" source="3a0ff2f8-c555-41f7-bb71-e771fed95c85-attachment.png" type="image/png" size="464638"/>
			</attachments>
		</test-case>
		<test-case start="1489403867244" stop="1489403867600" status="failed">
			<name>Comparing href values of links in footer at index 25</name>
			<title>Comparing href values of links in footer at index 25</title>
			<description></description>
			<labels>
			</labels>
			<parameters>
			</parameters>
			<steps>
			</steps>
			<attachments>
				<attachment title="Screenshot" source="a1c7d8bb-cd07-4844-93af-0e6fa039c5ac-attachment.png" type="image/png" size="464638"/>
			</attachments>
			<failure>
				<message>Expected &apos;https://www.blackrock.com/corporate/en-in/careers/our-people&apos; to equal &apos;https://www.blackrock.com/corporate/en-gb/careers/our-people&apos;, &apos;Mismatch of href values of links&apos;.</message>
				<stack-trace>Error: Failed expectation
    at Object.&lt;anonymous&gt; (E:\protractorcms\cyborg\features\FT\common\ft_common.js:20:31)
    at C:\Users\Ravikiran\AppData\Roaming\npm\node_modules\protractor\node_modules\jasminewd2\index.js:102:25
    at new ManagedPromise (C:\Users\Ravikiran\AppData\Roaming\npm\node_modules\protractor\node_modules\selenium-webdriver\lib\promise.js:1067:7)
    at controlFlowExecute (C:\Users\Ravikiran\AppData\Roaming\npm\node_modules\protractor\node_modules\jasminewd2\index.js:87:18)
    at TaskQueue.execute_ (C:\Users\Ravikiran\AppData\Roaming\npm\node_modules\protractor\node_modules\selenium-webdriver\lib\promise.js:2970:14)
    at TaskQueue.executeNext_ (C:\Users\Ravikiran\AppData\Roaming\npm\node_modules\protractor\node_modules\selenium-webdriver\lib\promise.js:2953:27)
    at asyncRun (C:\Users\Ravikiran\AppData\Roaming\npm\node_modules\protractor\node_modules\selenium-webdriver\lib\promise.js:2860:25)
    at C:\Users\Ravikiran\AppData\Roaming\npm\node_modules\protractor\node_modules\selenium-webdriver\lib\promise.js:676:7
    at process._tickCallback (internal/process/next_tick.js:103:7)</stack-trace>
			</failure>
		</test-case>
		<test-case start="1489403867600" stop="1489403868399" status="passed">
			<name>Clicking links in footer at idx 25</name>
			<title>Clicking links in footer at idx 25</title>
			<description></description>
			<labels>
			</labels>
			<parameters>
			</parameters>
			<steps>
			</steps>
			<attachments>
				<attachment title="Screenshot" source="84ded0ab-e6d7-41a0-867c-dd53ca7937e0-attachment.png" type="image/png" size="464618"/>
			</attachments>
		</test-case>
		<test-case start="1489403868399" stop="1489403869743" status="passed">
			<name>Shifting windows and validating them of link at index 25</name>
			<title>Shifting windows and validating them of link at index 25</title>
			<description></description>
			<labels>
			</labels>
			<parameters>
			</parameters>
			<steps>
			</steps>
			<attachments>
				<attachment title="Screenshot" source="303f177e-efd2-4afe-b39f-5ab3c3d4e6b8-attachment.png" type="image/png" size="464618"/>
			</attachments>
		</test-case>
		<test-case start="1489403869743" stop="1489403870130" status="failed">
			<name>Comparing value or text of link in footer at index 26</name>
			<title>Comparing value or text of link in footer at index 26</title>
			<description></description>
			<labels>
			</labels>
			<parameters>
			</parameters>
			<steps>
			</steps>
			<attachments>
				<attachment title="Screenshot" source="521189a8-cd8d-4d4e-b811-557e8c8bc3e7-attachment.png" type="image/png" size="464618"/>
			</attachments>
			<failure>
				<message>Expected &apos;Business Groups&apos; to equal &apos;&apos;, &apos;Mismatch of linkTexts in footer&apos;.</message>
				<stack-trace>Error: Failed expectation
    at Object.&lt;anonymous&gt; (E:\protractorcms\cyborg\features\FT\common\ft_common.js:52:30)
    at C:\Users\Ravikiran\AppData\Roaming\npm\node_modules\protractor\node_modules\jasminewd2\index.js:102:25
    at new ManagedPromise (C:\Users\Ravikiran\AppData\Roaming\npm\node_modules\protractor\node_modules\selenium-webdriver\lib\promise.js:1067:7)
    at controlFlowExecute (C:\Users\Ravikiran\AppData\Roaming\npm\node_modules\protractor\node_modules\jasminewd2\index.js:87:18)
    at TaskQueue.execute_ (C:\Users\Ravikiran\AppData\Roaming\npm\node_modules\protractor\node_modules\selenium-webdriver\lib\promise.js:2970:14)
    at TaskQueue.executeNext_ (C:\Users\Ravikiran\AppData\Roaming\npm\node_modules\protractor\node_modules\selenium-webdriver\lib\promise.js:2953:27)
    at asyncRun (C:\Users\Ravikiran\AppData\Roaming\npm\node_modules\protractor\node_modules\selenium-webdriver\lib\promise.js:2860:25)
    at C:\Users\Ravikiran\AppData\Roaming\npm\node_modules\protractor\node_modules\selenium-webdriver\lib\promise.js:676:7
    at process._tickCallback (internal/process/next_tick.js:103:7)</stack-trace>
			</failure>
		</test-case>
		<test-case start="1489403870130" stop="1489403870847" status="failed">
			<name>Comparing href values of links in footer at index 26</name>
			<title>Comparing href values of links in footer at index 26</title>
			<description></description>
			<labels>
			</labels>
			<parameters>
			</parameters>
			<steps>
			</steps>
			<attachments>
				<attachment title="Screenshot" source="6b1a876a-c98f-48f3-a376-374e420e3dda-attachment.png" type="image/png" size="464618"/>
			</attachments>
			<failure>
				<message>Expected &apos;https://www.blackrock.com/corporate/en-in/careers/business-groups&apos; to equal undefined, &apos;Mismatch of href values of links&apos;.</message>
				<stack-trace>Error: Failed expectation
    at Object.&lt;anonymous&gt; (E:\protractorcms\cyborg\features\FT\common\ft_common.js:20:31)
    at C:\Users\Ravikiran\AppData\Roaming\npm\node_modules\protractor\node_modules\jasminewd2\index.js:102:25
    at new ManagedPromise (C:\Users\Ravikiran\AppData\Roaming\npm\node_modules\protractor\node_modules\selenium-webdriver\lib\promise.js:1067:7)
    at controlFlowExecute (C:\Users\Ravikiran\AppData\Roaming\npm\node_modules\protractor\node_modules\jasminewd2\index.js:87:18)
    at TaskQueue.execute_ (C:\Users\Ravikiran\AppData\Roaming\npm\node_modules\protractor\node_modules\selenium-webdriver\lib\promise.js:2970:14)
    at TaskQueue.executeNext_ (C:\Users\Ravikiran\AppData\Roaming\npm\node_modules\protractor\node_modules\selenium-webdriver\lib\promise.js:2953:27)
    at asyncRun (C:\Users\Ravikiran\AppData\Roaming\npm\node_modules\protractor\node_modules\selenium-webdriver\lib\promise.js:2813:27)
    at C:\Users\Ravikiran\AppData\Roaming\npm\node_modules\protractor\node_modules\selenium-webdriver\lib\promise.js:676:7
    at process._tickCallback (internal/process/next_tick.js:103:7)</stack-trace>
			</failure>
		</test-case>
		<test-case start="1489403870847" stop="1489403871694" status="passed">
			<name>Clicking links in footer at idx 26</name>
			<title>Clicking links in footer at idx 26</title>
			<description></description>
			<labels>
			</labels>
			<parameters>
			</parameters>
			<steps>
			</steps>
			<attachments>
				<attachment title="Screenshot" source="15370c65-0fa4-4953-981e-ac595ea60b83-attachment.png" type="image/png" size="464589"/>
			</attachments>
		</test-case>
		<test-case start="1489403871694" stop="1489403873082" status="passed">
			<name>Shifting windows and validating them of link at index 26</name>
			<title>Shifting windows and validating them of link at index 26</title>
			<description></description>
			<labels>
			</labels>
			<parameters>
			</parameters>
			<steps>
			</steps>
			<attachments>
				<attachment title="Screenshot" source="3a1a24a9-7cbe-4a8f-859f-20282f80bf78-attachment.png" type="image/png" size="464589"/>
			</attachments>
		</test-case>
		<test-case start="1489403873082" stop="1489403873445" status="failed">
			<name>Comparing value or text of link in footer at index 27</name>
			<title>Comparing value or text of link in footer at index 27</title>
			<description></description>
			<labels>
			</labels>
			<parameters>
			</parameters>
			<steps>
			</steps>
			<attachments>
				<attachment title="Screenshot" source="dc54efba-3825-4889-afde-d7857314bf56-attachment.png" type="image/png" size="464589"/>
			</attachments>
			<failure>
				<message>Expected &apos;Rewards and benefits&apos; to equal &apos;Business Groups&apos;, &apos;Mismatch of linkTexts in footer&apos;.</message>
				<stack-trace>Error: Failed expectation
    at Object.&lt;anonymous&gt; (E:\protractorcms\cyborg\features\FT\common\ft_common.js:52:30)
    at C:\Users\Ravikiran\AppData\Roaming\npm\node_modules\protractor\node_modules\jasminewd2\index.js:102:25
    at new ManagedPromise (C:\Users\Ravikiran\AppData\Roaming\npm\node_modules\protractor\node_modules\selenium-webdriver\lib\promise.js:1067:7)
    at controlFlowExecute (C:\Users\Ravikiran\AppData\Roaming\npm\node_modules\protractor\node_modules\jasminewd2\index.js:87:18)
    at TaskQueue.execute_ (C:\Users\Ravikiran\AppData\Roaming\npm\node_modules\protractor\node_modules\selenium-webdriver\lib\promise.js:2970:14)
    at TaskQueue.executeNext_ (C:\Users\Ravikiran\AppData\Roaming\npm\node_modules\protractor\node_modules\selenium-webdriver\lib\promise.js:2953:27)
    at asyncRun (C:\Users\Ravikiran\AppData\Roaming\npm\node_modules\protractor\node_modules\selenium-webdriver\lib\promise.js:2860:25)
    at C:\Users\Ravikiran\AppData\Roaming\npm\node_modules\protractor\node_modules\selenium-webdriver\lib\promise.js:676:7
    at process._tickCallback (internal/process/next_tick.js:103:7)</stack-trace>
			</failure>
		</test-case>
		<test-case start="1489403873445" stop="1489403874126" status="failed">
			<name>Comparing href values of links in footer at index 27</name>
			<title>Comparing href values of links in footer at index 27</title>
			<description></description>
			<labels>
			</labels>
			<parameters>
			</parameters>
			<steps>
			</steps>
			<attachments>
				<attachment title="Screenshot" source="20bac082-2620-4cc7-a23d-f0fe6647fe23-attachment.png" type="image/png" size="464589"/>
			</attachments>
			<failure>
				<message>Expected &apos;https://www.blackrock.com/corporate/en-in/careers/total-rewards-and-benefits&apos; to equal &apos;https://www.blackrock.com/corporate/en-gb/careers/business-groups&apos;, &apos;Mismatch of href values of links&apos;.</message>
				<stack-trace>Error: Failed expectation
    at Object.&lt;anonymous&gt; (E:\protractorcms\cyborg\features\FT\common\ft_common.js:20:31)
    at C:\Users\Ravikiran\AppData\Roaming\npm\node_modules\protractor\node_modules\jasminewd2\index.js:102:25
    at new ManagedPromise (C:\Users\Ravikiran\AppData\Roaming\npm\node_modules\protractor\node_modules\selenium-webdriver\lib\promise.js:1067:7)
    at controlFlowExecute (C:\Users\Ravikiran\AppData\Roaming\npm\node_modules\protractor\node_modules\jasminewd2\index.js:87:18)
    at TaskQueue.execute_ (C:\Users\Ravikiran\AppData\Roaming\npm\node_modules\protractor\node_modules\selenium-webdriver\lib\promise.js:2970:14)
    at TaskQueue.executeNext_ (C:\Users\Ravikiran\AppData\Roaming\npm\node_modules\protractor\node_modules\selenium-webdriver\lib\promise.js:2953:27)
    at asyncRun (C:\Users\Ravikiran\AppData\Roaming\npm\node_modules\protractor\node_modules\selenium-webdriver\lib\promise.js:2813:27)
    at C:\Users\Ravikiran\AppData\Roaming\npm\node_modules\protractor\node_modules\selenium-webdriver\lib\promise.js:676:7
    at process._tickCallback (internal/process/next_tick.js:103:7)</stack-trace>
			</failure>
		</test-case>
		<test-case start="1489403874126" stop="1489403874951" status="passed">
			<name>Clicking links in footer at idx 27</name>
			<title>Clicking links in footer at idx 27</title>
			<description></description>
			<labels>
			</labels>
			<parameters>
			</parameters>
			<steps>
			</steps>
			<attachments>
				<attachment title="Screenshot" source="7e03ee46-7f81-4924-98bd-dbce8959461d-attachment.png" type="image/png" size="464621"/>
			</attachments>
		</test-case>
		<test-case start="1489403874951" stop="1489403876308" status="passed">
			<name>Shifting windows and validating them of link at index 27</name>
			<title>Shifting windows and validating them of link at index 27</title>
			<description></description>
			<labels>
			</labels>
			<parameters>
			</parameters>
			<steps>
			</steps>
			<attachments>
				<attachment title="Screenshot" source="ad8f2966-bd9b-4fb7-9614-3d1b1a73f7b7-attachment.png" type="image/png" size="464621"/>
			</attachments>
		</test-case>
		<test-case start="1489403876308" stop="1489403876673" status="failed">
			<name>Comparing value or text of link in footer at index 28</name>
			<title>Comparing value or text of link in footer at index 28</title>
			<description></description>
			<labels>
			</labels>
			<parameters>
			</parameters>
			<steps>
			</steps>
			<attachments>
				<attachment title="Screenshot" source="73efe060-1e58-4541-b5e9-6e0d0ce72c73-attachment.png" type="image/png" size="464621"/>
			</attachments>
			<failure>
				<message>Expected &apos;Inclusion and Diversity&apos; to equal &apos;Rewards and benefits&apos;, &apos;Mismatch of linkTexts in footer&apos;.</message>
				<stack-trace>Error: Failed expectation
    at Object.&lt;anonymous&gt; (E:\protractorcms\cyborg\features\FT\common\ft_common.js:52:30)
    at C:\Users\Ravikiran\AppData\Roaming\npm\node_modules\protractor\node_modules\jasminewd2\index.js:102:25
    at new ManagedPromise (C:\Users\Ravikiran\AppData\Roaming\npm\node_modules\protractor\node_modules\selenium-webdriver\lib\promise.js:1067:7)
    at controlFlowExecute (C:\Users\Ravikiran\AppData\Roaming\npm\node_modules\protractor\node_modules\jasminewd2\index.js:87:18)
    at TaskQueue.execute_ (C:\Users\Ravikiran\AppData\Roaming\npm\node_modules\protractor\node_modules\selenium-webdriver\lib\promise.js:2970:14)
    at TaskQueue.executeNext_ (C:\Users\Ravikiran\AppData\Roaming\npm\node_modules\protractor\node_modules\selenium-webdriver\lib\promise.js:2953:27)
    at asyncRun (C:\Users\Ravikiran\AppData\Roaming\npm\node_modules\protractor\node_modules\selenium-webdriver\lib\promise.js:2860:25)
    at C:\Users\Ravikiran\AppData\Roaming\npm\node_modules\protractor\node_modules\selenium-webdriver\lib\promise.js:676:7
    at process._tickCallback (internal/process/next_tick.js:103:7)</stack-trace>
			</failure>
		</test-case>
		<test-case start="1489403876673" stop="1489403877323" status="failed">
			<name>Comparing href values of links in footer at index 28</name>
			<title>Comparing href values of links in footer at index 28</title>
			<description></description>
			<labels>
			</labels>
			<parameters>
			</parameters>
			<steps>
			</steps>
			<attachments>
				<attachment title="Screenshot" source="caa06091-3f25-4267-80ad-7339acaa8181-attachment.png" type="image/png" size="464621"/>
			</attachments>
			<failure>
				<message>Expected &apos;https://www.blackrock.com/corporate/en-in/careers/diversity-and-inclusion&apos; to equal &apos;https://www.blackrock.com/corporate/en-gb/careers/total-rewards-and-benefits&apos;, &apos;Mismatch of href values of links&apos;.</message>
				<stack-trace>Error: Failed expectation
    at Object.&lt;anonymous&gt; (E:\protractorcms\cyborg\features\FT\common\ft_common.js:20:31)
    at C:\Users\Ravikiran\AppData\Roaming\npm\node_modules\protractor\node_modules\jasminewd2\index.js:102:25
    at new ManagedPromise (C:\Users\Ravikiran\AppData\Roaming\npm\node_modules\protractor\node_modules\selenium-webdriver\lib\promise.js:1067:7)
    at controlFlowExecute (C:\Users\Ravikiran\AppData\Roaming\npm\node_modules\protractor\node_modules\jasminewd2\index.js:87:18)
    at TaskQueue.execute_ (C:\Users\Ravikiran\AppData\Roaming\npm\node_modules\protractor\node_modules\selenium-webdriver\lib\promise.js:2970:14)
    at TaskQueue.executeNext_ (C:\Users\Ravikiran\AppData\Roaming\npm\node_modules\protractor\node_modules\selenium-webdriver\lib\promise.js:2953:27)
    at asyncRun (C:\Users\Ravikiran\AppData\Roaming\npm\node_modules\protractor\node_modules\selenium-webdriver\lib\promise.js:2813:27)
    at C:\Users\Ravikiran\AppData\Roaming\npm\node_modules\protractor\node_modules\selenium-webdriver\lib\promise.js:676:7
    at process._tickCallback (internal/process/next_tick.js:103:7)</stack-trace>
			</failure>
		</test-case>
		<test-case start="1489403877323" stop="1489403878188" status="passed">
			<name>Clicking links in footer at idx 28</name>
			<title>Clicking links in footer at idx 28</title>
			<description></description>
			<labels>
			</labels>
			<parameters>
			</parameters>
			<steps>
			</steps>
			<attachments>
				<attachment title="Screenshot" source="7152b5df-3cd2-405e-925c-8316f3bfdca9-attachment.png" type="image/png" size="464631"/>
			</attachments>
		</test-case>
		<test-case start="1489403878188" stop="1489403879642" status="passed">
			<name>Shifting windows and validating them of link at index 28</name>
			<title>Shifting windows and validating them of link at index 28</title>
			<description></description>
			<labels>
			</labels>
			<parameters>
			</parameters>
			<steps>
			</steps>
			<attachments>
				<attachment title="Screenshot" source="dfda9404-093b-48dd-96f5-b376089d24c2-attachment.png" type="image/png" size="464631"/>
			</attachments>
		</test-case>
		<test-case start="1489403879642" stop="1489403880009" status="failed">
			<name>Comparing value or text of link in footer at index 29</name>
			<title>Comparing value or text of link in footer at index 29</title>
			<description></description>
			<labels>
			</labels>
			<parameters>
			</parameters>
			<steps>
			</steps>
			<attachments>
				<attachment title="Screenshot" source="ee1aa040-6038-4aae-b04b-0aed97bae185-attachment.png" type="image/png" size="464631"/>
			</attachments>
			<failure>
				<message>Expected &apos;Campus Recruiting&apos; to equal &apos;Inclusion and Diversity&apos;, &apos;Mismatch of linkTexts in footer&apos;.</message>
				<stack-trace>Error: Failed expectation
    at Object.&lt;anonymous&gt; (E:\protractorcms\cyborg\features\FT\common\ft_common.js:52:30)
    at C:\Users\Ravikiran\AppData\Roaming\npm\node_modules\protractor\node_modules\jasminewd2\index.js:102:25
    at new ManagedPromise (C:\Users\Ravikiran\AppData\Roaming\npm\node_modules\protractor\node_modules\selenium-webdriver\lib\promise.js:1067:7)
    at controlFlowExecute (C:\Users\Ravikiran\AppData\Roaming\npm\node_modules\protractor\node_modules\jasminewd2\index.js:87:18)
    at TaskQueue.execute_ (C:\Users\Ravikiran\AppData\Roaming\npm\node_modules\protractor\node_modules\selenium-webdriver\lib\promise.js:2970:14)
    at TaskQueue.executeNext_ (C:\Users\Ravikiran\AppData\Roaming\npm\node_modules\protractor\node_modules\selenium-webdriver\lib\promise.js:2953:27)
    at asyncRun (C:\Users\Ravikiran\AppData\Roaming\npm\node_modules\protractor\node_modules\selenium-webdriver\lib\promise.js:2860:25)
    at C:\Users\Ravikiran\AppData\Roaming\npm\node_modules\protractor\node_modules\selenium-webdriver\lib\promise.js:676:7
    at process._tickCallback (internal/process/next_tick.js:103:7)</stack-trace>
			</failure>
		</test-case>
		<test-case start="1489403880009" stop="1489403880680" status="failed">
			<name>Comparing href values of links in footer at index 29</name>
			<title>Comparing href values of links in footer at index 29</title>
			<description></description>
			<labels>
			</labels>
			<parameters>
			</parameters>
			<steps>
			</steps>
			<attachments>
				<attachment title="Screenshot" source="55da90aa-52b1-471d-82c8-b06f40887621-attachment.png" type="image/png" size="464631"/>
			</attachments>
			<failure>
				<message>Expected &apos;http://blackrockoncampus.com/&apos; to equal &apos;https://www.blackrock.com/corporate/en-gb/careers/diversity-and-inclusion&apos;, &apos;Mismatch of href values of links&apos;.</message>
				<stack-trace>Error: Failed expectation
    at Object.&lt;anonymous&gt; (E:\protractorcms\cyborg\features\FT\common\ft_common.js:20:31)
    at C:\Users\Ravikiran\AppData\Roaming\npm\node_modules\protractor\node_modules\jasminewd2\index.js:102:25
    at new ManagedPromise (C:\Users\Ravikiran\AppData\Roaming\npm\node_modules\protractor\node_modules\selenium-webdriver\lib\promise.js:1067:7)
    at controlFlowExecute (C:\Users\Ravikiran\AppData\Roaming\npm\node_modules\protractor\node_modules\jasminewd2\index.js:87:18)
    at TaskQueue.execute_ (C:\Users\Ravikiran\AppData\Roaming\npm\node_modules\protractor\node_modules\selenium-webdriver\lib\promise.js:2970:14)
    at TaskQueue.executeNext_ (C:\Users\Ravikiran\AppData\Roaming\npm\node_modules\protractor\node_modules\selenium-webdriver\lib\promise.js:2953:27)
    at asyncRun (C:\Users\Ravikiran\AppData\Roaming\npm\node_modules\protractor\node_modules\selenium-webdriver\lib\promise.js:2813:27)
    at C:\Users\Ravikiran\AppData\Roaming\npm\node_modules\protractor\node_modules\selenium-webdriver\lib\promise.js:676:7
    at process._tickCallback (internal/process/next_tick.js:103:7)</stack-trace>
			</failure>
		</test-case>
		<test-case start="1489403880680" stop="1489403881492" status="passed">
			<name>Clicking links in footer at idx 29</name>
			<title>Clicking links in footer at idx 29</title>
			<description></description>
			<labels>
			</labels>
			<parameters>
			</parameters>
			<steps>
			</steps>
			<attachments>
				<attachment title="Screenshot" source="222bad7f-0b1c-47f4-b5d8-d1508632095c-attachment.png" type="image/png" size="464582"/>
			</attachments>
		</test-case>
		<test-case start="1489403881492" stop="1489403882842" status="passed">
			<name>Shifting windows and validating them of link at index 29</name>
			<title>Shifting windows and validating them of link at index 29</title>
			<description></description>
			<labels>
			</labels>
			<parameters>
			</parameters>
			<steps>
			</steps>
			<attachments>
				<attachment title="Screenshot" source="be6a8373-7e24-4f44-9094-290213a498c8-attachment.png" type="image/png" size="464582"/>
			</attachments>
		</test-case>
		<test-case start="1489403882842" stop="1489403883235" status="failed">
			<name>Comparing value or text of link in footer at index 30</name>
			<title>Comparing value or text of link in footer at index 30</title>
			<description></description>
			<labels>
			</labels>
			<parameters>
			</parameters>
			<steps>
			</steps>
			<attachments>
				<attachment title="Screenshot" source="5ef3e56e-f3ba-446c-9392-c38ab6e213a0-attachment.png" type="image/png" size="464582"/>
			</attachments>
			<failure>
				<message>Expected &apos;Job Search&apos; to equal &apos;Campus Recruiting&apos;, &apos;Mismatch of linkTexts in footer&apos;.</message>
				<stack-trace>Error: Failed expectation
    at Object.&lt;anonymous&gt; (E:\protractorcms\cyborg\features\FT\common\ft_common.js:52:30)
    at C:\Users\Ravikiran\AppData\Roaming\npm\node_modules\protractor\node_modules\jasminewd2\index.js:102:25
    at new ManagedPromise (C:\Users\Ravikiran\AppData\Roaming\npm\node_modules\protractor\node_modules\selenium-webdriver\lib\promise.js:1067:7)
    at controlFlowExecute (C:\Users\Ravikiran\AppData\Roaming\npm\node_modules\protractor\node_modules\jasminewd2\index.js:87:18)
    at TaskQueue.execute_ (C:\Users\Ravikiran\AppData\Roaming\npm\node_modules\protractor\node_modules\selenium-webdriver\lib\promise.js:2970:14)
    at TaskQueue.executeNext_ (C:\Users\Ravikiran\AppData\Roaming\npm\node_modules\protractor\node_modules\selenium-webdriver\lib\promise.js:2953:27)
    at asyncRun (C:\Users\Ravikiran\AppData\Roaming\npm\node_modules\protractor\node_modules\selenium-webdriver\lib\promise.js:2860:25)
    at C:\Users\Ravikiran\AppData\Roaming\npm\node_modules\protractor\node_modules\selenium-webdriver\lib\promise.js:676:7
    at process._tickCallback (internal/process/next_tick.js:103:7)</stack-trace>
			</failure>
		</test-case>
		<test-case start="1489403883235" stop="1489403883934" status="failed">
			<name>Comparing href values of links in footer at index 30</name>
			<title>Comparing href values of links in footer at index 30</title>
			<description></description>
			<labels>
			</labels>
			<parameters>
			</parameters>
			<steps>
			</steps>
			<attachments>
				<attachment title="Screenshot" source="70f74002-a163-4375-a2fb-a541bb1f404a-attachment.png" type="image/png" size="464582"/>
			</attachments>
			<failure>
				<message>Expected &apos;https://www.blackrock.com/corporate/en-in/careers/job-search&apos; to equal &apos;http://www.blackrockoncampus.com/&apos;, &apos;Mismatch of href values of links&apos;.</message>
				<stack-trace>Error: Failed expectation
    at Object.&lt;anonymous&gt; (E:\protractorcms\cyborg\features\FT\common\ft_common.js:20:31)
    at C:\Users\Ravikiran\AppData\Roaming\npm\node_modules\protractor\node_modules\jasminewd2\index.js:102:25
    at new ManagedPromise (C:\Users\Ravikiran\AppData\Roaming\npm\node_modules\protractor\node_modules\selenium-webdriver\lib\promise.js:1067:7)
    at controlFlowExecute (C:\Users\Ravikiran\AppData\Roaming\npm\node_modules\protractor\node_modules\jasminewd2\index.js:87:18)
    at TaskQueue.execute_ (C:\Users\Ravikiran\AppData\Roaming\npm\node_modules\protractor\node_modules\selenium-webdriver\lib\promise.js:2970:14)
    at TaskQueue.executeNext_ (C:\Users\Ravikiran\AppData\Roaming\npm\node_modules\protractor\node_modules\selenium-webdriver\lib\promise.js:2953:27)
    at asyncRun (C:\Users\Ravikiran\AppData\Roaming\npm\node_modules\protractor\node_modules\selenium-webdriver\lib\promise.js:2813:27)
    at C:\Users\Ravikiran\AppData\Roaming\npm\node_modules\protractor\node_modules\selenium-webdriver\lib\promise.js:676:7
    at process._tickCallback (internal/process/next_tick.js:103:7)</stack-trace>
			</failure>
		</test-case>
		<test-case start="1489403883934" stop="1489403884853" status="passed">
			<name>Clicking links in footer at idx 30</name>
			<title>Clicking links in footer at idx 30</title>
			<description></description>
			<labels>
			</labels>
			<parameters>
			</parameters>
			<steps>
			</steps>
			<attachments>
				<attachment title="Screenshot" source="21e49ffd-2408-48d0-81d6-0f701e0ae5eb-attachment.png" type="image/png" size="464584"/>
			</attachments>
		</test-case>
		<test-case start="1489403884853" stop="1489403886332" status="passed">
			<name>Shifting windows and validating them of link at index 30</name>
			<title>Shifting windows and validating them of link at index 30</title>
			<description></description>
			<labels>
			</labels>
			<parameters>
			</parameters>
			<steps>
			</steps>
			<attachments>
				<attachment title="Screenshot" source="4f62a669-9df3-41ef-9ac7-d0d2045a6fba-attachment.png" type="image/png" size="464584"/>
			</attachments>
		</test-case>
		<test-case start="1489403886332" stop="1489403886707" status="failed">
			<name>Comparing value or text of link in footer at index 31</name>
			<title>Comparing value or text of link in footer at index 31</title>
			<description></description>
			<labels>
			</labels>
			<parameters>
			</parameters>
			<steps>
			</steps>
			<attachments>
				<attachment title="Screenshot" source="d7455732-d5be-4d20-865a-3f6108d24978-attachment.png" type="image/png" size="464584"/>
			</attachments>
			<failure>
				<message>Expected &apos;Terms &amp; Conditions&apos; to equal &apos;Job Search&apos;, &apos;Mismatch of linkTexts in footer&apos;.</message>
				<stack-trace>Error: Failed expectation
    at Object.&lt;anonymous&gt; (E:\protractorcms\cyborg\features\FT\common\ft_common.js:52:30)
    at C:\Users\Ravikiran\AppData\Roaming\npm\node_modules\protractor\node_modules\jasminewd2\index.js:102:25
    at new ManagedPromise (C:\Users\Ravikiran\AppData\Roaming\npm\node_modules\protractor\node_modules\selenium-webdriver\lib\promise.js:1067:7)
    at controlFlowExecute (C:\Users\Ravikiran\AppData\Roaming\npm\node_modules\protractor\node_modules\jasminewd2\index.js:87:18)
    at TaskQueue.execute_ (C:\Users\Ravikiran\AppData\Roaming\npm\node_modules\protractor\node_modules\selenium-webdriver\lib\promise.js:2970:14)
    at TaskQueue.executeNext_ (C:\Users\Ravikiran\AppData\Roaming\npm\node_modules\protractor\node_modules\selenium-webdriver\lib\promise.js:2953:27)
    at asyncRun (C:\Users\Ravikiran\AppData\Roaming\npm\node_modules\protractor\node_modules\selenium-webdriver\lib\promise.js:2860:25)
    at C:\Users\Ravikiran\AppData\Roaming\npm\node_modules\protractor\node_modules\selenium-webdriver\lib\promise.js:676:7
    at process._tickCallback (internal/process/next_tick.js:103:7)</stack-trace>
			</failure>
		</test-case>
		<test-case start="1489403886707" stop="1489403887366" status="failed">
			<name>Comparing href values of links in footer at index 31</name>
			<title>Comparing href values of links in footer at index 31</title>
			<description></description>
			<labels>
			</labels>
			<parameters>
			</parameters>
			<steps>
			</steps>
			<attachments>
				<attachment title="Screenshot" source="15a3cc1e-979f-4eb7-929e-12dc8f9a633c-attachment.png" type="image/png" size="464584"/>
			</attachments>
			<failure>
				<message>Expected &apos;https://www.blackrock.com/corporate/en-in/compliance/terms-and-conditions&apos; to equal &apos;https://www.blackrock.com/corporate/en-gb/careers/job-search&apos;, &apos;Mismatch of href values of links&apos;.</message>
				<stack-trace>Error: Failed expectation
    at Object.&lt;anonymous&gt; (E:\protractorcms\cyborg\features\FT\common\ft_common.js:20:31)
    at C:\Users\Ravikiran\AppData\Roaming\npm\node_modules\protractor\node_modules\jasminewd2\index.js:102:25
    at new ManagedPromise (C:\Users\Ravikiran\AppData\Roaming\npm\node_modules\protractor\node_modules\selenium-webdriver\lib\promise.js:1067:7)
    at controlFlowExecute (C:\Users\Ravikiran\AppData\Roaming\npm\node_modules\protractor\node_modules\jasminewd2\index.js:87:18)
    at TaskQueue.execute_ (C:\Users\Ravikiran\AppData\Roaming\npm\node_modules\protractor\node_modules\selenium-webdriver\lib\promise.js:2970:14)
    at TaskQueue.executeNext_ (C:\Users\Ravikiran\AppData\Roaming\npm\node_modules\protractor\node_modules\selenium-webdriver\lib\promise.js:2953:27)
    at asyncRun (C:\Users\Ravikiran\AppData\Roaming\npm\node_modules\protractor\node_modules\selenium-webdriver\lib\promise.js:2813:27)
    at C:\Users\Ravikiran\AppData\Roaming\npm\node_modules\protractor\node_modules\selenium-webdriver\lib\promise.js:676:7
    at process._tickCallback (internal/process/next_tick.js:103:7)</stack-trace>
			</failure>
		</test-case>
		<test-case start="1489403887367" stop="1489403888297" status="passed">
			<name>Clicking links in footer at idx 31</name>
			<title>Clicking links in footer at idx 31</title>
			<description></description>
			<labels>
			</labels>
			<parameters>
			</parameters>
			<steps>
			</steps>
			<attachments>
				<attachment title="Screenshot" source="dce86642-93b4-4677-ae8e-ee3aabaae55a-attachment.png" type="image/png" size="312652"/>
			</attachments>
		</test-case>
		<test-case start="1489403888297" stop="1489403889622" status="passed">
			<name>Shifting windows and validating them of link at index 31</name>
			<title>Shifting windows and validating them of link at index 31</title>
			<description></description>
			<labels>
			</labels>
			<parameters>
			</parameters>
			<steps>
			</steps>
			<attachments>
				<attachment title="Screenshot" source="3ccbd165-7c56-489c-9242-29c891ca71ed-attachment.png" type="image/png" size="312700"/>
			</attachments>
		</test-case>
		<test-case start="1489403889623" stop="1489403889924" status="failed">
			<name>Comparing value or text of link in footer at index 32</name>
			<title>Comparing value or text of link in footer at index 32</title>
			<description></description>
			<labels>
			</labels>
			<parameters>
			</parameters>
			<steps>
			</steps>
			<attachments>
				<attachment title="Screenshot" source="07086b67-3050-4a9b-841a-1e4dee33063f-attachment.png" type="image/png" size="312700"/>
			</attachments>
			<failure>
				<message>Expected &apos;Privacy Policy&apos; to equal &apos;Terms &amp; Conditions&apos;, &apos;Mismatch of linkTexts in footer&apos;.</message>
				<stack-trace>Error: Failed expectation
    at Object.&lt;anonymous&gt; (E:\protractorcms\cyborg\features\FT\common\ft_common.js:52:30)
    at C:\Users\Ravikiran\AppData\Roaming\npm\node_modules\protractor\node_modules\jasminewd2\index.js:102:25
    at new ManagedPromise (C:\Users\Ravikiran\AppData\Roaming\npm\node_modules\protractor\node_modules\selenium-webdriver\lib\promise.js:1067:7)
    at controlFlowExecute (C:\Users\Ravikiran\AppData\Roaming\npm\node_modules\protractor\node_modules\jasminewd2\index.js:87:18)
    at TaskQueue.execute_ (C:\Users\Ravikiran\AppData\Roaming\npm\node_modules\protractor\node_modules\selenium-webdriver\lib\promise.js:2970:14)
    at TaskQueue.executeNext_ (C:\Users\Ravikiran\AppData\Roaming\npm\node_modules\protractor\node_modules\selenium-webdriver\lib\promise.js:2953:27)
    at asyncRun (C:\Users\Ravikiran\AppData\Roaming\npm\node_modules\protractor\node_modules\selenium-webdriver\lib\promise.js:2860:25)
    at C:\Users\Ravikiran\AppData\Roaming\npm\node_modules\protractor\node_modules\selenium-webdriver\lib\promise.js:676:7
    at process._tickCallback (internal/process/next_tick.js:103:7)</stack-trace>
			</failure>
		</test-case>
		<test-case start="1489403889924" stop="1489403890448" status="failed">
			<name>Comparing href values of links in footer at index 32</name>
			<title>Comparing href values of links in footer at index 32</title>
			<description></description>
			<labels>
			</labels>
			<parameters>
			</parameters>
			<steps>
			</steps>
			<attachments>
				<attachment title="Screenshot" source="c0c7cb7d-c9e8-4e08-863f-c5ff65c9c027-attachment.png" type="image/png" size="312700"/>
			</attachments>
			<failure>
				<message>Expected &apos;https://www.blackrock.com/corporate/en-in/compliance/privacy-policy&apos; to equal &apos;https://www.blackrock.com/corporate/en-gb/compliance/terms-and-conditions&apos;, &apos;Mismatch of href values of links&apos;.</message>
				<stack-trace>Error: Failed expectation
    at Object.&lt;anonymous&gt; (E:\protractorcms\cyborg\features\FT\common\ft_common.js:20:31)
    at C:\Users\Ravikiran\AppData\Roaming\npm\node_modules\protractor\node_modules\jasminewd2\index.js:102:25
    at new ManagedPromise (C:\Users\Ravikiran\AppData\Roaming\npm\node_modules\protractor\node_modules\selenium-webdriver\lib\promise.js:1067:7)
    at controlFlowExecute (C:\Users\Ravikiran\AppData\Roaming\npm\node_modules\protractor\node_modules\jasminewd2\index.js:87:18)
    at TaskQueue.execute_ (C:\Users\Ravikiran\AppData\Roaming\npm\node_modules\protractor\node_modules\selenium-webdriver\lib\promise.js:2970:14)
    at TaskQueue.executeNext_ (C:\Users\Ravikiran\AppData\Roaming\npm\node_modules\protractor\node_modules\selenium-webdriver\lib\promise.js:2953:27)
    at asyncRun (C:\Users\Ravikiran\AppData\Roaming\npm\node_modules\protractor\node_modules\selenium-webdriver\lib\promise.js:2813:27)
    at C:\Users\Ravikiran\AppData\Roaming\npm\node_modules\protractor\node_modules\selenium-webdriver\lib\promise.js:676:7
    at process._tickCallback (internal/process/next_tick.js:103:7)</stack-trace>
			</failure>
		</test-case>
		<test-case start="1489403890448" stop="1489403891105" status="passed">
			<name>Clicking links in footer at idx 32</name>
			<title>Clicking links in footer at idx 32</title>
			<description></description>
			<labels>
			</labels>
			<parameters>
			</parameters>
			<steps>
			</steps>
			<attachments>
				<attachment title="Screenshot" source="bc1c4f4d-1053-4550-8b0f-7529c9741ed9-attachment.png" type="image/png" size="312728"/>
			</attachments>
		</test-case>
		<test-case start="1489403891105" stop="1489403892390" status="passed">
			<name>Shifting windows and validating them of link at index 32</name>
			<title>Shifting windows and validating them of link at index 32</title>
			<description></description>
			<labels>
			</labels>
			<parameters>
			</parameters>
			<steps>
			</steps>
			<attachments>
				<attachment title="Screenshot" source="1327df15-5816-4590-899f-433b5e624b52-attachment.png" type="image/png" size="312728"/>
			</attachments>
		</test-case>
		<test-case start="1489403892390" stop="1489403892695" status="failed">
			<name>Comparing value or text of link in footer at index 33</name>
			<title>Comparing value or text of link in footer at index 33</title>
			<description></description>
			<labels>
			</labels>
			<parameters>
			</parameters>
			<steps>
			</steps>
			<attachments>
				<attachment title="Screenshot" source="37c2d3bd-b155-499a-ab88-910df058a549-attachment.png" type="image/png" size="312728"/>
			</attachments>
			<failure>
				<message>Expected &apos;Business Continuity&apos; to equal &apos;Privacy Policy&apos;, &apos;Mismatch of linkTexts in footer&apos;.</message>
				<stack-trace>Error: Failed expectation
    at Object.&lt;anonymous&gt; (E:\protractorcms\cyborg\features\FT\common\ft_common.js:52:30)
    at C:\Users\Ravikiran\AppData\Roaming\npm\node_modules\protractor\node_modules\jasminewd2\index.js:102:25
    at new ManagedPromise (C:\Users\Ravikiran\AppData\Roaming\npm\node_modules\protractor\node_modules\selenium-webdriver\lib\promise.js:1067:7)
    at controlFlowExecute (C:\Users\Ravikiran\AppData\Roaming\npm\node_modules\protractor\node_modules\jasminewd2\index.js:87:18)
    at TaskQueue.execute_ (C:\Users\Ravikiran\AppData\Roaming\npm\node_modules\protractor\node_modules\selenium-webdriver\lib\promise.js:2970:14)
    at TaskQueue.executeNext_ (C:\Users\Ravikiran\AppData\Roaming\npm\node_modules\protractor\node_modules\selenium-webdriver\lib\promise.js:2953:27)
    at asyncRun (C:\Users\Ravikiran\AppData\Roaming\npm\node_modules\protractor\node_modules\selenium-webdriver\lib\promise.js:2860:25)
    at C:\Users\Ravikiran\AppData\Roaming\npm\node_modules\protractor\node_modules\selenium-webdriver\lib\promise.js:676:7
    at process._tickCallback (internal/process/next_tick.js:103:7)</stack-trace>
			</failure>
		</test-case>
		<test-case start="1489403892695" stop="1489403893274" status="failed">
			<name>Comparing href values of links in footer at index 33</name>
			<title>Comparing href values of links in footer at index 33</title>
			<description></description>
			<labels>
			</labels>
			<parameters>
			</parameters>
			<steps>
			</steps>
			<attachments>
				<attachment title="Screenshot" source="5ce9c553-9331-4894-bea3-eb76a22f3dc4-attachment.png" type="image/png" size="312728"/>
			</attachments>
			<failure>
				<message>Expected &apos;https://www.blackrock.com/corporate/en-in/compliance/business-continuity&apos; to equal &apos;https://www.blackrock.com/corporate/en-gb/compliance/privacy-policy&apos;, &apos;Mismatch of href values of links&apos;.</message>
				<stack-trace>Error: Failed expectation
    at Object.&lt;anonymous&gt; (E:\protractorcms\cyborg\features\FT\common\ft_common.js:20:31)
    at C:\Users\Ravikiran\AppData\Roaming\npm\node_modules\protractor\node_modules\jasminewd2\index.js:102:25
    at new ManagedPromise (C:\Users\Ravikiran\AppData\Roaming\npm\node_modules\protractor\node_modules\selenium-webdriver\lib\promise.js:1067:7)
    at controlFlowExecute (C:\Users\Ravikiran\AppData\Roaming\npm\node_modules\protractor\node_modules\jasminewd2\index.js:87:18)
    at TaskQueue.execute_ (C:\Users\Ravikiran\AppData\Roaming\npm\node_modules\protractor\node_modules\selenium-webdriver\lib\promise.js:2970:14)
    at TaskQueue.executeNext_ (C:\Users\Ravikiran\AppData\Roaming\npm\node_modules\protractor\node_modules\selenium-webdriver\lib\promise.js:2953:27)
    at asyncRun (C:\Users\Ravikiran\AppData\Roaming\npm\node_modules\protractor\node_modules\selenium-webdriver\lib\promise.js:2813:27)
    at C:\Users\Ravikiran\AppData\Roaming\npm\node_modules\protractor\node_modules\selenium-webdriver\lib\promise.js:676:7
    at process._tickCallback (internal/process/next_tick.js:103:7)</stack-trace>
			</failure>
		</test-case>
		<test-case start="1489403893274" stop="1489403894069" status="passed">
			<name>Clicking links in footer at idx 33</name>
			<title>Clicking links in footer at idx 33</title>
			<description></description>
			<labels>
			</labels>
			<parameters>
			</parameters>
			<steps>
			</steps>
			<attachments>
				<attachment title="Screenshot" source="f7c28879-c891-4d3e-a2a0-f472087d0001-attachment.png" type="image/png" size="312701"/>
			</attachments>
		</test-case>
		<test-case start="1489403894069" stop="1489403895461" status="passed">
			<name>Shifting windows and validating them of link at index 33</name>
			<title>Shifting windows and validating them of link at index 33</title>
			<description></description>
			<labels>
			</labels>
			<parameters>
			</parameters>
			<steps>
			</steps>
			<attachments>
				<attachment title="Screenshot" source="077dde5c-ba60-40d4-a2f4-6232f62fa4b7-attachment.png" type="image/png" size="312701"/>
			</attachments>
		</test-case>
		<test-case start="1489403895461" stop="1489403895759" status="failed">
			<name>Comparing value or text of link in footer at index 34</name>
			<title>Comparing value or text of link in footer at index 34</title>
			<description></description>
			<labels>
			</labels>
			<parameters>
			</parameters>
			<steps>
			</steps>
			<attachments>
				<attachment title="Screenshot" source="6e679e10-34a3-4ed1-866f-deb6fca720b2-attachment.png" type="image/png" size="312701"/>
			</attachments>
			<failure>
				<message>Expected &apos;FINRA BrokerCheck&apos; to equal &apos;Business Continuity&apos;, &apos;Mismatch of linkTexts in footer&apos;.</message>
				<stack-trace>Error: Failed expectation
    at Object.&lt;anonymous&gt; (E:\protractorcms\cyborg\features\FT\common\ft_common.js:52:30)
    at C:\Users\Ravikiran\AppData\Roaming\npm\node_modules\protractor\node_modules\jasminewd2\index.js:102:25
    at new ManagedPromise (C:\Users\Ravikiran\AppData\Roaming\npm\node_modules\protractor\node_modules\selenium-webdriver\lib\promise.js:1067:7)
    at controlFlowExecute (C:\Users\Ravikiran\AppData\Roaming\npm\node_modules\protractor\node_modules\jasminewd2\index.js:87:18)
    at TaskQueue.execute_ (C:\Users\Ravikiran\AppData\Roaming\npm\node_modules\protractor\node_modules\selenium-webdriver\lib\promise.js:2970:14)
    at TaskQueue.executeNext_ (C:\Users\Ravikiran\AppData\Roaming\npm\node_modules\protractor\node_modules\selenium-webdriver\lib\promise.js:2953:27)
    at asyncRun (C:\Users\Ravikiran\AppData\Roaming\npm\node_modules\protractor\node_modules\selenium-webdriver\lib\promise.js:2860:25)
    at C:\Users\Ravikiran\AppData\Roaming\npm\node_modules\protractor\node_modules\selenium-webdriver\lib\promise.js:676:7
    at process._tickCallback (internal/process/next_tick.js:103:7)</stack-trace>
			</failure>
		</test-case>
		<test-case start="1489403895759" stop="1489403896312" status="failed">
			<name>Comparing href values of links in footer at index 34</name>
			<title>Comparing href values of links in footer at index 34</title>
			<description></description>
			<labels>
			</labels>
			<parameters>
			</parameters>
			<steps>
			</steps>
			<attachments>
				<attachment title="Screenshot" source="f9f3887e-c76b-4261-a39a-8c059557b995-attachment.png" type="image/png" size="312701"/>
			</attachments>
			<failure>
				<message>Expected &apos;http://brokercheck.finra.org/&apos; to equal &apos;https://www.blackrock.com/corporate/en-gb/compliance/business-continuity&apos;, &apos;Mismatch of href values of links&apos;.</message>
				<stack-trace>Error: Failed expectation
    at Object.&lt;anonymous&gt; (E:\protractorcms\cyborg\features\FT\common\ft_common.js:20:31)
    at C:\Users\Ravikiran\AppData\Roaming\npm\node_modules\protractor\node_modules\jasminewd2\index.js:102:25
    at new ManagedPromise (C:\Users\Ravikiran\AppData\Roaming\npm\node_modules\protractor\node_modules\selenium-webdriver\lib\promise.js:1067:7)
    at controlFlowExecute (C:\Users\Ravikiran\AppData\Roaming\npm\node_modules\protractor\node_modules\jasminewd2\index.js:87:18)
    at TaskQueue.execute_ (C:\Users\Ravikiran\AppData\Roaming\npm\node_modules\protractor\node_modules\selenium-webdriver\lib\promise.js:2970:14)
    at TaskQueue.executeNext_ (C:\Users\Ravikiran\AppData\Roaming\npm\node_modules\protractor\node_modules\selenium-webdriver\lib\promise.js:2953:27)
    at asyncRun (C:\Users\Ravikiran\AppData\Roaming\npm\node_modules\protractor\node_modules\selenium-webdriver\lib\promise.js:2813:27)
    at C:\Users\Ravikiran\AppData\Roaming\npm\node_modules\protractor\node_modules\selenium-webdriver\lib\promise.js:676:7
    at process._tickCallback (internal/process/next_tick.js:103:7)</stack-trace>
			</failure>
		</test-case>
		<test-case start="1489403896312" stop="1489403896977" status="passed">
			<name>Clicking links in footer at idx 34</name>
			<title>Clicking links in footer at idx 34</title>
			<description></description>
			<labels>
			</labels>
			<parameters>
			</parameters>
			<steps>
			</steps>
			<attachments>
				<attachment title="Screenshot" source="8c463c1a-4b8a-4909-86ec-a587c02b473f-attachment.png" type="image/png" size="312701"/>
			</attachments>
		</test-case>
		<test-case start="1489403896977" stop="1489403898251" status="passed">
			<name>Shifting windows and validating them of link at index 34</name>
			<title>Shifting windows and validating them of link at index 34</title>
			<description></description>
			<labels>
			</labels>
			<parameters>
			</parameters>
			<steps>
			</steps>
			<attachments>
				<attachment title="Screenshot" source="0cd406a0-fcfa-4794-a48b-6289c9305edc-attachment.png" type="image/png" size="312735"/>
			</attachments>
		</test-case>
		<test-case start="1489403898251" stop="1489403898563" status="failed">
			<name>Comparing value or text of link in footer at index 35</name>
			<title>Comparing value or text of link in footer at index 35</title>
			<description></description>
			<labels>
			</labels>
			<parameters>
			</parameters>
			<steps>
			</steps>
			<attachments>
				<attachment title="Screenshot" source="da4e99d5-93b1-4b4b-add5-142c58fe79d0-attachment.png" type="image/png" size="312735"/>
			</attachments>
			<failure>
				<message>Failed: Index out of bound. Trying to access element at index: 35, but there are only 35 elements that match locator By(css selector, ul[test-id=&apos;footer_links&apos;] a)</message>
				<stack-trace>NoSuchElementError: Index out of bound. Trying to access element at index: 35, but there are only 35 elements that match locator By(css selector, ul[test-id=&apos;footer_links&apos;] a)
    at WebDriverError (C:\Users\Ravikiran\AppData\Roaming\npm\node_modules\protractor\node_modules\selenium-webdriver\lib\error.js:27:5)
    at NoSuchElementError (C:\Users\Ravikiran\AppData\Roaming\npm\node_modules\protractor\node_modules\selenium-webdriver\lib\error.js:168:5)
    at selenium_webdriver_1.promise.all.then (C:\Users\Ravikiran\AppData\Roaming\npm\node_modules\protractor\lib\element.ts:284:17)
    at ManagedPromise.invokeCallback_ (C:\Users\Ravikiran\AppData\Roaming\npm\node_modules\protractor\node_modules\selenium-webdriver\lib\promise.js:1366:14)
    at TaskQueue.execute_ (C:\Users\Ravikiran\AppData\Roaming\npm\node_modules\protractor\node_modules\selenium-webdriver\lib\promise.js:2970:14)
    at TaskQueue.executeNext_ (C:\Users\Ravikiran\AppData\Roaming\npm\node_modules\protractor\node_modules\selenium-webdriver\lib\promise.js:2953:27)
    at asyncRun (C:\Users\Ravikiran\AppData\Roaming\npm\node_modules\protractor\node_modules\selenium-webdriver\lib\promise.js:2813:27)
    at C:\Users\Ravikiran\AppData\Roaming\npm\node_modules\protractor\node_modules\selenium-webdriver\lib\promise.js:676:7
    at process._tickCallback (internal/process/next_tick.js:103:7)Error
    at ElementArrayFinder.applyAction_ (C:\Users\Ravikiran\AppData\Roaming\npm\node_modules\protractor\lib\element.ts:463:23)
    at ElementArrayFinder.(anonymous function) [as getText] (C:\Users\Ravikiran\AppData\Roaming\npm\node_modules\protractor\lib\element.ts:95:21)
    at ElementFinder.(anonymous function) [as getText] (C:\Users\Ravikiran\AppData\Roaming\npm\node_modules\protractor\lib\element.ts:841:14)
    at Object.&lt;anonymous&gt; (E:\protractorcms\cyborg\features\FT\common\ft_common.js:50:46)
    at C:\Users\Ravikiran\AppData\Roaming\npm\node_modules\protractor\node_modules\jasminewd2\index.js:102:25
    at new ManagedPromise (C:\Users\Ravikiran\AppData\Roaming\npm\node_modules\protractor\node_modules\selenium-webdriver\lib\promise.js:1067:7)
    at controlFlowExecute (C:\Users\Ravikiran\AppData\Roaming\npm\node_modules\protractor\node_modules\jasminewd2\index.js:87:18)
    at TaskQueue.execute_ (C:\Users\Ravikiran\AppData\Roaming\npm\node_modules\protractor\node_modules\selenium-webdriver\lib\promise.js:2970:14)
    at TaskQueue.executeNext_ (C:\Users\Ravikiran\AppData\Roaming\npm\node_modules\protractor\node_modules\selenium-webdriver\lib\promise.js:2953:27)
    at asyncRun (C:\Users\Ravikiran\AppData\Roaming\npm\node_modules\protractor\node_modules\selenium-webdriver\lib\promise.js:2860:25)
From: Task: Run it(&quot;Comparing value or text of link in footer at index 35&quot;) in control flow
    at Object.&lt;anonymous&gt; (C:\Users\Ravikiran\AppData\Roaming\npm\node_modules\protractor\node_modules\jasminewd2\index.js:86:14)
    at attemptAsync (C:\Users\Ravikiran\AppData\Roaming\npm\node_modules\protractor\node_modules\jasmine-core\lib\jasmine-core\jasmine.js:1916:24)
    at QueueRunner.run (C:\Users\Ravikiran\AppData\Roaming\npm\node_modules\protractor\node_modules\jasmine-core\lib\jasmine-core\jasmine.js:1871:9)
    at QueueRunner.execute (C:\Users\Ravikiran\AppData\Roaming\npm\node_modules\protractor\node_modules\jasmine-core\lib\jasmine-core\jasmine.js:1859:10)
    at Spec.queueRunnerFactory (C:\Users\Ravikiran\AppData\Roaming\npm\node_modules\protractor\node_modules\jasmine-core\lib\jasmine-core\jasmine.js:697:35)
    at Spec.execute (C:\Users\Ravikiran\AppData\Roaming\npm\node_modules\protractor\node_modules\jasmine-core\lib\jasmine-core\jasmine.js:359:10)
    at Object.fn (C:\Users\Ravikiran\AppData\Roaming\npm\node_modules\protractor\node_modules\jasmine-core\lib\jasmine-core\jasmine.js:2479:37)
    at attemptAsync (C:\Users\Ravikiran\AppData\Roaming\npm\node_modules\protractor\node_modules\jasmine-core\lib\jasmine-core\jasmine.js:1916:24)
    at QueueRunner.run (C:\Users\Ravikiran\AppData\Roaming\npm\node_modules\protractor\node_modules\jasmine-core\lib\jasmine-core\jasmine.js:1871:9)
    at C:\Users\Ravikiran\AppData\Roaming\npm\node_modules\protractor\node_modules\jasmine-core\lib\jasmine-core\jasmine.js:1898:16
From asynchronous test: 
Error
    at validatingFooterLinkAndText (E:\protractorcms\cyborg\features\FT\common\ft_common.js:49:9)
    at ft_common.validateFooterLinksAndText (E:\protractorcms\cyborg\features\FT\common\ft_common.js:42:13)
    at Suite.&lt;anonymous&gt; (E:\protractorcms\cyborg\features\FT\FT-002\FT-002.js:14:15)
    at addSpecsToSuite (C:\Users\Ravikiran\AppData\Roaming\npm\node_modules\protractor\node_modules\jasmine-core\lib\jasmine-core\jasmine.js:833:25)
    at Env.describe (C:\Users\Ravikiran\AppData\Roaming\npm\node_modules\protractor\node_modules\jasmine-core\lib\jasmine-core\jasmine.js:802:7)
    at describe (C:\Users\Ravikiran\AppData\Roaming\npm\node_modules\protractor\node_modules\jasmine-core\lib\jasmine-core\jasmine.js:3375:18)
    at Object.&lt;anonymous&gt; (E:\protractorcms\cyborg\features\FT\FT-002\FT-002.js:11:1)
    at Module._compile (module.js:570:32)
    at Object.Module._extensions..js (module.js:579:10)</stack-trace>
			</failure>
		</test-case>
		<test-case start="1489403898564" stop="1489403899082" status="failed">
			<name>Comparing href values of links in footer at index 35</name>
			<title>Comparing href values of links in footer at index 35</title>
			<description></description>
			<labels>
			</labels>
			<parameters>
			</parameters>
			<steps>
			</steps>
			<attachments>
				<attachment title="Screenshot" source="60d91986-3323-46cd-8d23-18410940bd03-attachment.png" type="image/png" size="312735"/>
			</attachments>
			<failure>
				<message>Failed: Index out of bound. Trying to access element at index: 35, but there are only 35 elements that match locator By(css selector, ul[test-id=&apos;footer_links&apos;] a)</message>
				<stack-trace>NoSuchElementError: Index out of bound. Trying to access element at index: 35, but there are only 35 elements that match locator By(css selector, ul[test-id=&apos;footer_links&apos;] a)
    at WebDriverError (C:\Users\Ravikiran\AppData\Roaming\npm\node_modules\protractor\node_modules\selenium-webdriver\lib\error.js:27:5)
    at NoSuchElementError (C:\Users\Ravikiran\AppData\Roaming\npm\node_modules\protractor\node_modules\selenium-webdriver\lib\error.js:168:5)
    at selenium_webdriver_1.promise.all.then (C:\Users\Ravikiran\AppData\Roaming\npm\node_modules\protractor\lib\element.ts:284:17)
    at ManagedPromise.invokeCallback_ (C:\Users\Ravikiran\AppData\Roaming\npm\node_modules\protractor\node_modules\selenium-webdriver\lib\promise.js:1366:14)
    at TaskQueue.execute_ (C:\Users\Ravikiran\AppData\Roaming\npm\node_modules\protractor\node_modules\selenium-webdriver\lib\promise.js:2970:14)
    at TaskQueue.executeNext_ (C:\Users\Ravikiran\AppData\Roaming\npm\node_modules\protractor\node_modules\selenium-webdriver\lib\promise.js:2953:27)
    at asyncRun (C:\Users\Ravikiran\AppData\Roaming\npm\node_modules\protractor\node_modules\selenium-webdriver\lib\promise.js:2813:27)
    at C:\Users\Ravikiran\AppData\Roaming\npm\node_modules\protractor\node_modules\selenium-webdriver\lib\promise.js:676:7
    at process._tickCallback (internal/process/next_tick.js:103:7)Error
    at ElementArrayFinder.applyAction_ (C:\Users\Ravikiran\AppData\Roaming\npm\node_modules\protractor\lib\element.ts:463:23)
    at ElementArrayFinder.(anonymous function) [as getAttribute] (C:\Users\Ravikiran\AppData\Roaming\npm\node_modules\protractor\lib\element.ts:95:21)
    at ElementFinder.(anonymous function) [as getAttribute] (C:\Users\Ravikiran\AppData\Roaming\npm\node_modules\protractor\lib\element.ts:841:14)
    at Object.&lt;anonymous&gt; (E:\protractorcms\cyborg\features\FT\common\ft_common.js:18:39)
    at C:\Users\Ravikiran\AppData\Roaming\npm\node_modules\protractor\node_modules\jasminewd2\index.js:102:25
    at new ManagedPromise (C:\Users\Ravikiran\AppData\Roaming\npm\node_modules\protractor\node_modules\selenium-webdriver\lib\promise.js:1067:7)
    at controlFlowExecute (C:\Users\Ravikiran\AppData\Roaming\npm\node_modules\protractor\node_modules\jasminewd2\index.js:87:18)
    at TaskQueue.execute_ (C:\Users\Ravikiran\AppData\Roaming\npm\node_modules\protractor\node_modules\selenium-webdriver\lib\promise.js:2970:14)
    at TaskQueue.executeNext_ (C:\Users\Ravikiran\AppData\Roaming\npm\node_modules\protractor\node_modules\selenium-webdriver\lib\promise.js:2953:27)
    at asyncRun (C:\Users\Ravikiran\AppData\Roaming\npm\node_modules\protractor\node_modules\selenium-webdriver\lib\promise.js:2813:27)
From: Task: Run it(&quot;Comparing href values of links in footer at index 35&quot;) in control flow
    at Object.&lt;anonymous&gt; (C:\Users\Ravikiran\AppData\Roaming\npm\node_modules\protractor\node_modules\jasminewd2\index.js:86:14)
    at attemptAsync (C:\Users\Ravikiran\AppData\Roaming\npm\node_modules\protractor\node_modules\jasmine-core\lib\jasmine-core\jasmine.js:1916:24)
    at QueueRunner.run (C:\Users\Ravikiran\AppData\Roaming\npm\node_modules\protractor\node_modules\jasmine-core\lib\jasmine-core\jasmine.js:1871:9)
    at QueueRunner.execute (C:\Users\Ravikiran\AppData\Roaming\npm\node_modules\protractor\node_modules\jasmine-core\lib\jasmine-core\jasmine.js:1859:10)
    at Spec.queueRunnerFactory (C:\Users\Ravikiran\AppData\Roaming\npm\node_modules\protractor\node_modules\jasmine-core\lib\jasmine-core\jasmine.js:697:35)
    at Spec.execute (C:\Users\Ravikiran\AppData\Roaming\npm\node_modules\protractor\node_modules\jasmine-core\lib\jasmine-core\jasmine.js:359:10)
    at Object.fn (C:\Users\Ravikiran\AppData\Roaming\npm\node_modules\protractor\node_modules\jasmine-core\lib\jasmine-core\jasmine.js:2479:37)
    at attemptAsync (C:\Users\Ravikiran\AppData\Roaming\npm\node_modules\protractor\node_modules\jasmine-core\lib\jasmine-core\jasmine.js:1916:24)
    at QueueRunner.run (C:\Users\Ravikiran\AppData\Roaming\npm\node_modules\protractor\node_modules\jasmine-core\lib\jasmine-core\jasmine.js:1871:9)
    at C:\Users\Ravikiran\AppData\Roaming\npm\node_modules\protractor\node_modules\jasmine-core\lib\jasmine-core\jasmine.js:1898:16
From asynchronous test: 
Error
    at validatingLinks (E:\protractorcms\cyborg\features\FT\common\ft_common.js:17:9)
    at validatingFooterLinkAndText (E:\protractorcms\cyborg\features\FT\common\ft_common.js:54:9)
    at ft_common.validateFooterLinksAndText (E:\protractorcms\cyborg\features\FT\common\ft_common.js:42:13)
    at Suite.&lt;anonymous&gt; (E:\protractorcms\cyborg\features\FT\FT-002\FT-002.js:14:15)
    at addSpecsToSuite (C:\Users\Ravikiran\AppData\Roaming\npm\node_modules\protractor\node_modules\jasmine-core\lib\jasmine-core\jasmine.js:833:25)
    at Env.describe (C:\Users\Ravikiran\AppData\Roaming\npm\node_modules\protractor\node_modules\jasmine-core\lib\jasmine-core\jasmine.js:802:7)
    at describe (C:\Users\Ravikiran\AppData\Roaming\npm\node_modules\protractor\node_modules\jasmine-core\lib\jasmine-core\jasmine.js:3375:18)
    at Object.&lt;anonymous&gt; (E:\protractorcms\cyborg\features\FT\FT-002\FT-002.js:11:1)
    at Module._compile (module.js:570:32)</stack-trace>
			</failure>
		</test-case>
		<test-case start="1489403899082" stop="1489403899588" status="failed">
			<name>Clicking links in footer at idx 35</name>
			<title>Clicking links in footer at idx 35</title>
			<description></description>
			<labels>
			</labels>
			<parameters>
			</parameters>
			<steps>
			</steps>
			<attachments>
				<attachment title="Screenshot" source="45572914-3ff8-4e2f-a41e-d753f1ac6595-attachment.png" type="image/png" size="312735"/>
			</attachments>
			<failure>
				<message>Failed: Failed to click on the WebElement and the exception is:NoSuchElementError: Index out of bound. Trying to access element at index: 35, but there are only 35 elements that match locator By(css selector, ul[test-id=&apos;footer_links&apos;] a)</message>
				<stack-trace>Error: Failed: Failed to click on the WebElement and the exception is:NoSuchElementError: Index out of bound. Trying to access element at index: 35, but there are only 35 elements that match locator By(css selector, ul[test-id=&apos;footer_links&apos;] a)
    at stack (C:\Users\Ravikiran\AppData\Roaming\npm\node_modules\protractor\node_modules\jasmine-core\lib\jasmine-core\jasmine.js:1577:17)
    at buildExpectationResult (C:\Users\Ravikiran\AppData\Roaming\npm\node_modules\protractor\node_modules\jasmine-core\lib\jasmine-core\jasmine.js:1547:14)
    at Spec.expectationResultFactory (C:\Users\Ravikiran\AppData\Roaming\npm\node_modules\protractor\node_modules\jasmine-core\lib\jasmine-core\jasmine.js:638:18)
    at Spec.addExpectationResult (C:\Users\Ravikiran\AppData\Roaming\npm\node_modules\protractor\node_modules\jasmine-core\lib\jasmine-core\jasmine.js:330:34)
    at Env.fail (C:\Users\Ravikiran\AppData\Roaming\npm\node_modules\protractor\node_modules\jasmine-core\lib\jasmine-core\jasmine.js:987:25)
    at Function.next.fail (C:\Users\Ravikiran\AppData\Roaming\npm\node_modules\protractor\node_modules\jasmine-core\lib\jasmine-core\jasmine.js:1903:19)
    at C:\Users\Ravikiran\AppData\Roaming\npm\node_modules\protractor\node_modules\jasminewd2\index.js:61:7
    at ControlFlow.emit (C:\Users\Ravikiran\AppData\Roaming\npm\node_modules\protractor\node_modules\selenium-webdriver\lib\events.js:62:21)
    at ControlFlow.shutdown_ (C:\Users\Ravikiran\AppData\Roaming\npm\node_modules\protractor\node_modules\selenium-webdriver\lib\promise.js:2565:10)
    at shutdownTask_.MicroTask (C:\Users\Ravikiran\AppData\Roaming\npm\node_modules\protractor\node_modules\selenium-webdriver\lib\promise.js:2490:53)</stack-trace>
			</failure>
		</test-case>
		<test-case start="1489403899588" stop="1489403900107" status="failed">
			<name>Shifting windows and validating them of link at index 35</name>
			<title>Shifting windows and validating them of link at index 35</title>
			<description></description>
			<labels>
			</labels>
			<parameters>
			</parameters>
			<steps>
			</steps>
			<attachments>
				<attachment title="Screenshot" source="7db054c5-e8b7-4879-a5ec-fd33b5af7484-attachment.png" type="image/png" size="312735"/>
			</attachments>
			<failure>
				<message>Expected 1 to equal 2, &apos;Link should open in a new window but it opened in same window&apos;.</message>
				<stack-trace>Error: Failed expectation
    at userActions.shiftingBrowserWindowTabs (E:\protractorcms\cyborg\utility\user_actions.js:86:39)
    at E:\protractorcms\cyborg\features\FT\common\ft_common.js:29:29
    at ManagedPromise.invokeCallback_ (C:\Users\Ravikiran\AppData\Roaming\npm\node_modules\protractor\node_modules\selenium-webdriver\lib\promise.js:1366:14)
    at TaskQueue.execute_ (C:\Users\Ravikiran\AppData\Roaming\npm\node_modules\protractor\node_modules\selenium-webdriver\lib\promise.js:2970:14)
    at TaskQueue.executeNext_ (C:\Users\Ravikiran\AppData\Roaming\npm\node_modules\protractor\node_modules\selenium-webdriver\lib\promise.js:2953:27)
    at asyncRun (C:\Users\Ravikiran\AppData\Roaming\npm\node_modules\protractor\node_modules\selenium-webdriver\lib\promise.js:2813:27)
    at C:\Users\Ravikiran\AppData\Roaming\npm\node_modules\protractor\node_modules\selenium-webdriver\lib\promise.js:676:7
    at process._tickCallback (internal/process/next_tick.js:103:7)</stack-trace>
			</failure>
		</test-case>
	</test-cases>
</ns2:test-suite>