<?xml version="1.0" encoding="UTF-8"?>
<ns2:test-suite xmlns:ns2="urn:model.allure.qatools.yandex.ru" start="1488978993103" stop="1488979022286">
	<name>Validating Links in Footer</name>
	<title>Validating Links in Footer</title>
	<test-cases>
		<test-case start="1488978993104" stop="1488979016695" status="passed">
			<name>Loading Home Page </name>
			<title>Loading Home Page </title>
			<description></description>
			<labels>
			</labels>
			<parameters>
			</parameters>
			<steps>
			</steps>
			<attachments>
				<attachment title="Screenshot" source="627eed03-07b1-44e8-b688-6900e6396401-attachment.png" type="image/png" size="314307"/>
			</attachments>
		</test-case>
		<test-case start="1488979016696" stop="1488979016930" status="passed">
			<name>Validate Correct page Loaded</name>
			<title>Validate Correct page Loaded</title>
			<description></description>
			<labels>
			</labels>
			<parameters>
			</parameters>
			<steps>
			</steps>
			<attachments>
				<attachment title="Screenshot" source="ac3d2897-7767-4e34-9563-1e2b1fc08a35-attachment.png" type="image/png" size="314307"/>
			</attachments>
		</test-case>
		<test-case start="1488979016930" stop="1488979017177" status="passed">
			<name>Comparing href values of social sharing link in footer at index 0</name>
			<title>Comparing href values of social sharing link in footer at index 0</title>
			<description></description>
			<labels>
			</labels>
			<parameters>
			</parameters>
			<steps>
			</steps>
			<attachments>
				<attachment title="Screenshot" source="076c7b3d-b102-4627-a030-385648eea130-attachment.png" type="image/png" size="314307"/>
			</attachments>
		</test-case>
		<test-case start="1488979017177" stop="1488979017566" status="passed">
			<name>Clicking social sharing link in footer at idx 0</name>
			<title>Clicking social sharing link in footer at idx 0</title>
			<description></description>
			<labels>
			</labels>
			<parameters>
			</parameters>
			<steps>
			</steps>
			<attachments>
				<attachment title="Screenshot" source="26dabad7-1192-49f2-9839-38f46f368760-attachment.png" type="image/png" size="56862"/>
			</attachments>
		</test-case>
		<test-case start="1488979017567" stop="1488979018744" status="failed">
			<name>Shifting windows and validating them of link at index 0</name>
			<title>Shifting windows and validating them of link at index 0</title>
			<description></description>
			<labels>
			</labels>
			<parameters>
			</parameters>
			<steps>
			</steps>
			<attachments>
				<attachment title="Screenshot" source="44183a91-5727-44a9-bc41-082c12a7cbe4-attachment.png" type="image/png" size="47522"/>
			</attachments>
			<failure>
				<message>Expected 2 to equal 1, &apos;Link should open in a same window but it opened in new window&apos;.</message>
				<stack-trace>Error: Failed expectation
    at UserActions.shiftingBrowserWindowTabs (E:\protractorcms\cyborg\utility\user_actions.js:142:39)
    at E:\protractorcms\cyborg\features\FT\common\ft_common.js:36:29
    at ManagedPromise.invokeCallback_ (C:\Users\Ravikiran\AppData\Roaming\npm\node_modules\protractor\node_modules\selenium-webdriver\lib\promise.js:1366:14)
    at TaskQueue.execute_ (C:\Users\Ravikiran\AppData\Roaming\npm\node_modules\protractor\node_modules\selenium-webdriver\lib\promise.js:2970:14)
    at TaskQueue.executeNext_ (C:\Users\Ravikiran\AppData\Roaming\npm\node_modules\protractor\node_modules\selenium-webdriver\lib\promise.js:2953:27)
    at asyncRun (C:\Users\Ravikiran\AppData\Roaming\npm\node_modules\protractor\node_modules\selenium-webdriver\lib\promise.js:2813:27)
    at C:\Users\Ravikiran\AppData\Roaming\npm\node_modules\protractor\node_modules\selenium-webdriver\lib\promise.js:676:7
    at process._tickCallback (internal/process/next_tick.js:103:7)</stack-trace>
			</failure>
		</test-case>
		<test-case start="1488979018744" stop="1488979019047" status="passed">
			<name>Comparing href values of social sharing link in footer at index 1</name>
			<title>Comparing href values of social sharing link in footer at index 1</title>
			<description></description>
			<labels>
			</labels>
			<parameters>
			</parameters>
			<steps>
			</steps>
			<attachments>
				<attachment title="Screenshot" source="4c55756d-8078-4d2b-87a0-267bcd9e723b-attachment.png" type="image/png" size="47522"/>
			</attachments>
		</test-case>
		<test-case start="1488979019047" stop="1488979019332" status="passed">
			<name>Clicking social sharing link in footer at idx 1</name>
			<title>Clicking social sharing link in footer at idx 1</title>
			<description></description>
			<labels>
			</labels>
			<parameters>
			</parameters>
			<steps>
			</steps>
			<attachments>
				<attachment title="Screenshot" source="d21c6233-c419-4032-b697-fa3074121e6b-attachment.png" type="image/png" size="47332"/>
			</attachments>
		</test-case>
		<test-case start="1488979019332" stop="1488979020493" status="failed">
			<name>Shifting windows and validating them of link at index 1</name>
			<title>Shifting windows and validating them of link at index 1</title>
			<description></description>
			<labels>
			</labels>
			<parameters>
			</parameters>
			<steps>
			</steps>
			<attachments>
				<attachment title="Screenshot" source="87953fc5-170d-42b4-a223-0e066fa04349-attachment.png" type="image/png" size="47514"/>
			</attachments>
			<failure>
				<message>Expected 2 to equal 1, &apos;Link should open in a same window but it opened in new window&apos;.</message>
				<stack-trace>Error: Failed expectation
    at UserActions.shiftingBrowserWindowTabs (E:\protractorcms\cyborg\utility\user_actions.js:142:39)
    at E:\protractorcms\cyborg\features\FT\common\ft_common.js:36:29
    at ManagedPromise.invokeCallback_ (C:\Users\Ravikiran\AppData\Roaming\npm\node_modules\protractor\node_modules\selenium-webdriver\lib\promise.js:1366:14)
    at TaskQueue.execute_ (C:\Users\Ravikiran\AppData\Roaming\npm\node_modules\protractor\node_modules\selenium-webdriver\lib\promise.js:2970:14)
    at TaskQueue.executeNext_ (C:\Users\Ravikiran\AppData\Roaming\npm\node_modules\protractor\node_modules\selenium-webdriver\lib\promise.js:2953:27)
    at asyncRun (C:\Users\Ravikiran\AppData\Roaming\npm\node_modules\protractor\node_modules\selenium-webdriver\lib\promise.js:2813:27)
    at C:\Users\Ravikiran\AppData\Roaming\npm\node_modules\protractor\node_modules\selenium-webdriver\lib\promise.js:676:7
    at process._tickCallback (internal/process/next_tick.js:103:7)</stack-trace>
			</failure>
		</test-case>
		<test-case start="1488979020493" stop="1488979020789" status="passed">
			<name>Comparing href values of social sharing link in footer at index 2</name>
			<title>Comparing href values of social sharing link in footer at index 2</title>
			<description></description>
			<labels>
			</labels>
			<parameters>
			</parameters>
			<steps>
			</steps>
			<attachments>
				<attachment title="Screenshot" source="d3bc6039-ec18-45bc-a2d4-f1779b787ca4-attachment.png" type="image/png" size="47514"/>
			</attachments>
		</test-case>
		<test-case start="1488979020789" stop="1488979021109" status="passed">
			<name>Clicking social sharing link in footer at idx 2</name>
			<title>Clicking social sharing link in footer at idx 2</title>
			<description></description>
			<labels>
			</labels>
			<parameters>
			</parameters>
			<steps>
			</steps>
			<attachments>
				<attachment title="Screenshot" source="8e048cae-9ae7-46c4-9422-16f428b3a71e-attachment.png" type="image/png" size="47518"/>
			</attachments>
		</test-case>
		<test-case start="1488979021110" stop="1488979022285" status="failed">
			<name>Shifting windows and validating them of link at index 2</name>
			<title>Shifting windows and validating them of link at index 2</title>
			<description></description>
			<labels>
			</labels>
			<parameters>
			</parameters>
			<steps>
			</steps>
			<attachments>
				<attachment title="Screenshot" source="cfd8fb04-40d0-4c7c-bbf4-2dd8eed46b66-attachment.png" type="image/png" size="47518"/>
			</attachments>
			<failure>
				<message>Expected 2 to equal 1, &apos;Link should open in a same window but it opened in new window&apos;.</message>
				<stack-trace>Error: Failed expectation
    at UserActions.shiftingBrowserWindowTabs (E:\protractorcms\cyborg\utility\user_actions.js:142:39)
    at E:\protractorcms\cyborg\features\FT\common\ft_common.js:36:29
    at ManagedPromise.invokeCallback_ (C:\Users\Ravikiran\AppData\Roaming\npm\node_modules\protractor\node_modules\selenium-webdriver\lib\promise.js:1366:14)
    at TaskQueue.execute_ (C:\Users\Ravikiran\AppData\Roaming\npm\node_modules\protractor\node_modules\selenium-webdriver\lib\promise.js:2970:14)
    at TaskQueue.executeNext_ (C:\Users\Ravikiran\AppData\Roaming\npm\node_modules\protractor\node_modules\selenium-webdriver\lib\promise.js:2953:27)
    at asyncRun (C:\Users\Ravikiran\AppData\Roaming\npm\node_modules\protractor\node_modules\selenium-webdriver\lib\promise.js:2813:27)
    at C:\Users\Ravikiran\AppData\Roaming\npm\node_modules\protractor\node_modules\selenium-webdriver\lib\promise.js:676:7
    at process._tickCallback (internal/process/next_tick.js:103:7)</stack-trace>
			</failure>
		</test-case>
	</test-cases>
</ns2:test-suite>