<?xml version="1.0" encoding="UTF-8"?>
<ns2:test-suite xmlns:ns2="urn:model.allure.qatools.yandex.ru" start="1488977937223" stop="1488977971930">
	<name>Validating Links in Footer</name>
	<title>Validating Links in Footer</title>
	<test-cases>
		<test-case start="1488977937225" stop="1488977966237" status="passed">
			<name>Loading Home Page </name>
			<title>Loading Home Page </title>
			<description></description>
			<labels>
			</labels>
			<parameters>
			</parameters>
			<steps>
			</steps>
			<attachments>
				<attachment title="Screenshot" source="8adbd919-4f64-430b-a04c-c7a9fa4aa22e-attachment.png" type="image/png" size="322367"/>
			</attachments>
		</test-case>
		<test-case start="1488977966238" stop="1488977966445" status="passed">
			<name>Validate Correct page Loaded</name>
			<title>Validate Correct page Loaded</title>
			<description></description>
			<labels>
			</labels>
			<parameters>
			</parameters>
			<steps>
			</steps>
			<attachments>
				<attachment title="Screenshot" source="3971166e-e0b1-455a-abbb-db7e558ba2e7-attachment.png" type="image/png" size="314307"/>
			</attachments>
		</test-case>
		<test-case start="1488977966445" stop="1488977966705" status="passed">
			<name>Comparing href values of social sharing link in footer at index 0</name>
			<title>Comparing href values of social sharing link in footer at index 0</title>
			<description></description>
			<labels>
			</labels>
			<parameters>
			</parameters>
			<steps>
			</steps>
			<attachments>
				<attachment title="Screenshot" source="e1dfef0d-7402-4073-802a-3438e17cf2f0-attachment.png" type="image/png" size="314307"/>
			</attachments>
		</test-case>
		<test-case start="1488977966705" stop="1488977967078" status="passed">
			<name>Clicking social sharing link in footer at idx 0</name>
			<title>Clicking social sharing link in footer at idx 0</title>
			<description></description>
			<labels>
			</labels>
			<parameters>
			</parameters>
			<steps>
			</steps>
			<attachments>
				<attachment title="Screenshot" source="9e6a1917-8b43-4a1e-ae2c-70d48621b720-attachment.png" type="image/png" size="50610"/>
			</attachments>
		</test-case>
		<test-case start="1488977967078" stop="1488977968285" status="failed">
			<name>Shifting windows and validating them</name>
			<title>Shifting windows and validating them</title>
			<description></description>
			<labels>
			</labels>
			<parameters>
			</parameters>
			<steps>
			</steps>
			<attachments>
				<attachment title="Screenshot" source="0d4f2ddc-addb-48ea-ade9-4afdeb41e2c6-attachment.png" type="image/png" size="47522"/>
			</attachments>
			<failure>
				<message>Expected 2 to equal 1, &apos;Link should open in a same window but it opened in new window&apos;.</message>
				<stack-trace>Error: Failed expectation
    at UserActions.shiftingBrowserWindowTabs (E:\protractorcms\cyborg\utility\user_actions.js:142:39)
    at E:\protractorcms\cyborg\features\FT\common\ft_common.js:36:29
    at ManagedPromise.invokeCallback_ (C:\Users\Ravikiran\AppData\Roaming\npm\node_modules\protractor\node_modules\selenium-webdriver\lib\promise.js:1366:14)
    at TaskQueue.execute_ (C:\Users\Ravikiran\AppData\Roaming\npm\node_modules\protractor\node_modules\selenium-webdriver\lib\promise.js:2970:14)
    at TaskQueue.executeNext_ (C:\Users\Ravikiran\AppData\Roaming\npm\node_modules\protractor\node_modules\selenium-webdriver\lib\promise.js:2953:27)
    at asyncRun (C:\Users\Ravikiran\AppData\Roaming\npm\node_modules\protractor\node_modules\selenium-webdriver\lib\promise.js:2813:27)
    at C:\Users\Ravikiran\AppData\Roaming\npm\node_modules\protractor\node_modules\selenium-webdriver\lib\promise.js:676:7
    at process._tickCallback (internal/process/next_tick.js:103:7)</stack-trace>
			</failure>
		</test-case>
		<test-case start="1488977968285" stop="1488977968577" status="passed">
			<name>Comparing href values of social sharing link in footer at index 1</name>
			<title>Comparing href values of social sharing link in footer at index 1</title>
			<description></description>
			<labels>
			</labels>
			<parameters>
			</parameters>
			<steps>
			</steps>
			<attachments>
				<attachment title="Screenshot" source="e4cfda3c-7839-419c-8c58-88991f10c3c2-attachment.png" type="image/png" size="47522"/>
			</attachments>
		</test-case>
		<test-case start="1488977968577" stop="1488977968871" status="passed">
			<name>Clicking social sharing link in footer at idx 1</name>
			<title>Clicking social sharing link in footer at idx 1</title>
			<description></description>
			<labels>
			</labels>
			<parameters>
			</parameters>
			<steps>
			</steps>
			<attachments>
				<attachment title="Screenshot" source="3d65a178-5ad6-4ef6-a50c-d2b74ff6b9c7-attachment.png" type="image/png" size="47514"/>
			</attachments>
		</test-case>
		<test-case start="1488977968871" stop="1488977970134" status="failed">
			<name>Shifting windows and validating them</name>
			<title>Shifting windows and validating them</title>
			<description></description>
			<labels>
			</labels>
			<parameters>
			</parameters>
			<steps>
			</steps>
			<attachments>
				<attachment title="Screenshot" source="f0d5a189-5411-40ac-aac1-d2379900bac2-attachment.png" type="image/png" size="47514"/>
			</attachments>
			<failure>
				<message>Expected 2 to equal 1, &apos;Link should open in a same window but it opened in new window&apos;.</message>
				<stack-trace>Error: Failed expectation
    at UserActions.shiftingBrowserWindowTabs (E:\protractorcms\cyborg\utility\user_actions.js:142:39)
    at E:\protractorcms\cyborg\features\FT\common\ft_common.js:36:29
    at ManagedPromise.invokeCallback_ (C:\Users\Ravikiran\AppData\Roaming\npm\node_modules\protractor\node_modules\selenium-webdriver\lib\promise.js:1366:14)
    at TaskQueue.execute_ (C:\Users\Ravikiran\AppData\Roaming\npm\node_modules\protractor\node_modules\selenium-webdriver\lib\promise.js:2970:14)
    at TaskQueue.executeNext_ (C:\Users\Ravikiran\AppData\Roaming\npm\node_modules\protractor\node_modules\selenium-webdriver\lib\promise.js:2953:27)
    at asyncRun (C:\Users\Ravikiran\AppData\Roaming\npm\node_modules\protractor\node_modules\selenium-webdriver\lib\promise.js:2813:27)
    at C:\Users\Ravikiran\AppData\Roaming\npm\node_modules\protractor\node_modules\selenium-webdriver\lib\promise.js:676:7
    at process._tickCallback (internal/process/next_tick.js:103:7)</stack-trace>
			</failure>
		</test-case>
		<test-case start="1488977970134" stop="1488977970437" status="passed">
			<name>Comparing href values of social sharing link in footer at index 2</name>
			<title>Comparing href values of social sharing link in footer at index 2</title>
			<description></description>
			<labels>
			</labels>
			<parameters>
			</parameters>
			<steps>
			</steps>
			<attachments>
				<attachment title="Screenshot" source="d87e23a4-7b51-4cf6-8e92-4f84ac380eee-attachment.png" type="image/png" size="47514"/>
			</attachments>
		</test-case>
		<test-case start="1488977970437" stop="1488977970742" status="passed">
			<name>Clicking social sharing link in footer at idx 2</name>
			<title>Clicking social sharing link in footer at idx 2</title>
			<description></description>
			<labels>
			</labels>
			<parameters>
			</parameters>
			<steps>
			</steps>
			<attachments>
				<attachment title="Screenshot" source="cd976e0b-8c6d-462a-b2c8-45cd4dda881a-attachment.png" type="image/png" size="47518"/>
			</attachments>
		</test-case>
		<test-case start="1488977970742" stop="1488977971930" status="failed">
			<name>Shifting windows and validating them</name>
			<title>Shifting windows and validating them</title>
			<description></description>
			<labels>
			</labels>
			<parameters>
			</parameters>
			<steps>
			</steps>
			<attachments>
				<attachment title="Screenshot" source="48ae22b9-4b10-427f-9766-d0eec8bbf7d6-attachment.png" type="image/png" size="47518"/>
			</attachments>
			<failure>
				<message>Expected 2 to equal 1, &apos;Link should open in a same window but it opened in new window&apos;.</message>
				<stack-trace>Error: Failed expectation
    at UserActions.shiftingBrowserWindowTabs (E:\protractorcms\cyborg\utility\user_actions.js:142:39)
    at E:\protractorcms\cyborg\features\FT\common\ft_common.js:36:29
    at ManagedPromise.invokeCallback_ (C:\Users\Ravikiran\AppData\Roaming\npm\node_modules\protractor\node_modules\selenium-webdriver\lib\promise.js:1366:14)
    at TaskQueue.execute_ (C:\Users\Ravikiran\AppData\Roaming\npm\node_modules\protractor\node_modules\selenium-webdriver\lib\promise.js:2970:14)
    at TaskQueue.executeNext_ (C:\Users\Ravikiran\AppData\Roaming\npm\node_modules\protractor\node_modules\selenium-webdriver\lib\promise.js:2953:27)
    at asyncRun (C:\Users\Ravikiran\AppData\Roaming\npm\node_modules\protractor\node_modules\selenium-webdriver\lib\promise.js:2813:27)
    at C:\Users\Ravikiran\AppData\Roaming\npm\node_modules\protractor\node_modules\selenium-webdriver\lib\promise.js:676:7
    at process._tickCallback (internal/process/next_tick.js:103:7)</stack-trace>
			</failure>
		</test-case>
	</test-cases>
</ns2:test-suite>