<?xml version="1.0" encoding="UTF-8"?>
<ns2:test-suite xmlns:ns2="urn:model.allure.qatools.yandex.ru" start="1488450792813" stop="1488450835787">
	<name>TA-003 TypeAhead-Recent Search Suggestions Validation</name>
	<title>TA-003 TypeAhead-Recent Search Suggestions Validation</title>
	<test-cases>
		<test-case start="1488450792814" stop="1488450800711" status="passed">
			<name>Loading Home Page </name>
			<title>Loading Home Page </title>
			<description></description>
			<labels>
			</labels>
			<parameters>
			</parameters>
			<steps>
			</steps>
			<attachments>
				<attachment title="Screenshot" source="34a64790-06cc-4eea-a245-3c653fd52b2d-attachment.png" type="image/png" size="322367"/>
			</attachments>
		</test-case>
		<test-case start="1488450800712" stop="1488450800937" status="passed">
			<name>Validate Correct page Loaded</name>
			<title>Validate Correct page Loaded</title>
			<description></description>
			<labels>
			</labels>
			<parameters>
			</parameters>
			<steps>
			</steps>
			<attachments>
				<attachment title="Screenshot" source="5a370709-b2cd-481d-8c45-5b96d53a8250-attachment.png" type="image/png" size="314307"/>
			</attachments>
		</test-case>
		<test-case start="1488450800938" stop="1488450802540" status="passed">
			<name>Entering  keyword document</name>
			<title>Entering  keyword document</title>
			<description></description>
			<labels>
			</labels>
			<parameters>
			</parameters>
			<steps>
			</steps>
			<attachments>
				<attachment title="Screenshot" source="61ea3258-835c-41b2-bdef-39b0d240c570-attachment.png" type="image/png" size="295497"/>
			</attachments>
		</test-case>
		<test-case start="1488450802540" stop="1488450802750" status="passed">
			<name>Getting  all suggestions from TypeAhead and validating</name>
			<title>Getting  all suggestions from TypeAhead and validating</title>
			<description></description>
			<labels>
			</labels>
			<parameters>
			</parameters>
			<steps>
			</steps>
			<attachments>
				<attachment title="Screenshot" source="676efcbd-357e-495a-80b0-ee7d4379d03d-attachment.png" type="image/png" size="295497"/>
			</attachments>
		</test-case>
		<test-case start="1488450802751" stop="1488450805130" status="passed">
			<name>Pressing ENTER Key</name>
			<title>Pressing ENTER Key</title>
			<description></description>
			<labels>
			</labels>
			<parameters>
			</parameters>
			<steps>
			</steps>
			<attachments>
				<attachment title="Screenshot" source="628f8ef2-bcff-45b8-9e07-8184305364c3-attachment.png" type="image/png" size="122284"/>
			</attachments>
		</test-case>
		<test-case start="1488450805130" stop="1488450805395" status="failed">
			<name>Constructing recent searches data Manually</name>
			<title>Constructing recent searches data Manually</title>
			<description></description>
			<labels>
			</labels>
			<parameters>
			</parameters>
			<steps>
			</steps>
			<attachments>
				<attachment title="Screenshot" source="1698ebf6-28bb-4ec2-8dc8-ccc7b8c8ff12-attachment.png" type="image/png" size="122284"/>
			</attachments>
			<failure>
				<message>Failed: recentSearchListManualConstruct is not defined</message>
				<stack-trace>ReferenceError: recentSearchListManualConstruct is not defined
    at Object.&lt;anonymous&gt; (E:\protractorcms\cyborg\features\TA\common\ta_common.js:48:33)
    at C:\Users\Ravikiran\AppData\Roaming\npm\node_modules\protractor\node_modules\jasminewd2\index.js:102:25
    at new ManagedPromise (C:\Users\Ravikiran\AppData\Roaming\npm\node_modules\protractor\node_modules\selenium-webdriver\lib\promise.js:1067:7)
    at controlFlowExecute (C:\Users\Ravikiran\AppData\Roaming\npm\node_modules\protractor\node_modules\jasminewd2\index.js:87:18)
    at TaskQueue.execute_ (C:\Users\Ravikiran\AppData\Roaming\npm\node_modules\protractor\node_modules\selenium-webdriver\lib\promise.js:2970:14)
    at TaskQueue.executeNext_ (C:\Users\Ravikiran\AppData\Roaming\npm\node_modules\protractor\node_modules\selenium-webdriver\lib\promise.js:2953:27)
    at asyncRun (C:\Users\Ravikiran\AppData\Roaming\npm\node_modules\protractor\node_modules\selenium-webdriver\lib\promise.js:2860:25)
    at C:\Users\Ravikiran\AppData\Roaming\npm\node_modules\protractor\node_modules\selenium-webdriver\lib\promise.js:676:7
    at process._tickCallback (internal/process/next_tick.js:103:7)
From: Task: Run it(&quot;Constructing recent searches data Manually&quot;) in control flow
    at Object.&lt;anonymous&gt; (C:\Users\Ravikiran\AppData\Roaming\npm\node_modules\protractor\node_modules\jasminewd2\index.js:86:14)
    at attemptAsync (C:\Users\Ravikiran\AppData\Roaming\npm\node_modules\protractor\node_modules\jasmine-core\lib\jasmine-core\jasmine.js:1916:24)
    at QueueRunner.run (C:\Users\Ravikiran\AppData\Roaming\npm\node_modules\protractor\node_modules\jasmine-core\lib\jasmine-core\jasmine.js:1871:9)
    at QueueRunner.execute (C:\Users\Ravikiran\AppData\Roaming\npm\node_modules\protractor\node_modules\jasmine-core\lib\jasmine-core\jasmine.js:1859:10)
    at Spec.queueRunnerFactory (C:\Users\Ravikiran\AppData\Roaming\npm\node_modules\protractor\node_modules\jasmine-core\lib\jasmine-core\jasmine.js:697:35)
    at Spec.execute (C:\Users\Ravikiran\AppData\Roaming\npm\node_modules\protractor\node_modules\jasmine-core\lib\jasmine-core\jasmine.js:359:10)
    at Object.fn (C:\Users\Ravikiran\AppData\Roaming\npm\node_modules\protractor\node_modules\jasmine-core\lib\jasmine-core\jasmine.js:2479:37)
    at attemptAsync (C:\Users\Ravikiran\AppData\Roaming\npm\node_modules\protractor\node_modules\jasmine-core\lib\jasmine-core\jasmine.js:1916:24)
    at QueueRunner.run (C:\Users\Ravikiran\AppData\Roaming\npm\node_modules\protractor\node_modules\jasmine-core\lib\jasmine-core\jasmine.js:1871:9)
    at C:\Users\Ravikiran\AppData\Roaming\npm\node_modules\protractor\node_modules\jasmine-core\lib\jasmine-core\jasmine.js:1898:16
From asynchronous test: 
Error
    at common.pressEnterConstructSuggestions (E:\protractorcms\cyborg\features\TA\common\ta_common.js:47:9)
    at recentSearchTypeAhead (E:\protractorcms\cyborg\features\TA\TA-003\TA-003.js:23:34)
    at Suite.&lt;anonymous&gt; (E:\protractorcms\cyborg\features\TA\TA-003\TA-003.js:13:5)
    at addSpecsToSuite (C:\Users\Ravikiran\AppData\Roaming\npm\node_modules\protractor\node_modules\jasmine-core\lib\jasmine-core\jasmine.js:833:25)
    at Env.describe (C:\Users\Ravikiran\AppData\Roaming\npm\node_modules\protractor\node_modules\jasmine-core\lib\jasmine-core\jasmine.js:802:7)
    at describe (C:\Users\Ravikiran\AppData\Roaming\npm\node_modules\protractor\node_modules\jasmine-core\lib\jasmine-core\jasmine.js:3375:18)
    at Object.&lt;anonymous&gt; (E:\protractorcms\cyborg\features\TA\TA-003\TA-003.js:10:1)
    at Module._compile (module.js:570:32)
    at Object.Module._extensions..js (module.js:579:10)</stack-trace>
			</failure>
		</test-case>
		<test-case start="1488450805395" stop="1488450807281" status="passed">
			<name>Entering  keyword resume</name>
			<title>Entering  keyword resume</title>
			<description></description>
			<labels>
			</labels>
			<parameters>
			</parameters>
			<steps>
			</steps>
			<attachments>
				<attachment title="Screenshot" source="80f16b07-d9ec-4770-9660-460df70f25bf-attachment.png" type="image/png" size="139003"/>
			</attachments>
		</test-case>
		<test-case start="1488450807281" stop="1488450807505" status="failed">
			<name>Getting  all suggestions from TypeAhead and validating</name>
			<title>Getting  all suggestions from TypeAhead and validating</title>
			<description></description>
			<labels>
			</labels>
			<parameters>
			</parameters>
			<steps>
			</steps>
			<attachments>
				<attachment title="Screenshot" source="c64e07ee-6c1c-445b-a9c6-417b8db1866f-attachment.png" type="image/png" size="138982"/>
			</attachments>
			<failure>
				<message>Expected [  ] to equal [ &apos;document&apos; ], &apos;Recent Searches data is not Matching&apos;.</message>
				<stack-trace>Error: Failed expectation
    at E:\protractorcms\cyborg\features\TA\common\ta_common.js:33:47
    at ManagedPromise.invokeCallback_ (C:\Users\Ravikiran\AppData\Roaming\npm\node_modules\protractor\node_modules\selenium-webdriver\lib\promise.js:1366:14)
    at TaskQueue.execute_ (C:\Users\Ravikiran\AppData\Roaming\npm\node_modules\protractor\node_modules\selenium-webdriver\lib\promise.js:2970:14)
    at TaskQueue.executeNext_ (C:\Users\Ravikiran\AppData\Roaming\npm\node_modules\protractor\node_modules\selenium-webdriver\lib\promise.js:2953:27)
    at asyncRun (C:\Users\Ravikiran\AppData\Roaming\npm\node_modules\protractor\node_modules\selenium-webdriver\lib\promise.js:2813:27)
    at C:\Users\Ravikiran\AppData\Roaming\npm\node_modules\protractor\node_modules\selenium-webdriver\lib\promise.js:676:7
    at process._tickCallback (internal/process/next_tick.js:103:7)</stack-trace>
			</failure>
		</test-case>
		<test-case start="1488450807505" stop="1488450808526" status="passed">
			<name>Pressing ENTER Key</name>
			<title>Pressing ENTER Key</title>
			<description></description>
			<labels>
			</labels>
			<parameters>
			</parameters>
			<steps>
			</steps>
			<attachments>
				<attachment title="Screenshot" source="fe7eeac5-ea3e-46d0-9353-f2e3bacd1a63-attachment.png" type="image/png" size="122284"/>
			</attachments>
		</test-case>
		<test-case start="1488450808526" stop="1488450808710" status="failed">
			<name>Constructing recent searches data Manually</name>
			<title>Constructing recent searches data Manually</title>
			<description></description>
			<labels>
			</labels>
			<parameters>
			</parameters>
			<steps>
			</steps>
			<attachments>
				<attachment title="Screenshot" source="ec9fee01-b288-4a21-b093-7ede111fb4ba-attachment.png" type="image/png" size="122284"/>
			</attachments>
			<failure>
				<message>Failed: recentSearchListManualConstruct is not defined</message>
				<stack-trace>ReferenceError: recentSearchListManualConstruct is not defined
    at Object.&lt;anonymous&gt; (E:\protractorcms\cyborg\features\TA\common\ta_common.js:48:33)
    at C:\Users\Ravikiran\AppData\Roaming\npm\node_modules\protractor\node_modules\jasminewd2\index.js:102:25
    at new ManagedPromise (C:\Users\Ravikiran\AppData\Roaming\npm\node_modules\protractor\node_modules\selenium-webdriver\lib\promise.js:1067:7)
    at controlFlowExecute (C:\Users\Ravikiran\AppData\Roaming\npm\node_modules\protractor\node_modules\jasminewd2\index.js:87:18)
    at TaskQueue.execute_ (C:\Users\Ravikiran\AppData\Roaming\npm\node_modules\protractor\node_modules\selenium-webdriver\lib\promise.js:2970:14)
    at TaskQueue.executeNext_ (C:\Users\Ravikiran\AppData\Roaming\npm\node_modules\protractor\node_modules\selenium-webdriver\lib\promise.js:2953:27)
    at asyncRun (C:\Users\Ravikiran\AppData\Roaming\npm\node_modules\protractor\node_modules\selenium-webdriver\lib\promise.js:2860:25)
    at C:\Users\Ravikiran\AppData\Roaming\npm\node_modules\protractor\node_modules\selenium-webdriver\lib\promise.js:676:7
    at process._tickCallback (internal/process/next_tick.js:103:7)
From: Task: Run it(&quot;Constructing recent searches data Manually&quot;) in control flow
    at Object.&lt;anonymous&gt; (C:\Users\Ravikiran\AppData\Roaming\npm\node_modules\protractor\node_modules\jasminewd2\index.js:86:14)
    at attemptAsync (C:\Users\Ravikiran\AppData\Roaming\npm\node_modules\protractor\node_modules\jasmine-core\lib\jasmine-core\jasmine.js:1916:24)
    at QueueRunner.run (C:\Users\Ravikiran\AppData\Roaming\npm\node_modules\protractor\node_modules\jasmine-core\lib\jasmine-core\jasmine.js:1871:9)
    at QueueRunner.execute (C:\Users\Ravikiran\AppData\Roaming\npm\node_modules\protractor\node_modules\jasmine-core\lib\jasmine-core\jasmine.js:1859:10)
    at Spec.queueRunnerFactory (C:\Users\Ravikiran\AppData\Roaming\npm\node_modules\protractor\node_modules\jasmine-core\lib\jasmine-core\jasmine.js:697:35)
    at Spec.execute (C:\Users\Ravikiran\AppData\Roaming\npm\node_modules\protractor\node_modules\jasmine-core\lib\jasmine-core\jasmine.js:359:10)
    at Object.fn (C:\Users\Ravikiran\AppData\Roaming\npm\node_modules\protractor\node_modules\jasmine-core\lib\jasmine-core\jasmine.js:2479:37)
    at attemptAsync (C:\Users\Ravikiran\AppData\Roaming\npm\node_modules\protractor\node_modules\jasmine-core\lib\jasmine-core\jasmine.js:1916:24)
    at QueueRunner.run (C:\Users\Ravikiran\AppData\Roaming\npm\node_modules\protractor\node_modules\jasmine-core\lib\jasmine-core\jasmine.js:1871:9)
    at C:\Users\Ravikiran\AppData\Roaming\npm\node_modules\protractor\node_modules\jasmine-core\lib\jasmine-core\jasmine.js:1898:16
From asynchronous test: 
Error
    at common.pressEnterConstructSuggestions (E:\protractorcms\cyborg\features\TA\common\ta_common.js:47:9)
    at recentSearchTypeAhead (E:\protractorcms\cyborg\features\TA\TA-003\TA-003.js:23:34)
    at Suite.&lt;anonymous&gt; (E:\protractorcms\cyborg\features\TA\TA-003\TA-003.js:13:5)
    at addSpecsToSuite (C:\Users\Ravikiran\AppData\Roaming\npm\node_modules\protractor\node_modules\jasmine-core\lib\jasmine-core\jasmine.js:833:25)
    at Env.describe (C:\Users\Ravikiran\AppData\Roaming\npm\node_modules\protractor\node_modules\jasmine-core\lib\jasmine-core\jasmine.js:802:7)
    at describe (C:\Users\Ravikiran\AppData\Roaming\npm\node_modules\protractor\node_modules\jasmine-core\lib\jasmine-core\jasmine.js:3375:18)
    at Object.&lt;anonymous&gt; (E:\protractorcms\cyborg\features\TA\TA-003\TA-003.js:10:1)
    at Module._compile (module.js:570:32)
    at Object.Module._extensions..js (module.js:579:10)</stack-trace>
			</failure>
		</test-case>
		<test-case start="1488450808710" stop="1488450810691" status="passed">
			<name>Entering  keyword attorney</name>
			<title>Entering  keyword attorney</title>
			<description></description>
			<labels>
			</labels>
			<parameters>
			</parameters>
			<steps>
			</steps>
			<attachments>
				<attachment title="Screenshot" source="f5aad290-35e2-498b-9c54-fe954c89e27b-attachment.png" type="image/png" size="136679"/>
			</attachments>
		</test-case>
		<test-case start="1488450810691" stop="1488450810933" status="failed">
			<name>Getting  all suggestions from TypeAhead and validating</name>
			<title>Getting  all suggestions from TypeAhead and validating</title>
			<description></description>
			<labels>
			</labels>
			<parameters>
			</parameters>
			<steps>
			</steps>
			<attachments>
				<attachment title="Screenshot" source="8b13b8d9-8f1d-41eb-9074-13fb56cf243e-attachment.png" type="image/png" size="136651"/>
			</attachments>
			<failure>
				<message>Expected [  ] to equal [ &apos;resume&apos;, &apos;document&apos; ], &apos;Recent Searches data is not Matching&apos;.</message>
				<stack-trace>Error: Failed expectation
    at E:\protractorcms\cyborg\features\TA\common\ta_common.js:33:47
    at ManagedPromise.invokeCallback_ (C:\Users\Ravikiran\AppData\Roaming\npm\node_modules\protractor\node_modules\selenium-webdriver\lib\promise.js:1366:14)
    at TaskQueue.execute_ (C:\Users\Ravikiran\AppData\Roaming\npm\node_modules\protractor\node_modules\selenium-webdriver\lib\promise.js:2970:14)
    at TaskQueue.executeNext_ (C:\Users\Ravikiran\AppData\Roaming\npm\node_modules\protractor\node_modules\selenium-webdriver\lib\promise.js:2953:27)
    at asyncRun (C:\Users\Ravikiran\AppData\Roaming\npm\node_modules\protractor\node_modules\selenium-webdriver\lib\promise.js:2813:27)
    at C:\Users\Ravikiran\AppData\Roaming\npm\node_modules\protractor\node_modules\selenium-webdriver\lib\promise.js:676:7
    at process._tickCallback (internal/process/next_tick.js:103:7)</stack-trace>
			</failure>
		</test-case>
		<test-case start="1488450810933" stop="1488450812386" status="passed">
			<name>Pressing ENTER Key</name>
			<title>Pressing ENTER Key</title>
			<description></description>
			<labels>
			</labels>
			<parameters>
			</parameters>
			<steps>
			</steps>
			<attachments>
				<attachment title="Screenshot" source="8ae04d54-1d9c-4746-8785-bf4769f7f4b1-attachment.png" type="image/png" size="122284"/>
			</attachments>
		</test-case>
		<test-case start="1488450812387" stop="1488450812564" status="failed">
			<name>Constructing recent searches data Manually</name>
			<title>Constructing recent searches data Manually</title>
			<description></description>
			<labels>
			</labels>
			<parameters>
			</parameters>
			<steps>
			</steps>
			<attachments>
				<attachment title="Screenshot" source="afaa13f1-711a-4fea-82f0-3a416863dd90-attachment.png" type="image/png" size="69499"/>
			</attachments>
			<failure>
				<message>Failed: recentSearchListManualConstruct is not defined</message>
				<stack-trace>ReferenceError: recentSearchListManualConstruct is not defined
    at Object.&lt;anonymous&gt; (E:\protractorcms\cyborg\features\TA\common\ta_common.js:48:33)
    at C:\Users\Ravikiran\AppData\Roaming\npm\node_modules\protractor\node_modules\jasminewd2\index.js:102:25
    at new ManagedPromise (C:\Users\Ravikiran\AppData\Roaming\npm\node_modules\protractor\node_modules\selenium-webdriver\lib\promise.js:1067:7)
    at controlFlowExecute (C:\Users\Ravikiran\AppData\Roaming\npm\node_modules\protractor\node_modules\jasminewd2\index.js:87:18)
    at TaskQueue.execute_ (C:\Users\Ravikiran\AppData\Roaming\npm\node_modules\protractor\node_modules\selenium-webdriver\lib\promise.js:2970:14)
    at TaskQueue.executeNext_ (C:\Users\Ravikiran\AppData\Roaming\npm\node_modules\protractor\node_modules\selenium-webdriver\lib\promise.js:2953:27)
    at asyncRun (C:\Users\Ravikiran\AppData\Roaming\npm\node_modules\protractor\node_modules\selenium-webdriver\lib\promise.js:2860:25)
    at C:\Users\Ravikiran\AppData\Roaming\npm\node_modules\protractor\node_modules\selenium-webdriver\lib\promise.js:676:7
    at process._tickCallback (internal/process/next_tick.js:103:7)
From: Task: Run it(&quot;Constructing recent searches data Manually&quot;) in control flow
    at Object.&lt;anonymous&gt; (C:\Users\Ravikiran\AppData\Roaming\npm\node_modules\protractor\node_modules\jasminewd2\index.js:86:14)
    at attemptAsync (C:\Users\Ravikiran\AppData\Roaming\npm\node_modules\protractor\node_modules\jasmine-core\lib\jasmine-core\jasmine.js:1916:24)
    at QueueRunner.run (C:\Users\Ravikiran\AppData\Roaming\npm\node_modules\protractor\node_modules\jasmine-core\lib\jasmine-core\jasmine.js:1871:9)
    at QueueRunner.execute (C:\Users\Ravikiran\AppData\Roaming\npm\node_modules\protractor\node_modules\jasmine-core\lib\jasmine-core\jasmine.js:1859:10)
    at Spec.queueRunnerFactory (C:\Users\Ravikiran\AppData\Roaming\npm\node_modules\protractor\node_modules\jasmine-core\lib\jasmine-core\jasmine.js:697:35)
    at Spec.execute (C:\Users\Ravikiran\AppData\Roaming\npm\node_modules\protractor\node_modules\jasmine-core\lib\jasmine-core\jasmine.js:359:10)
    at Object.fn (C:\Users\Ravikiran\AppData\Roaming\npm\node_modules\protractor\node_modules\jasmine-core\lib\jasmine-core\jasmine.js:2479:37)
    at attemptAsync (C:\Users\Ravikiran\AppData\Roaming\npm\node_modules\protractor\node_modules\jasmine-core\lib\jasmine-core\jasmine.js:1916:24)
    at QueueRunner.run (C:\Users\Ravikiran\AppData\Roaming\npm\node_modules\protractor\node_modules\jasmine-core\lib\jasmine-core\jasmine.js:1871:9)
    at C:\Users\Ravikiran\AppData\Roaming\npm\node_modules\protractor\node_modules\jasmine-core\lib\jasmine-core\jasmine.js:1898:16
From asynchronous test: 
Error
    at common.pressEnterConstructSuggestions (E:\protractorcms\cyborg\features\TA\common\ta_common.js:47:9)
    at recentSearchTypeAhead (E:\protractorcms\cyborg\features\TA\TA-003\TA-003.js:23:34)
    at Suite.&lt;anonymous&gt; (E:\protractorcms\cyborg\features\TA\TA-003\TA-003.js:13:5)
    at addSpecsToSuite (C:\Users\Ravikiran\AppData\Roaming\npm\node_modules\protractor\node_modules\jasmine-core\lib\jasmine-core\jasmine.js:833:25)
    at Env.describe (C:\Users\Ravikiran\AppData\Roaming\npm\node_modules\protractor\node_modules\jasmine-core\lib\jasmine-core\jasmine.js:802:7)
    at describe (C:\Users\Ravikiran\AppData\Roaming\npm\node_modules\protractor\node_modules\jasmine-core\lib\jasmine-core\jasmine.js:3375:18)
    at Object.&lt;anonymous&gt; (E:\protractorcms\cyborg\features\TA\TA-003\TA-003.js:10:1)
    at Module._compile (module.js:570:32)
    at Object.Module._extensions..js (module.js:579:10)</stack-trace>
			</failure>
		</test-case>
		<test-case start="1488450812564" stop="1488450814100" status="passed">
			<name>Entering  keyword manager</name>
			<title>Entering  keyword manager</title>
			<description></description>
			<labels>
			</labels>
			<parameters>
			</parameters>
			<steps>
			</steps>
			<attachments>
				<attachment title="Screenshot" source="f161c779-fbf3-41c2-8415-ef256d5c04a1-attachment.png" type="image/png" size="80333"/>
			</attachments>
		</test-case>
		<test-case start="1488450814100" stop="1488450814369" status="failed">
			<name>Getting  all suggestions from TypeAhead and validating</name>
			<title>Getting  all suggestions from TypeAhead and validating</title>
			<description></description>
			<labels>
			</labels>
			<parameters>
			</parameters>
			<steps>
			</steps>
			<attachments>
				<attachment title="Screenshot" source="0fdf70b6-ba22-4a00-a5b2-e7ab9be9ef65-attachment.png" type="image/png" size="80391"/>
			</attachments>
			<failure>
				<message>Expected [  ] to equal [ &apos;attorney&apos;, &apos;resume&apos;, &apos;document&apos; ], &apos;Recent Searches data is not Matching&apos;.</message>
				<stack-trace>Error: Failed expectation
    at E:\protractorcms\cyborg\features\TA\common\ta_common.js:33:47
    at ManagedPromise.invokeCallback_ (C:\Users\Ravikiran\AppData\Roaming\npm\node_modules\protractor\node_modules\selenium-webdriver\lib\promise.js:1366:14)
    at TaskQueue.execute_ (C:\Users\Ravikiran\AppData\Roaming\npm\node_modules\protractor\node_modules\selenium-webdriver\lib\promise.js:2970:14)
    at TaskQueue.executeNext_ (C:\Users\Ravikiran\AppData\Roaming\npm\node_modules\protractor\node_modules\selenium-webdriver\lib\promise.js:2953:27)
    at asyncRun (C:\Users\Ravikiran\AppData\Roaming\npm\node_modules\protractor\node_modules\selenium-webdriver\lib\promise.js:2813:27)
    at C:\Users\Ravikiran\AppData\Roaming\npm\node_modules\protractor\node_modules\selenium-webdriver\lib\promise.js:676:7
    at process._tickCallback (internal/process/next_tick.js:103:7)</stack-trace>
			</failure>
		</test-case>
		<test-case start="1488450814369" stop="1488450815476" status="passed">
			<name>Pressing ENTER Key</name>
			<title>Pressing ENTER Key</title>
			<description></description>
			<labels>
			</labels>
			<parameters>
			</parameters>
			<steps>
			</steps>
			<attachments>
				<attachment title="Screenshot" source="bd00347c-f65b-4db9-9864-d60470f34c68-attachment.png" type="image/png" size="122284"/>
			</attachments>
		</test-case>
		<test-case start="1488450815476" stop="1488450815634" status="failed">
			<name>Constructing recent searches data Manually</name>
			<title>Constructing recent searches data Manually</title>
			<description></description>
			<labels>
			</labels>
			<parameters>
			</parameters>
			<steps>
			</steps>
			<attachments>
				<attachment title="Screenshot" source="7dda9954-cfe8-4cf2-ab95-29b69e2d2a23-attachment.png" type="image/png" size="69506"/>
			</attachments>
			<failure>
				<message>Failed: recentSearchListManualConstruct is not defined</message>
				<stack-trace>ReferenceError: recentSearchListManualConstruct is not defined
    at Object.&lt;anonymous&gt; (E:\protractorcms\cyborg\features\TA\common\ta_common.js:48:33)
    at C:\Users\Ravikiran\AppData\Roaming\npm\node_modules\protractor\node_modules\jasminewd2\index.js:102:25
    at new ManagedPromise (C:\Users\Ravikiran\AppData\Roaming\npm\node_modules\protractor\node_modules\selenium-webdriver\lib\promise.js:1067:7)
    at controlFlowExecute (C:\Users\Ravikiran\AppData\Roaming\npm\node_modules\protractor\node_modules\jasminewd2\index.js:87:18)
    at TaskQueue.execute_ (C:\Users\Ravikiran\AppData\Roaming\npm\node_modules\protractor\node_modules\selenium-webdriver\lib\promise.js:2970:14)
    at TaskQueue.executeNext_ (C:\Users\Ravikiran\AppData\Roaming\npm\node_modules\protractor\node_modules\selenium-webdriver\lib\promise.js:2953:27)
    at asyncRun (C:\Users\Ravikiran\AppData\Roaming\npm\node_modules\protractor\node_modules\selenium-webdriver\lib\promise.js:2860:25)
    at C:\Users\Ravikiran\AppData\Roaming\npm\node_modules\protractor\node_modules\selenium-webdriver\lib\promise.js:676:7
    at process._tickCallback (internal/process/next_tick.js:103:7)
From: Task: Run it(&quot;Constructing recent searches data Manually&quot;) in control flow
    at Object.&lt;anonymous&gt; (C:\Users\Ravikiran\AppData\Roaming\npm\node_modules\protractor\node_modules\jasminewd2\index.js:86:14)
    at attemptAsync (C:\Users\Ravikiran\AppData\Roaming\npm\node_modules\protractor\node_modules\jasmine-core\lib\jasmine-core\jasmine.js:1916:24)
    at QueueRunner.run (C:\Users\Ravikiran\AppData\Roaming\npm\node_modules\protractor\node_modules\jasmine-core\lib\jasmine-core\jasmine.js:1871:9)
    at QueueRunner.execute (C:\Users\Ravikiran\AppData\Roaming\npm\node_modules\protractor\node_modules\jasmine-core\lib\jasmine-core\jasmine.js:1859:10)
    at Spec.queueRunnerFactory (C:\Users\Ravikiran\AppData\Roaming\npm\node_modules\protractor\node_modules\jasmine-core\lib\jasmine-core\jasmine.js:697:35)
    at Spec.execute (C:\Users\Ravikiran\AppData\Roaming\npm\node_modules\protractor\node_modules\jasmine-core\lib\jasmine-core\jasmine.js:359:10)
    at Object.fn (C:\Users\Ravikiran\AppData\Roaming\npm\node_modules\protractor\node_modules\jasmine-core\lib\jasmine-core\jasmine.js:2479:37)
    at attemptAsync (C:\Users\Ravikiran\AppData\Roaming\npm\node_modules\protractor\node_modules\jasmine-core\lib\jasmine-core\jasmine.js:1916:24)
    at QueueRunner.run (C:\Users\Ravikiran\AppData\Roaming\npm\node_modules\protractor\node_modules\jasmine-core\lib\jasmine-core\jasmine.js:1871:9)
    at C:\Users\Ravikiran\AppData\Roaming\npm\node_modules\protractor\node_modules\jasmine-core\lib\jasmine-core\jasmine.js:1898:16
From asynchronous test: 
Error
    at common.pressEnterConstructSuggestions (E:\protractorcms\cyborg\features\TA\common\ta_common.js:47:9)
    at recentSearchTypeAhead (E:\protractorcms\cyborg\features\TA\TA-003\TA-003.js:23:34)
    at Suite.&lt;anonymous&gt; (E:\protractorcms\cyborg\features\TA\TA-003\TA-003.js:13:5)
    at addSpecsToSuite (C:\Users\Ravikiran\AppData\Roaming\npm\node_modules\protractor\node_modules\jasmine-core\lib\jasmine-core\jasmine.js:833:25)
    at Env.describe (C:\Users\Ravikiran\AppData\Roaming\npm\node_modules\protractor\node_modules\jasmine-core\lib\jasmine-core\jasmine.js:802:7)
    at describe (C:\Users\Ravikiran\AppData\Roaming\npm\node_modules\protractor\node_modules\jasmine-core\lib\jasmine-core\jasmine.js:3375:18)
    at Object.&lt;anonymous&gt; (E:\protractorcms\cyborg\features\TA\TA-003\TA-003.js:10:1)
    at Module._compile (module.js:570:32)
    at Object.Module._extensions..js (module.js:579:10)</stack-trace>
			</failure>
		</test-case>
		<test-case start="1488450815634" stop="1488450817466" status="passed">
			<name>Entering  keyword document</name>
			<title>Entering  keyword document</title>
			<description></description>
			<labels>
			</labels>
			<parameters>
			</parameters>
			<steps>
			</steps>
			<attachments>
				<attachment title="Screenshot" source="11935537-e77d-42c5-99ea-e51048530f1d-attachment.png" type="image/png" size="148134"/>
			</attachments>
		</test-case>
		<test-case start="1488450817466" stop="1488450817731" status="failed">
			<name>Getting  all suggestions from TypeAhead and validating</name>
			<title>Getting  all suggestions from TypeAhead and validating</title>
			<description></description>
			<labels>
			</labels>
			<parameters>
			</parameters>
			<steps>
			</steps>
			<attachments>
				<attachment title="Screenshot" source="c4e2cca8-7fe4-4126-8f05-d8cb170c01f2-attachment.png" type="image/png" size="148092"/>
			</attachments>
			<failure>
				<message>Expected [  ] to equal [ &apos;manager&apos;, &apos;attorney&apos;, &apos;resume&apos; ], &apos;Recent Searches data is not Matching&apos;.</message>
				<stack-trace>Error: Failed expectation
    at E:\protractorcms\cyborg\features\TA\common\ta_common.js:33:47
    at ManagedPromise.invokeCallback_ (C:\Users\Ravikiran\AppData\Roaming\npm\node_modules\protractor\node_modules\selenium-webdriver\lib\promise.js:1366:14)
    at TaskQueue.execute_ (C:\Users\Ravikiran\AppData\Roaming\npm\node_modules\protractor\node_modules\selenium-webdriver\lib\promise.js:2970:14)
    at TaskQueue.executeNext_ (C:\Users\Ravikiran\AppData\Roaming\npm\node_modules\protractor\node_modules\selenium-webdriver\lib\promise.js:2953:27)
    at asyncRun (C:\Users\Ravikiran\AppData\Roaming\npm\node_modules\protractor\node_modules\selenium-webdriver\lib\promise.js:2813:27)
    at C:\Users\Ravikiran\AppData\Roaming\npm\node_modules\protractor\node_modules\selenium-webdriver\lib\promise.js:676:7
    at process._tickCallback (internal/process/next_tick.js:103:7)</stack-trace>
			</failure>
		</test-case>
		<test-case start="1488450817731" stop="1488450819071" status="passed">
			<name>Pressing ENTER Key</name>
			<title>Pressing ENTER Key</title>
			<description></description>
			<labels>
			</labels>
			<parameters>
			</parameters>
			<steps>
			</steps>
			<attachments>
				<attachment title="Screenshot" source="6896a57d-bbcc-4ee9-9e76-d26287bc2ae0-attachment.png" type="image/png" size="122284"/>
			</attachments>
		</test-case>
		<test-case start="1488450819071" stop="1488450819344" status="failed">
			<name>Constructing recent searches data Manually</name>
			<title>Constructing recent searches data Manually</title>
			<description></description>
			<labels>
			</labels>
			<parameters>
			</parameters>
			<steps>
			</steps>
			<attachments>
				<attachment title="Screenshot" source="4241091b-b688-4dab-abc2-dea5fba75533-attachment.png" type="image/png" size="122284"/>
			</attachments>
			<failure>
				<message>Failed: recentSearchListManualConstruct is not defined</message>
				<stack-trace>ReferenceError: recentSearchListManualConstruct is not defined
    at Object.&lt;anonymous&gt; (E:\protractorcms\cyborg\features\TA\common\ta_common.js:48:33)
    at C:\Users\Ravikiran\AppData\Roaming\npm\node_modules\protractor\node_modules\jasminewd2\index.js:102:25
    at new ManagedPromise (C:\Users\Ravikiran\AppData\Roaming\npm\node_modules\protractor\node_modules\selenium-webdriver\lib\promise.js:1067:7)
    at controlFlowExecute (C:\Users\Ravikiran\AppData\Roaming\npm\node_modules\protractor\node_modules\jasminewd2\index.js:87:18)
    at TaskQueue.execute_ (C:\Users\Ravikiran\AppData\Roaming\npm\node_modules\protractor\node_modules\selenium-webdriver\lib\promise.js:2970:14)
    at TaskQueue.executeNext_ (C:\Users\Ravikiran\AppData\Roaming\npm\node_modules\protractor\node_modules\selenium-webdriver\lib\promise.js:2953:27)
    at asyncRun (C:\Users\Ravikiran\AppData\Roaming\npm\node_modules\protractor\node_modules\selenium-webdriver\lib\promise.js:2860:25)
    at C:\Users\Ravikiran\AppData\Roaming\npm\node_modules\protractor\node_modules\selenium-webdriver\lib\promise.js:676:7
    at process._tickCallback (internal/process/next_tick.js:103:7)
From: Task: Run it(&quot;Constructing recent searches data Manually&quot;) in control flow
    at Object.&lt;anonymous&gt; (C:\Users\Ravikiran\AppData\Roaming\npm\node_modules\protractor\node_modules\jasminewd2\index.js:86:14)
    at attemptAsync (C:\Users\Ravikiran\AppData\Roaming\npm\node_modules\protractor\node_modules\jasmine-core\lib\jasmine-core\jasmine.js:1916:24)
    at QueueRunner.run (C:\Users\Ravikiran\AppData\Roaming\npm\node_modules\protractor\node_modules\jasmine-core\lib\jasmine-core\jasmine.js:1871:9)
    at QueueRunner.execute (C:\Users\Ravikiran\AppData\Roaming\npm\node_modules\protractor\node_modules\jasmine-core\lib\jasmine-core\jasmine.js:1859:10)
    at Spec.queueRunnerFactory (C:\Users\Ravikiran\AppData\Roaming\npm\node_modules\protractor\node_modules\jasmine-core\lib\jasmine-core\jasmine.js:697:35)
    at Spec.execute (C:\Users\Ravikiran\AppData\Roaming\npm\node_modules\protractor\node_modules\jasmine-core\lib\jasmine-core\jasmine.js:359:10)
    at Object.fn (C:\Users\Ravikiran\AppData\Roaming\npm\node_modules\protractor\node_modules\jasmine-core\lib\jasmine-core\jasmine.js:2479:37)
    at attemptAsync (C:\Users\Ravikiran\AppData\Roaming\npm\node_modules\protractor\node_modules\jasmine-core\lib\jasmine-core\jasmine.js:1916:24)
    at QueueRunner.run (C:\Users\Ravikiran\AppData\Roaming\npm\node_modules\protractor\node_modules\jasmine-core\lib\jasmine-core\jasmine.js:1871:9)
    at C:\Users\Ravikiran\AppData\Roaming\npm\node_modules\protractor\node_modules\jasmine-core\lib\jasmine-core\jasmine.js:1898:16
From asynchronous test: 
Error
    at common.pressEnterConstructSuggestions (E:\protractorcms\cyborg\features\TA\common\ta_common.js:47:9)
    at recentSearchTypeAhead (E:\protractorcms\cyborg\features\TA\TA-003\TA-003.js:23:34)
    at Suite.&lt;anonymous&gt; (E:\protractorcms\cyborg\features\TA\TA-003\TA-003.js:13:5)
    at addSpecsToSuite (C:\Users\Ravikiran\AppData\Roaming\npm\node_modules\protractor\node_modules\jasmine-core\lib\jasmine-core\jasmine.js:833:25)
    at Env.describe (C:\Users\Ravikiran\AppData\Roaming\npm\node_modules\protractor\node_modules\jasmine-core\lib\jasmine-core\jasmine.js:802:7)
    at describe (C:\Users\Ravikiran\AppData\Roaming\npm\node_modules\protractor\node_modules\jasmine-core\lib\jasmine-core\jasmine.js:3375:18)
    at Object.&lt;anonymous&gt; (E:\protractorcms\cyborg\features\TA\TA-003\TA-003.js:10:1)
    at Module._compile (module.js:570:32)
    at Object.Module._extensions..js (module.js:579:10)</stack-trace>
			</failure>
		</test-case>
		<test-case start="1488450819344" stop="1488450821162" status="passed">
			<name>Entering  keyword resume</name>
			<title>Entering  keyword resume</title>
			<description></description>
			<labels>
			</labels>
			<parameters>
			</parameters>
			<steps>
			</steps>
			<attachments>
				<attachment title="Screenshot" source="c2941805-77e3-4185-b845-e8c2f59c9905-attachment.png" type="image/png" size="140993"/>
			</attachments>
		</test-case>
		<test-case start="1488450821162" stop="1488450821723" status="failed">
			<name>Getting  all suggestions from TypeAhead and validating</name>
			<title>Getting  all suggestions from TypeAhead and validating</title>
			<description></description>
			<labels>
			</labels>
			<parameters>
			</parameters>
			<steps>
			</steps>
			<attachments>
				<attachment title="Screenshot" source="a44df219-d913-411e-9f50-b2fe599d25b8-attachment.png" type="image/png" size="137538"/>
			</attachments>
			<failure>
				<message>Expected [  ] to equal [ &apos;document&apos;, &apos;manager&apos;, &apos;attorney&apos; ], &apos;Recent Searches data is not Matching&apos;.</message>
				<stack-trace>Error: Failed expectation
    at E:\protractorcms\cyborg\features\TA\common\ta_common.js:33:47
    at ManagedPromise.invokeCallback_ (C:\Users\Ravikiran\AppData\Roaming\npm\node_modules\protractor\node_modules\selenium-webdriver\lib\promise.js:1366:14)
    at TaskQueue.execute_ (C:\Users\Ravikiran\AppData\Roaming\npm\node_modules\protractor\node_modules\selenium-webdriver\lib\promise.js:2970:14)
    at TaskQueue.executeNext_ (C:\Users\Ravikiran\AppData\Roaming\npm\node_modules\protractor\node_modules\selenium-webdriver\lib\promise.js:2953:27)
    at asyncRun (C:\Users\Ravikiran\AppData\Roaming\npm\node_modules\protractor\node_modules\selenium-webdriver\lib\promise.js:2813:27)
    at C:\Users\Ravikiran\AppData\Roaming\npm\node_modules\protractor\node_modules\selenium-webdriver\lib\promise.js:676:7
    at process._tickCallback (internal/process/next_tick.js:103:7)</stack-trace>
			</failure>
		</test-case>
		<test-case start="1488450821723" stop="1488450825270" status="passed">
			<name>Pressing ENTER Key</name>
			<title>Pressing ENTER Key</title>
			<description></description>
			<labels>
			</labels>
			<parameters>
			</parameters>
			<steps>
			</steps>
			<attachments>
				<attachment title="Screenshot" source="f2b86ff7-cef1-4504-a823-0a4c8674c301-attachment.png" type="image/png" size="122284"/>
			</attachments>
		</test-case>
		<test-case start="1488450825270" stop="1488450825425" status="failed">
			<name>Constructing recent searches data Manually</name>
			<title>Constructing recent searches data Manually</title>
			<description></description>
			<labels>
			</labels>
			<parameters>
			</parameters>
			<steps>
			</steps>
			<attachments>
				<attachment title="Screenshot" source="796bc10b-21fe-45a7-a46c-f98705790524-attachment.png" type="image/png" size="69499"/>
			</attachments>
			<failure>
				<message>Failed: recentSearchListManualConstruct is not defined</message>
				<stack-trace>ReferenceError: recentSearchListManualConstruct is not defined
    at Object.&lt;anonymous&gt; (E:\protractorcms\cyborg\features\TA\common\ta_common.js:48:33)
    at C:\Users\Ravikiran\AppData\Roaming\npm\node_modules\protractor\node_modules\jasminewd2\index.js:102:25
    at new ManagedPromise (C:\Users\Ravikiran\AppData\Roaming\npm\node_modules\protractor\node_modules\selenium-webdriver\lib\promise.js:1067:7)
    at controlFlowExecute (C:\Users\Ravikiran\AppData\Roaming\npm\node_modules\protractor\node_modules\jasminewd2\index.js:87:18)
    at TaskQueue.execute_ (C:\Users\Ravikiran\AppData\Roaming\npm\node_modules\protractor\node_modules\selenium-webdriver\lib\promise.js:2970:14)
    at TaskQueue.executeNext_ (C:\Users\Ravikiran\AppData\Roaming\npm\node_modules\protractor\node_modules\selenium-webdriver\lib\promise.js:2953:27)
    at asyncRun (C:\Users\Ravikiran\AppData\Roaming\npm\node_modules\protractor\node_modules\selenium-webdriver\lib\promise.js:2860:25)
    at C:\Users\Ravikiran\AppData\Roaming\npm\node_modules\protractor\node_modules\selenium-webdriver\lib\promise.js:676:7
    at process._tickCallback (internal/process/next_tick.js:103:7)
From: Task: Run it(&quot;Constructing recent searches data Manually&quot;) in control flow
    at Object.&lt;anonymous&gt; (C:\Users\Ravikiran\AppData\Roaming\npm\node_modules\protractor\node_modules\jasminewd2\index.js:86:14)
    at attemptAsync (C:\Users\Ravikiran\AppData\Roaming\npm\node_modules\protractor\node_modules\jasmine-core\lib\jasmine-core\jasmine.js:1916:24)
    at QueueRunner.run (C:\Users\Ravikiran\AppData\Roaming\npm\node_modules\protractor\node_modules\jasmine-core\lib\jasmine-core\jasmine.js:1871:9)
    at QueueRunner.execute (C:\Users\Ravikiran\AppData\Roaming\npm\node_modules\protractor\node_modules\jasmine-core\lib\jasmine-core\jasmine.js:1859:10)
    at Spec.queueRunnerFactory (C:\Users\Ravikiran\AppData\Roaming\npm\node_modules\protractor\node_modules\jasmine-core\lib\jasmine-core\jasmine.js:697:35)
    at Spec.execute (C:\Users\Ravikiran\AppData\Roaming\npm\node_modules\protractor\node_modules\jasmine-core\lib\jasmine-core\jasmine.js:359:10)
    at Object.fn (C:\Users\Ravikiran\AppData\Roaming\npm\node_modules\protractor\node_modules\jasmine-core\lib\jasmine-core\jasmine.js:2479:37)
    at attemptAsync (C:\Users\Ravikiran\AppData\Roaming\npm\node_modules\protractor\node_modules\jasmine-core\lib\jasmine-core\jasmine.js:1916:24)
    at QueueRunner.run (C:\Users\Ravikiran\AppData\Roaming\npm\node_modules\protractor\node_modules\jasmine-core\lib\jasmine-core\jasmine.js:1871:9)
    at C:\Users\Ravikiran\AppData\Roaming\npm\node_modules\protractor\node_modules\jasmine-core\lib\jasmine-core\jasmine.js:1898:16
From asynchronous test: 
Error
    at common.pressEnterConstructSuggestions (E:\protractorcms\cyborg\features\TA\common\ta_common.js:47:9)
    at recentSearchTypeAhead (E:\protractorcms\cyborg\features\TA\TA-003\TA-003.js:23:34)
    at Suite.&lt;anonymous&gt; (E:\protractorcms\cyborg\features\TA\TA-003\TA-003.js:13:5)
    at addSpecsToSuite (C:\Users\Ravikiran\AppData\Roaming\npm\node_modules\protractor\node_modules\jasmine-core\lib\jasmine-core\jasmine.js:833:25)
    at Env.describe (C:\Users\Ravikiran\AppData\Roaming\npm\node_modules\protractor\node_modules\jasmine-core\lib\jasmine-core\jasmine.js:802:7)
    at describe (C:\Users\Ravikiran\AppData\Roaming\npm\node_modules\protractor\node_modules\jasmine-core\lib\jasmine-core\jasmine.js:3375:18)
    at Object.&lt;anonymous&gt; (E:\protractorcms\cyborg\features\TA\TA-003\TA-003.js:10:1)
    at Module._compile (module.js:570:32)
    at Object.Module._extensions..js (module.js:579:10)</stack-trace>
			</failure>
		</test-case>
		<test-case start="1488450825425" stop="1488450827315" status="passed">
			<name>Entering  keyword sales</name>
			<title>Entering  keyword sales</title>
			<description></description>
			<labels>
			</labels>
			<parameters>
			</parameters>
			<steps>
			</steps>
			<attachments>
				<attachment title="Screenshot" source="7f7c6af7-98b5-4dbd-86d4-24bfa6c284bb-attachment.png" type="image/png" size="148654"/>
			</attachments>
		</test-case>
		<test-case start="1488450827315" stop="1488450827593" status="failed">
			<name>Getting  all suggestions from TypeAhead and validating</name>
			<title>Getting  all suggestions from TypeAhead and validating</title>
			<description></description>
			<labels>
			</labels>
			<parameters>
			</parameters>
			<steps>
			</steps>
			<attachments>
				<attachment title="Screenshot" source="cbca716d-9f1e-4574-8798-6ff97faa70c6-attachment.png" type="image/png" size="148632"/>
			</attachments>
			<failure>
				<message>Expected [  ] to equal [ &apos;resume&apos;, &apos;document&apos;, &apos;manager&apos; ], &apos;Recent Searches data is not Matching&apos;.</message>
				<stack-trace>Error: Failed expectation
    at E:\protractorcms\cyborg\features\TA\common\ta_common.js:33:47
    at ManagedPromise.invokeCallback_ (C:\Users\Ravikiran\AppData\Roaming\npm\node_modules\protractor\node_modules\selenium-webdriver\lib\promise.js:1366:14)
    at TaskQueue.execute_ (C:\Users\Ravikiran\AppData\Roaming\npm\node_modules\protractor\node_modules\selenium-webdriver\lib\promise.js:2970:14)
    at TaskQueue.executeNext_ (C:\Users\Ravikiran\AppData\Roaming\npm\node_modules\protractor\node_modules\selenium-webdriver\lib\promise.js:2953:27)
    at asyncRun (C:\Users\Ravikiran\AppData\Roaming\npm\node_modules\protractor\node_modules\selenium-webdriver\lib\promise.js:2813:27)
    at C:\Users\Ravikiran\AppData\Roaming\npm\node_modules\protractor\node_modules\selenium-webdriver\lib\promise.js:676:7
    at process._tickCallback (internal/process/next_tick.js:103:7)</stack-trace>
			</failure>
		</test-case>
		<test-case start="1488450827593" stop="1488450828521" status="passed">
			<name>Pressing ENTER Key</name>
			<title>Pressing ENTER Key</title>
			<description></description>
			<labels>
			</labels>
			<parameters>
			</parameters>
			<steps>
			</steps>
			<attachments>
				<attachment title="Screenshot" source="3ffe5bd4-4009-487d-8ace-d3714d6fc225-attachment.png" type="image/png" size="122284"/>
			</attachments>
		</test-case>
		<test-case start="1488450828521" stop="1488450828796" status="failed">
			<name>Constructing recent searches data Manually</name>
			<title>Constructing recent searches data Manually</title>
			<description></description>
			<labels>
			</labels>
			<parameters>
			</parameters>
			<steps>
			</steps>
			<attachments>
				<attachment title="Screenshot" source="a8e153e4-36b0-476e-90f4-a56dd79a418b-attachment.png" type="image/png" size="122284"/>
			</attachments>
			<failure>
				<message>Failed: recentSearchListManualConstruct is not defined</message>
				<stack-trace>ReferenceError: recentSearchListManualConstruct is not defined
    at Object.&lt;anonymous&gt; (E:\protractorcms\cyborg\features\TA\common\ta_common.js:48:33)
    at C:\Users\Ravikiran\AppData\Roaming\npm\node_modules\protractor\node_modules\jasminewd2\index.js:102:25
    at new ManagedPromise (C:\Users\Ravikiran\AppData\Roaming\npm\node_modules\protractor\node_modules\selenium-webdriver\lib\promise.js:1067:7)
    at controlFlowExecute (C:\Users\Ravikiran\AppData\Roaming\npm\node_modules\protractor\node_modules\jasminewd2\index.js:87:18)
    at TaskQueue.execute_ (C:\Users\Ravikiran\AppData\Roaming\npm\node_modules\protractor\node_modules\selenium-webdriver\lib\promise.js:2970:14)
    at TaskQueue.executeNext_ (C:\Users\Ravikiran\AppData\Roaming\npm\node_modules\protractor\node_modules\selenium-webdriver\lib\promise.js:2953:27)
    at asyncRun (C:\Users\Ravikiran\AppData\Roaming\npm\node_modules\protractor\node_modules\selenium-webdriver\lib\promise.js:2860:25)
    at C:\Users\Ravikiran\AppData\Roaming\npm\node_modules\protractor\node_modules\selenium-webdriver\lib\promise.js:676:7
    at process._tickCallback (internal/process/next_tick.js:103:7)
From: Task: Run it(&quot;Constructing recent searches data Manually&quot;) in control flow
    at Object.&lt;anonymous&gt; (C:\Users\Ravikiran\AppData\Roaming\npm\node_modules\protractor\node_modules\jasminewd2\index.js:86:14)
    at attemptAsync (C:\Users\Ravikiran\AppData\Roaming\npm\node_modules\protractor\node_modules\jasmine-core\lib\jasmine-core\jasmine.js:1916:24)
    at QueueRunner.run (C:\Users\Ravikiran\AppData\Roaming\npm\node_modules\protractor\node_modules\jasmine-core\lib\jasmine-core\jasmine.js:1871:9)
    at QueueRunner.execute (C:\Users\Ravikiran\AppData\Roaming\npm\node_modules\protractor\node_modules\jasmine-core\lib\jasmine-core\jasmine.js:1859:10)
    at Spec.queueRunnerFactory (C:\Users\Ravikiran\AppData\Roaming\npm\node_modules\protractor\node_modules\jasmine-core\lib\jasmine-core\jasmine.js:697:35)
    at Spec.execute (C:\Users\Ravikiran\AppData\Roaming\npm\node_modules\protractor\node_modules\jasmine-core\lib\jasmine-core\jasmine.js:359:10)
    at Object.fn (C:\Users\Ravikiran\AppData\Roaming\npm\node_modules\protractor\node_modules\jasmine-core\lib\jasmine-core\jasmine.js:2479:37)
    at attemptAsync (C:\Users\Ravikiran\AppData\Roaming\npm\node_modules\protractor\node_modules\jasmine-core\lib\jasmine-core\jasmine.js:1916:24)
    at QueueRunner.run (C:\Users\Ravikiran\AppData\Roaming\npm\node_modules\protractor\node_modules\jasmine-core\lib\jasmine-core\jasmine.js:1871:9)
    at C:\Users\Ravikiran\AppData\Roaming\npm\node_modules\protractor\node_modules\jasmine-core\lib\jasmine-core\jasmine.js:1898:16
From asynchronous test: 
Error
    at common.pressEnterConstructSuggestions (E:\protractorcms\cyborg\features\TA\common\ta_common.js:47:9)
    at recentSearchTypeAhead (E:\protractorcms\cyborg\features\TA\TA-003\TA-003.js:23:34)
    at Suite.&lt;anonymous&gt; (E:\protractorcms\cyborg\features\TA\TA-003\TA-003.js:13:5)
    at addSpecsToSuite (C:\Users\Ravikiran\AppData\Roaming\npm\node_modules\protractor\node_modules\jasmine-core\lib\jasmine-core\jasmine.js:833:25)
    at Env.describe (C:\Users\Ravikiran\AppData\Roaming\npm\node_modules\protractor\node_modules\jasmine-core\lib\jasmine-core\jasmine.js:802:7)
    at describe (C:\Users\Ravikiran\AppData\Roaming\npm\node_modules\protractor\node_modules\jasmine-core\lib\jasmine-core\jasmine.js:3375:18)
    at Object.&lt;anonymous&gt; (E:\protractorcms\cyborg\features\TA\TA-003\TA-003.js:10:1)
    at Module._compile (module.js:570:32)
    at Object.Module._extensions..js (module.js:579:10)</stack-trace>
			</failure>
		</test-case>
		<test-case start="1488450828796" stop="1488450830541" status="passed">
			<name>Entering  keyword document</name>
			<title>Entering  keyword document</title>
			<description></description>
			<labels>
			</labels>
			<parameters>
			</parameters>
			<steps>
			</steps>
			<attachments>
				<attachment title="Screenshot" source="0c7245e4-b1cb-4872-907c-41b976400848-attachment.png" type="image/png" size="152772"/>
			</attachments>
		</test-case>
		<test-case start="1488450830541" stop="1488450830864" status="failed">
			<name>Getting  all suggestions from TypeAhead and validating</name>
			<title>Getting  all suggestions from TypeAhead and validating</title>
			<description></description>
			<labels>
			</labels>
			<parameters>
			</parameters>
			<steps>
			</steps>
			<attachments>
				<attachment title="Screenshot" source="ba596e12-2d8a-428e-8b14-a3bfebfe7b82-attachment.png" type="image/png" size="152734"/>
			</attachments>
			<failure>
				<message>Expected [  ] to equal [ &apos;sales&apos;, &apos;resume&apos;, &apos;document&apos; ], &apos;Recent Searches data is not Matching&apos;.</message>
				<stack-trace>Error: Failed expectation
    at E:\protractorcms\cyborg\features\TA\common\ta_common.js:33:47
    at ManagedPromise.invokeCallback_ (C:\Users\Ravikiran\AppData\Roaming\npm\node_modules\protractor\node_modules\selenium-webdriver\lib\promise.js:1366:14)
    at TaskQueue.execute_ (C:\Users\Ravikiran\AppData\Roaming\npm\node_modules\protractor\node_modules\selenium-webdriver\lib\promise.js:2970:14)
    at TaskQueue.executeNext_ (C:\Users\Ravikiran\AppData\Roaming\npm\node_modules\protractor\node_modules\selenium-webdriver\lib\promise.js:2953:27)
    at asyncRun (C:\Users\Ravikiran\AppData\Roaming\npm\node_modules\protractor\node_modules\selenium-webdriver\lib\promise.js:2813:27)
    at C:\Users\Ravikiran\AppData\Roaming\npm\node_modules\protractor\node_modules\selenium-webdriver\lib\promise.js:676:7
    at process._tickCallback (internal/process/next_tick.js:103:7)</stack-trace>
			</failure>
		</test-case>
		<test-case start="1488450830864" stop="1488450832260" status="passed">
			<name>Pressing ENTER Key</name>
			<title>Pressing ENTER Key</title>
			<description></description>
			<labels>
			</labels>
			<parameters>
			</parameters>
			<steps>
			</steps>
			<attachments>
				<attachment title="Screenshot" source="8034d0d5-88a4-48a1-a876-4817d9d27d42-attachment.png" type="image/png" size="122284"/>
			</attachments>
		</test-case>
		<test-case start="1488450832260" stop="1488450832426" status="failed">
			<name>Constructing recent searches data Manually</name>
			<title>Constructing recent searches data Manually</title>
			<description></description>
			<labels>
			</labels>
			<parameters>
			</parameters>
			<steps>
			</steps>
			<attachments>
				<attachment title="Screenshot" source="c9729fd2-54bd-4d79-9af0-7e14f659cb06-attachment.png" type="image/png" size="69505"/>
			</attachments>
			<failure>
				<message>Failed: recentSearchListManualConstruct is not defined</message>
				<stack-trace>ReferenceError: recentSearchListManualConstruct is not defined
    at Object.&lt;anonymous&gt; (E:\protractorcms\cyborg\features\TA\common\ta_common.js:48:33)
    at C:\Users\Ravikiran\AppData\Roaming\npm\node_modules\protractor\node_modules\jasminewd2\index.js:102:25
    at new ManagedPromise (C:\Users\Ravikiran\AppData\Roaming\npm\node_modules\protractor\node_modules\selenium-webdriver\lib\promise.js:1067:7)
    at controlFlowExecute (C:\Users\Ravikiran\AppData\Roaming\npm\node_modules\protractor\node_modules\jasminewd2\index.js:87:18)
    at TaskQueue.execute_ (C:\Users\Ravikiran\AppData\Roaming\npm\node_modules\protractor\node_modules\selenium-webdriver\lib\promise.js:2970:14)
    at TaskQueue.executeNext_ (C:\Users\Ravikiran\AppData\Roaming\npm\node_modules\protractor\node_modules\selenium-webdriver\lib\promise.js:2953:27)
    at asyncRun (C:\Users\Ravikiran\AppData\Roaming\npm\node_modules\protractor\node_modules\selenium-webdriver\lib\promise.js:2860:25)
    at C:\Users\Ravikiran\AppData\Roaming\npm\node_modules\protractor\node_modules\selenium-webdriver\lib\promise.js:676:7
    at process._tickCallback (internal/process/next_tick.js:103:7)
From: Task: Run it(&quot;Constructing recent searches data Manually&quot;) in control flow
    at Object.&lt;anonymous&gt; (C:\Users\Ravikiran\AppData\Roaming\npm\node_modules\protractor\node_modules\jasminewd2\index.js:86:14)
    at attemptAsync (C:\Users\Ravikiran\AppData\Roaming\npm\node_modules\protractor\node_modules\jasmine-core\lib\jasmine-core\jasmine.js:1916:24)
    at QueueRunner.run (C:\Users\Ravikiran\AppData\Roaming\npm\node_modules\protractor\node_modules\jasmine-core\lib\jasmine-core\jasmine.js:1871:9)
    at QueueRunner.execute (C:\Users\Ravikiran\AppData\Roaming\npm\node_modules\protractor\node_modules\jasmine-core\lib\jasmine-core\jasmine.js:1859:10)
    at Spec.queueRunnerFactory (C:\Users\Ravikiran\AppData\Roaming\npm\node_modules\protractor\node_modules\jasmine-core\lib\jasmine-core\jasmine.js:697:35)
    at Spec.execute (C:\Users\Ravikiran\AppData\Roaming\npm\node_modules\protractor\node_modules\jasmine-core\lib\jasmine-core\jasmine.js:359:10)
    at Object.fn (C:\Users\Ravikiran\AppData\Roaming\npm\node_modules\protractor\node_modules\jasmine-core\lib\jasmine-core\jasmine.js:2479:37)
    at attemptAsync (C:\Users\Ravikiran\AppData\Roaming\npm\node_modules\protractor\node_modules\jasmine-core\lib\jasmine-core\jasmine.js:1916:24)
    at QueueRunner.run (C:\Users\Ravikiran\AppData\Roaming\npm\node_modules\protractor\node_modules\jasmine-core\lib\jasmine-core\jasmine.js:1871:9)
    at C:\Users\Ravikiran\AppData\Roaming\npm\node_modules\protractor\node_modules\jasmine-core\lib\jasmine-core\jasmine.js:1898:16
From asynchronous test: 
Error
    at common.pressEnterConstructSuggestions (E:\protractorcms\cyborg\features\TA\common\ta_common.js:47:9)
    at recentSearchTypeAhead (E:\protractorcms\cyborg\features\TA\TA-003\TA-003.js:23:34)
    at Suite.&lt;anonymous&gt; (E:\protractorcms\cyborg\features\TA\TA-003\TA-003.js:13:5)
    at addSpecsToSuite (C:\Users\Ravikiran\AppData\Roaming\npm\node_modules\protractor\node_modules\jasmine-core\lib\jasmine-core\jasmine.js:833:25)
    at Env.describe (C:\Users\Ravikiran\AppData\Roaming\npm\node_modules\protractor\node_modules\jasmine-core\lib\jasmine-core\jasmine.js:802:7)
    at describe (C:\Users\Ravikiran\AppData\Roaming\npm\node_modules\protractor\node_modules\jasmine-core\lib\jasmine-core\jasmine.js:3375:18)
    at Object.&lt;anonymous&gt; (E:\protractorcms\cyborg\features\TA\TA-003\TA-003.js:10:1)
    at Module._compile (module.js:570:32)
    at Object.Module._extensions..js (module.js:579:10)</stack-trace>
			</failure>
		</test-case>
		<test-case start="1488450832426" stop="1488450834254" status="passed">
			<name>Entering  keyword sales</name>
			<title>Entering  keyword sales</title>
			<description></description>
			<labels>
			</labels>
			<parameters>
			</parameters>
			<steps>
			</steps>
			<attachments>
				<attachment title="Screenshot" source="cb86492c-1087-481f-bf68-8ba61fe817a7-attachment.png" type="image/png" size="151064"/>
			</attachments>
		</test-case>
		<test-case start="1488450834254" stop="1488450834569" status="failed">
			<name>Getting  all suggestions from TypeAhead and validating</name>
			<title>Getting  all suggestions from TypeAhead and validating</title>
			<description></description>
			<labels>
			</labels>
			<parameters>
			</parameters>
			<steps>
			</steps>
			<attachments>
				<attachment title="Screenshot" source="870cb4c3-ee37-418d-8e62-960341620710-attachment.png" type="image/png" size="151041"/>
			</attachments>
			<failure>
				<message>Expected [  ] to equal [ &apos;document&apos;, &apos;sales&apos;, &apos;resume&apos; ], &apos;Recent Searches data is not Matching&apos;.</message>
				<stack-trace>Error: Failed expectation
    at E:\protractorcms\cyborg\features\TA\common\ta_common.js:33:47
    at ManagedPromise.invokeCallback_ (C:\Users\Ravikiran\AppData\Roaming\npm\node_modules\protractor\node_modules\selenium-webdriver\lib\promise.js:1366:14)
    at TaskQueue.execute_ (C:\Users\Ravikiran\AppData\Roaming\npm\node_modules\protractor\node_modules\selenium-webdriver\lib\promise.js:2970:14)
    at TaskQueue.executeNext_ (C:\Users\Ravikiran\AppData\Roaming\npm\node_modules\protractor\node_modules\selenium-webdriver\lib\promise.js:2953:27)
    at asyncRun (C:\Users\Ravikiran\AppData\Roaming\npm\node_modules\protractor\node_modules\selenium-webdriver\lib\promise.js:2813:27)
    at C:\Users\Ravikiran\AppData\Roaming\npm\node_modules\protractor\node_modules\selenium-webdriver\lib\promise.js:676:7
    at process._tickCallback (internal/process/next_tick.js:103:7)</stack-trace>
			</failure>
		</test-case>
		<test-case start="1488450834569" stop="1488450835498" status="passed">
			<name>Pressing ENTER Key</name>
			<title>Pressing ENTER Key</title>
			<description></description>
			<labels>
			</labels>
			<parameters>
			</parameters>
			<steps>
			</steps>
			<attachments>
				<attachment title="Screenshot" source="fbdb5d04-0251-46a4-acde-65fbfbbf4763-attachment.png" type="image/png" size="122284"/>
			</attachments>
		</test-case>
		<test-case start="1488450835498" stop="1488450835786" status="failed">
			<name>Constructing recent searches data Manually</name>
			<title>Constructing recent searches data Manually</title>
			<description></description>
			<labels>
			</labels>
			<parameters>
			</parameters>
			<steps>
			</steps>
			<attachments>
				<attachment title="Screenshot" source="ec7e6619-8b98-4b85-a71e-fd96ff2e2954-attachment.png" type="image/png" size="122284"/>
			</attachments>
			<failure>
				<message>Failed: recentSearchListManualConstruct is not defined</message>
				<stack-trace>ReferenceError: recentSearchListManualConstruct is not defined
    at Object.&lt;anonymous&gt; (E:\protractorcms\cyborg\features\TA\common\ta_common.js:48:33)
    at C:\Users\Ravikiran\AppData\Roaming\npm\node_modules\protractor\node_modules\jasminewd2\index.js:102:25
    at new ManagedPromise (C:\Users\Ravikiran\AppData\Roaming\npm\node_modules\protractor\node_modules\selenium-webdriver\lib\promise.js:1067:7)
    at controlFlowExecute (C:\Users\Ravikiran\AppData\Roaming\npm\node_modules\protractor\node_modules\jasminewd2\index.js:87:18)
    at TaskQueue.execute_ (C:\Users\Ravikiran\AppData\Roaming\npm\node_modules\protractor\node_modules\selenium-webdriver\lib\promise.js:2970:14)
    at TaskQueue.executeNext_ (C:\Users\Ravikiran\AppData\Roaming\npm\node_modules\protractor\node_modules\selenium-webdriver\lib\promise.js:2953:27)
    at asyncRun (C:\Users\Ravikiran\AppData\Roaming\npm\node_modules\protractor\node_modules\selenium-webdriver\lib\promise.js:2860:25)
    at C:\Users\Ravikiran\AppData\Roaming\npm\node_modules\protractor\node_modules\selenium-webdriver\lib\promise.js:676:7
    at process._tickCallback (internal/process/next_tick.js:103:7)
From: Task: Run it(&quot;Constructing recent searches data Manually&quot;) in control flow
    at Object.&lt;anonymous&gt; (C:\Users\Ravikiran\AppData\Roaming\npm\node_modules\protractor\node_modules\jasminewd2\index.js:86:14)
    at attemptAsync (C:\Users\Ravikiran\AppData\Roaming\npm\node_modules\protractor\node_modules\jasmine-core\lib\jasmine-core\jasmine.js:1916:24)
    at QueueRunner.run (C:\Users\Ravikiran\AppData\Roaming\npm\node_modules\protractor\node_modules\jasmine-core\lib\jasmine-core\jasmine.js:1871:9)
    at QueueRunner.execute (C:\Users\Ravikiran\AppData\Roaming\npm\node_modules\protractor\node_modules\jasmine-core\lib\jasmine-core\jasmine.js:1859:10)
    at Spec.queueRunnerFactory (C:\Users\Ravikiran\AppData\Roaming\npm\node_modules\protractor\node_modules\jasmine-core\lib\jasmine-core\jasmine.js:697:35)
    at Spec.execute (C:\Users\Ravikiran\AppData\Roaming\npm\node_modules\protractor\node_modules\jasmine-core\lib\jasmine-core\jasmine.js:359:10)
    at Object.fn (C:\Users\Ravikiran\AppData\Roaming\npm\node_modules\protractor\node_modules\jasmine-core\lib\jasmine-core\jasmine.js:2479:37)
    at attemptAsync (C:\Users\Ravikiran\AppData\Roaming\npm\node_modules\protractor\node_modules\jasmine-core\lib\jasmine-core\jasmine.js:1916:24)
    at QueueRunner.run (C:\Users\Ravikiran\AppData\Roaming\npm\node_modules\protractor\node_modules\jasmine-core\lib\jasmine-core\jasmine.js:1871:9)
    at C:\Users\Ravikiran\AppData\Roaming\npm\node_modules\protractor\node_modules\jasmine-core\lib\jasmine-core\jasmine.js:1898:16
From asynchronous test: 
Error
    at common.pressEnterConstructSuggestions (E:\protractorcms\cyborg\features\TA\common\ta_common.js:47:9)
    at recentSearchTypeAhead (E:\protractorcms\cyborg\features\TA\TA-003\TA-003.js:23:34)
    at Suite.&lt;anonymous&gt; (E:\protractorcms\cyborg\features\TA\TA-003\TA-003.js:13:5)
    at addSpecsToSuite (C:\Users\Ravikiran\AppData\Roaming\npm\node_modules\protractor\node_modules\jasmine-core\lib\jasmine-core\jasmine.js:833:25)
    at Env.describe (C:\Users\Ravikiran\AppData\Roaming\npm\node_modules\protractor\node_modules\jasmine-core\lib\jasmine-core\jasmine.js:802:7)
    at describe (C:\Users\Ravikiran\AppData\Roaming\npm\node_modules\protractor\node_modules\jasmine-core\lib\jasmine-core\jasmine.js:3375:18)
    at Object.&lt;anonymous&gt; (E:\protractorcms\cyborg\features\TA\TA-003\TA-003.js:10:1)
    at Module._compile (module.js:570:32)
    at Object.Module._extensions..js (module.js:579:10)</stack-trace>
			</failure>
		</test-case>
	</test-cases>
</ns2:test-suite>