<?xml version="1.0" encoding="UTF-8"?>
<ns2:test-suite xmlns:ns2="urn:model.allure.qatools.yandex.ru" start="1488451035668" stop="1488451062781">
	<name>TA-003 TypeAhead-Recent Search Suggestions Validation</name>
	<title>TA-003 TypeAhead-Recent Search Suggestions Validation</title>
	<test-cases>
		<test-case start="1488451035669" stop="1488451044033" status="passed">
			<name>Loading Home Page </name>
			<title>Loading Home Page </title>
			<description></description>
			<labels>
			</labels>
			<parameters>
			</parameters>
			<steps>
			</steps>
			<attachments>
				<attachment title="Screenshot" source="2c7c93c3-3988-4a4f-947f-033d76762526-attachment.png" type="image/png" size="322367"/>
			</attachments>
		</test-case>
		<test-case start="1488451044034" stop="1488451044458" status="passed">
			<name>Validate Correct page Loaded</name>
			<title>Validate Correct page Loaded</title>
			<description></description>
			<labels>
			</labels>
			<parameters>
			</parameters>
			<steps>
			</steps>
			<attachments>
				<attachment title="Screenshot" source="0ec7fc10-65d5-4b61-a8b4-5f77034bf6b0-attachment.png" type="image/png" size="314307"/>
			</attachments>
		</test-case>
		<test-case start="1488451044459" stop="1488451046099" status="passed">
			<name>Entering  keyword document</name>
			<title>Entering  keyword document</title>
			<description></description>
			<labels>
			</labels>
			<parameters>
			</parameters>
			<steps>
			</steps>
			<attachments>
				<attachment title="Screenshot" source="4450e28f-fb86-472f-a19a-7d9400bdee2f-attachment.png" type="image/png" size="295497"/>
			</attachments>
		</test-case>
		<test-case start="1488451046099" stop="1488451046306" status="passed">
			<name>Getting  all suggestions from TypeAhead and validating</name>
			<title>Getting  all suggestions from TypeAhead and validating</title>
			<description></description>
			<labels>
			</labels>
			<parameters>
			</parameters>
			<steps>
			</steps>
			<attachments>
				<attachment title="Screenshot" source="c52beaec-a674-40a4-a02f-ad139838adb6-attachment.png" type="image/png" size="295497"/>
			</attachments>
		</test-case>
		<test-case start="1488451046307" stop="1488451048589" status="passed">
			<name>Pressing ENTER Key</name>
			<title>Pressing ENTER Key</title>
			<description></description>
			<labels>
			</labels>
			<parameters>
			</parameters>
			<steps>
			</steps>
			<attachments>
				<attachment title="Screenshot" source="bbf57e72-12e8-430c-b97f-ff78521a55aa-attachment.png" type="image/png" size="122284"/>
			</attachments>
		</test-case>
		<test-case start="1488451048589" stop="1488451048867" status="failed">
			<name>Constructing recent searches data Manually</name>
			<title>Constructing recent searches data Manually</title>
			<description></description>
			<labels>
			</labels>
			<parameters>
			</parameters>
			<steps>
			</steps>
			<attachments>
				<attachment title="Screenshot" source="d45eac3d-7472-44ce-bc09-f45149394c75-attachment.png" type="image/png" size="122284"/>
			</attachments>
			<failure>
				<message>Failed: this.recentSearchListManualConstruct is not a function</message>
				<stack-trace>TypeError: this.recentSearchListManualConstruct is not a function
    at Object.&lt;anonymous&gt; (E:\protractorcms\cyborg\features\TA\common\ta_common.js:48:38)
    at C:\Users\Ravikiran\AppData\Roaming\npm\node_modules\protractor\node_modules\jasminewd2\index.js:102:25
    at new ManagedPromise (C:\Users\Ravikiran\AppData\Roaming\npm\node_modules\protractor\node_modules\selenium-webdriver\lib\promise.js:1067:7)
    at controlFlowExecute (C:\Users\Ravikiran\AppData\Roaming\npm\node_modules\protractor\node_modules\jasminewd2\index.js:87:18)
    at TaskQueue.execute_ (C:\Users\Ravikiran\AppData\Roaming\npm\node_modules\protractor\node_modules\selenium-webdriver\lib\promise.js:2970:14)
    at TaskQueue.executeNext_ (C:\Users\Ravikiran\AppData\Roaming\npm\node_modules\protractor\node_modules\selenium-webdriver\lib\promise.js:2953:27)
    at asyncRun (C:\Users\Ravikiran\AppData\Roaming\npm\node_modules\protractor\node_modules\selenium-webdriver\lib\promise.js:2860:25)
    at C:\Users\Ravikiran\AppData\Roaming\npm\node_modules\protractor\node_modules\selenium-webdriver\lib\promise.js:676:7
    at process._tickCallback (internal/process/next_tick.js:103:7)
From: Task: Run it(&quot;Constructing recent searches data Manually&quot;) in control flow
    at Object.&lt;anonymous&gt; (C:\Users\Ravikiran\AppData\Roaming\npm\node_modules\protractor\node_modules\jasminewd2\index.js:86:14)
    at attemptAsync (C:\Users\Ravikiran\AppData\Roaming\npm\node_modules\protractor\node_modules\jasmine-core\lib\jasmine-core\jasmine.js:1916:24)
    at QueueRunner.run (C:\Users\Ravikiran\AppData\Roaming\npm\node_modules\protractor\node_modules\jasmine-core\lib\jasmine-core\jasmine.js:1871:9)
    at QueueRunner.execute (C:\Users\Ravikiran\AppData\Roaming\npm\node_modules\protractor\node_modules\jasmine-core\lib\jasmine-core\jasmine.js:1859:10)
    at Spec.queueRunnerFactory (C:\Users\Ravikiran\AppData\Roaming\npm\node_modules\protractor\node_modules\jasmine-core\lib\jasmine-core\jasmine.js:697:35)
    at Spec.execute (C:\Users\Ravikiran\AppData\Roaming\npm\node_modules\protractor\node_modules\jasmine-core\lib\jasmine-core\jasmine.js:359:10)
    at Object.fn (C:\Users\Ravikiran\AppData\Roaming\npm\node_modules\protractor\node_modules\jasmine-core\lib\jasmine-core\jasmine.js:2479:37)
    at attemptAsync (C:\Users\Ravikiran\AppData\Roaming\npm\node_modules\protractor\node_modules\jasmine-core\lib\jasmine-core\jasmine.js:1916:24)
    at QueueRunner.run (C:\Users\Ravikiran\AppData\Roaming\npm\node_modules\protractor\node_modules\jasmine-core\lib\jasmine-core\jasmine.js:1871:9)
    at C:\Users\Ravikiran\AppData\Roaming\npm\node_modules\protractor\node_modules\jasmine-core\lib\jasmine-core\jasmine.js:1898:16
From asynchronous test: 
Error
    at common.pressEnterConstructSuggestions (E:\protractorcms\cyborg\features\TA\common\ta_common.js:47:9)
    at recentSearchTypeAhead (E:\protractorcms\cyborg\features\TA\TA-003\TA-003.js:23:34)
    at Suite.&lt;anonymous&gt; (E:\protractorcms\cyborg\features\TA\TA-003\TA-003.js:13:5)
    at addSpecsToSuite (C:\Users\Ravikiran\AppData\Roaming\npm\node_modules\protractor\node_modules\jasmine-core\lib\jasmine-core\jasmine.js:833:25)
    at Env.describe (C:\Users\Ravikiran\AppData\Roaming\npm\node_modules\protractor\node_modules\jasmine-core\lib\jasmine-core\jasmine.js:802:7)
    at describe (C:\Users\Ravikiran\AppData\Roaming\npm\node_modules\protractor\node_modules\jasmine-core\lib\jasmine-core\jasmine.js:3375:18)
    at Object.&lt;anonymous&gt; (E:\protractorcms\cyborg\features\TA\TA-003\TA-003.js:10:1)
    at Module._compile (module.js:570:32)
    at Object.Module._extensions..js (module.js:579:10)</stack-trace>
			</failure>
		</test-case>
		<test-case start="1488451048867" stop="1488451050824" status="passed">
			<name>Entering  keyword resume</name>
			<title>Entering  keyword resume</title>
			<description></description>
			<labels>
			</labels>
			<parameters>
			</parameters>
			<steps>
			</steps>
			<attachments>
				<attachment title="Screenshot" source="8aace6d7-afb8-4328-ab23-2b091491fd87-attachment.png" type="image/png" size="139003"/>
			</attachments>
		</test-case>
		<test-case start="1488451050824" stop="1488451051033" status="failed">
			<name>Getting  all suggestions from TypeAhead and validating</name>
			<title>Getting  all suggestions from TypeAhead and validating</title>
			<description></description>
			<labels>
			</labels>
			<parameters>
			</parameters>
			<steps>
			</steps>
			<attachments>
				<attachment title="Screenshot" source="80eb04f7-8989-4647-a6b7-a19b661bda7f-attachment.png" type="image/png" size="138982"/>
			</attachments>
			<failure>
				<message>Expected [  ] to equal [ &apos;document&apos; ], &apos;Recent Searches data is not Matching&apos;.</message>
				<stack-trace>Error: Failed expectation
    at E:\protractorcms\cyborg\features\TA\common\ta_common.js:33:47
    at ManagedPromise.invokeCallback_ (C:\Users\Ravikiran\AppData\Roaming\npm\node_modules\protractor\node_modules\selenium-webdriver\lib\promise.js:1366:14)
    at TaskQueue.execute_ (C:\Users\Ravikiran\AppData\Roaming\npm\node_modules\protractor\node_modules\selenium-webdriver\lib\promise.js:2970:14)
    at TaskQueue.executeNext_ (C:\Users\Ravikiran\AppData\Roaming\npm\node_modules\protractor\node_modules\selenium-webdriver\lib\promise.js:2953:27)
    at asyncRun (C:\Users\Ravikiran\AppData\Roaming\npm\node_modules\protractor\node_modules\selenium-webdriver\lib\promise.js:2813:27)
    at C:\Users\Ravikiran\AppData\Roaming\npm\node_modules\protractor\node_modules\selenium-webdriver\lib\promise.js:676:7
    at process._tickCallback (internal/process/next_tick.js:103:7)</stack-trace>
			</failure>
		</test-case>
		<test-case start="1488451051033" stop="1488451052098" status="passed">
			<name>Pressing ENTER Key</name>
			<title>Pressing ENTER Key</title>
			<description></description>
			<labels>
			</labels>
			<parameters>
			</parameters>
			<steps>
			</steps>
			<attachments>
				<attachment title="Screenshot" source="be9e4e3f-a173-4413-8ebb-f37eb618cd86-attachment.png" type="image/png" size="122284"/>
			</attachments>
		</test-case>
		<test-case start="1488451052098" stop="1488451052276" status="failed">
			<name>Constructing recent searches data Manually</name>
			<title>Constructing recent searches data Manually</title>
			<description></description>
			<labels>
			</labels>
			<parameters>
			</parameters>
			<steps>
			</steps>
			<attachments>
				<attachment title="Screenshot" source="20d37272-3cbb-430d-999b-7730e5d7c65c-attachment.png" type="image/png" size="69506"/>
			</attachments>
			<failure>
				<message>Failed: this.recentSearchListManualConstruct is not a function</message>
				<stack-trace>TypeError: this.recentSearchListManualConstruct is not a function
    at Object.&lt;anonymous&gt; (E:\protractorcms\cyborg\features\TA\common\ta_common.js:48:38)
    at C:\Users\Ravikiran\AppData\Roaming\npm\node_modules\protractor\node_modules\jasminewd2\index.js:102:25
    at new ManagedPromise (C:\Users\Ravikiran\AppData\Roaming\npm\node_modules\protractor\node_modules\selenium-webdriver\lib\promise.js:1067:7)
    at controlFlowExecute (C:\Users\Ravikiran\AppData\Roaming\npm\node_modules\protractor\node_modules\jasminewd2\index.js:87:18)
    at TaskQueue.execute_ (C:\Users\Ravikiran\AppData\Roaming\npm\node_modules\protractor\node_modules\selenium-webdriver\lib\promise.js:2970:14)
    at TaskQueue.executeNext_ (C:\Users\Ravikiran\AppData\Roaming\npm\node_modules\protractor\node_modules\selenium-webdriver\lib\promise.js:2953:27)
    at asyncRun (C:\Users\Ravikiran\AppData\Roaming\npm\node_modules\protractor\node_modules\selenium-webdriver\lib\promise.js:2860:25)
    at C:\Users\Ravikiran\AppData\Roaming\npm\node_modules\protractor\node_modules\selenium-webdriver\lib\promise.js:676:7
    at process._tickCallback (internal/process/next_tick.js:103:7)
From: Task: Run it(&quot;Constructing recent searches data Manually&quot;) in control flow
    at Object.&lt;anonymous&gt; (C:\Users\Ravikiran\AppData\Roaming\npm\node_modules\protractor\node_modules\jasminewd2\index.js:86:14)
    at attemptAsync (C:\Users\Ravikiran\AppData\Roaming\npm\node_modules\protractor\node_modules\jasmine-core\lib\jasmine-core\jasmine.js:1916:24)
    at QueueRunner.run (C:\Users\Ravikiran\AppData\Roaming\npm\node_modules\protractor\node_modules\jasmine-core\lib\jasmine-core\jasmine.js:1871:9)
    at QueueRunner.execute (C:\Users\Ravikiran\AppData\Roaming\npm\node_modules\protractor\node_modules\jasmine-core\lib\jasmine-core\jasmine.js:1859:10)
    at Spec.queueRunnerFactory (C:\Users\Ravikiran\AppData\Roaming\npm\node_modules\protractor\node_modules\jasmine-core\lib\jasmine-core\jasmine.js:697:35)
    at Spec.execute (C:\Users\Ravikiran\AppData\Roaming\npm\node_modules\protractor\node_modules\jasmine-core\lib\jasmine-core\jasmine.js:359:10)
    at Object.fn (C:\Users\Ravikiran\AppData\Roaming\npm\node_modules\protractor\node_modules\jasmine-core\lib\jasmine-core\jasmine.js:2479:37)
    at attemptAsync (C:\Users\Ravikiran\AppData\Roaming\npm\node_modules\protractor\node_modules\jasmine-core\lib\jasmine-core\jasmine.js:1916:24)
    at QueueRunner.run (C:\Users\Ravikiran\AppData\Roaming\npm\node_modules\protractor\node_modules\jasmine-core\lib\jasmine-core\jasmine.js:1871:9)
    at C:\Users\Ravikiran\AppData\Roaming\npm\node_modules\protractor\node_modules\jasmine-core\lib\jasmine-core\jasmine.js:1898:16
From asynchronous test: 
Error
    at common.pressEnterConstructSuggestions (E:\protractorcms\cyborg\features\TA\common\ta_common.js:47:9)
    at recentSearchTypeAhead (E:\protractorcms\cyborg\features\TA\TA-003\TA-003.js:23:34)
    at Suite.&lt;anonymous&gt; (E:\protractorcms\cyborg\features\TA\TA-003\TA-003.js:13:5)
    at addSpecsToSuite (C:\Users\Ravikiran\AppData\Roaming\npm\node_modules\protractor\node_modules\jasmine-core\lib\jasmine-core\jasmine.js:833:25)
    at Env.describe (C:\Users\Ravikiran\AppData\Roaming\npm\node_modules\protractor\node_modules\jasmine-core\lib\jasmine-core\jasmine.js:802:7)
    at describe (C:\Users\Ravikiran\AppData\Roaming\npm\node_modules\protractor\node_modules\jasmine-core\lib\jasmine-core\jasmine.js:3375:18)
    at Object.&lt;anonymous&gt; (E:\protractorcms\cyborg\features\TA\TA-003\TA-003.js:10:1)
    at Module._compile (module.js:570:32)
    at Object.Module._extensions..js (module.js:579:10)</stack-trace>
			</failure>
		</test-case>
		<test-case start="1488451052276" stop="1488451054103" status="passed">
			<name>Entering  keyword attorney</name>
			<title>Entering  keyword attorney</title>
			<description></description>
			<labels>
			</labels>
			<parameters>
			</parameters>
			<steps>
			</steps>
			<attachments>
				<attachment title="Screenshot" source="1376e642-ab41-4bcf-af71-7c7c11e96538-attachment.png" type="image/png" size="136679"/>
			</attachments>
		</test-case>
		<test-case start="1488451054103" stop="1488451054321" status="failed">
			<name>Getting  all suggestions from TypeAhead and validating</name>
			<title>Getting  all suggestions from TypeAhead and validating</title>
			<description></description>
			<labels>
			</labels>
			<parameters>
			</parameters>
			<steps>
			</steps>
			<attachments>
				<attachment title="Screenshot" source="070d2d09-1b56-4b60-842a-2fe7708cd68a-attachment.png" type="image/png" size="136651"/>
			</attachments>
			<failure>
				<message>Expected [  ] to equal [ &apos;resume&apos;, &apos;document&apos; ], &apos;Recent Searches data is not Matching&apos;.</message>
				<stack-trace>Error: Failed expectation
    at E:\protractorcms\cyborg\features\TA\common\ta_common.js:33:47
    at ManagedPromise.invokeCallback_ (C:\Users\Ravikiran\AppData\Roaming\npm\node_modules\protractor\node_modules\selenium-webdriver\lib\promise.js:1366:14)
    at TaskQueue.execute_ (C:\Users\Ravikiran\AppData\Roaming\npm\node_modules\protractor\node_modules\selenium-webdriver\lib\promise.js:2970:14)
    at TaskQueue.executeNext_ (C:\Users\Ravikiran\AppData\Roaming\npm\node_modules\protractor\node_modules\selenium-webdriver\lib\promise.js:2953:27)
    at asyncRun (C:\Users\Ravikiran\AppData\Roaming\npm\node_modules\protractor\node_modules\selenium-webdriver\lib\promise.js:2813:27)
    at C:\Users\Ravikiran\AppData\Roaming\npm\node_modules\protractor\node_modules\selenium-webdriver\lib\promise.js:676:7
    at process._tickCallback (internal/process/next_tick.js:103:7)</stack-trace>
			</failure>
		</test-case>
		<test-case start="1488451054321" stop="1488451055879" status="passed">
			<name>Pressing ENTER Key</name>
			<title>Pressing ENTER Key</title>
			<description></description>
			<labels>
			</labels>
			<parameters>
			</parameters>
			<steps>
			</steps>
			<attachments>
				<attachment title="Screenshot" source="b4e7279c-7c35-459e-9a2f-5a9c5111a925-attachment.png" type="image/png" size="122284"/>
			</attachments>
		</test-case>
		<test-case start="1488451055879" stop="1488451056058" status="failed">
			<name>Constructing recent searches data Manually</name>
			<title>Constructing recent searches data Manually</title>
			<description></description>
			<labels>
			</labels>
			<parameters>
			</parameters>
			<steps>
			</steps>
			<attachments>
				<attachment title="Screenshot" source="e545c064-a12e-4b9c-8f58-6a3ff2fd7158-attachment.png" type="image/png" size="69499"/>
			</attachments>
			<failure>
				<message>Failed: this.recentSearchListManualConstruct is not a function</message>
				<stack-trace>TypeError: this.recentSearchListManualConstruct is not a function
    at Object.&lt;anonymous&gt; (E:\protractorcms\cyborg\features\TA\common\ta_common.js:48:38)
    at C:\Users\Ravikiran\AppData\Roaming\npm\node_modules\protractor\node_modules\jasminewd2\index.js:102:25
    at new ManagedPromise (C:\Users\Ravikiran\AppData\Roaming\npm\node_modules\protractor\node_modules\selenium-webdriver\lib\promise.js:1067:7)
    at controlFlowExecute (C:\Users\Ravikiran\AppData\Roaming\npm\node_modules\protractor\node_modules\jasminewd2\index.js:87:18)
    at TaskQueue.execute_ (C:\Users\Ravikiran\AppData\Roaming\npm\node_modules\protractor\node_modules\selenium-webdriver\lib\promise.js:2970:14)
    at TaskQueue.executeNext_ (C:\Users\Ravikiran\AppData\Roaming\npm\node_modules\protractor\node_modules\selenium-webdriver\lib\promise.js:2953:27)
    at asyncRun (C:\Users\Ravikiran\AppData\Roaming\npm\node_modules\protractor\node_modules\selenium-webdriver\lib\promise.js:2860:25)
    at C:\Users\Ravikiran\AppData\Roaming\npm\node_modules\protractor\node_modules\selenium-webdriver\lib\promise.js:676:7
    at process._tickCallback (internal/process/next_tick.js:103:7)
From: Task: Run it(&quot;Constructing recent searches data Manually&quot;) in control flow
    at Object.&lt;anonymous&gt; (C:\Users\Ravikiran\AppData\Roaming\npm\node_modules\protractor\node_modules\jasminewd2\index.js:86:14)
    at attemptAsync (C:\Users\Ravikiran\AppData\Roaming\npm\node_modules\protractor\node_modules\jasmine-core\lib\jasmine-core\jasmine.js:1916:24)
    at QueueRunner.run (C:\Users\Ravikiran\AppData\Roaming\npm\node_modules\protractor\node_modules\jasmine-core\lib\jasmine-core\jasmine.js:1871:9)
    at QueueRunner.execute (C:\Users\Ravikiran\AppData\Roaming\npm\node_modules\protractor\node_modules\jasmine-core\lib\jasmine-core\jasmine.js:1859:10)
    at Spec.queueRunnerFactory (C:\Users\Ravikiran\AppData\Roaming\npm\node_modules\protractor\node_modules\jasmine-core\lib\jasmine-core\jasmine.js:697:35)
    at Spec.execute (C:\Users\Ravikiran\AppData\Roaming\npm\node_modules\protractor\node_modules\jasmine-core\lib\jasmine-core\jasmine.js:359:10)
    at Object.fn (C:\Users\Ravikiran\AppData\Roaming\npm\node_modules\protractor\node_modules\jasmine-core\lib\jasmine-core\jasmine.js:2479:37)
    at attemptAsync (C:\Users\Ravikiran\AppData\Roaming\npm\node_modules\protractor\node_modules\jasmine-core\lib\jasmine-core\jasmine.js:1916:24)
    at QueueRunner.run (C:\Users\Ravikiran\AppData\Roaming\npm\node_modules\protractor\node_modules\jasmine-core\lib\jasmine-core\jasmine.js:1871:9)
    at C:\Users\Ravikiran\AppData\Roaming\npm\node_modules\protractor\node_modules\jasmine-core\lib\jasmine-core\jasmine.js:1898:16
From asynchronous test: 
Error
    at common.pressEnterConstructSuggestions (E:\protractorcms\cyborg\features\TA\common\ta_common.js:47:9)
    at recentSearchTypeAhead (E:\protractorcms\cyborg\features\TA\TA-003\TA-003.js:23:34)
    at Suite.&lt;anonymous&gt; (E:\protractorcms\cyborg\features\TA\TA-003\TA-003.js:13:5)
    at addSpecsToSuite (C:\Users\Ravikiran\AppData\Roaming\npm\node_modules\protractor\node_modules\jasmine-core\lib\jasmine-core\jasmine.js:833:25)
    at Env.describe (C:\Users\Ravikiran\AppData\Roaming\npm\node_modules\protractor\node_modules\jasmine-core\lib\jasmine-core\jasmine.js:802:7)
    at describe (C:\Users\Ravikiran\AppData\Roaming\npm\node_modules\protractor\node_modules\jasmine-core\lib\jasmine-core\jasmine.js:3375:18)
    at Object.&lt;anonymous&gt; (E:\protractorcms\cyborg\features\TA\TA-003\TA-003.js:10:1)
    at Module._compile (module.js:570:32)
    at Object.Module._extensions..js (module.js:579:10)</stack-trace>
			</failure>
		</test-case>
		<test-case start="1488451056058" stop="1488451057599" status="passed">
			<name>Entering  keyword manager</name>
			<title>Entering  keyword manager</title>
			<description></description>
			<labels>
			</labels>
			<parameters>
			</parameters>
			<steps>
			</steps>
			<attachments>
				<attachment title="Screenshot" source="bb35c1fc-d2fc-46f8-a681-95b3294383fe-attachment.png" type="image/png" size="80333"/>
			</attachments>
		</test-case>
		<test-case start="1488451057599" stop="1488451057839" status="failed">
			<name>Getting  all suggestions from TypeAhead and validating</name>
			<title>Getting  all suggestions from TypeAhead and validating</title>
			<description></description>
			<labels>
			</labels>
			<parameters>
			</parameters>
			<steps>
			</steps>
			<attachments>
				<attachment title="Screenshot" source="743c1623-b2f1-4c2e-a37a-598d906d4df5-attachment.png" type="image/png" size="80391"/>
			</attachments>
			<failure>
				<message>Expected [  ] to equal [ &apos;attorney&apos;, &apos;resume&apos;, &apos;document&apos; ], &apos;Recent Searches data is not Matching&apos;.</message>
				<stack-trace>Error: Failed expectation
    at E:\protractorcms\cyborg\features\TA\common\ta_common.js:33:47
    at ManagedPromise.invokeCallback_ (C:\Users\Ravikiran\AppData\Roaming\npm\node_modules\protractor\node_modules\selenium-webdriver\lib\promise.js:1366:14)
    at TaskQueue.execute_ (C:\Users\Ravikiran\AppData\Roaming\npm\node_modules\protractor\node_modules\selenium-webdriver\lib\promise.js:2970:14)
    at TaskQueue.executeNext_ (C:\Users\Ravikiran\AppData\Roaming\npm\node_modules\protractor\node_modules\selenium-webdriver\lib\promise.js:2953:27)
    at asyncRun (C:\Users\Ravikiran\AppData\Roaming\npm\node_modules\protractor\node_modules\selenium-webdriver\lib\promise.js:2813:27)
    at C:\Users\Ravikiran\AppData\Roaming\npm\node_modules\protractor\node_modules\selenium-webdriver\lib\promise.js:676:7
    at process._tickCallback (internal/process/next_tick.js:103:7)</stack-trace>
			</failure>
		</test-case>
		<test-case start="1488451057840" stop="1488451058778" status="passed">
			<name>Pressing ENTER Key</name>
			<title>Pressing ENTER Key</title>
			<description></description>
			<labels>
			</labels>
			<parameters>
			</parameters>
			<steps>
			</steps>
			<attachments>
				<attachment title="Screenshot" source="f30628b4-9900-42f8-ae34-05dfa7a3d218-attachment.png" type="image/png" size="122284"/>
			</attachments>
		</test-case>
		<test-case start="1488451058778" stop="1488451059049" status="failed">
			<name>Constructing recent searches data Manually</name>
			<title>Constructing recent searches data Manually</title>
			<description></description>
			<labels>
			</labels>
			<parameters>
			</parameters>
			<steps>
			</steps>
			<attachments>
				<attachment title="Screenshot" source="3d7b9505-9786-4668-9b10-04aae1d2c251-attachment.png" type="image/png" size="122284"/>
			</attachments>
			<failure>
				<message>Failed: this.recentSearchListManualConstruct is not a function</message>
				<stack-trace>TypeError: this.recentSearchListManualConstruct is not a function
    at Object.&lt;anonymous&gt; (E:\protractorcms\cyborg\features\TA\common\ta_common.js:48:38)
    at C:\Users\Ravikiran\AppData\Roaming\npm\node_modules\protractor\node_modules\jasminewd2\index.js:102:25
    at new ManagedPromise (C:\Users\Ravikiran\AppData\Roaming\npm\node_modules\protractor\node_modules\selenium-webdriver\lib\promise.js:1067:7)
    at controlFlowExecute (C:\Users\Ravikiran\AppData\Roaming\npm\node_modules\protractor\node_modules\jasminewd2\index.js:87:18)
    at TaskQueue.execute_ (C:\Users\Ravikiran\AppData\Roaming\npm\node_modules\protractor\node_modules\selenium-webdriver\lib\promise.js:2970:14)
    at TaskQueue.executeNext_ (C:\Users\Ravikiran\AppData\Roaming\npm\node_modules\protractor\node_modules\selenium-webdriver\lib\promise.js:2953:27)
    at asyncRun (C:\Users\Ravikiran\AppData\Roaming\npm\node_modules\protractor\node_modules\selenium-webdriver\lib\promise.js:2860:25)
    at C:\Users\Ravikiran\AppData\Roaming\npm\node_modules\protractor\node_modules\selenium-webdriver\lib\promise.js:676:7
    at process._tickCallback (internal/process/next_tick.js:103:7)
From: Task: Run it(&quot;Constructing recent searches data Manually&quot;) in control flow
    at Object.&lt;anonymous&gt; (C:\Users\Ravikiran\AppData\Roaming\npm\node_modules\protractor\node_modules\jasminewd2\index.js:86:14)
    at attemptAsync (C:\Users\Ravikiran\AppData\Roaming\npm\node_modules\protractor\node_modules\jasmine-core\lib\jasmine-core\jasmine.js:1916:24)
    at QueueRunner.run (C:\Users\Ravikiran\AppData\Roaming\npm\node_modules\protractor\node_modules\jasmine-core\lib\jasmine-core\jasmine.js:1871:9)
    at QueueRunner.execute (C:\Users\Ravikiran\AppData\Roaming\npm\node_modules\protractor\node_modules\jasmine-core\lib\jasmine-core\jasmine.js:1859:10)
    at Spec.queueRunnerFactory (C:\Users\Ravikiran\AppData\Roaming\npm\node_modules\protractor\node_modules\jasmine-core\lib\jasmine-core\jasmine.js:697:35)
    at Spec.execute (C:\Users\Ravikiran\AppData\Roaming\npm\node_modules\protractor\node_modules\jasmine-core\lib\jasmine-core\jasmine.js:359:10)
    at Object.fn (C:\Users\Ravikiran\AppData\Roaming\npm\node_modules\protractor\node_modules\jasmine-core\lib\jasmine-core\jasmine.js:2479:37)
    at attemptAsync (C:\Users\Ravikiran\AppData\Roaming\npm\node_modules\protractor\node_modules\jasmine-core\lib\jasmine-core\jasmine.js:1916:24)
    at QueueRunner.run (C:\Users\Ravikiran\AppData\Roaming\npm\node_modules\protractor\node_modules\jasmine-core\lib\jasmine-core\jasmine.js:1871:9)
    at C:\Users\Ravikiran\AppData\Roaming\npm\node_modules\protractor\node_modules\jasmine-core\lib\jasmine-core\jasmine.js:1898:16
From asynchronous test: 
Error
    at common.pressEnterConstructSuggestions (E:\protractorcms\cyborg\features\TA\common\ta_common.js:47:9)
    at recentSearchTypeAhead (E:\protractorcms\cyborg\features\TA\TA-003\TA-003.js:23:34)
    at Suite.&lt;anonymous&gt; (E:\protractorcms\cyborg\features\TA\TA-003\TA-003.js:13:5)
    at addSpecsToSuite (C:\Users\Ravikiran\AppData\Roaming\npm\node_modules\protractor\node_modules\jasmine-core\lib\jasmine-core\jasmine.js:833:25)
    at Env.describe (C:\Users\Ravikiran\AppData\Roaming\npm\node_modules\protractor\node_modules\jasmine-core\lib\jasmine-core\jasmine.js:802:7)
    at describe (C:\Users\Ravikiran\AppData\Roaming\npm\node_modules\protractor\node_modules\jasmine-core\lib\jasmine-core\jasmine.js:3375:18)
    at Object.&lt;anonymous&gt; (E:\protractorcms\cyborg\features\TA\TA-003\TA-003.js:10:1)
    at Module._compile (module.js:570:32)
    at Object.Module._extensions..js (module.js:579:10)</stack-trace>
			</failure>
		</test-case>
		<test-case start="1488451059050" stop="1488451060875" status="passed">
			<name>Entering  keyword document</name>
			<title>Entering  keyword document</title>
			<description></description>
			<labels>
			</labels>
			<parameters>
			</parameters>
			<steps>
			</steps>
			<attachments>
				<attachment title="Screenshot" source="bdf27d8a-f6ec-4918-b8db-a43314dab022-attachment.png" type="image/png" size="148134"/>
			</attachments>
		</test-case>
		<test-case start="1488451060875" stop="1488451061145" status="failed">
			<name>Getting  all suggestions from TypeAhead and validating</name>
			<title>Getting  all suggestions from TypeAhead and validating</title>
			<description></description>
			<labels>
			</labels>
			<parameters>
			</parameters>
			<steps>
			</steps>
			<attachments>
				<attachment title="Screenshot" source="59cec5ac-c846-4131-99e5-bac039939fc1-attachment.png" type="image/png" size="148092"/>
			</attachments>
			<failure>
				<message>Expected [  ] to equal [ &apos;manager&apos;, &apos;attorney&apos;, &apos;resume&apos; ], &apos;Recent Searches data is not Matching&apos;.</message>
				<stack-trace>Error: Failed expectation
    at E:\protractorcms\cyborg\features\TA\common\ta_common.js:33:47
    at ManagedPromise.invokeCallback_ (C:\Users\Ravikiran\AppData\Roaming\npm\node_modules\protractor\node_modules\selenium-webdriver\lib\promise.js:1366:14)
    at TaskQueue.execute_ (C:\Users\Ravikiran\AppData\Roaming\npm\node_modules\protractor\node_modules\selenium-webdriver\lib\promise.js:2970:14)
    at TaskQueue.executeNext_ (C:\Users\Ravikiran\AppData\Roaming\npm\node_modules\protractor\node_modules\selenium-webdriver\lib\promise.js:2953:27)
    at asyncRun (C:\Users\Ravikiran\AppData\Roaming\npm\node_modules\protractor\node_modules\selenium-webdriver\lib\promise.js:2813:27)
    at C:\Users\Ravikiran\AppData\Roaming\npm\node_modules\protractor\node_modules\selenium-webdriver\lib\promise.js:676:7
    at process._tickCallback (internal/process/next_tick.js:103:7)</stack-trace>
			</failure>
		</test-case>
		<test-case start="1488451061145" stop="1488451062542" status="passed">
			<name>Pressing ENTER Key</name>
			<title>Pressing ENTER Key</title>
			<description></description>
			<labels>
			</labels>
			<parameters>
			</parameters>
			<steps>
			</steps>
			<attachments>
				<attachment title="Screenshot" source="aeee7c60-15ad-4e61-9445-d5f733692301-attachment.png" type="image/png" size="122284"/>
			</attachments>
		</test-case>
		<test-case start="1488451062542" stop="1488451062780" status="failed">
			<name>Constructing recent searches data Manually</name>
			<title>Constructing recent searches data Manually</title>
			<description></description>
			<labels>
			</labels>
			<parameters>
			</parameters>
			<steps>
			</steps>
			<attachments>
				<attachment title="Screenshot" source="78b1efd9-e202-4bd4-b8c9-210cd3054d42-attachment.png" type="image/png" size="122284"/>
			</attachments>
			<failure>
				<message>Failed: this.recentSearchListManualConstruct is not a function</message>
				<stack-trace>TypeError: this.recentSearchListManualConstruct is not a function
    at Object.&lt;anonymous&gt; (E:\protractorcms\cyborg\features\TA\common\ta_common.js:48:38)
    at C:\Users\Ravikiran\AppData\Roaming\npm\node_modules\protractor\node_modules\jasminewd2\index.js:102:25
    at new ManagedPromise (C:\Users\Ravikiran\AppData\Roaming\npm\node_modules\protractor\node_modules\selenium-webdriver\lib\promise.js:1067:7)
    at controlFlowExecute (C:\Users\Ravikiran\AppData\Roaming\npm\node_modules\protractor\node_modules\jasminewd2\index.js:87:18)
    at TaskQueue.execute_ (C:\Users\Ravikiran\AppData\Roaming\npm\node_modules\protractor\node_modules\selenium-webdriver\lib\promise.js:2970:14)
    at TaskQueue.executeNext_ (C:\Users\Ravikiran\AppData\Roaming\npm\node_modules\protractor\node_modules\selenium-webdriver\lib\promise.js:2953:27)
    at asyncRun (C:\Users\Ravikiran\AppData\Roaming\npm\node_modules\protractor\node_modules\selenium-webdriver\lib\promise.js:2860:25)
    at C:\Users\Ravikiran\AppData\Roaming\npm\node_modules\protractor\node_modules\selenium-webdriver\lib\promise.js:676:7
    at process._tickCallback (internal/process/next_tick.js:103:7)
From: Task: Run it(&quot;Constructing recent searches data Manually&quot;) in control flow
    at Object.&lt;anonymous&gt; (C:\Users\Ravikiran\AppData\Roaming\npm\node_modules\protractor\node_modules\jasminewd2\index.js:86:14)
    at attemptAsync (C:\Users\Ravikiran\AppData\Roaming\npm\node_modules\protractor\node_modules\jasmine-core\lib\jasmine-core\jasmine.js:1916:24)
    at QueueRunner.run (C:\Users\Ravikiran\AppData\Roaming\npm\node_modules\protractor\node_modules\jasmine-core\lib\jasmine-core\jasmine.js:1871:9)
    at QueueRunner.execute (C:\Users\Ravikiran\AppData\Roaming\npm\node_modules\protractor\node_modules\jasmine-core\lib\jasmine-core\jasmine.js:1859:10)
    at Spec.queueRunnerFactory (C:\Users\Ravikiran\AppData\Roaming\npm\node_modules\protractor\node_modules\jasmine-core\lib\jasmine-core\jasmine.js:697:35)
    at Spec.execute (C:\Users\Ravikiran\AppData\Roaming\npm\node_modules\protractor\node_modules\jasmine-core\lib\jasmine-core\jasmine.js:359:10)
    at Object.fn (C:\Users\Ravikiran\AppData\Roaming\npm\node_modules\protractor\node_modules\jasmine-core\lib\jasmine-core\jasmine.js:2479:37)
    at attemptAsync (C:\Users\Ravikiran\AppData\Roaming\npm\node_modules\protractor\node_modules\jasmine-core\lib\jasmine-core\jasmine.js:1916:24)
    at QueueRunner.run (C:\Users\Ravikiran\AppData\Roaming\npm\node_modules\protractor\node_modules\jasmine-core\lib\jasmine-core\jasmine.js:1871:9)
    at C:\Users\Ravikiran\AppData\Roaming\npm\node_modules\protractor\node_modules\jasmine-core\lib\jasmine-core\jasmine.js:1898:16
From asynchronous test: 
Error
    at common.pressEnterConstructSuggestions (E:\protractorcms\cyborg\features\TA\common\ta_common.js:47:9)
    at recentSearchTypeAhead (E:\protractorcms\cyborg\features\TA\TA-003\TA-003.js:23:34)
    at Suite.&lt;anonymous&gt; (E:\protractorcms\cyborg\features\TA\TA-003\TA-003.js:13:5)
    at addSpecsToSuite (C:\Users\Ravikiran\AppData\Roaming\npm\node_modules\protractor\node_modules\jasmine-core\lib\jasmine-core\jasmine.js:833:25)
    at Env.describe (C:\Users\Ravikiran\AppData\Roaming\npm\node_modules\protractor\node_modules\jasmine-core\lib\jasmine-core\jasmine.js:802:7)
    at describe (C:\Users\Ravikiran\AppData\Roaming\npm\node_modules\protractor\node_modules\jasmine-core\lib\jasmine-core\jasmine.js:3375:18)
    at Object.&lt;anonymous&gt; (E:\protractorcms\cyborg\features\TA\TA-003\TA-003.js:10:1)
    at Module._compile (module.js:570:32)
    at Object.Module._extensions..js (module.js:579:10)</stack-trace>
			</failure>
		</test-case>
	</test-cases>
</ns2:test-suite>