<?xml version="1.0" encoding="UTF-8"?>
<ns2:test-suite xmlns:ns2="urn:model.allure.qatools.yandex.ru" start="1488964840422" stop="1488964893163">
	<name>Validating Links in Footer</name>
	<title>Validating Links in Footer</title>
	<test-cases>
		<test-case start="1488964840423" stop="1488964853602" status="passed">
			<name>Loading Home Page </name>
			<title>Loading Home Page </title>
			<description></description>
			<labels>
			</labels>
			<parameters>
			</parameters>
			<steps>
			</steps>
			<attachments>
				<attachment title="Screenshot" source="76d4400a-a24e-4db9-af35-eee63f0b491b-attachment.png" type="image/png" size="322367"/>
			</attachments>
		</test-case>
		<test-case start="1488964853602" stop="1488964853836" status="passed">
			<name>Validate Correct page Loaded</name>
			<title>Validate Correct page Loaded</title>
			<description></description>
			<labels>
			</labels>
			<parameters>
			</parameters>
			<steps>
			</steps>
			<attachments>
				<attachment title="Screenshot" source="76241ad8-7952-46dc-b97c-c109471abb60-attachment.png" type="image/png" size="314307"/>
			</attachments>
		</test-case>
		<test-case start="1488964853836" stop="1488964854086" status="passed">
			<name>comparing two links count</name>
			<title>comparing two links count</title>
			<description></description>
			<labels>
			</labels>
			<parameters>
			</parameters>
			<steps>
			</steps>
			<attachments>
				<attachment title="Screenshot" source="914b3548-6f39-4c6c-a830-563ca5b86f7c-attachment.png" type="image/png" size="314307"/>
			</attachments>
		</test-case>
		<test-case start="1488964854086" stop="1488964854401" status="passed">
			<name>Comparing href values of link in footer at index 0</name>
			<title>Comparing href values of link in footer at index 0</title>
			<description></description>
			<labels>
			</labels>
			<parameters>
			</parameters>
			<steps>
			</steps>
			<attachments>
				<attachment title="Screenshot" source="d145efae-b31c-4af9-91ce-19791539381f-attachment.png" type="image/png" size="314307"/>
			</attachments>
		</test-case>
		<test-case start="1488964854401" stop="1488964855358" status="passed">
			<name>Clicking link in footer at idx 0</name>
			<title>Clicking link in footer at idx 0</title>
			<description></description>
			<labels>
			</labels>
			<parameters>
			</parameters>
			<steps>
			</steps>
			<attachments>
				<attachment title="Screenshot" source="4a52e29d-0090-4237-83b1-5338dfa769c1-attachment.png" type="image/png" size="322367"/>
			</attachments>
		</test-case>
		<test-case start="1488964855358" stop="1488964855667" status="failed">
			<name>Shifting windows and validating them</name>
			<title>Shifting windows and validating them</title>
			<description></description>
			<labels>
			</labels>
			<parameters>
			</parameters>
			<steps>
			</steps>
			<attachments>
				<attachment title="Screenshot" source="c7b844b8-d1bb-4c59-9b2e-4882f2115c46-attachment.png" type="image/png" size="322367"/>
			</attachments>
			<failure>
				<message>Failed: Cannot read property &apos;then&apos; of undefined</message>
				<stack-trace>TypeError: Cannot read property &apos;then&apos; of undefined
    at UserActions.shiftingBrowserWindowTabs (E:\protractorcms\cyborg\utility\user_actions.js:146:26)
    at E:\protractorcms\cyborg\features\FT\common\ft_common.js:34:25
    at ManagedPromise.invokeCallback_ (C:\Users\Ravikiran\AppData\Roaming\npm\node_modules\protractor\node_modules\selenium-webdriver\lib\promise.js:1366:14)
    at TaskQueue.execute_ (C:\Users\Ravikiran\AppData\Roaming\npm\node_modules\protractor\node_modules\selenium-webdriver\lib\promise.js:2970:14)
    at TaskQueue.executeNext_ (C:\Users\Ravikiran\AppData\Roaming\npm\node_modules\protractor\node_modules\selenium-webdriver\lib\promise.js:2953:27)
    at asyncRun (C:\Users\Ravikiran\AppData\Roaming\npm\node_modules\protractor\node_modules\selenium-webdriver\lib\promise.js:2813:27)
    at C:\Users\Ravikiran\AppData\Roaming\npm\node_modules\protractor\node_modules\selenium-webdriver\lib\promise.js:676:7
    at process._tickCallback (internal/process/next_tick.js:103:7)
From: Task: Run it(&quot;Shifting windows and validating them&quot;) in control flow
    at Object.&lt;anonymous&gt; (C:\Users\Ravikiran\AppData\Roaming\npm\node_modules\protractor\node_modules\jasminewd2\index.js:86:14)
    at attemptAsync (C:\Users\Ravikiran\AppData\Roaming\npm\node_modules\protractor\node_modules\jasmine-core\lib\jasmine-core\jasmine.js:1916:24)
    at QueueRunner.run (C:\Users\Ravikiran\AppData\Roaming\npm\node_modules\protractor\node_modules\jasmine-core\lib\jasmine-core\jasmine.js:1871:9)
    at QueueRunner.execute (C:\Users\Ravikiran\AppData\Roaming\npm\node_modules\protractor\node_modules\jasmine-core\lib\jasmine-core\jasmine.js:1859:10)
    at Spec.queueRunnerFactory (C:\Users\Ravikiran\AppData\Roaming\npm\node_modules\protractor\node_modules\jasmine-core\lib\jasmine-core\jasmine.js:697:35)
    at Spec.execute (C:\Users\Ravikiran\AppData\Roaming\npm\node_modules\protractor\node_modules\jasmine-core\lib\jasmine-core\jasmine.js:359:10)
    at Object.fn (C:\Users\Ravikiran\AppData\Roaming\npm\node_modules\protractor\node_modules\jasmine-core\lib\jasmine-core\jasmine.js:2479:37)
    at attemptAsync (C:\Users\Ravikiran\AppData\Roaming\npm\node_modules\protractor\node_modules\jasmine-core\lib\jasmine-core\jasmine.js:1916:24)
    at QueueRunner.run (C:\Users\Ravikiran\AppData\Roaming\npm\node_modules\protractor\node_modules\jasmine-core\lib\jasmine-core\jasmine.js:1871:9)
    at C:\Users\Ravikiran\AppData\Roaming\npm\node_modules\protractor\node_modules\jasmine-core\lib\jasmine-core\jasmine.js:1898:16
From asynchronous test: 
Error
    at validatingLinks (E:\protractorcms\cyborg\features\FT\common\ft_common.js:32:9)
    at ValidatingFooterLinksText (E:\protractorcms\cyborg\features\FT\common\ft_common.js:59:9)
    at ft_common.validateLinksAndText (E:\protractorcms\cyborg\features\FT\common\ft_common.js:85:13)
    at Suite.&lt;anonymous&gt; (E:\protractorcms\cyborg\features\FT\FT-002\FT-002.js:16:14)
    at addSpecsToSuite (C:\Users\Ravikiran\AppData\Roaming\npm\node_modules\protractor\node_modules\jasmine-core\lib\jasmine-core\jasmine.js:833:25)
    at Env.describe (C:\Users\Ravikiran\AppData\Roaming\npm\node_modules\protractor\node_modules\jasmine-core\lib\jasmine-core\jasmine.js:802:7)
    at describe (C:\Users\Ravikiran\AppData\Roaming\npm\node_modules\protractor\node_modules\jasmine-core\lib\jasmine-core\jasmine.js:3375:18)
    at Object.&lt;anonymous&gt; (E:\protractorcms\cyborg\features\FT\FT-002\FT-002.js:14:1)
    at Module._compile (module.js:570:32)</stack-trace>
			</failure>
		</test-case>
		<test-case start="1488964855667" stop="1488964856111" status="passed">
			<name>Comparing href values of link in footer at index 1</name>
			<title>Comparing href values of link in footer at index 1</title>
			<description></description>
			<labels>
			</labels>
			<parameters>
			</parameters>
			<steps>
			</steps>
			<attachments>
				<attachment title="Screenshot" source="c88293ce-1b15-48e9-9607-138e33a61cdb-attachment.png" type="image/png" size="314307"/>
			</attachments>
		</test-case>
		<test-case start="1488964856111" stop="1488964861765" status="passed">
			<name>Clicking link in footer at idx 1</name>
			<title>Clicking link in footer at idx 1</title>
			<description></description>
			<labels>
			</labels>
			<parameters>
			</parameters>
			<steps>
			</steps>
			<attachments>
				<attachment title="Screenshot" source="083836a7-0ca5-4a3e-9d58-fef814584247-attachment.png" type="image/png" size="200511"/>
			</attachments>
		</test-case>
		<test-case start="1488964861765" stop="1488964861967" status="failed">
			<name>Shifting windows and validating them</name>
			<title>Shifting windows and validating them</title>
			<description></description>
			<labels>
			</labels>
			<parameters>
			</parameters>
			<steps>
			</steps>
			<attachments>
				<attachment title="Screenshot" source="4846b768-1079-4c3d-80b5-96b67f6905ed-attachment.png" type="image/png" size="200511"/>
			</attachments>
			<failure>
				<message>Failed: Cannot read property &apos;then&apos; of undefined</message>
				<stack-trace>TypeError: Cannot read property &apos;then&apos; of undefined
    at UserActions.shiftingBrowserWindowTabs (E:\protractorcms\cyborg\utility\user_actions.js:146:26)
    at E:\protractorcms\cyborg\features\FT\common\ft_common.js:34:25
    at ManagedPromise.invokeCallback_ (C:\Users\Ravikiran\AppData\Roaming\npm\node_modules\protractor\node_modules\selenium-webdriver\lib\promise.js:1366:14)
    at TaskQueue.execute_ (C:\Users\Ravikiran\AppData\Roaming\npm\node_modules\protractor\node_modules\selenium-webdriver\lib\promise.js:2970:14)
    at TaskQueue.executeNext_ (C:\Users\Ravikiran\AppData\Roaming\npm\node_modules\protractor\node_modules\selenium-webdriver\lib\promise.js:2953:27)
    at asyncRun (C:\Users\Ravikiran\AppData\Roaming\npm\node_modules\protractor\node_modules\selenium-webdriver\lib\promise.js:2813:27)
    at C:\Users\Ravikiran\AppData\Roaming\npm\node_modules\protractor\node_modules\selenium-webdriver\lib\promise.js:676:7
    at process._tickCallback (internal/process/next_tick.js:103:7)
From: Task: Run it(&quot;Shifting windows and validating them&quot;) in control flow
    at Object.&lt;anonymous&gt; (C:\Users\Ravikiran\AppData\Roaming\npm\node_modules\protractor\node_modules\jasminewd2\index.js:86:14)
    at attemptAsync (C:\Users\Ravikiran\AppData\Roaming\npm\node_modules\protractor\node_modules\jasmine-core\lib\jasmine-core\jasmine.js:1916:24)
    at QueueRunner.run (C:\Users\Ravikiran\AppData\Roaming\npm\node_modules\protractor\node_modules\jasmine-core\lib\jasmine-core\jasmine.js:1871:9)
    at QueueRunner.execute (C:\Users\Ravikiran\AppData\Roaming\npm\node_modules\protractor\node_modules\jasmine-core\lib\jasmine-core\jasmine.js:1859:10)
    at Spec.queueRunnerFactory (C:\Users\Ravikiran\AppData\Roaming\npm\node_modules\protractor\node_modules\jasmine-core\lib\jasmine-core\jasmine.js:697:35)
    at Spec.execute (C:\Users\Ravikiran\AppData\Roaming\npm\node_modules\protractor\node_modules\jasmine-core\lib\jasmine-core\jasmine.js:359:10)
    at Object.fn (C:\Users\Ravikiran\AppData\Roaming\npm\node_modules\protractor\node_modules\jasmine-core\lib\jasmine-core\jasmine.js:2479:37)
    at attemptAsync (C:\Users\Ravikiran\AppData\Roaming\npm\node_modules\protractor\node_modules\jasmine-core\lib\jasmine-core\jasmine.js:1916:24)
    at QueueRunner.run (C:\Users\Ravikiran\AppData\Roaming\npm\node_modules\protractor\node_modules\jasmine-core\lib\jasmine-core\jasmine.js:1871:9)
    at C:\Users\Ravikiran\AppData\Roaming\npm\node_modules\protractor\node_modules\jasmine-core\lib\jasmine-core\jasmine.js:1898:16
From asynchronous test: 
Error
    at validatingLinks (E:\protractorcms\cyborg\features\FT\common\ft_common.js:32:9)
    at ValidatingFooterLinksText (E:\protractorcms\cyborg\features\FT\common\ft_common.js:59:9)
    at ft_common.validateLinksAndText (E:\protractorcms\cyborg\features\FT\common\ft_common.js:85:13)
    at Suite.&lt;anonymous&gt; (E:\protractorcms\cyborg\features\FT\FT-002\FT-002.js:16:14)
    at addSpecsToSuite (C:\Users\Ravikiran\AppData\Roaming\npm\node_modules\protractor\node_modules\jasmine-core\lib\jasmine-core\jasmine.js:833:25)
    at Env.describe (C:\Users\Ravikiran\AppData\Roaming\npm\node_modules\protractor\node_modules\jasmine-core\lib\jasmine-core\jasmine.js:802:7)
    at describe (C:\Users\Ravikiran\AppData\Roaming\npm\node_modules\protractor\node_modules\jasmine-core\lib\jasmine-core\jasmine.js:3375:18)
    at Object.&lt;anonymous&gt; (E:\protractorcms\cyborg\features\FT\FT-002\FT-002.js:14:1)
    at Module._compile (module.js:570:32)</stack-trace>
			</failure>
		</test-case>
		<test-case start="1488964861967" stop="1488964864390" status="failed">
			<name>Comparing href values of link in footer at index 2</name>
			<title>Comparing href values of link in footer at index 2</title>
			<description></description>
			<labels>
			</labels>
			<parameters>
			</parameters>
			<steps>
			</steps>
			<attachments>
				<attachment title="Screenshot" source="1926e324-6d57-43d8-8353-8bc8c2e04428-attachment.png" type="image/png" size="200511"/>
			</attachments>
			<failure>
				<message>Failed: Index out of bound. Trying to access element at index: 2, but there are only 0 elements that match locator By(css selector, section[data-widget=&apos;footer&apos;] footer ul:not([class=&apos;social-links&apos;]) li a)</message>
				<stack-trace>NoSuchElementError: Index out of bound. Trying to access element at index: 2, but there are only 0 elements that match locator By(css selector, section[data-widget=&apos;footer&apos;] footer ul:not([class=&apos;social-links&apos;]) li a)
    at WebDriverError (C:\Users\Ravikiran\AppData\Roaming\npm\node_modules\protractor\node_modules\selenium-webdriver\lib\error.js:27:5)
    at NoSuchElementError (C:\Users\Ravikiran\AppData\Roaming\npm\node_modules\protractor\node_modules\selenium-webdriver\lib\error.js:168:5)
    at selenium_webdriver_1.promise.all.then (C:\Users\Ravikiran\AppData\Roaming\npm\node_modules\protractor\lib\element.ts:284:17)
    at ManagedPromise.invokeCallback_ (C:\Users\Ravikiran\AppData\Roaming\npm\node_modules\protractor\node_modules\selenium-webdriver\lib\promise.js:1366:14)
    at TaskQueue.execute_ (C:\Users\Ravikiran\AppData\Roaming\npm\node_modules\protractor\node_modules\selenium-webdriver\lib\promise.js:2970:14)
    at TaskQueue.executeNext_ (C:\Users\Ravikiran\AppData\Roaming\npm\node_modules\protractor\node_modules\selenium-webdriver\lib\promise.js:2953:27)
    at asyncRun (C:\Users\Ravikiran\AppData\Roaming\npm\node_modules\protractor\node_modules\selenium-webdriver\lib\promise.js:2813:27)
    at C:\Users\Ravikiran\AppData\Roaming\npm\node_modules\protractor\node_modules\selenium-webdriver\lib\promise.js:676:7
    at process._tickCallback (internal/process/next_tick.js:103:7)Error
    at ElementArrayFinder.applyAction_ (C:\Users\Ravikiran\AppData\Roaming\npm\node_modules\protractor\lib\element.ts:463:23)
    at ElementArrayFinder.(anonymous function) [as getAttribute] (C:\Users\Ravikiran\AppData\Roaming\npm\node_modules\protractor\lib\element.ts:95:21)
    at ElementFinder.(anonymous function) [as getAttribute] (C:\Users\Ravikiran\AppData\Roaming\npm\node_modules\protractor\lib\element.ts:841:14)
    at Object.&lt;anonymous&gt; (E:\protractorcms\cyborg\features\FT\common\ft_common.js:21:37)
    at C:\Users\Ravikiran\AppData\Roaming\npm\node_modules\protractor\node_modules\jasminewd2\index.js:102:25
    at new ManagedPromise (C:\Users\Ravikiran\AppData\Roaming\npm\node_modules\protractor\node_modules\selenium-webdriver\lib\promise.js:1067:7)
    at controlFlowExecute (C:\Users\Ravikiran\AppData\Roaming\npm\node_modules\protractor\node_modules\jasminewd2\index.js:87:18)
    at TaskQueue.execute_ (C:\Users\Ravikiran\AppData\Roaming\npm\node_modules\protractor\node_modules\selenium-webdriver\lib\promise.js:2970:14)
    at TaskQueue.executeNext_ (C:\Users\Ravikiran\AppData\Roaming\npm\node_modules\protractor\node_modules\selenium-webdriver\lib\promise.js:2953:27)
    at asyncRun (C:\Users\Ravikiran\AppData\Roaming\npm\node_modules\protractor\node_modules\selenium-webdriver\lib\promise.js:2813:27)
From: Task: Run it(&quot;Comparing href values of link in footer at index 2&quot;) in control flow
    at Object.&lt;anonymous&gt; (C:\Users\Ravikiran\AppData\Roaming\npm\node_modules\protractor\node_modules\jasminewd2\index.js:86:14)
    at attemptAsync (C:\Users\Ravikiran\AppData\Roaming\npm\node_modules\protractor\node_modules\jasmine-core\lib\jasmine-core\jasmine.js:1916:24)
    at QueueRunner.run (C:\Users\Ravikiran\AppData\Roaming\npm\node_modules\protractor\node_modules\jasmine-core\lib\jasmine-core\jasmine.js:1871:9)
    at QueueRunner.execute (C:\Users\Ravikiran\AppData\Roaming\npm\node_modules\protractor\node_modules\jasmine-core\lib\jasmine-core\jasmine.js:1859:10)
    at Spec.queueRunnerFactory (C:\Users\Ravikiran\AppData\Roaming\npm\node_modules\protractor\node_modules\jasmine-core\lib\jasmine-core\jasmine.js:697:35)
    at Spec.execute (C:\Users\Ravikiran\AppData\Roaming\npm\node_modules\protractor\node_modules\jasmine-core\lib\jasmine-core\jasmine.js:359:10)
    at Object.fn (C:\Users\Ravikiran\AppData\Roaming\npm\node_modules\protractor\node_modules\jasmine-core\lib\jasmine-core\jasmine.js:2479:37)
    at attemptAsync (C:\Users\Ravikiran\AppData\Roaming\npm\node_modules\protractor\node_modules\jasmine-core\lib\jasmine-core\jasmine.js:1916:24)
    at QueueRunner.run (C:\Users\Ravikiran\AppData\Roaming\npm\node_modules\protractor\node_modules\jasmine-core\lib\jasmine-core\jasmine.js:1871:9)
    at C:\Users\Ravikiran\AppData\Roaming\npm\node_modules\protractor\node_modules\jasmine-core\lib\jasmine-core\jasmine.js:1898:16
From asynchronous test: 
Error
    at validatingLinks (E:\protractorcms\cyborg\features\FT\common\ft_common.js:19:10)
    at ValidatingFooterLinksText (E:\protractorcms\cyborg\features\FT\common\ft_common.js:59:9)
    at ft_common.validateLinksAndText (E:\protractorcms\cyborg\features\FT\common\ft_common.js:85:13)
    at Suite.&lt;anonymous&gt; (E:\protractorcms\cyborg\features\FT\FT-002\FT-002.js:16:14)
    at addSpecsToSuite (C:\Users\Ravikiran\AppData\Roaming\npm\node_modules\protractor\node_modules\jasmine-core\lib\jasmine-core\jasmine.js:833:25)
    at Env.describe (C:\Users\Ravikiran\AppData\Roaming\npm\node_modules\protractor\node_modules\jasmine-core\lib\jasmine-core\jasmine.js:802:7)
    at describe (C:\Users\Ravikiran\AppData\Roaming\npm\node_modules\protractor\node_modules\jasmine-core\lib\jasmine-core\jasmine.js:3375:18)
    at Object.&lt;anonymous&gt; (E:\protractorcms\cyborg\features\FT\FT-002\FT-002.js:14:1)
    at Module._compile (module.js:570:32)</stack-trace>
			</failure>
		</test-case>
		<test-case start="1488964864390" stop="1488964866843" status="failed">
			<name>Clicking link in footer at idx 2</name>
			<title>Clicking link in footer at idx 2</title>
			<description></description>
			<labels>
			</labels>
			<parameters>
			</parameters>
			<steps>
			</steps>
			<attachments>
				<attachment title="Screenshot" source="c1596c41-7ea1-46ab-a875-ca8d42e57f24-attachment.png" type="image/png" size="200511"/>
			</attachments>
			<failure>
				<message>Failed: Given element By(css selector, section[data-widget=&apos;footer&apos;] footer ul:not([class=&apos;social-links&apos;]) li a) not displayed and the error was NoSuchElementError: Index out of bound. Trying to access element at index: 2, but there are only 0 elements that match locator By(css selector, section[data-widget=&apos;footer&apos;] footer ul:not([class=&apos;social-links&apos;]) li a)</message>
				<stack-trace>Error: Failed: Given element By(css selector, section[data-widget=&apos;footer&apos;] footer ul:not([class=&apos;social-links&apos;]) li a) not displayed and the error was NoSuchElementError: Index out of bound. Trying to access element at index: 2, but there are only 0 elements that match locator By(css selector, section[data-widget=&apos;footer&apos;] footer ul:not([class=&apos;social-links&apos;]) li a)
    at stack (C:\Users\Ravikiran\AppData\Roaming\npm\node_modules\protractor\node_modules\jasmine-core\lib\jasmine-core\jasmine.js:1577:17)
    at buildExpectationResult (C:\Users\Ravikiran\AppData\Roaming\npm\node_modules\protractor\node_modules\jasmine-core\lib\jasmine-core\jasmine.js:1547:14)
    at Spec.expectationResultFactory (C:\Users\Ravikiran\AppData\Roaming\npm\node_modules\protractor\node_modules\jasmine-core\lib\jasmine-core\jasmine.js:638:18)
    at Spec.addExpectationResult (C:\Users\Ravikiran\AppData\Roaming\npm\node_modules\protractor\node_modules\jasmine-core\lib\jasmine-core\jasmine.js:330:34)
    at Env.fail (C:\Users\Ravikiran\AppData\Roaming\npm\node_modules\protractor\node_modules\jasmine-core\lib\jasmine-core\jasmine.js:987:25)
    at Function.next.fail (C:\Users\Ravikiran\AppData\Roaming\npm\node_modules\protractor\node_modules\jasmine-core\lib\jasmine-core\jasmine.js:1903:19)
    at C:\Users\Ravikiran\AppData\Roaming\npm\node_modules\protractor\node_modules\jasminewd2\index.js:61:7
    at ControlFlow.emit (C:\Users\Ravikiran\AppData\Roaming\npm\node_modules\protractor\node_modules\selenium-webdriver\lib\events.js:62:21)
    at ControlFlow.shutdown_ (C:\Users\Ravikiran\AppData\Roaming\npm\node_modules\protractor\node_modules\selenium-webdriver\lib\promise.js:2565:10)
    at shutdownTask_.MicroTask (C:\Users\Ravikiran\AppData\Roaming\npm\node_modules\protractor\node_modules\selenium-webdriver\lib\promise.js:2490:53)</stack-trace>
			</failure>
		</test-case>
		<test-case start="1488964866843" stop="1488964867198" status="failed">
			<name>Shifting windows and validating them</name>
			<title>Shifting windows and validating them</title>
			<description></description>
			<labels>
			</labels>
			<parameters>
			</parameters>
			<steps>
			</steps>
			<attachments>
				<attachment title="Screenshot" source="702cd77d-a1b9-4834-8e09-4756fe6de921-attachment.png" type="image/png" size="200511"/>
			</attachments>
			<failure>
				<message>Failed: Cannot read property &apos;then&apos; of undefined</message>
				<stack-trace>TypeError: Cannot read property &apos;then&apos; of undefined
    at UserActions.shiftingBrowserWindowTabs (E:\protractorcms\cyborg\utility\user_actions.js:146:26)
    at E:\protractorcms\cyborg\features\FT\common\ft_common.js:34:25
    at ManagedPromise.invokeCallback_ (C:\Users\Ravikiran\AppData\Roaming\npm\node_modules\protractor\node_modules\selenium-webdriver\lib\promise.js:1366:14)
    at TaskQueue.execute_ (C:\Users\Ravikiran\AppData\Roaming\npm\node_modules\protractor\node_modules\selenium-webdriver\lib\promise.js:2970:14)
    at TaskQueue.executeNext_ (C:\Users\Ravikiran\AppData\Roaming\npm\node_modules\protractor\node_modules\selenium-webdriver\lib\promise.js:2953:27)
    at asyncRun (C:\Users\Ravikiran\AppData\Roaming\npm\node_modules\protractor\node_modules\selenium-webdriver\lib\promise.js:2813:27)
    at C:\Users\Ravikiran\AppData\Roaming\npm\node_modules\protractor\node_modules\selenium-webdriver\lib\promise.js:676:7
    at process._tickCallback (internal/process/next_tick.js:103:7)
From: Task: Run it(&quot;Shifting windows and validating them&quot;) in control flow
    at Object.&lt;anonymous&gt; (C:\Users\Ravikiran\AppData\Roaming\npm\node_modules\protractor\node_modules\jasminewd2\index.js:86:14)
    at attemptAsync (C:\Users\Ravikiran\AppData\Roaming\npm\node_modules\protractor\node_modules\jasmine-core\lib\jasmine-core\jasmine.js:1916:24)
    at QueueRunner.run (C:\Users\Ravikiran\AppData\Roaming\npm\node_modules\protractor\node_modules\jasmine-core\lib\jasmine-core\jasmine.js:1871:9)
    at QueueRunner.execute (C:\Users\Ravikiran\AppData\Roaming\npm\node_modules\protractor\node_modules\jasmine-core\lib\jasmine-core\jasmine.js:1859:10)
    at Spec.queueRunnerFactory (C:\Users\Ravikiran\AppData\Roaming\npm\node_modules\protractor\node_modules\jasmine-core\lib\jasmine-core\jasmine.js:697:35)
    at Spec.execute (C:\Users\Ravikiran\AppData\Roaming\npm\node_modules\protractor\node_modules\jasmine-core\lib\jasmine-core\jasmine.js:359:10)
    at Object.fn (C:\Users\Ravikiran\AppData\Roaming\npm\node_modules\protractor\node_modules\jasmine-core\lib\jasmine-core\jasmine.js:2479:37)
    at attemptAsync (C:\Users\Ravikiran\AppData\Roaming\npm\node_modules\protractor\node_modules\jasmine-core\lib\jasmine-core\jasmine.js:1916:24)
    at QueueRunner.run (C:\Users\Ravikiran\AppData\Roaming\npm\node_modules\protractor\node_modules\jasmine-core\lib\jasmine-core\jasmine.js:1871:9)
    at C:\Users\Ravikiran\AppData\Roaming\npm\node_modules\protractor\node_modules\jasmine-core\lib\jasmine-core\jasmine.js:1898:16
From asynchronous test: 
Error
    at validatingLinks (E:\protractorcms\cyborg\features\FT\common\ft_common.js:32:9)
    at ValidatingFooterLinksText (E:\protractorcms\cyborg\features\FT\common\ft_common.js:59:9)
    at ft_common.validateLinksAndText (E:\protractorcms\cyborg\features\FT\common\ft_common.js:85:13)
    at Suite.&lt;anonymous&gt; (E:\protractorcms\cyborg\features\FT\FT-002\FT-002.js:16:14)
    at addSpecsToSuite (C:\Users\Ravikiran\AppData\Roaming\npm\node_modules\protractor\node_modules\jasmine-core\lib\jasmine-core\jasmine.js:833:25)
    at Env.describe (C:\Users\Ravikiran\AppData\Roaming\npm\node_modules\protractor\node_modules\jasmine-core\lib\jasmine-core\jasmine.js:802:7)
    at describe (C:\Users\Ravikiran\AppData\Roaming\npm\node_modules\protractor\node_modules\jasmine-core\lib\jasmine-core\jasmine.js:3375:18)
    at Object.&lt;anonymous&gt; (E:\protractorcms\cyborg\features\FT\FT-002\FT-002.js:14:1)
    at Module._compile (module.js:570:32)</stack-trace>
			</failure>
		</test-case>
		<test-case start="1488964867198" stop="1488964869621" status="failed">
			<name>Comparing href values of link in footer at index 3</name>
			<title>Comparing href values of link in footer at index 3</title>
			<description></description>
			<labels>
			</labels>
			<parameters>
			</parameters>
			<steps>
			</steps>
			<attachments>
				<attachment title="Screenshot" source="b3b7fc7a-00a0-4c1a-84cf-859653ce21a4-attachment.png" type="image/png" size="200511"/>
			</attachments>
			<failure>
				<message>Failed: Index out of bound. Trying to access element at index: 3, but there are only 0 elements that match locator By(css selector, section[data-widget=&apos;footer&apos;] footer ul:not([class=&apos;social-links&apos;]) li a)</message>
				<stack-trace>NoSuchElementError: Index out of bound. Trying to access element at index: 3, but there are only 0 elements that match locator By(css selector, section[data-widget=&apos;footer&apos;] footer ul:not([class=&apos;social-links&apos;]) li a)
    at WebDriverError (C:\Users\Ravikiran\AppData\Roaming\npm\node_modules\protractor\node_modules\selenium-webdriver\lib\error.js:27:5)
    at NoSuchElementError (C:\Users\Ravikiran\AppData\Roaming\npm\node_modules\protractor\node_modules\selenium-webdriver\lib\error.js:168:5)
    at selenium_webdriver_1.promise.all.then (C:\Users\Ravikiran\AppData\Roaming\npm\node_modules\protractor\lib\element.ts:284:17)
    at ManagedPromise.invokeCallback_ (C:\Users\Ravikiran\AppData\Roaming\npm\node_modules\protractor\node_modules\selenium-webdriver\lib\promise.js:1366:14)
    at TaskQueue.execute_ (C:\Users\Ravikiran\AppData\Roaming\npm\node_modules\protractor\node_modules\selenium-webdriver\lib\promise.js:2970:14)
    at TaskQueue.executeNext_ (C:\Users\Ravikiran\AppData\Roaming\npm\node_modules\protractor\node_modules\selenium-webdriver\lib\promise.js:2953:27)
    at asyncRun (C:\Users\Ravikiran\AppData\Roaming\npm\node_modules\protractor\node_modules\selenium-webdriver\lib\promise.js:2813:27)
    at C:\Users\Ravikiran\AppData\Roaming\npm\node_modules\protractor\node_modules\selenium-webdriver\lib\promise.js:676:7
    at process._tickCallback (internal/process/next_tick.js:103:7)Error
    at ElementArrayFinder.applyAction_ (C:\Users\Ravikiran\AppData\Roaming\npm\node_modules\protractor\lib\element.ts:463:23)
    at ElementArrayFinder.(anonymous function) [as getAttribute] (C:\Users\Ravikiran\AppData\Roaming\npm\node_modules\protractor\lib\element.ts:95:21)
    at ElementFinder.(anonymous function) [as getAttribute] (C:\Users\Ravikiran\AppData\Roaming\npm\node_modules\protractor\lib\element.ts:841:14)
    at Object.&lt;anonymous&gt; (E:\protractorcms\cyborg\features\FT\common\ft_common.js:21:37)
    at C:\Users\Ravikiran\AppData\Roaming\npm\node_modules\protractor\node_modules\jasminewd2\index.js:102:25
    at new ManagedPromise (C:\Users\Ravikiran\AppData\Roaming\npm\node_modules\protractor\node_modules\selenium-webdriver\lib\promise.js:1067:7)
    at controlFlowExecute (C:\Users\Ravikiran\AppData\Roaming\npm\node_modules\protractor\node_modules\jasminewd2\index.js:87:18)
    at TaskQueue.execute_ (C:\Users\Ravikiran\AppData\Roaming\npm\node_modules\protractor\node_modules\selenium-webdriver\lib\promise.js:2970:14)
    at TaskQueue.executeNext_ (C:\Users\Ravikiran\AppData\Roaming\npm\node_modules\protractor\node_modules\selenium-webdriver\lib\promise.js:2953:27)
    at asyncRun (C:\Users\Ravikiran\AppData\Roaming\npm\node_modules\protractor\node_modules\selenium-webdriver\lib\promise.js:2813:27)
From: Task: Run it(&quot;Comparing href values of link in footer at index 3&quot;) in control flow
    at Object.&lt;anonymous&gt; (C:\Users\Ravikiran\AppData\Roaming\npm\node_modules\protractor\node_modules\jasminewd2\index.js:86:14)
    at attemptAsync (C:\Users\Ravikiran\AppData\Roaming\npm\node_modules\protractor\node_modules\jasmine-core\lib\jasmine-core\jasmine.js:1916:24)
    at QueueRunner.run (C:\Users\Ravikiran\AppData\Roaming\npm\node_modules\protractor\node_modules\jasmine-core\lib\jasmine-core\jasmine.js:1871:9)
    at QueueRunner.execute (C:\Users\Ravikiran\AppData\Roaming\npm\node_modules\protractor\node_modules\jasmine-core\lib\jasmine-core\jasmine.js:1859:10)
    at Spec.queueRunnerFactory (C:\Users\Ravikiran\AppData\Roaming\npm\node_modules\protractor\node_modules\jasmine-core\lib\jasmine-core\jasmine.js:697:35)
    at Spec.execute (C:\Users\Ravikiran\AppData\Roaming\npm\node_modules\protractor\node_modules\jasmine-core\lib\jasmine-core\jasmine.js:359:10)
    at Object.fn (C:\Users\Ravikiran\AppData\Roaming\npm\node_modules\protractor\node_modules\jasmine-core\lib\jasmine-core\jasmine.js:2479:37)
    at attemptAsync (C:\Users\Ravikiran\AppData\Roaming\npm\node_modules\protractor\node_modules\jasmine-core\lib\jasmine-core\jasmine.js:1916:24)
    at QueueRunner.run (C:\Users\Ravikiran\AppData\Roaming\npm\node_modules\protractor\node_modules\jasmine-core\lib\jasmine-core\jasmine.js:1871:9)
    at C:\Users\Ravikiran\AppData\Roaming\npm\node_modules\protractor\node_modules\jasmine-core\lib\jasmine-core\jasmine.js:1898:16
From asynchronous test: 
Error
    at validatingLinks (E:\protractorcms\cyborg\features\FT\common\ft_common.js:19:10)
    at ValidatingFooterLinksText (E:\protractorcms\cyborg\features\FT\common\ft_common.js:59:9)
    at ft_common.validateLinksAndText (E:\protractorcms\cyborg\features\FT\common\ft_common.js:85:13)
    at Suite.&lt;anonymous&gt; (E:\protractorcms\cyborg\features\FT\FT-002\FT-002.js:16:14)
    at addSpecsToSuite (C:\Users\Ravikiran\AppData\Roaming\npm\node_modules\protractor\node_modules\jasmine-core\lib\jasmine-core\jasmine.js:833:25)
    at Env.describe (C:\Users\Ravikiran\AppData\Roaming\npm\node_modules\protractor\node_modules\jasmine-core\lib\jasmine-core\jasmine.js:802:7)
    at describe (C:\Users\Ravikiran\AppData\Roaming\npm\node_modules\protractor\node_modules\jasmine-core\lib\jasmine-core\jasmine.js:3375:18)
    at Object.&lt;anonymous&gt; (E:\protractorcms\cyborg\features\FT\FT-002\FT-002.js:14:1)
    at Module._compile (module.js:570:32)</stack-trace>
			</failure>
		</test-case>
		<test-case start="1488964869621" stop="1488964872044" status="failed">
			<name>Clicking link in footer at idx 3</name>
			<title>Clicking link in footer at idx 3</title>
			<description></description>
			<labels>
			</labels>
			<parameters>
			</parameters>
			<steps>
			</steps>
			<attachments>
				<attachment title="Screenshot" source="2ab762d8-41c6-4d95-bed7-0c4f27468f7d-attachment.png" type="image/png" size="200511"/>
			</attachments>
			<failure>
				<message>Failed: Given element By(css selector, section[data-widget=&apos;footer&apos;] footer ul:not([class=&apos;social-links&apos;]) li a) not displayed and the error was NoSuchElementError: Index out of bound. Trying to access element at index: 3, but there are only 0 elements that match locator By(css selector, section[data-widget=&apos;footer&apos;] footer ul:not([class=&apos;social-links&apos;]) li a)</message>
				<stack-trace>Error: Failed: Given element By(css selector, section[data-widget=&apos;footer&apos;] footer ul:not([class=&apos;social-links&apos;]) li a) not displayed and the error was NoSuchElementError: Index out of bound. Trying to access element at index: 3, but there are only 0 elements that match locator By(css selector, section[data-widget=&apos;footer&apos;] footer ul:not([class=&apos;social-links&apos;]) li a)
    at stack (C:\Users\Ravikiran\AppData\Roaming\npm\node_modules\protractor\node_modules\jasmine-core\lib\jasmine-core\jasmine.js:1577:17)
    at buildExpectationResult (C:\Users\Ravikiran\AppData\Roaming\npm\node_modules\protractor\node_modules\jasmine-core\lib\jasmine-core\jasmine.js:1547:14)
    at Spec.expectationResultFactory (C:\Users\Ravikiran\AppData\Roaming\npm\node_modules\protractor\node_modules\jasmine-core\lib\jasmine-core\jasmine.js:638:18)
    at Spec.addExpectationResult (C:\Users\Ravikiran\AppData\Roaming\npm\node_modules\protractor\node_modules\jasmine-core\lib\jasmine-core\jasmine.js:330:34)
    at Env.fail (C:\Users\Ravikiran\AppData\Roaming\npm\node_modules\protractor\node_modules\jasmine-core\lib\jasmine-core\jasmine.js:987:25)
    at Function.next.fail (C:\Users\Ravikiran\AppData\Roaming\npm\node_modules\protractor\node_modules\jasmine-core\lib\jasmine-core\jasmine.js:1903:19)
    at C:\Users\Ravikiran\AppData\Roaming\npm\node_modules\protractor\node_modules\jasminewd2\index.js:61:7
    at ControlFlow.emit (C:\Users\Ravikiran\AppData\Roaming\npm\node_modules\protractor\node_modules\selenium-webdriver\lib\events.js:62:21)
    at ControlFlow.shutdown_ (C:\Users\Ravikiran\AppData\Roaming\npm\node_modules\protractor\node_modules\selenium-webdriver\lib\promise.js:2565:10)
    at shutdownTask_.MicroTask (C:\Users\Ravikiran\AppData\Roaming\npm\node_modules\protractor\node_modules\selenium-webdriver\lib\promise.js:2490:53)</stack-trace>
			</failure>
		</test-case>
		<test-case start="1488964872044" stop="1488964872419" status="failed">
			<name>Shifting windows and validating them</name>
			<title>Shifting windows and validating them</title>
			<description></description>
			<labels>
			</labels>
			<parameters>
			</parameters>
			<steps>
			</steps>
			<attachments>
				<attachment title="Screenshot" source="9d408631-18c0-4858-adc8-f9423be262bc-attachment.png" type="image/png" size="200511"/>
			</attachments>
			<failure>
				<message>Failed: Cannot read property &apos;then&apos; of undefined</message>
				<stack-trace>TypeError: Cannot read property &apos;then&apos; of undefined
    at UserActions.shiftingBrowserWindowTabs (E:\protractorcms\cyborg\utility\user_actions.js:146:26)
    at E:\protractorcms\cyborg\features\FT\common\ft_common.js:34:25
    at ManagedPromise.invokeCallback_ (C:\Users\Ravikiran\AppData\Roaming\npm\node_modules\protractor\node_modules\selenium-webdriver\lib\promise.js:1366:14)
    at TaskQueue.execute_ (C:\Users\Ravikiran\AppData\Roaming\npm\node_modules\protractor\node_modules\selenium-webdriver\lib\promise.js:2970:14)
    at TaskQueue.executeNext_ (C:\Users\Ravikiran\AppData\Roaming\npm\node_modules\protractor\node_modules\selenium-webdriver\lib\promise.js:2953:27)
    at asyncRun (C:\Users\Ravikiran\AppData\Roaming\npm\node_modules\protractor\node_modules\selenium-webdriver\lib\promise.js:2813:27)
    at C:\Users\Ravikiran\AppData\Roaming\npm\node_modules\protractor\node_modules\selenium-webdriver\lib\promise.js:676:7
    at process._tickCallback (internal/process/next_tick.js:103:7)
From: Task: Run it(&quot;Shifting windows and validating them&quot;) in control flow
    at Object.&lt;anonymous&gt; (C:\Users\Ravikiran\AppData\Roaming\npm\node_modules\protractor\node_modules\jasminewd2\index.js:86:14)
    at attemptAsync (C:\Users\Ravikiran\AppData\Roaming\npm\node_modules\protractor\node_modules\jasmine-core\lib\jasmine-core\jasmine.js:1916:24)
    at QueueRunner.run (C:\Users\Ravikiran\AppData\Roaming\npm\node_modules\protractor\node_modules\jasmine-core\lib\jasmine-core\jasmine.js:1871:9)
    at QueueRunner.execute (C:\Users\Ravikiran\AppData\Roaming\npm\node_modules\protractor\node_modules\jasmine-core\lib\jasmine-core\jasmine.js:1859:10)
    at Spec.queueRunnerFactory (C:\Users\Ravikiran\AppData\Roaming\npm\node_modules\protractor\node_modules\jasmine-core\lib\jasmine-core\jasmine.js:697:35)
    at Spec.execute (C:\Users\Ravikiran\AppData\Roaming\npm\node_modules\protractor\node_modules\jasmine-core\lib\jasmine-core\jasmine.js:359:10)
    at Object.fn (C:\Users\Ravikiran\AppData\Roaming\npm\node_modules\protractor\node_modules\jasmine-core\lib\jasmine-core\jasmine.js:2479:37)
    at attemptAsync (C:\Users\Ravikiran\AppData\Roaming\npm\node_modules\protractor\node_modules\jasmine-core\lib\jasmine-core\jasmine.js:1916:24)
    at QueueRunner.run (C:\Users\Ravikiran\AppData\Roaming\npm\node_modules\protractor\node_modules\jasmine-core\lib\jasmine-core\jasmine.js:1871:9)
    at C:\Users\Ravikiran\AppData\Roaming\npm\node_modules\protractor\node_modules\jasmine-core\lib\jasmine-core\jasmine.js:1898:16
From asynchronous test: 
Error
    at validatingLinks (E:\protractorcms\cyborg\features\FT\common\ft_common.js:32:9)
    at ValidatingFooterLinksText (E:\protractorcms\cyborg\features\FT\common\ft_common.js:59:9)
    at ft_common.validateLinksAndText (E:\protractorcms\cyborg\features\FT\common\ft_common.js:85:13)
    at Suite.&lt;anonymous&gt; (E:\protractorcms\cyborg\features\FT\FT-002\FT-002.js:16:14)
    at addSpecsToSuite (C:\Users\Ravikiran\AppData\Roaming\npm\node_modules\protractor\node_modules\jasmine-core\lib\jasmine-core\jasmine.js:833:25)
    at Env.describe (C:\Users\Ravikiran\AppData\Roaming\npm\node_modules\protractor\node_modules\jasmine-core\lib\jasmine-core\jasmine.js:802:7)
    at describe (C:\Users\Ravikiran\AppData\Roaming\npm\node_modules\protractor\node_modules\jasmine-core\lib\jasmine-core\jasmine.js:3375:18)
    at Object.&lt;anonymous&gt; (E:\protractorcms\cyborg\features\FT\FT-002\FT-002.js:14:1)
    at Module._compile (module.js:570:32)</stack-trace>
			</failure>
		</test-case>
		<test-case start="1488964872419" stop="1488964874850" status="failed">
			<name>Comparing href values of link in footer at index 4</name>
			<title>Comparing href values of link in footer at index 4</title>
			<description></description>
			<labels>
			</labels>
			<parameters>
			</parameters>
			<steps>
			</steps>
			<attachments>
				<attachment title="Screenshot" source="d619c1ee-07c9-415e-8446-5f430134ea15-attachment.png" type="image/png" size="200511"/>
			</attachments>
			<failure>
				<message>Failed: Index out of bound. Trying to access element at index: 4, but there are only 0 elements that match locator By(css selector, section[data-widget=&apos;footer&apos;] footer ul:not([class=&apos;social-links&apos;]) li a)</message>
				<stack-trace>NoSuchElementError: Index out of bound. Trying to access element at index: 4, but there are only 0 elements that match locator By(css selector, section[data-widget=&apos;footer&apos;] footer ul:not([class=&apos;social-links&apos;]) li a)
    at WebDriverError (C:\Users\Ravikiran\AppData\Roaming\npm\node_modules\protractor\node_modules\selenium-webdriver\lib\error.js:27:5)
    at NoSuchElementError (C:\Users\Ravikiran\AppData\Roaming\npm\node_modules\protractor\node_modules\selenium-webdriver\lib\error.js:168:5)
    at selenium_webdriver_1.promise.all.then (C:\Users\Ravikiran\AppData\Roaming\npm\node_modules\protractor\lib\element.ts:284:17)
    at ManagedPromise.invokeCallback_ (C:\Users\Ravikiran\AppData\Roaming\npm\node_modules\protractor\node_modules\selenium-webdriver\lib\promise.js:1366:14)
    at TaskQueue.execute_ (C:\Users\Ravikiran\AppData\Roaming\npm\node_modules\protractor\node_modules\selenium-webdriver\lib\promise.js:2970:14)
    at TaskQueue.executeNext_ (C:\Users\Ravikiran\AppData\Roaming\npm\node_modules\protractor\node_modules\selenium-webdriver\lib\promise.js:2953:27)
    at asyncRun (C:\Users\Ravikiran\AppData\Roaming\npm\node_modules\protractor\node_modules\selenium-webdriver\lib\promise.js:2813:27)
    at C:\Users\Ravikiran\AppData\Roaming\npm\node_modules\protractor\node_modules\selenium-webdriver\lib\promise.js:676:7
    at process._tickCallback (internal/process/next_tick.js:103:7)Error
    at ElementArrayFinder.applyAction_ (C:\Users\Ravikiran\AppData\Roaming\npm\node_modules\protractor\lib\element.ts:463:23)
    at ElementArrayFinder.(anonymous function) [as getAttribute] (C:\Users\Ravikiran\AppData\Roaming\npm\node_modules\protractor\lib\element.ts:95:21)
    at ElementFinder.(anonymous function) [as getAttribute] (C:\Users\Ravikiran\AppData\Roaming\npm\node_modules\protractor\lib\element.ts:841:14)
    at Object.&lt;anonymous&gt; (E:\protractorcms\cyborg\features\FT\common\ft_common.js:21:37)
    at C:\Users\Ravikiran\AppData\Roaming\npm\node_modules\protractor\node_modules\jasminewd2\index.js:102:25
    at new ManagedPromise (C:\Users\Ravikiran\AppData\Roaming\npm\node_modules\protractor\node_modules\selenium-webdriver\lib\promise.js:1067:7)
    at controlFlowExecute (C:\Users\Ravikiran\AppData\Roaming\npm\node_modules\protractor\node_modules\jasminewd2\index.js:87:18)
    at TaskQueue.execute_ (C:\Users\Ravikiran\AppData\Roaming\npm\node_modules\protractor\node_modules\selenium-webdriver\lib\promise.js:2970:14)
    at TaskQueue.executeNext_ (C:\Users\Ravikiran\AppData\Roaming\npm\node_modules\protractor\node_modules\selenium-webdriver\lib\promise.js:2953:27)
    at asyncRun (C:\Users\Ravikiran\AppData\Roaming\npm\node_modules\protractor\node_modules\selenium-webdriver\lib\promise.js:2813:27)
From: Task: Run it(&quot;Comparing href values of link in footer at index 4&quot;) in control flow
    at Object.&lt;anonymous&gt; (C:\Users\Ravikiran\AppData\Roaming\npm\node_modules\protractor\node_modules\jasminewd2\index.js:86:14)
    at attemptAsync (C:\Users\Ravikiran\AppData\Roaming\npm\node_modules\protractor\node_modules\jasmine-core\lib\jasmine-core\jasmine.js:1916:24)
    at QueueRunner.run (C:\Users\Ravikiran\AppData\Roaming\npm\node_modules\protractor\node_modules\jasmine-core\lib\jasmine-core\jasmine.js:1871:9)
    at QueueRunner.execute (C:\Users\Ravikiran\AppData\Roaming\npm\node_modules\protractor\node_modules\jasmine-core\lib\jasmine-core\jasmine.js:1859:10)
    at Spec.queueRunnerFactory (C:\Users\Ravikiran\AppData\Roaming\npm\node_modules\protractor\node_modules\jasmine-core\lib\jasmine-core\jasmine.js:697:35)
    at Spec.execute (C:\Users\Ravikiran\AppData\Roaming\npm\node_modules\protractor\node_modules\jasmine-core\lib\jasmine-core\jasmine.js:359:10)
    at Object.fn (C:\Users\Ravikiran\AppData\Roaming\npm\node_modules\protractor\node_modules\jasmine-core\lib\jasmine-core\jasmine.js:2479:37)
    at attemptAsync (C:\Users\Ravikiran\AppData\Roaming\npm\node_modules\protractor\node_modules\jasmine-core\lib\jasmine-core\jasmine.js:1916:24)
    at QueueRunner.run (C:\Users\Ravikiran\AppData\Roaming\npm\node_modules\protractor\node_modules\jasmine-core\lib\jasmine-core\jasmine.js:1871:9)
    at C:\Users\Ravikiran\AppData\Roaming\npm\node_modules\protractor\node_modules\jasmine-core\lib\jasmine-core\jasmine.js:1898:16
From asynchronous test: 
Error
    at validatingLinks (E:\protractorcms\cyborg\features\FT\common\ft_common.js:19:10)
    at ValidatingFooterLinksText (E:\protractorcms\cyborg\features\FT\common\ft_common.js:59:9)
    at ft_common.validateLinksAndText (E:\protractorcms\cyborg\features\FT\common\ft_common.js:85:13)
    at Suite.&lt;anonymous&gt; (E:\protractorcms\cyborg\features\FT\FT-002\FT-002.js:16:14)
    at addSpecsToSuite (C:\Users\Ravikiran\AppData\Roaming\npm\node_modules\protractor\node_modules\jasmine-core\lib\jasmine-core\jasmine.js:833:25)
    at Env.describe (C:\Users\Ravikiran\AppData\Roaming\npm\node_modules\protractor\node_modules\jasmine-core\lib\jasmine-core\jasmine.js:802:7)
    at describe (C:\Users\Ravikiran\AppData\Roaming\npm\node_modules\protractor\node_modules\jasmine-core\lib\jasmine-core\jasmine.js:3375:18)
    at Object.&lt;anonymous&gt; (E:\protractorcms\cyborg\features\FT\FT-002\FT-002.js:14:1)
    at Module._compile (module.js:570:32)</stack-trace>
			</failure>
		</test-case>
		<test-case start="1488964874850" stop="1488964877232" status="failed">
			<name>Clicking link in footer at idx 4</name>
			<title>Clicking link in footer at idx 4</title>
			<description></description>
			<labels>
			</labels>
			<parameters>
			</parameters>
			<steps>
			</steps>
			<attachments>
				<attachment title="Screenshot" source="1e3c4a3b-228f-49df-a725-cbd10bfcd8bd-attachment.png" type="image/png" size="200511"/>
			</attachments>
			<failure>
				<message>Failed: Given element By(css selector, section[data-widget=&apos;footer&apos;] footer ul:not([class=&apos;social-links&apos;]) li a) not displayed and the error was NoSuchElementError: Index out of bound. Trying to access element at index: 4, but there are only 0 elements that match locator By(css selector, section[data-widget=&apos;footer&apos;] footer ul:not([class=&apos;social-links&apos;]) li a)</message>
				<stack-trace>Error: Failed: Given element By(css selector, section[data-widget=&apos;footer&apos;] footer ul:not([class=&apos;social-links&apos;]) li a) not displayed and the error was NoSuchElementError: Index out of bound. Trying to access element at index: 4, but there are only 0 elements that match locator By(css selector, section[data-widget=&apos;footer&apos;] footer ul:not([class=&apos;social-links&apos;]) li a)
    at stack (C:\Users\Ravikiran\AppData\Roaming\npm\node_modules\protractor\node_modules\jasmine-core\lib\jasmine-core\jasmine.js:1577:17)
    at buildExpectationResult (C:\Users\Ravikiran\AppData\Roaming\npm\node_modules\protractor\node_modules\jasmine-core\lib\jasmine-core\jasmine.js:1547:14)
    at Spec.expectationResultFactory (C:\Users\Ravikiran\AppData\Roaming\npm\node_modules\protractor\node_modules\jasmine-core\lib\jasmine-core\jasmine.js:638:18)
    at Spec.addExpectationResult (C:\Users\Ravikiran\AppData\Roaming\npm\node_modules\protractor\node_modules\jasmine-core\lib\jasmine-core\jasmine.js:330:34)
    at Env.fail (C:\Users\Ravikiran\AppData\Roaming\npm\node_modules\protractor\node_modules\jasmine-core\lib\jasmine-core\jasmine.js:987:25)
    at Function.next.fail (C:\Users\Ravikiran\AppData\Roaming\npm\node_modules\protractor\node_modules\jasmine-core\lib\jasmine-core\jasmine.js:1903:19)
    at C:\Users\Ravikiran\AppData\Roaming\npm\node_modules\protractor\node_modules\jasminewd2\index.js:61:7
    at ControlFlow.emit (C:\Users\Ravikiran\AppData\Roaming\npm\node_modules\protractor\node_modules\selenium-webdriver\lib\events.js:62:21)
    at ControlFlow.shutdown_ (C:\Users\Ravikiran\AppData\Roaming\npm\node_modules\protractor\node_modules\selenium-webdriver\lib\promise.js:2565:10)
    at shutdownTask_.MicroTask (C:\Users\Ravikiran\AppData\Roaming\npm\node_modules\protractor\node_modules\selenium-webdriver\lib\promise.js:2490:53)</stack-trace>
			</failure>
		</test-case>
		<test-case start="1488964877232" stop="1488964877598" status="failed">
			<name>Shifting windows and validating them</name>
			<title>Shifting windows and validating them</title>
			<description></description>
			<labels>
			</labels>
			<parameters>
			</parameters>
			<steps>
			</steps>
			<attachments>
				<attachment title="Screenshot" source="a6ca8d44-0ed5-4f71-b4fa-6d632771820c-attachment.png" type="image/png" size="200511"/>
			</attachments>
			<failure>
				<message>Failed: Cannot read property &apos;then&apos; of undefined</message>
				<stack-trace>TypeError: Cannot read property &apos;then&apos; of undefined
    at UserActions.shiftingBrowserWindowTabs (E:\protractorcms\cyborg\utility\user_actions.js:146:26)
    at E:\protractorcms\cyborg\features\FT\common\ft_common.js:34:25
    at ManagedPromise.invokeCallback_ (C:\Users\Ravikiran\AppData\Roaming\npm\node_modules\protractor\node_modules\selenium-webdriver\lib\promise.js:1366:14)
    at TaskQueue.execute_ (C:\Users\Ravikiran\AppData\Roaming\npm\node_modules\protractor\node_modules\selenium-webdriver\lib\promise.js:2970:14)
    at TaskQueue.executeNext_ (C:\Users\Ravikiran\AppData\Roaming\npm\node_modules\protractor\node_modules\selenium-webdriver\lib\promise.js:2953:27)
    at asyncRun (C:\Users\Ravikiran\AppData\Roaming\npm\node_modules\protractor\node_modules\selenium-webdriver\lib\promise.js:2813:27)
    at C:\Users\Ravikiran\AppData\Roaming\npm\node_modules\protractor\node_modules\selenium-webdriver\lib\promise.js:676:7
    at process._tickCallback (internal/process/next_tick.js:103:7)
From: Task: Run it(&quot;Shifting windows and validating them&quot;) in control flow
    at Object.&lt;anonymous&gt; (C:\Users\Ravikiran\AppData\Roaming\npm\node_modules\protractor\node_modules\jasminewd2\index.js:86:14)
    at attemptAsync (C:\Users\Ravikiran\AppData\Roaming\npm\node_modules\protractor\node_modules\jasmine-core\lib\jasmine-core\jasmine.js:1916:24)
    at QueueRunner.run (C:\Users\Ravikiran\AppData\Roaming\npm\node_modules\protractor\node_modules\jasmine-core\lib\jasmine-core\jasmine.js:1871:9)
    at QueueRunner.execute (C:\Users\Ravikiran\AppData\Roaming\npm\node_modules\protractor\node_modules\jasmine-core\lib\jasmine-core\jasmine.js:1859:10)
    at Spec.queueRunnerFactory (C:\Users\Ravikiran\AppData\Roaming\npm\node_modules\protractor\node_modules\jasmine-core\lib\jasmine-core\jasmine.js:697:35)
    at Spec.execute (C:\Users\Ravikiran\AppData\Roaming\npm\node_modules\protractor\node_modules\jasmine-core\lib\jasmine-core\jasmine.js:359:10)
    at Object.fn (C:\Users\Ravikiran\AppData\Roaming\npm\node_modules\protractor\node_modules\jasmine-core\lib\jasmine-core\jasmine.js:2479:37)
    at attemptAsync (C:\Users\Ravikiran\AppData\Roaming\npm\node_modules\protractor\node_modules\jasmine-core\lib\jasmine-core\jasmine.js:1916:24)
    at QueueRunner.run (C:\Users\Ravikiran\AppData\Roaming\npm\node_modules\protractor\node_modules\jasmine-core\lib\jasmine-core\jasmine.js:1871:9)
    at C:\Users\Ravikiran\AppData\Roaming\npm\node_modules\protractor\node_modules\jasmine-core\lib\jasmine-core\jasmine.js:1898:16
From asynchronous test: 
Error
    at validatingLinks (E:\protractorcms\cyborg\features\FT\common\ft_common.js:32:9)
    at ValidatingFooterLinksText (E:\protractorcms\cyborg\features\FT\common\ft_common.js:59:9)
    at ft_common.validateLinksAndText (E:\protractorcms\cyborg\features\FT\common\ft_common.js:85:13)
    at Suite.&lt;anonymous&gt; (E:\protractorcms\cyborg\features\FT\FT-002\FT-002.js:16:14)
    at addSpecsToSuite (C:\Users\Ravikiran\AppData\Roaming\npm\node_modules\protractor\node_modules\jasmine-core\lib\jasmine-core\jasmine.js:833:25)
    at Env.describe (C:\Users\Ravikiran\AppData\Roaming\npm\node_modules\protractor\node_modules\jasmine-core\lib\jasmine-core\jasmine.js:802:7)
    at describe (C:\Users\Ravikiran\AppData\Roaming\npm\node_modules\protractor\node_modules\jasmine-core\lib\jasmine-core\jasmine.js:3375:18)
    at Object.&lt;anonymous&gt; (E:\protractorcms\cyborg\features\FT\FT-002\FT-002.js:14:1)
    at Module._compile (module.js:570:32)</stack-trace>
			</failure>
		</test-case>
		<test-case start="1488964877598" stop="1488964880033" status="failed">
			<name>Comparing href values of link in footer at index 5</name>
			<title>Comparing href values of link in footer at index 5</title>
			<description></description>
			<labels>
			</labels>
			<parameters>
			</parameters>
			<steps>
			</steps>
			<attachments>
				<attachment title="Screenshot" source="d5eab2d0-9bae-4d6c-bd1c-cf00a036206c-attachment.png" type="image/png" size="200511"/>
			</attachments>
			<failure>
				<message>Failed: Index out of bound. Trying to access element at index: 5, but there are only 0 elements that match locator By(css selector, section[data-widget=&apos;footer&apos;] footer ul:not([class=&apos;social-links&apos;]) li a)</message>
				<stack-trace>NoSuchElementError: Index out of bound. Trying to access element at index: 5, but there are only 0 elements that match locator By(css selector, section[data-widget=&apos;footer&apos;] footer ul:not([class=&apos;social-links&apos;]) li a)
    at WebDriverError (C:\Users\Ravikiran\AppData\Roaming\npm\node_modules\protractor\node_modules\selenium-webdriver\lib\error.js:27:5)
    at NoSuchElementError (C:\Users\Ravikiran\AppData\Roaming\npm\node_modules\protractor\node_modules\selenium-webdriver\lib\error.js:168:5)
    at selenium_webdriver_1.promise.all.then (C:\Users\Ravikiran\AppData\Roaming\npm\node_modules\protractor\lib\element.ts:284:17)
    at ManagedPromise.invokeCallback_ (C:\Users\Ravikiran\AppData\Roaming\npm\node_modules\protractor\node_modules\selenium-webdriver\lib\promise.js:1366:14)
    at TaskQueue.execute_ (C:\Users\Ravikiran\AppData\Roaming\npm\node_modules\protractor\node_modules\selenium-webdriver\lib\promise.js:2970:14)
    at TaskQueue.executeNext_ (C:\Users\Ravikiran\AppData\Roaming\npm\node_modules\protractor\node_modules\selenium-webdriver\lib\promise.js:2953:27)
    at asyncRun (C:\Users\Ravikiran\AppData\Roaming\npm\node_modules\protractor\node_modules\selenium-webdriver\lib\promise.js:2813:27)
    at C:\Users\Ravikiran\AppData\Roaming\npm\node_modules\protractor\node_modules\selenium-webdriver\lib\promise.js:676:7
    at process._tickCallback (internal/process/next_tick.js:103:7)Error
    at ElementArrayFinder.applyAction_ (C:\Users\Ravikiran\AppData\Roaming\npm\node_modules\protractor\lib\element.ts:463:23)
    at ElementArrayFinder.(anonymous function) [as getAttribute] (C:\Users\Ravikiran\AppData\Roaming\npm\node_modules\protractor\lib\element.ts:95:21)
    at ElementFinder.(anonymous function) [as getAttribute] (C:\Users\Ravikiran\AppData\Roaming\npm\node_modules\protractor\lib\element.ts:841:14)
    at Object.&lt;anonymous&gt; (E:\protractorcms\cyborg\features\FT\common\ft_common.js:21:37)
    at C:\Users\Ravikiran\AppData\Roaming\npm\node_modules\protractor\node_modules\jasminewd2\index.js:102:25
    at new ManagedPromise (C:\Users\Ravikiran\AppData\Roaming\npm\node_modules\protractor\node_modules\selenium-webdriver\lib\promise.js:1067:7)
    at controlFlowExecute (C:\Users\Ravikiran\AppData\Roaming\npm\node_modules\protractor\node_modules\jasminewd2\index.js:87:18)
    at TaskQueue.execute_ (C:\Users\Ravikiran\AppData\Roaming\npm\node_modules\protractor\node_modules\selenium-webdriver\lib\promise.js:2970:14)
    at TaskQueue.executeNext_ (C:\Users\Ravikiran\AppData\Roaming\npm\node_modules\protractor\node_modules\selenium-webdriver\lib\promise.js:2953:27)
    at asyncRun (C:\Users\Ravikiran\AppData\Roaming\npm\node_modules\protractor\node_modules\selenium-webdriver\lib\promise.js:2813:27)
From: Task: Run it(&quot;Comparing href values of link in footer at index 5&quot;) in control flow
    at Object.&lt;anonymous&gt; (C:\Users\Ravikiran\AppData\Roaming\npm\node_modules\protractor\node_modules\jasminewd2\index.js:86:14)
    at attemptAsync (C:\Users\Ravikiran\AppData\Roaming\npm\node_modules\protractor\node_modules\jasmine-core\lib\jasmine-core\jasmine.js:1916:24)
    at QueueRunner.run (C:\Users\Ravikiran\AppData\Roaming\npm\node_modules\protractor\node_modules\jasmine-core\lib\jasmine-core\jasmine.js:1871:9)
    at QueueRunner.execute (C:\Users\Ravikiran\AppData\Roaming\npm\node_modules\protractor\node_modules\jasmine-core\lib\jasmine-core\jasmine.js:1859:10)
    at Spec.queueRunnerFactory (C:\Users\Ravikiran\AppData\Roaming\npm\node_modules\protractor\node_modules\jasmine-core\lib\jasmine-core\jasmine.js:697:35)
    at Spec.execute (C:\Users\Ravikiran\AppData\Roaming\npm\node_modules\protractor\node_modules\jasmine-core\lib\jasmine-core\jasmine.js:359:10)
    at Object.fn (C:\Users\Ravikiran\AppData\Roaming\npm\node_modules\protractor\node_modules\jasmine-core\lib\jasmine-core\jasmine.js:2479:37)
    at attemptAsync (C:\Users\Ravikiran\AppData\Roaming\npm\node_modules\protractor\node_modules\jasmine-core\lib\jasmine-core\jasmine.js:1916:24)
    at QueueRunner.run (C:\Users\Ravikiran\AppData\Roaming\npm\node_modules\protractor\node_modules\jasmine-core\lib\jasmine-core\jasmine.js:1871:9)
    at C:\Users\Ravikiran\AppData\Roaming\npm\node_modules\protractor\node_modules\jasmine-core\lib\jasmine-core\jasmine.js:1898:16
From asynchronous test: 
Error
    at validatingLinks (E:\protractorcms\cyborg\features\FT\common\ft_common.js:19:10)
    at ValidatingFooterLinksText (E:\protractorcms\cyborg\features\FT\common\ft_common.js:59:9)
    at ft_common.validateLinksAndText (E:\protractorcms\cyborg\features\FT\common\ft_common.js:85:13)
    at Suite.&lt;anonymous&gt; (E:\protractorcms\cyborg\features\FT\FT-002\FT-002.js:16:14)
    at addSpecsToSuite (C:\Users\Ravikiran\AppData\Roaming\npm\node_modules\protractor\node_modules\jasmine-core\lib\jasmine-core\jasmine.js:833:25)
    at Env.describe (C:\Users\Ravikiran\AppData\Roaming\npm\node_modules\protractor\node_modules\jasmine-core\lib\jasmine-core\jasmine.js:802:7)
    at describe (C:\Users\Ravikiran\AppData\Roaming\npm\node_modules\protractor\node_modules\jasmine-core\lib\jasmine-core\jasmine.js:3375:18)
    at Object.&lt;anonymous&gt; (E:\protractorcms\cyborg\features\FT\FT-002\FT-002.js:14:1)
    at Module._compile (module.js:570:32)</stack-trace>
			</failure>
		</test-case>
		<test-case start="1488964880033" stop="1488964882426" status="failed">
			<name>Clicking link in footer at idx 5</name>
			<title>Clicking link in footer at idx 5</title>
			<description></description>
			<labels>
			</labels>
			<parameters>
			</parameters>
			<steps>
			</steps>
			<attachments>
				<attachment title="Screenshot" source="88d92236-0bd8-4614-ac29-3f5f4354581d-attachment.png" type="image/png" size="200511"/>
			</attachments>
			<failure>
				<message>Failed: Given element By(css selector, section[data-widget=&apos;footer&apos;] footer ul:not([class=&apos;social-links&apos;]) li a) not displayed and the error was NoSuchElementError: Index out of bound. Trying to access element at index: 5, but there are only 0 elements that match locator By(css selector, section[data-widget=&apos;footer&apos;] footer ul:not([class=&apos;social-links&apos;]) li a)</message>
				<stack-trace>Error: Failed: Given element By(css selector, section[data-widget=&apos;footer&apos;] footer ul:not([class=&apos;social-links&apos;]) li a) not displayed and the error was NoSuchElementError: Index out of bound. Trying to access element at index: 5, but there are only 0 elements that match locator By(css selector, section[data-widget=&apos;footer&apos;] footer ul:not([class=&apos;social-links&apos;]) li a)
    at stack (C:\Users\Ravikiran\AppData\Roaming\npm\node_modules\protractor\node_modules\jasmine-core\lib\jasmine-core\jasmine.js:1577:17)
    at buildExpectationResult (C:\Users\Ravikiran\AppData\Roaming\npm\node_modules\protractor\node_modules\jasmine-core\lib\jasmine-core\jasmine.js:1547:14)
    at Spec.expectationResultFactory (C:\Users\Ravikiran\AppData\Roaming\npm\node_modules\protractor\node_modules\jasmine-core\lib\jasmine-core\jasmine.js:638:18)
    at Spec.addExpectationResult (C:\Users\Ravikiran\AppData\Roaming\npm\node_modules\protractor\node_modules\jasmine-core\lib\jasmine-core\jasmine.js:330:34)
    at Env.fail (C:\Users\Ravikiran\AppData\Roaming\npm\node_modules\protractor\node_modules\jasmine-core\lib\jasmine-core\jasmine.js:987:25)
    at Function.next.fail (C:\Users\Ravikiran\AppData\Roaming\npm\node_modules\protractor\node_modules\jasmine-core\lib\jasmine-core\jasmine.js:1903:19)
    at C:\Users\Ravikiran\AppData\Roaming\npm\node_modules\protractor\node_modules\jasminewd2\index.js:61:7
    at ControlFlow.emit (C:\Users\Ravikiran\AppData\Roaming\npm\node_modules\protractor\node_modules\selenium-webdriver\lib\events.js:62:21)
    at ControlFlow.shutdown_ (C:\Users\Ravikiran\AppData\Roaming\npm\node_modules\protractor\node_modules\selenium-webdriver\lib\promise.js:2565:10)
    at shutdownTask_.MicroTask (C:\Users\Ravikiran\AppData\Roaming\npm\node_modules\protractor\node_modules\selenium-webdriver\lib\promise.js:2490:53)</stack-trace>
			</failure>
		</test-case>
		<test-case start="1488964882427" stop="1488964882796" status="failed">
			<name>Shifting windows and validating them</name>
			<title>Shifting windows and validating them</title>
			<description></description>
			<labels>
			</labels>
			<parameters>
			</parameters>
			<steps>
			</steps>
			<attachments>
				<attachment title="Screenshot" source="73d28351-1bb8-4435-9d07-1324d4deae38-attachment.png" type="image/png" size="200511"/>
			</attachments>
			<failure>
				<message>Failed: Cannot read property &apos;then&apos; of undefined</message>
				<stack-trace>TypeError: Cannot read property &apos;then&apos; of undefined
    at UserActions.shiftingBrowserWindowTabs (E:\protractorcms\cyborg\utility\user_actions.js:146:26)
    at E:\protractorcms\cyborg\features\FT\common\ft_common.js:34:25
    at ManagedPromise.invokeCallback_ (C:\Users\Ravikiran\AppData\Roaming\npm\node_modules\protractor\node_modules\selenium-webdriver\lib\promise.js:1366:14)
    at TaskQueue.execute_ (C:\Users\Ravikiran\AppData\Roaming\npm\node_modules\protractor\node_modules\selenium-webdriver\lib\promise.js:2970:14)
    at TaskQueue.executeNext_ (C:\Users\Ravikiran\AppData\Roaming\npm\node_modules\protractor\node_modules\selenium-webdriver\lib\promise.js:2953:27)
    at asyncRun (C:\Users\Ravikiran\AppData\Roaming\npm\node_modules\protractor\node_modules\selenium-webdriver\lib\promise.js:2813:27)
    at C:\Users\Ravikiran\AppData\Roaming\npm\node_modules\protractor\node_modules\selenium-webdriver\lib\promise.js:676:7
    at process._tickCallback (internal/process/next_tick.js:103:7)
From: Task: Run it(&quot;Shifting windows and validating them&quot;) in control flow
    at Object.&lt;anonymous&gt; (C:\Users\Ravikiran\AppData\Roaming\npm\node_modules\protractor\node_modules\jasminewd2\index.js:86:14)
    at attemptAsync (C:\Users\Ravikiran\AppData\Roaming\npm\node_modules\protractor\node_modules\jasmine-core\lib\jasmine-core\jasmine.js:1916:24)
    at QueueRunner.run (C:\Users\Ravikiran\AppData\Roaming\npm\node_modules\protractor\node_modules\jasmine-core\lib\jasmine-core\jasmine.js:1871:9)
    at QueueRunner.execute (C:\Users\Ravikiran\AppData\Roaming\npm\node_modules\protractor\node_modules\jasmine-core\lib\jasmine-core\jasmine.js:1859:10)
    at Spec.queueRunnerFactory (C:\Users\Ravikiran\AppData\Roaming\npm\node_modules\protractor\node_modules\jasmine-core\lib\jasmine-core\jasmine.js:697:35)
    at Spec.execute (C:\Users\Ravikiran\AppData\Roaming\npm\node_modules\protractor\node_modules\jasmine-core\lib\jasmine-core\jasmine.js:359:10)
    at Object.fn (C:\Users\Ravikiran\AppData\Roaming\npm\node_modules\protractor\node_modules\jasmine-core\lib\jasmine-core\jasmine.js:2479:37)
    at attemptAsync (C:\Users\Ravikiran\AppData\Roaming\npm\node_modules\protractor\node_modules\jasmine-core\lib\jasmine-core\jasmine.js:1916:24)
    at QueueRunner.run (C:\Users\Ravikiran\AppData\Roaming\npm\node_modules\protractor\node_modules\jasmine-core\lib\jasmine-core\jasmine.js:1871:9)
    at C:\Users\Ravikiran\AppData\Roaming\npm\node_modules\protractor\node_modules\jasmine-core\lib\jasmine-core\jasmine.js:1898:16
From asynchronous test: 
Error
    at validatingLinks (E:\protractorcms\cyborg\features\FT\common\ft_common.js:32:9)
    at ValidatingFooterLinksText (E:\protractorcms\cyborg\features\FT\common\ft_common.js:59:9)
    at ft_common.validateLinksAndText (E:\protractorcms\cyborg\features\FT\common\ft_common.js:85:13)
    at Suite.&lt;anonymous&gt; (E:\protractorcms\cyborg\features\FT\FT-002\FT-002.js:16:14)
    at addSpecsToSuite (C:\Users\Ravikiran\AppData\Roaming\npm\node_modules\protractor\node_modules\jasmine-core\lib\jasmine-core\jasmine.js:833:25)
    at Env.describe (C:\Users\Ravikiran\AppData\Roaming\npm\node_modules\protractor\node_modules\jasmine-core\lib\jasmine-core\jasmine.js:802:7)
    at describe (C:\Users\Ravikiran\AppData\Roaming\npm\node_modules\protractor\node_modules\jasmine-core\lib\jasmine-core\jasmine.js:3375:18)
    at Object.&lt;anonymous&gt; (E:\protractorcms\cyborg\features\FT\FT-002\FT-002.js:14:1)
    at Module._compile (module.js:570:32)</stack-trace>
			</failure>
		</test-case>
		<test-case start="1488964882796" stop="1488964885188" status="failed">
			<name>Comparing href values of link in footer at index 6</name>
			<title>Comparing href values of link in footer at index 6</title>
			<description></description>
			<labels>
			</labels>
			<parameters>
			</parameters>
			<steps>
			</steps>
			<attachments>
				<attachment title="Screenshot" source="99736334-6c95-41a4-b40a-d5c27a8f36d2-attachment.png" type="image/png" size="200511"/>
			</attachments>
			<failure>
				<message>Failed: Index out of bound. Trying to access element at index: 6, but there are only 0 elements that match locator By(css selector, section[data-widget=&apos;footer&apos;] footer ul:not([class=&apos;social-links&apos;]) li a)</message>
				<stack-trace>NoSuchElementError: Index out of bound. Trying to access element at index: 6, but there are only 0 elements that match locator By(css selector, section[data-widget=&apos;footer&apos;] footer ul:not([class=&apos;social-links&apos;]) li a)
    at WebDriverError (C:\Users\Ravikiran\AppData\Roaming\npm\node_modules\protractor\node_modules\selenium-webdriver\lib\error.js:27:5)
    at NoSuchElementError (C:\Users\Ravikiran\AppData\Roaming\npm\node_modules\protractor\node_modules\selenium-webdriver\lib\error.js:168:5)
    at selenium_webdriver_1.promise.all.then (C:\Users\Ravikiran\AppData\Roaming\npm\node_modules\protractor\lib\element.ts:284:17)
    at ManagedPromise.invokeCallback_ (C:\Users\Ravikiran\AppData\Roaming\npm\node_modules\protractor\node_modules\selenium-webdriver\lib\promise.js:1366:14)
    at TaskQueue.execute_ (C:\Users\Ravikiran\AppData\Roaming\npm\node_modules\protractor\node_modules\selenium-webdriver\lib\promise.js:2970:14)
    at TaskQueue.executeNext_ (C:\Users\Ravikiran\AppData\Roaming\npm\node_modules\protractor\node_modules\selenium-webdriver\lib\promise.js:2953:27)
    at asyncRun (C:\Users\Ravikiran\AppData\Roaming\npm\node_modules\protractor\node_modules\selenium-webdriver\lib\promise.js:2813:27)
    at C:\Users\Ravikiran\AppData\Roaming\npm\node_modules\protractor\node_modules\selenium-webdriver\lib\promise.js:676:7
    at process._tickCallback (internal/process/next_tick.js:103:7)Error
    at ElementArrayFinder.applyAction_ (C:\Users\Ravikiran\AppData\Roaming\npm\node_modules\protractor\lib\element.ts:463:23)
    at ElementArrayFinder.(anonymous function) [as getAttribute] (C:\Users\Ravikiran\AppData\Roaming\npm\node_modules\protractor\lib\element.ts:95:21)
    at ElementFinder.(anonymous function) [as getAttribute] (C:\Users\Ravikiran\AppData\Roaming\npm\node_modules\protractor\lib\element.ts:841:14)
    at Object.&lt;anonymous&gt; (E:\protractorcms\cyborg\features\FT\common\ft_common.js:21:37)
    at C:\Users\Ravikiran\AppData\Roaming\npm\node_modules\protractor\node_modules\jasminewd2\index.js:102:25
    at new ManagedPromise (C:\Users\Ravikiran\AppData\Roaming\npm\node_modules\protractor\node_modules\selenium-webdriver\lib\promise.js:1067:7)
    at controlFlowExecute (C:\Users\Ravikiran\AppData\Roaming\npm\node_modules\protractor\node_modules\jasminewd2\index.js:87:18)
    at TaskQueue.execute_ (C:\Users\Ravikiran\AppData\Roaming\npm\node_modules\protractor\node_modules\selenium-webdriver\lib\promise.js:2970:14)
    at TaskQueue.executeNext_ (C:\Users\Ravikiran\AppData\Roaming\npm\node_modules\protractor\node_modules\selenium-webdriver\lib\promise.js:2953:27)
    at asyncRun (C:\Users\Ravikiran\AppData\Roaming\npm\node_modules\protractor\node_modules\selenium-webdriver\lib\promise.js:2813:27)
From: Task: Run it(&quot;Comparing href values of link in footer at index 6&quot;) in control flow
    at Object.&lt;anonymous&gt; (C:\Users\Ravikiran\AppData\Roaming\npm\node_modules\protractor\node_modules\jasminewd2\index.js:86:14)
    at attemptAsync (C:\Users\Ravikiran\AppData\Roaming\npm\node_modules\protractor\node_modules\jasmine-core\lib\jasmine-core\jasmine.js:1916:24)
    at QueueRunner.run (C:\Users\Ravikiran\AppData\Roaming\npm\node_modules\protractor\node_modules\jasmine-core\lib\jasmine-core\jasmine.js:1871:9)
    at QueueRunner.execute (C:\Users\Ravikiran\AppData\Roaming\npm\node_modules\protractor\node_modules\jasmine-core\lib\jasmine-core\jasmine.js:1859:10)
    at Spec.queueRunnerFactory (C:\Users\Ravikiran\AppData\Roaming\npm\node_modules\protractor\node_modules\jasmine-core\lib\jasmine-core\jasmine.js:697:35)
    at Spec.execute (C:\Users\Ravikiran\AppData\Roaming\npm\node_modules\protractor\node_modules\jasmine-core\lib\jasmine-core\jasmine.js:359:10)
    at Object.fn (C:\Users\Ravikiran\AppData\Roaming\npm\node_modules\protractor\node_modules\jasmine-core\lib\jasmine-core\jasmine.js:2479:37)
    at attemptAsync (C:\Users\Ravikiran\AppData\Roaming\npm\node_modules\protractor\node_modules\jasmine-core\lib\jasmine-core\jasmine.js:1916:24)
    at QueueRunner.run (C:\Users\Ravikiran\AppData\Roaming\npm\node_modules\protractor\node_modules\jasmine-core\lib\jasmine-core\jasmine.js:1871:9)
    at C:\Users\Ravikiran\AppData\Roaming\npm\node_modules\protractor\node_modules\jasmine-core\lib\jasmine-core\jasmine.js:1898:16
From asynchronous test: 
Error
    at validatingLinks (E:\protractorcms\cyborg\features\FT\common\ft_common.js:19:10)
    at ValidatingFooterLinksText (E:\protractorcms\cyborg\features\FT\common\ft_common.js:59:9)
    at ft_common.validateLinksAndText (E:\protractorcms\cyborg\features\FT\common\ft_common.js:85:13)
    at Suite.&lt;anonymous&gt; (E:\protractorcms\cyborg\features\FT\FT-002\FT-002.js:16:14)
    at addSpecsToSuite (C:\Users\Ravikiran\AppData\Roaming\npm\node_modules\protractor\node_modules\jasmine-core\lib\jasmine-core\jasmine.js:833:25)
    at Env.describe (C:\Users\Ravikiran\AppData\Roaming\npm\node_modules\protractor\node_modules\jasmine-core\lib\jasmine-core\jasmine.js:802:7)
    at describe (C:\Users\Ravikiran\AppData\Roaming\npm\node_modules\protractor\node_modules\jasmine-core\lib\jasmine-core\jasmine.js:3375:18)
    at Object.&lt;anonymous&gt; (E:\protractorcms\cyborg\features\FT\FT-002\FT-002.js:14:1)
    at Module._compile (module.js:570:32)</stack-trace>
			</failure>
		</test-case>
		<test-case start="1488964885188" stop="1488964887594" status="failed">
			<name>Clicking link in footer at idx 6</name>
			<title>Clicking link in footer at idx 6</title>
			<description></description>
			<labels>
			</labels>
			<parameters>
			</parameters>
			<steps>
			</steps>
			<attachments>
				<attachment title="Screenshot" source="bfb5a354-b0d2-4fb3-9163-aa1e34199e4c-attachment.png" type="image/png" size="200511"/>
			</attachments>
			<failure>
				<message>Failed: Given element By(css selector, section[data-widget=&apos;footer&apos;] footer ul:not([class=&apos;social-links&apos;]) li a) not displayed and the error was NoSuchElementError: Index out of bound. Trying to access element at index: 6, but there are only 0 elements that match locator By(css selector, section[data-widget=&apos;footer&apos;] footer ul:not([class=&apos;social-links&apos;]) li a)</message>
				<stack-trace>Error: Failed: Given element By(css selector, section[data-widget=&apos;footer&apos;] footer ul:not([class=&apos;social-links&apos;]) li a) not displayed and the error was NoSuchElementError: Index out of bound. Trying to access element at index: 6, but there are only 0 elements that match locator By(css selector, section[data-widget=&apos;footer&apos;] footer ul:not([class=&apos;social-links&apos;]) li a)
    at stack (C:\Users\Ravikiran\AppData\Roaming\npm\node_modules\protractor\node_modules\jasmine-core\lib\jasmine-core\jasmine.js:1577:17)
    at buildExpectationResult (C:\Users\Ravikiran\AppData\Roaming\npm\node_modules\protractor\node_modules\jasmine-core\lib\jasmine-core\jasmine.js:1547:14)
    at Spec.expectationResultFactory (C:\Users\Ravikiran\AppData\Roaming\npm\node_modules\protractor\node_modules\jasmine-core\lib\jasmine-core\jasmine.js:638:18)
    at Spec.addExpectationResult (C:\Users\Ravikiran\AppData\Roaming\npm\node_modules\protractor\node_modules\jasmine-core\lib\jasmine-core\jasmine.js:330:34)
    at Env.fail (C:\Users\Ravikiran\AppData\Roaming\npm\node_modules\protractor\node_modules\jasmine-core\lib\jasmine-core\jasmine.js:987:25)
    at Function.next.fail (C:\Users\Ravikiran\AppData\Roaming\npm\node_modules\protractor\node_modules\jasmine-core\lib\jasmine-core\jasmine.js:1903:19)
    at C:\Users\Ravikiran\AppData\Roaming\npm\node_modules\protractor\node_modules\jasminewd2\index.js:61:7
    at ControlFlow.emit (C:\Users\Ravikiran\AppData\Roaming\npm\node_modules\protractor\node_modules\selenium-webdriver\lib\events.js:62:21)
    at ControlFlow.shutdown_ (C:\Users\Ravikiran\AppData\Roaming\npm\node_modules\protractor\node_modules\selenium-webdriver\lib\promise.js:2565:10)
    at shutdownTask_.MicroTask (C:\Users\Ravikiran\AppData\Roaming\npm\node_modules\protractor\node_modules\selenium-webdriver\lib\promise.js:2490:53)</stack-trace>
			</failure>
		</test-case>
		<test-case start="1488964887595" stop="1488964887955" status="failed">
			<name>Shifting windows and validating them</name>
			<title>Shifting windows and validating them</title>
			<description></description>
			<labels>
			</labels>
			<parameters>
			</parameters>
			<steps>
			</steps>
			<attachments>
				<attachment title="Screenshot" source="887a82c3-eba8-4b82-b51c-5bf7b555d638-attachment.png" type="image/png" size="200511"/>
			</attachments>
			<failure>
				<message>Failed: Cannot read property &apos;then&apos; of undefined</message>
				<stack-trace>TypeError: Cannot read property &apos;then&apos; of undefined
    at UserActions.shiftingBrowserWindowTabs (E:\protractorcms\cyborg\utility\user_actions.js:146:26)
    at E:\protractorcms\cyborg\features\FT\common\ft_common.js:34:25
    at ManagedPromise.invokeCallback_ (C:\Users\Ravikiran\AppData\Roaming\npm\node_modules\protractor\node_modules\selenium-webdriver\lib\promise.js:1366:14)
    at TaskQueue.execute_ (C:\Users\Ravikiran\AppData\Roaming\npm\node_modules\protractor\node_modules\selenium-webdriver\lib\promise.js:2970:14)
    at TaskQueue.executeNext_ (C:\Users\Ravikiran\AppData\Roaming\npm\node_modules\protractor\node_modules\selenium-webdriver\lib\promise.js:2953:27)
    at asyncRun (C:\Users\Ravikiran\AppData\Roaming\npm\node_modules\protractor\node_modules\selenium-webdriver\lib\promise.js:2813:27)
    at C:\Users\Ravikiran\AppData\Roaming\npm\node_modules\protractor\node_modules\selenium-webdriver\lib\promise.js:676:7
    at process._tickCallback (internal/process/next_tick.js:103:7)
From: Task: Run it(&quot;Shifting windows and validating them&quot;) in control flow
    at Object.&lt;anonymous&gt; (C:\Users\Ravikiran\AppData\Roaming\npm\node_modules\protractor\node_modules\jasminewd2\index.js:86:14)
    at attemptAsync (C:\Users\Ravikiran\AppData\Roaming\npm\node_modules\protractor\node_modules\jasmine-core\lib\jasmine-core\jasmine.js:1916:24)
    at QueueRunner.run (C:\Users\Ravikiran\AppData\Roaming\npm\node_modules\protractor\node_modules\jasmine-core\lib\jasmine-core\jasmine.js:1871:9)
    at QueueRunner.execute (C:\Users\Ravikiran\AppData\Roaming\npm\node_modules\protractor\node_modules\jasmine-core\lib\jasmine-core\jasmine.js:1859:10)
    at Spec.queueRunnerFactory (C:\Users\Ravikiran\AppData\Roaming\npm\node_modules\protractor\node_modules\jasmine-core\lib\jasmine-core\jasmine.js:697:35)
    at Spec.execute (C:\Users\Ravikiran\AppData\Roaming\npm\node_modules\protractor\node_modules\jasmine-core\lib\jasmine-core\jasmine.js:359:10)
    at Object.fn (C:\Users\Ravikiran\AppData\Roaming\npm\node_modules\protractor\node_modules\jasmine-core\lib\jasmine-core\jasmine.js:2479:37)
    at attemptAsync (C:\Users\Ravikiran\AppData\Roaming\npm\node_modules\protractor\node_modules\jasmine-core\lib\jasmine-core\jasmine.js:1916:24)
    at QueueRunner.run (C:\Users\Ravikiran\AppData\Roaming\npm\node_modules\protractor\node_modules\jasmine-core\lib\jasmine-core\jasmine.js:1871:9)
    at C:\Users\Ravikiran\AppData\Roaming\npm\node_modules\protractor\node_modules\jasmine-core\lib\jasmine-core\jasmine.js:1898:16
From asynchronous test: 
Error
    at validatingLinks (E:\protractorcms\cyborg\features\FT\common\ft_common.js:32:9)
    at ValidatingFooterLinksText (E:\protractorcms\cyborg\features\FT\common\ft_common.js:59:9)
    at ft_common.validateLinksAndText (E:\protractorcms\cyborg\features\FT\common\ft_common.js:85:13)
    at Suite.&lt;anonymous&gt; (E:\protractorcms\cyborg\features\FT\FT-002\FT-002.js:16:14)
    at addSpecsToSuite (C:\Users\Ravikiran\AppData\Roaming\npm\node_modules\protractor\node_modules\jasmine-core\lib\jasmine-core\jasmine.js:833:25)
    at Env.describe (C:\Users\Ravikiran\AppData\Roaming\npm\node_modules\protractor\node_modules\jasmine-core\lib\jasmine-core\jasmine.js:802:7)
    at describe (C:\Users\Ravikiran\AppData\Roaming\npm\node_modules\protractor\node_modules\jasmine-core\lib\jasmine-core\jasmine.js:3375:18)
    at Object.&lt;anonymous&gt; (E:\protractorcms\cyborg\features\FT\FT-002\FT-002.js:14:1)
    at Module._compile (module.js:570:32)</stack-trace>
			</failure>
		</test-case>
		<test-case start="1488964887955" stop="1488964890380" status="failed">
			<name>Comparing href values of link in footer at index 7</name>
			<title>Comparing href values of link in footer at index 7</title>
			<description></description>
			<labels>
			</labels>
			<parameters>
			</parameters>
			<steps>
			</steps>
			<attachments>
				<attachment title="Screenshot" source="d46b9510-10bc-466e-a8d4-19aa3cd94bd1-attachment.png" type="image/png" size="200511"/>
			</attachments>
			<failure>
				<message>Failed: Index out of bound. Trying to access element at index: 7, but there are only 0 elements that match locator By(css selector, section[data-widget=&apos;footer&apos;] footer ul:not([class=&apos;social-links&apos;]) li a)</message>
				<stack-trace>NoSuchElementError: Index out of bound. Trying to access element at index: 7, but there are only 0 elements that match locator By(css selector, section[data-widget=&apos;footer&apos;] footer ul:not([class=&apos;social-links&apos;]) li a)
    at WebDriverError (C:\Users\Ravikiran\AppData\Roaming\npm\node_modules\protractor\node_modules\selenium-webdriver\lib\error.js:27:5)
    at NoSuchElementError (C:\Users\Ravikiran\AppData\Roaming\npm\node_modules\protractor\node_modules\selenium-webdriver\lib\error.js:168:5)
    at selenium_webdriver_1.promise.all.then (C:\Users\Ravikiran\AppData\Roaming\npm\node_modules\protractor\lib\element.ts:284:17)
    at ManagedPromise.invokeCallback_ (C:\Users\Ravikiran\AppData\Roaming\npm\node_modules\protractor\node_modules\selenium-webdriver\lib\promise.js:1366:14)
    at TaskQueue.execute_ (C:\Users\Ravikiran\AppData\Roaming\npm\node_modules\protractor\node_modules\selenium-webdriver\lib\promise.js:2970:14)
    at TaskQueue.executeNext_ (C:\Users\Ravikiran\AppData\Roaming\npm\node_modules\protractor\node_modules\selenium-webdriver\lib\promise.js:2953:27)
    at asyncRun (C:\Users\Ravikiran\AppData\Roaming\npm\node_modules\protractor\node_modules\selenium-webdriver\lib\promise.js:2813:27)
    at C:\Users\Ravikiran\AppData\Roaming\npm\node_modules\protractor\node_modules\selenium-webdriver\lib\promise.js:676:7
    at process._tickCallback (internal/process/next_tick.js:103:7)Error
    at ElementArrayFinder.applyAction_ (C:\Users\Ravikiran\AppData\Roaming\npm\node_modules\protractor\lib\element.ts:463:23)
    at ElementArrayFinder.(anonymous function) [as getAttribute] (C:\Users\Ravikiran\AppData\Roaming\npm\node_modules\protractor\lib\element.ts:95:21)
    at ElementFinder.(anonymous function) [as getAttribute] (C:\Users\Ravikiran\AppData\Roaming\npm\node_modules\protractor\lib\element.ts:841:14)
    at Object.&lt;anonymous&gt; (E:\protractorcms\cyborg\features\FT\common\ft_common.js:21:37)
    at C:\Users\Ravikiran\AppData\Roaming\npm\node_modules\protractor\node_modules\jasminewd2\index.js:102:25
    at new ManagedPromise (C:\Users\Ravikiran\AppData\Roaming\npm\node_modules\protractor\node_modules\selenium-webdriver\lib\promise.js:1067:7)
    at controlFlowExecute (C:\Users\Ravikiran\AppData\Roaming\npm\node_modules\protractor\node_modules\jasminewd2\index.js:87:18)
    at TaskQueue.execute_ (C:\Users\Ravikiran\AppData\Roaming\npm\node_modules\protractor\node_modules\selenium-webdriver\lib\promise.js:2970:14)
    at TaskQueue.executeNext_ (C:\Users\Ravikiran\AppData\Roaming\npm\node_modules\protractor\node_modules\selenium-webdriver\lib\promise.js:2953:27)
    at asyncRun (C:\Users\Ravikiran\AppData\Roaming\npm\node_modules\protractor\node_modules\selenium-webdriver\lib\promise.js:2813:27)
From: Task: Run it(&quot;Comparing href values of link in footer at index 7&quot;) in control flow
    at Object.&lt;anonymous&gt; (C:\Users\Ravikiran\AppData\Roaming\npm\node_modules\protractor\node_modules\jasminewd2\index.js:86:14)
    at attemptAsync (C:\Users\Ravikiran\AppData\Roaming\npm\node_modules\protractor\node_modules\jasmine-core\lib\jasmine-core\jasmine.js:1916:24)
    at QueueRunner.run (C:\Users\Ravikiran\AppData\Roaming\npm\node_modules\protractor\node_modules\jasmine-core\lib\jasmine-core\jasmine.js:1871:9)
    at QueueRunner.execute (C:\Users\Ravikiran\AppData\Roaming\npm\node_modules\protractor\node_modules\jasmine-core\lib\jasmine-core\jasmine.js:1859:10)
    at Spec.queueRunnerFactory (C:\Users\Ravikiran\AppData\Roaming\npm\node_modules\protractor\node_modules\jasmine-core\lib\jasmine-core\jasmine.js:697:35)
    at Spec.execute (C:\Users\Ravikiran\AppData\Roaming\npm\node_modules\protractor\node_modules\jasmine-core\lib\jasmine-core\jasmine.js:359:10)
    at Object.fn (C:\Users\Ravikiran\AppData\Roaming\npm\node_modules\protractor\node_modules\jasmine-core\lib\jasmine-core\jasmine.js:2479:37)
    at attemptAsync (C:\Users\Ravikiran\AppData\Roaming\npm\node_modules\protractor\node_modules\jasmine-core\lib\jasmine-core\jasmine.js:1916:24)
    at QueueRunner.run (C:\Users\Ravikiran\AppData\Roaming\npm\node_modules\protractor\node_modules\jasmine-core\lib\jasmine-core\jasmine.js:1871:9)
    at C:\Users\Ravikiran\AppData\Roaming\npm\node_modules\protractor\node_modules\jasmine-core\lib\jasmine-core\jasmine.js:1898:16
From asynchronous test: 
Error
    at validatingLinks (E:\protractorcms\cyborg\features\FT\common\ft_common.js:19:10)
    at ValidatingFooterLinksText (E:\protractorcms\cyborg\features\FT\common\ft_common.js:59:9)
    at ft_common.validateLinksAndText (E:\protractorcms\cyborg\features\FT\common\ft_common.js:85:13)
    at Suite.&lt;anonymous&gt; (E:\protractorcms\cyborg\features\FT\FT-002\FT-002.js:16:14)
    at addSpecsToSuite (C:\Users\Ravikiran\AppData\Roaming\npm\node_modules\protractor\node_modules\jasmine-core\lib\jasmine-core\jasmine.js:833:25)
    at Env.describe (C:\Users\Ravikiran\AppData\Roaming\npm\node_modules\protractor\node_modules\jasmine-core\lib\jasmine-core\jasmine.js:802:7)
    at describe (C:\Users\Ravikiran\AppData\Roaming\npm\node_modules\protractor\node_modules\jasmine-core\lib\jasmine-core\jasmine.js:3375:18)
    at Object.&lt;anonymous&gt; (E:\protractorcms\cyborg\features\FT\FT-002\FT-002.js:14:1)
    at Module._compile (module.js:570:32)</stack-trace>
			</failure>
		</test-case>
		<test-case start="1488964890380" stop="1488964892787" status="failed">
			<name>Clicking link in footer at idx 7</name>
			<title>Clicking link in footer at idx 7</title>
			<description></description>
			<labels>
			</labels>
			<parameters>
			</parameters>
			<steps>
			</steps>
			<attachments>
				<attachment title="Screenshot" source="fe955e52-219b-4722-bb64-589db45a730f-attachment.png" type="image/png" size="200511"/>
			</attachments>
			<failure>
				<message>Failed: Given element By(css selector, section[data-widget=&apos;footer&apos;] footer ul:not([class=&apos;social-links&apos;]) li a) not displayed and the error was NoSuchElementError: Index out of bound. Trying to access element at index: 7, but there are only 0 elements that match locator By(css selector, section[data-widget=&apos;footer&apos;] footer ul:not([class=&apos;social-links&apos;]) li a)</message>
				<stack-trace>Error: Failed: Given element By(css selector, section[data-widget=&apos;footer&apos;] footer ul:not([class=&apos;social-links&apos;]) li a) not displayed and the error was NoSuchElementError: Index out of bound. Trying to access element at index: 7, but there are only 0 elements that match locator By(css selector, section[data-widget=&apos;footer&apos;] footer ul:not([class=&apos;social-links&apos;]) li a)
    at stack (C:\Users\Ravikiran\AppData\Roaming\npm\node_modules\protractor\node_modules\jasmine-core\lib\jasmine-core\jasmine.js:1577:17)
    at buildExpectationResult (C:\Users\Ravikiran\AppData\Roaming\npm\node_modules\protractor\node_modules\jasmine-core\lib\jasmine-core\jasmine.js:1547:14)
    at Spec.expectationResultFactory (C:\Users\Ravikiran\AppData\Roaming\npm\node_modules\protractor\node_modules\jasmine-core\lib\jasmine-core\jasmine.js:638:18)
    at Spec.addExpectationResult (C:\Users\Ravikiran\AppData\Roaming\npm\node_modules\protractor\node_modules\jasmine-core\lib\jasmine-core\jasmine.js:330:34)
    at Env.fail (C:\Users\Ravikiran\AppData\Roaming\npm\node_modules\protractor\node_modules\jasmine-core\lib\jasmine-core\jasmine.js:987:25)
    at Function.next.fail (C:\Users\Ravikiran\AppData\Roaming\npm\node_modules\protractor\node_modules\jasmine-core\lib\jasmine-core\jasmine.js:1903:19)
    at C:\Users\Ravikiran\AppData\Roaming\npm\node_modules\protractor\node_modules\jasminewd2\index.js:61:7
    at ControlFlow.emit (C:\Users\Ravikiran\AppData\Roaming\npm\node_modules\protractor\node_modules\selenium-webdriver\lib\events.js:62:21)
    at ControlFlow.shutdown_ (C:\Users\Ravikiran\AppData\Roaming\npm\node_modules\protractor\node_modules\selenium-webdriver\lib\promise.js:2565:10)
    at shutdownTask_.MicroTask (C:\Users\Ravikiran\AppData\Roaming\npm\node_modules\protractor\node_modules\selenium-webdriver\lib\promise.js:2490:53)</stack-trace>
			</failure>
		</test-case>
		<test-case start="1488964892787" stop="1488964893163" status="failed">
			<name>Shifting windows and validating them</name>
			<title>Shifting windows and validating them</title>
			<description></description>
			<labels>
			</labels>
			<parameters>
			</parameters>
			<steps>
			</steps>
			<attachments>
				<attachment title="Screenshot" source="879576e0-637b-4f46-b9f8-4b1d64f64974-attachment.png" type="image/png" size="200511"/>
			</attachments>
			<failure>
				<message>Failed: Cannot read property &apos;then&apos; of undefined</message>
				<stack-trace>TypeError: Cannot read property &apos;then&apos; of undefined
    at UserActions.shiftingBrowserWindowTabs (E:\protractorcms\cyborg\utility\user_actions.js:146:26)
    at E:\protractorcms\cyborg\features\FT\common\ft_common.js:34:25
    at ManagedPromise.invokeCallback_ (C:\Users\Ravikiran\AppData\Roaming\npm\node_modules\protractor\node_modules\selenium-webdriver\lib\promise.js:1366:14)
    at TaskQueue.execute_ (C:\Users\Ravikiran\AppData\Roaming\npm\node_modules\protractor\node_modules\selenium-webdriver\lib\promise.js:2970:14)
    at TaskQueue.executeNext_ (C:\Users\Ravikiran\AppData\Roaming\npm\node_modules\protractor\node_modules\selenium-webdriver\lib\promise.js:2953:27)
    at asyncRun (C:\Users\Ravikiran\AppData\Roaming\npm\node_modules\protractor\node_modules\selenium-webdriver\lib\promise.js:2813:27)
    at C:\Users\Ravikiran\AppData\Roaming\npm\node_modules\protractor\node_modules\selenium-webdriver\lib\promise.js:676:7
    at process._tickCallback (internal/process/next_tick.js:103:7)
From: Task: Run it(&quot;Shifting windows and validating them&quot;) in control flow
    at Object.&lt;anonymous&gt; (C:\Users\Ravikiran\AppData\Roaming\npm\node_modules\protractor\node_modules\jasminewd2\index.js:86:14)
    at attemptAsync (C:\Users\Ravikiran\AppData\Roaming\npm\node_modules\protractor\node_modules\jasmine-core\lib\jasmine-core\jasmine.js:1916:24)
    at QueueRunner.run (C:\Users\Ravikiran\AppData\Roaming\npm\node_modules\protractor\node_modules\jasmine-core\lib\jasmine-core\jasmine.js:1871:9)
    at QueueRunner.execute (C:\Users\Ravikiran\AppData\Roaming\npm\node_modules\protractor\node_modules\jasmine-core\lib\jasmine-core\jasmine.js:1859:10)
    at Spec.queueRunnerFactory (C:\Users\Ravikiran\AppData\Roaming\npm\node_modules\protractor\node_modules\jasmine-core\lib\jasmine-core\jasmine.js:697:35)
    at Spec.execute (C:\Users\Ravikiran\AppData\Roaming\npm\node_modules\protractor\node_modules\jasmine-core\lib\jasmine-core\jasmine.js:359:10)
    at Object.fn (C:\Users\Ravikiran\AppData\Roaming\npm\node_modules\protractor\node_modules\jasmine-core\lib\jasmine-core\jasmine.js:2479:37)
    at attemptAsync (C:\Users\Ravikiran\AppData\Roaming\npm\node_modules\protractor\node_modules\jasmine-core\lib\jasmine-core\jasmine.js:1916:24)
    at QueueRunner.run (C:\Users\Ravikiran\AppData\Roaming\npm\node_modules\protractor\node_modules\jasmine-core\lib\jasmine-core\jasmine.js:1871:9)
    at C:\Users\Ravikiran\AppData\Roaming\npm\node_modules\protractor\node_modules\jasmine-core\lib\jasmine-core\jasmine.js:1898:16
From asynchronous test: 
Error
    at validatingLinks (E:\protractorcms\cyborg\features\FT\common\ft_common.js:32:9)
    at ValidatingFooterLinksText (E:\protractorcms\cyborg\features\FT\common\ft_common.js:59:9)
    at ft_common.validateLinksAndText (E:\protractorcms\cyborg\features\FT\common\ft_common.js:85:13)
    at Suite.&lt;anonymous&gt; (E:\protractorcms\cyborg\features\FT\FT-002\FT-002.js:16:14)
    at addSpecsToSuite (C:\Users\Ravikiran\AppData\Roaming\npm\node_modules\protractor\node_modules\jasmine-core\lib\jasmine-core\jasmine.js:833:25)
    at Env.describe (C:\Users\Ravikiran\AppData\Roaming\npm\node_modules\protractor\node_modules\jasmine-core\lib\jasmine-core\jasmine.js:802:7)
    at describe (C:\Users\Ravikiran\AppData\Roaming\npm\node_modules\protractor\node_modules\jasmine-core\lib\jasmine-core\jasmine.js:3375:18)
    at Object.&lt;anonymous&gt; (E:\protractorcms\cyborg\features\FT\FT-002\FT-002.js:14:1)
    at Module._compile (module.js:570:32)</stack-trace>
			</failure>
		</test-case>
	</test-cases>
</ns2:test-suite>