<?xml version="1.0" encoding="UTF-8" ?>
<testsuites>
 <testsuite name="Validating links in header" timestamp="2017-03-13T19:22:25" hostname="localhost" time="52.713" errors="0" tests="27" skipped="0" disabled="0" failures="2">
  <testcase classname="Validating links in header" name="Loading Home Page " time="24.188" />
  <testcase classname="Validating links in header" name="Validate Correct page Loaded" time="0.695" />
  <testcase classname="Validating links in header" name="comparing TestData and Site header Links Count" time="0.725" />
  <testcase classname="Validating links in header" name="Comparing value or text of link in footer at index 0" time="0.736" />
  <testcase classname="Validating links in header" name="Comparing href values of links in header at index 0" time="0.754" />
  <testcase classname="Validating links in header" name="Clicking link in header at idx 0" time="0.891" />
  <testcase classname="Validating links in header" name="Shifting windows and validating them of link at index 0" time="1.765" />
  <testcase classname="Validating links in header" name="Comparing value or text of link in footer at index 1" time="0.688" />
  <testcase classname="Validating links in header" name="Comparing href values of links in header at index 1" time="0.731" />
  <testcase classname="Validating links in header" name="Clicking link in header at idx 1" time="0.881" />
  <testcase classname="Validating links in header" name="Shifting windows and validating them of link at index 1" time="1.909" />
  <testcase classname="Validating links in header" name="Comparing value or text of link in footer at index 2" time="0.687" />
  <testcase classname="Validating links in header" name="Comparing href values of links in header at index 2" time="0.688" />
  <testcase classname="Validating links in header" name="Clicking link in header at idx 2" time="0.809" />
  <testcase classname="Validating links in header" name="Shifting windows and validating them of link at index 2" time="1.712" />
  <testcase classname="Validating links in header" name="Comparing value or text of link in footer at index 3" time="0.704" />
  <testcase classname="Validating links in header" name="Comparing href values of links in header at index 3" time="0.714">
   <failure type="toEqual" message="Expected &apos;http://blackrock.dev.phenompro.com/blackrockoncampus&apos; to equal &apos;http://www.blackrockoncampus.com/&apos;, &apos;Mismatch of href values of link in header&apos;."><![CDATA[Error: Failed expectation
    at Object.<anonymous> (E:\protractorcms\cyborg\features\header1\common\hea_common.js:18:31)
    at C:\Users\Ravikiran\AppData\Roaming\npm\node_modules\protractor\node_modules\jasminewd2\index.js:102:25
    at new ManagedPromise (C:\Users\Ravikiran\AppData\Roaming\npm\node_modules\protractor\node_modules\selenium-webdriver\lib\promise.js:1067:7)
    at controlFlowExecute (C:\Users\Ravikiran\AppData\Roaming\npm\node_modules\protractor\node_modules\jasminewd2\index.js:87:18)
    at TaskQueue.execute_ (C:\Users\Ravikiran\AppData\Roaming\npm\node_modules\protractor\node_modules\selenium-webdriver\lib\promise.js:2970:14)
    at TaskQueue.executeNext_ (C:\Users\Ravikiran\AppData\Roaming\npm\node_modules\protractor\node_modules\selenium-webdriver\lib\promise.js:2953:27)
    at asyncRun (C:\Users\Ravikiran\AppData\Roaming\npm\node_modules\protractor\node_modules\selenium-webdriver\lib\promise.js:2860:25)
    at C:\Users\Ravikiran\AppData\Roaming\npm\node_modules\protractor\node_modules\selenium-webdriver\lib\promise.js:676:7
    at process._tickCallback (internal/process/next_tick.js:103:7)]]>
   </failure>
  </testcase>
  <testcase classname="Validating links in header" name="Clicking link in header at idx 3" time="2.176" />
  <testcase classname="Validating links in header" name="Shifting windows and validating them of link at index 3" time="2.431">
   <failure type="toEqual" message="Expected 1 to equal 2, &apos;Link should open in a new window but it opened in same window&apos;."><![CDATA[Error: Failed expectation
    at userActions.shiftingBrowserWindowTabs (E:\protractorcms\cyborg\utility\user_actions.js:86:39)
    at E:\protractorcms\cyborg\features\header1\common\hea_common.js:27:29
    at ManagedPromise.invokeCallback_ (C:\Users\Ravikiran\AppData\Roaming\npm\node_modules\protractor\node_modules\selenium-webdriver\lib\promise.js:1366:14)
    at TaskQueue.execute_ (C:\Users\Ravikiran\AppData\Roaming\npm\node_modules\protractor\node_modules\selenium-webdriver\lib\promise.js:2970:14)
    at TaskQueue.executeNext_ (C:\Users\Ravikiran\AppData\Roaming\npm\node_modules\protractor\node_modules\selenium-webdriver\lib\promise.js:2953:27)
    at asyncRun (C:\Users\Ravikiran\AppData\Roaming\npm\node_modules\protractor\node_modules\selenium-webdriver\lib\promise.js:2813:27)
    at C:\Users\Ravikiran\AppData\Roaming\npm\node_modules\protractor\node_modules\selenium-webdriver\lib\promise.js:676:7
    at process._tickCallback (internal/process/next_tick.js:103:7)]]>
   </failure>
  </testcase>
  <testcase classname="Validating links in header" name="Comparing value or text of link in footer at index 4" time="1.534" />
  <testcase classname="Validating links in header" name="Comparing href values of links in header at index 4" time="0.7" />
  <testcase classname="Validating links in header" name="Clicking link in header at idx 4" time="0.821" />
  <testcase classname="Validating links in header" name="Shifting windows and validating them of link at index 4" time="1.695" />
  <testcase classname="Validating links in header" name="Comparing value or text of link in footer at index 5" time="0.697" />
  <testcase classname="Validating links in header" name="Comparing href values of links in header at index 5" time="0.698" />
  <testcase classname="Validating links in header" name="Clicking link in header at idx 5" time="0.819" />
  <testcase classname="Validating links in header" name="Shifting windows and validating them of link at index 5" time="1.85" />
 </testsuite>
</testsuites>